1666706100.1892471 0.0 0.0 0.0 3.3794429930994068 3.4015290653711587 -1.7051940860655828 0.0 1.6798693157492655 1.705194086065583 1.6798693157492655 -1.3681698904776702 0.0 1.345748532133467 0.6840849452388352 0.6728742660667335
1666706100.4951203 -0.04917343623444806 0.0 0.04844313462920691 3.331161936682785 3.3518808015123596 -1.5921864881086034 0.0 1.6697676267067547 1.6766522328610964 1.6689598021933725 -1.3078470704860667 0.0 1.3930593924033021 0.6810602578919163 0.6955675234164712
1666706100.6919367 -0.09624479920990285 0.0 0.09790347689583956 3.2852420650341774 3.2964286955299387 -1.5124426065175538 0.0 1.6200776191876163 1.6812886924921553 1.6255932117323606 -1.2752361743524017 0.0 1.4035541079521274 0.6940712159956565 0.7032240355880495
1666706100.7991133 -0.1412833108006126 0.0 0.1463122919617379 3.2330151263386404 3.2420787170801977 -1.41710654722357 0.0 1.588419673734988 1.6762610871651413 1.6070126365630992 -1.2299866402545807 0.0 1.424126483732392 0.7057447255133028 0.718666659476774
1666706100.892429 -0.19351374810390523 0.0 0.20535017200498284 3.1646335248167254 3.1761671352861343 -1.2936875783060753 0.0 1.5566925763927242 1.67051745010201 1.6000054741621883 -1.1718907213714562 0.0 1.4493565530349588 0.7247006076009603 0.7415867134798707
1666706100.9965858 -0.21672903841568836 0.0 0.23386548964594112 3.133476333678756 3.1403376180149607 -1.2634648168572467 0.0 1.5095736723506041 1.6833041546396799 1.5636941616474416 -1.1597009006666363 0.0 1.4374224611009303 0.7405316706402253 0.7413870533642279
1666706101.0932882 -0.24930676490326797 0.0 0.2735695612082949 3.082229055793502 3.0879461092283442 -1.1890641451536208 0.0 1.4735241621036117 1.685394447088586 1.548981523163853 -1.1210107303271148 0.0 1.4428457597215327 0.7592770777162365 0.7544322410177051
1666706101.189138 -0.27975569951045015 0.0 0.3124491060164616 3.0261381213764778 3.0303156428534597 -1.10298347630373 0.0 1.449313338183945 1.6822016041408834 1.5507085025739535 -1.0735070559675892 0.0 1.4527464978587907 0.7781995838457345 0.7721453110833943
1666706101.2853622 -0.3055282804608833 0.0 0.3480406230657531 2.969909874078838 2.971874399487607 -1.0170918724658657 0.0 1.4255251462217664 1.6742782657665216 1.5551052290634761 -1.0198025329137228 0.0 1.4652403430651428 0.7954906931267508 0.7930570409233163
1666706101.3995652 -0.32066428207523756 0.0 0.3709602997681227 2.9199498712940883 2.927751840729674 -0.9491460649470427 0.0 1.4074140017981303 1.6595093921938533 1.5600010171574776 -0.9790558271863232 0.0 1.4662733986576528 0.8051409416008571 0.8051904907119858
1666706101.49828 -0.3463696314852131 0.0 0.4133519892077169 2.8402605531696334 2.8457736086170717 -0.8232270907093071 0.0 1.3886100118800264 1.639971907238674 1.5860162164678808 -0.8967869070420947 0.0 1.4860344436569275 0.8270131495986526 0.8389935033154614
1666706101.5956674 -0.3621468530055049 0.0 0.44561920358280327 2.766871071979324 2.7679575692730354 -0.7306884155084353 0.0 1.3579312557252396 1.6190274761342702 1.5928835450132992 -0.8302078030674247 0.0 1.490274169206419 0.84323323761081 0.8629945083717974
1666706101.693834 -0.37391059567400364 0.0 0.47473994682241627 2.693762583006113 2.6865267953780414 -0.6452309291079077 0.0 1.317591319241352 1.5927629460918709 1.5898078403053115 -0.764685346407328 0.0 1.482822680101485 0.8563563540106691 0.8822975991353923
1666706101.7930014 -0.38258807704115244 0.0 0.5016963749930414 2.615734856495992 2.597459557942066 -0.5699027176733361 0.0 1.2661593259752106 1.5634667378307285 1.5746662546078998 -0.7022325593101149 0.0 1.4587024067467453 0.8665518280453679 0.8946744101422097
1666706101.9014585 -0.3887896447522071 0.0 0.5270060290441516 2.5297049534903113 2.5119468050286033 -0.5063079267581073 0.0 1.1925780329019429 1.5271564080508684 1.5370863256538638 -0.6480086127896932 0.0 1.4171644878844936 0.8753886337997177 0.899392182334421
1666706102.0908246 -0.39366450678685233 0.0 0.5546151094148652 2.4256991833916546 2.403807606216451 -0.42986650400693704 0.0 0.9816795701891947 1.4192245317528462 1.3860298014284036 -0.5929020955760014 0.0 1.2626771100940888 0.8638094671110295 0.858693212924528
1666706102.191089 -0.3944692825543695 0.0 0.5641088157181278 2.2422762040422235 2.217169538295567 -0.4030908235814705 0.0 0.8501483319357483 1.355086358294437 1.286227086383494 -0.574684830783644 0.0 1.1560048879120792 0.8518868662854646 0.8239784203956779
1666706102.2900493 -0.3946702645994159 0.0 0.5707768587921858 2.117987598556476 2.1069482445661696 -0.3773863911611155 0.0 0.6921152991952164 1.273354944279978 1.1615453793036317 -0.557718620257108 0.0 1.0298502826530658 0.8343517384529127 0.7804981533740607
1666706102.40167 -0.3941100505505081 0.0 0.5747097445095566 1.9712148150285775 1.9512015769901176 -0.355344662600516 0.0 0.5316292709339294 1.1911261312043182 1.0354444720190488 -0.5297697515144447 0.0 0.8824620559797054 0.8124700338469737 0.7317802441892218
1666706102.5894501 -0.3924587684134247 0.0 0.5728746534596671 1.8020762741990193 1.7929105373029044 -0.33022788902498385 0.0 0.17971635455731405 1.0017142394214276 0.7483163337034748 -0.48933337497067464 0.0 0.5390747963211214 0.7379773635704714 0.6039432760593975
1666706102.688591 -0.3911137055372387 0.0 0.5643769006155022 1.4932130188942039 1.5024059992307779 -0.3200591213587469 0.0 -0.0018873829477665804 0.9017896445731075 0.6008124113395489 -0.4485294705300396 0.0 0.3373016243755095 0.6837237137260777 0.5286186158833321
1666706102.8973796 -0.38949569612855306 0.0 0.5514822936144055 1.1502394197183756 1.125700099681801 -0.2912053843050837 0.0 -0.35092132290307154 0.695001224937099 0.3153253454877859 -0.36146319664966475 0.0 -0.07440387710096327 0.5591326545201728 0.372208680786055
1666706102.9947515 -0.38627353548042087 0.0 0.521899628060378 0.9852589330977968 0.9313166113337508 -0.28402799136657764 0.0 -0.4864344946836885 0.6045605111155312 0.19738703771759566 -0.3264191791572864 0.0 -0.281597574988752 0.5001371091882555 0.29221992099240035
1666706103.0924432 -0.38293482905336357 0.0 0.4889736786177463 0.7953640553758632 0.7318744375840839 -0.2735292280735521 0.0 -0.5996402544975523 0.521499890602408 0.0980661217931374 -0.30358216564875784 0.0 -0.48198501920457165 0.44255788613443414 0.21235261976870773
1666706103.1925695 -0.3794750559652039 0.0 0.4545480445052579 0.6140163333594597 0.5533065341643176 -0.2526644361291881 0.0 -0.6845885960954247 0.44613238812163236 0.024550700368265066 -0.28103566070323205 0.0 -0.6904748565048562 0.3797041377065331 0.12851844746377827
1666706103.2933536 -0.37521853094359525 0.0 0.41631178621696785 0.4568116586421922 0.39516012586708393 -0.21912688982525574 0.0 -0.7652294412864744 0.3630370543977506 -0.0422063337562385 -0.2624265994385204 0.0 -0.884188737149522 0.3193681254640917 0.0496445212618421
1666706103.4023821 -0.36990796664116377 0.0 0.376113280905118 0.30378645717523045 0.2359583414499542 -0.18509716531776665 0.0 -0.8293523859162166 0.2871708433786355 -0.09516704839793666 -0.2502299687528642 0.0 -1.0583987652243096 0.2634491956799696 -0.02278159214106945
1666706103.592555 -0.3621782885746816 0.0 0.32569489919797423 -0.0009416656074722196 -0.04405350189686308 -0.12171396622538283 0.0 -0.9319852637794506 0.16739563323378662 -0.17197581097245684 -0.2130902556999567 0.0 -1.3515154304381702 0.16262558375405434 -0.13966170534902167
1666706103.6925511 -0.3568282018624847 0.0 0.297712794150536 -0.1517221026676675 -0.16956801751206685 -0.0743395973128983 0.0 -0.9442879537386558 0.11930851006530893 -0.1754235463329763 -0.20304016614337042 0.0 -1.45488301602823 0.12515958964886298 -0.1830240045330389
1666706103.791267 -0.34767243588088687 0.0 0.2574581855981868 -0.2878228527774648 -0.3011953979647183 -0.08048838001418596 0.0 -0.9365291421981635 0.0998593877296872 -0.18805295865877636 -0.20432419760265172 0.0 -1.5221817644149886 0.09833930829374316 -0.21575021272953543
1666706103.8917565 -0.3388042116564428 0.0 0.21782802387429423 -0.409569469655401 -0.4157923313458083 -0.06848659370141985 0.0 -0.9163719643946234 0.07625519894342211 -0.18574238476021665 -0.21324171233794048 0.0 -1.5627082346742533 0.08067417016740192 -0.2396496654178173
1666706104.0020204 -0.3299020357691224 0.0 0.1804762305899712 -0.48671277987456 -0.4929923728810078 -0.04708211776371879 0.0 -0.8871042022464316 0.052215036937372866 -0.17329544208198744 -0.2217429294328378 0.0 -1.5814176575936543 0.06890195736079552 -0.2548704346197216
1666706104.1014285 -0.31785939268075947 0.0 0.13501801035060623 -0.5354597630196466 -0.5653135858573051 -0.0496330937305397 0.0 -0.865445118152199 0.02752438667581336 -0.1819375571983537 -0.2341215195122004 0.0 -1.5684295518560634 0.0648265270375506 -0.260366354731179
1666706104.1989481 -0.30672215725536456 0.0 0.0934769927838286 -0.556280712542931 -0.6033400981622703 -0.03969322000646974 0.0 -0.8306174000037766 0.006367950135245631 -0.1741323668073193 -0.23943599895612172 0.0 -1.54093739786879 0.06299752754460602 -0.2591913070734993
1666706104.4989078 -0.29823145623676023 0.0 0.06409362601105495 -0.5383902111518211 -0.58969260901988 0.027630999568454107 0.0 -0.7453853632948928 -0.00603681242131926 -0.09560659358067852 -0.18317895402236214 0.0 -1.4167571138388002 0.07714669886137315 -0.20470257506644057
1666706104.594497 -0.28505782466553903 0.0 0.031368843576666805 -0.6077153965606318 -0.7421220265228665 0.03221312849099742 0.0 -0.6890971289337492 -0.00552371241670882 -0.07044570975031428 -0.1570682355910063 0.0 -1.3249154868879751 0.08772255646198934 -0.17058435764744662
1666706104.6887236 -0.2750493853432833 0.0 0.008641455841103207 -0.536183349346631 -0.6734680124324064 0.023323586558560205 0.0 -0.6765779943205196 -0.017554391830752275 -0.08533803363209164 -0.14097508149802673 0.0 -1.2383622876288953 0.10243091051618958 -0.13933492721070312
1666706104.999855 -0.2657458598927516 0.0 -0.012724274952620185 -0.5200120531502079 -0.6551296147179196 0.04324213454855022 0.0 -0.5670074868171859 0.015055546567029843 -0.006982348170224917 -0.09993788816138097 0.0 -1.001084028522738 0.15867554830667713 -0.044784365233899226
1666706105.2881544 -0.2528881319813239 0.0 -0.035789322307981486 -0.4977466132782653 -0.6281586600215261 0.06697036842936073 0.0 -0.382686842486475 0.0824811609116479 0.1258679706271939 -0.08850549983074496 0.0 -0.8352774090461677 0.1992604706247667 0.013798589219252866
1666706105.392864 -0.2430957110407495 0.0 -0.04640953886145005 -0.0564864864190785 -0.1348958084474008 0.06214273063115239 0.0 -0.3438598876018806 0.088482982640252 0.13693180230902688 -0.08293701996656908 0.0 -0.7885798321711465 0.206248659267458 0.029548938686914383
1666706105.4960232 -0.23152951173526315 0.0 -0.057680629089057245 -0.029290777624254805 -0.10249627474255829 0.05211497596014193 0.0 -0.30985961291010994 0.10766465770922673 0.15703991304953901 -0.08368366550768111 0.0 -0.7597812772489068 0.2079607505169559 0.035839540595330954
1666706105.5913374 -0.22211311612929768 0.0 -0.06605243667983074 -0.01740789953928168 -0.10026007606036236 0.04607397047707788 0.0 -0.2801874935478361 0.1237363511875153 0.17679805883285105 -0.06785974000756695 0.0 -0.7084499978999822 0.21298546928159762 0.05647964659809945
1666706105.6824098 -0.21198291376005246 0.0 -0.074140937464384 0.021098002180785835 -0.04095202684760402 0.03752017583163607 0.0 -0.2650969432036117 0.13244459852006685 0.1828308289319881 -0.044484238668526827 0.0 -0.6365260069168945 0.2218073686097354 0.08722472253483338
1666706105.895954 -0.20522944864132375 0.0 -0.07930966994814637 0.041651102117273076 -0.004477936695795992 0.03356924143489744 0.0 -0.242408002896868 0.14532377338600677 0.19855606448469693 0.019481273802582744 0.0 -0.4690766253550386 0.2501493348527295 0.16769640059379143
1666706105.9961836 -0.1707873692962072 0.0 -0.10283344104874614 0.17828094783564574 0.18973903801622538 -0.0005907770663328704 0.0 -0.2140498352818726 0.16763701191315422 0.1954510108689719 0.0549448179864807 0.0 -0.3384324684046648 0.2575411600463804 0.21777319162442896
1666706106.2021372 -0.1652485899779696 0.0 -0.1064528029652021 0.29734009587808585 0.37979052924888146 0.0037734586704446585 0.0 -0.18474649928014245 0.18329912633603937 0.22370551598086247 0.12030780165496685 0.0 -0.13246708547646963 0.2961462345889693 0.31510193052043733
1666706106.5976179 -0.1580734107758907 0.0 -0.10977645988419593 0.3508775998994188 0.48216423051142576 -0.013540928087871468 0.0 -0.10261329968162644 0.2477371207276162 0.28914115934893353 0.1182111326936657 0.0 0.20446940402783353 0.40251729261750013 0.439207187518672
1666706106.6929476 -0.15190059122017047 0.0 -0.10947052937946222 0.3263581249780767 0.5075373601875736 -0.013932587641057745 0.0 -0.09375244461471147 0.2565329953101695 0.30048266607852764 0.1018251567533964 0.0 0.2356241949221708 0.4147493945527565 0.44568416398606986
1666706106.7975903 -0.14724218955666046 0.0 -0.10893981827024968 0.3044479128004838 0.48487703711552854 -0.015350261421893704 0.0 -0.06304726380726675 0.2765722920831953 0.3282411019872494 0.08828302722217989 0.0 0.2492303090222201 0.4212499374804521 0.44687799980288556
1666706106.8889544 -0.14279111244457027 0.0 -0.10739104040586955 0.2820938222999756 0.47674845167138 -0.020231895894956914 0.0 -0.047850594980318975 0.2887047102478931 0.3405909858083126 0.08218462684556667 0.0 0.24494515971527742 0.4194133461006393 0.4443780693843961
1666706106.986725 -0.13846436100448611 0.0 -0.10528906296801632 0.25455911962226985 0.4636843189360085 -0.0235451195460772 0.0 -0.0392947113299979 0.29507757803257284 0.34795963842100364 0.07635533862737282 0.0 0.23670857011130628 0.4163274622930006 0.44079216202332694
1666706107.0980403 -0.13462350349264046 0.0 -0.10308338445838228 0.22334088583543665 0.4348527104703974 -0.024231177056787886 0.0 -0.028134203204161864 0.3004121368753846 0.3580680189795527 0.0747778954674264 0.0 0.22018909665847014 0.40925231225066044 0.435469783797865
1666706107.1926174 -0.12996770110328815 0.0 -0.0999223986504949 0.195983072779354 0.41307137145116024 -0.02129384589826508 0.0 -0.042153675084474776 0.28707271589465494 0.34878083566303314 0.06556514935245548 0.0 0.22589464352743246 0.4117681166557359 0.4368019653605043
1666706107.2967682 -0.12636288733661316 0.0 -0.09800615587433548 0.17316614319159374 0.36508622884773545 -0.022897171099949848 0.0 -0.038411749036679335 0.28693943587450166 0.35068564825144777 0.06443395481151114 0.0 0.2085906304276103 0.4042639788327547 0.4312207240411059
1666706107.4922535 -0.12274143037890195 0.0 -0.09592026126950581 0.14595309348912644 0.30585663581778766 -0.020095107793421857 0.0 -0.02874825309515483 0.2867551179164152 0.3580069273499389 0.050372657255912265 0.0 0.15291839264975565 0.38922304337066793 0.40691903173178984
1666706107.704907 -0.10988134612563105 0.0 -0.08750459022718315 0.07087362324307944 0.11745866415446049 -0.017695890318887048 0.0 -0.03543566038575777 0.2655128536093815 0.34337141358993234 0.029073875848557102 0.0 0.006148030128274112 0.34168649519613836 0.3491092942931598
1666706107.898502 -0.1047251811072274 0.0 -0.08459224367268003 0.05056152268610792 0.09421567988794144 -0.014961423642734867 0.0 -0.067108184723016 0.23711640965483485 0.3084009839423409 0.03282441748207557 0.0 -0.0997083625823259 0.30242787355645523 0.310564491691838
1666706108.2956185 -0.10170382447122606 0.0 -0.08400374805903899 0.05684077014234801 0.1014249390368216 -0.016481857463723174 0.0 -0.12073574229663163 0.20243678782025534 0.2592577612036481 0.061918938011727556 0.0 -0.22539707454093544 0.24894914433356152 0.2705296510559603
1666706108.3973145 -0.08946379735324517 0.0 -0.08927939025967091 -0.011915065047358175 -0.15873977150517715 -0.021678259414081608 0.0 -0.16612319243134616 0.1703629781101628 0.20693078362184297 0.05930591305508619 0.0 -0.24948466000559305 0.22794440405387908 0.2552547265330417
1666706108.6927285 -0.08660564969154039 0.0 -0.09251947568453822 -0.004229390806661626 -0.14332143193208757 -0.015292321320590538 0.0 -0.1978903390067258 0.1426723391600554 0.1709035405415269 0.037809016761024355 0.0 -0.33788739751676045 0.20423775412788311 0.21137330527481446
1666706108.9952936 -0.08417670062686944 0.0 -0.09610843255636836 0.0007741173418452929 -0.13261885402104234 -0.022701846001581774 0.0 -0.22978094611699112 0.12626037690854602 0.13333136300571272 0.03683903239795603 0.0 -0.34588410227512345 0.1980992342978518 0.20505276376172638
1666706109.293098 -0.08162386163275759 0.0 -0.10165939167841143 -0.007417639166757639 -0.26109408919236726 -0.03138317754180417 0.0 -0.2648692933916612 0.10879718759444792 0.09190003213672249 0.022144263114211908 0.0 -0.3306820757627471 0.20354276965346454 0.20201568561840674
1666706109.5998335 -0.07539115034738142 0.0 -0.12190673135339924 0.006999629932749385 -0.2173026782375274 -0.02214907162056591 0.0 -0.3129964199096318 0.0648313496927732 0.017137654796109347 -0.016701924196948555 0.0 -0.3340955487790995 0.20244403862745589 0.17260306757083213
1666706109.8895063 -0.07313120441974952 0.0 -0.1300178414714117 0.009454390578557681 -0.20735148007656662 -0.022555876639123548 0.0 -0.30003502203914223 0.07090457927455839 0.018878289395975384 -0.048719580033261184 0.0 -0.3423093026034252 0.20739058370095118 0.15166675621829037
1666706110.189393 -0.07186984298453936 0.0 -0.1342581128507987 0.010986973788769228 -0.2017092525472282 -0.021941023663036116 0.0 -0.2757022785384481 0.08388384981307632 0.03460691281503597 -0.06131914480001999 0.0 -0.31710089235542205 0.21715382198957264 0.1532745306665011
1666706110.2874203 -0.0698665734818189 0.0 -0.1399332076619788 -0.07931665368863744 -0.3183946112137006 -0.02068381266912983 0.0 -0.2622225340730945 0.0888388633188814 0.039757311354667896 -0.06014140365673026 0.0 -0.30202506152433106 0.21609633627849884 0.15352109782876242
1666706110.4857907 -0.06789164297091776 0.0 -0.1448437274842933 -0.05975793600256768 -0.3385803779797719 -0.024539360892582435 0.0 -0.251275235361872 0.0922785586382951 0.035616147632997947 -0.07190914052186703 0.0 -0.27870606556019756 0.2235761011587281 0.15264284463059064
1666706110.6862612 -0.0665756027726141 0.0 -0.14807465642316386 -0.007880495072194571 -0.2851553192269439 -0.024854323235405935 0.0 -0.2281166495045628 0.10256149313213614 0.04552801045846802 -0.07187668973087667 0.0 -0.25598674518831044 0.2269861149757641 0.15702701920279022
1666706110.785551 -0.06521666590841557 0.0 -0.15068176762130503 0.030544188774759617 -0.21061852684693877 -0.026309763050425573 0.0 -0.22516472200845078 0.10289546123887643 0.03999387144737124 -0.07101041558489087 0.0 -0.23818385442366474 0.2284466361009618 0.1596260959994583
1666706111.092307 -0.0637870197083843 0.0 -0.153418666857293 0.03320275869802758 -0.20140969662444724 -0.033415121291109545 0.0 -0.20809144430155424 0.11693378323286192 0.044549425821683836 -0.06019580339226195 0.0 -0.22950703215551838 0.2222003560662742 0.16163317062442117
1666706111.377314 -0.06261964012418053 0.0 -0.1555200792656739 0.03642105895912795 -0.19195596890063232 -0.02720513619446576 0.0 -0.18615101808828013 0.12418606289709883 0.060563076496158885 -0.02149835550753036 0.0 -0.17447114493273802 0.21817594520689854 0.19191798494434295
1666706111.6981058 -0.061975884205889065 0.0 -0.15607688074421544 0.0971482604240218 -0.054351220941312395 -0.014385718797110543 0.0 -0.16291745580166314 0.12803916581366726 0.08369740519451688 0.025209233658107913 0.0 -0.13277712996938662 0.2084734056648457 0.22306919680978754
1666706111.9842162 -0.05996055160488023 0.0 -0.15636656315663222 0.09845641827915175 -0.04850518333277942 -0.005168071122676497 0.0 -0.14279909343842612 0.13437220862016178 0.10381041305659457 0.050756305229557014 0.0 -0.10886630333582775 0.20073513763835793 0.23693535335131585
1666706112.081953 -0.05852571710223975 0.0 -0.15601127583446894 0.08511199302195571 0.14118684899621436 -0.0014905268936074786 0.0 -0.14600164572589247 0.1302490160663401 0.10235178634910333 0.06020248293303544 0.0 -0.12589936184588912 0.18902811751202958 0.23112513955733566
1666706112.393093 -0.056491051897870403 0.0 -0.1556541937240028 0.08672220471549585 0.13980145253503784 0.003696806149752839 0.0 -0.13516384104010287 0.13340146609034692 0.11946636541774995 0.04726256364867833 0.0 -0.11659786827822716 0.19524378610814536 0.22620773420266282
1666706112.4842808 -0.05444654938318971 0.0 -0.15495816334598556 0.11642542096786301 0.2151392726035376 0.00449308955014811 0.0 -0.13054063768684943 0.13581245984505005 0.1282350997410705 0.04281851817953181 0.0 -0.11504112305855357 0.19536763222519615 0.2221723013058493
1666706112.6899166 -0.05225783262301642 0.0 -0.15405142131940885 0.11784210585394805 0.21944953966983827 0.010166631242690589 0.0 -0.12881723770668657 0.1337453929454675 0.14024169975923806 0.046603627525976785 0.0 -0.112413759630622 0.1918776367831737 0.22174494546581644
1666706112.782337 -0.04989627824952236 0.0 -0.15309679723484537 0.12088880671506175 0.23665605651768307 0.010991558945271871 0.0 -0.12797633665523994 0.13475349976058404 0.1482521392963465 0.060234517622921355 0.0 -0.11600562393232128 0.1818328373011403 0.22300601719543955
1666706112.8818793 -0.04763441694587789 0.0 -0.15216362239513215 0.11146755441366385 0.2401331750977782 0.01236427884275471 0.0 -0.12974535092370587 0.13390180931939882 0.1542953876160195 0.03949488722473395 0.0 -0.11792239785527492 0.18878262525972497 0.21230170128443235
1666706113.0901864 -0.04606058812723224 0.0 -0.15157556758423674 0.06418151304185937 0.2356125882209199 0.015147931662082083 0.0 -0.13168159805368834 0.13099435176654878 0.15884293061088378 0.02493996704172777 0.0 -0.11973734143096698 0.19358141207548024 0.20485011165359573
1666706113.1816862 -0.04322392333286196 0.0 -0.1506535958851689 0.047609221582486705 0.23206267545031845 0.017767644766066706 0.0 -0.1335380214318424 0.12610485917556896 0.16622864920455052 0.019991697206566336 0.0 -0.12161349706015168 0.1925738001583237 0.2003714952907978
1666706113.2870722 -0.04159579625131793 0.0 -0.15019670764385573 0.028298175838279205 0.21400585117061355 0.0167065995664352 0.0 -0.13154101948797017 0.12671454665530169 0.17087328119737166 0.01243605324264752 0.0 -0.10753288138592121 0.19896401218744222 0.20217974924795387
1666706113.3917313 -0.039301233653464274 0.0 -0.14946249005846646 0.025404223094227407 0.20305511139704657 0.013307613039622216 0.0 -0.13500072098952265 0.12425302106974198 0.17028677703994524 0.0017737370442070972 0.0 -0.12082233683793364 0.19764085934665404 0.19187962553910706
1666706113.4834602 -0.03680135314909161 0.0 -0.14877529205230022 0.009578079225945502 0.17794742795157958 0.010213731312103621 0.0 -0.1357293802831236 0.12270575078370505 0.17223161860803207 -0.0079083694748067 0.0 -0.1254571141678565 0.19801346052374738 0.1852779748366867
1666706113.5790477 -0.035535557584989386 0.0 -0.14842405462634778 -0.0013215112861535983 0.14292206755263626 0.01398944312108361 0.0 -0.13491363897809117 0.11788082246787703 0.17672451995639796 -0.02004303103521518 0.0 -0.12835832262521923 0.20140606399510166 0.17896057532621365
1666706113.6840024 -0.03414651388237222 0.0 -0.14804512363173106 -0.007625216788181899 0.11230981868244383 0.009458999539551108 0.0 -0.1330638067826484 0.11986406510288096 0.1761502898133544 -0.022223265253531806 0.0 -0.12970133939865386 0.20026159431882834 0.17719018459663735
1666706113.777426 -0.032497473726378456 0.0 -0.14747857158050848 -0.002638212877234092 0.08004262405191276 0.0038724747515179116 0.0 -0.1395784213761975 0.1166368668203915 0.16725961884853302 -0.02745549988507298 0.0 -0.1326295569488427 0.1995546795580506 0.17348052941161127
1666706113.8800666 -0.03126241586417888 0.0 -0.14721029672638486 -0.0033810282875708086 0.05911635471381349 0.00048477248768479496 0.0 -0.14526452765528208 0.11289580351462743 0.15931973691408202 -0.03452807992603816 0.0 -0.1343660669031277 0.20033330146017572 0.16941398955599174
1666706113.9907253 -0.030609306815781667 0.0 -0.14717026800408217 -0.01053973491217125 0.02817514590311765 -0.005578196982233935 0.0 -0.14202078220173264 0.11792541068468394 0.15706262344276645 -0.03510714233886508 0.0 -0.14124354081962776 0.19710625475897076 0.16605612064680073
1666706114.0875328 -0.0295598130542426 0.0 -0.14695436254640826 -0.010068006014352204 0.03087297634612829 -0.011615492100167305 0.0 -0.1534950807827649 0.11212770805159586 0.14070806021383908 -0.042635876243894935 0.0 -0.1418606460537678 0.19801336325514743 0.16185506794038462
1666706114.485534 -0.02879679402807822 0.0 -0.14723248354479512 -0.004872063800284487 0.035543326310660706 -0.028008153111720186 0.0 -0.16663620433610077 0.11388580715019883 0.11701346960958675 -0.058192021464681803 0.0 -0.1697078437022409 0.19433264454535334 0.14334627953278467
1666706114.6811085 -0.028693310366614155 0.0 -0.14977859551015305 -0.049961270956669246 -0.00799448129635194 -0.039412767157771963 0.0 -0.16306912471623108 0.11595416134017972 0.1060470307154532 -0.08215360318954829 0.0 -0.18560198081202134 0.19301716499661883 0.12129386535993317
1666706114.8884664 -0.029050512800646855 0.0 -0.15022147330466118 -0.022957724998388718 -0.001786389614861994 -0.03979741342138266 0.0 -0.1574535095898974 0.11604218732524035 0.1078193232417945 -0.08707364180673684 0.0 -0.18539065169546265 0.1935310724623039 0.11763991574604254
1666706115.087103 -0.029508422110661958 0.0 -0.15052961951929977 -0.02519819036741755 0.002667891453105975 -0.02970080765289401 0.0 -0.17278142726913634 0.09490587581728155 0.09946313336852089 -0.11749064862088798 0.0 -0.17918987723674062 0.2087855299092364 0.1047664411193654
1666706115.1823413 -0.02951471065289446 0.0 -0.15125696852464188 -0.0222310720058993 0.03204258796241666 -0.02761274631065789 0.0 -0.18247155199229423 0.0843320186276528 0.09152899233183945 -0.08714752255425084 0.0 -0.160737465172688 0.1962002272008707 0.1232948351489492
1666706115.288798 -0.029458743264014764 0.0 -0.15217549191272828 -0.018699737586256537 0.022420842196867907 -0.02580725813221972 0.0 -0.19219638421446336 0.07455346348582761 0.08409579856389371 -0.049488714980691906 0.0 -0.1423421970899793 0.17989389038837655 0.14534600269649056
1666706115.3848917 -0.029318081605795743 0.0 -0.15371716738760477 -0.017536877514829352 0.02207604496490434 -0.021288354451586704 0.0 -0.200535709375905 0.06304812575077873 0.07837884889052361 -0.003984637121953828 0.0 -0.11986689937467326 0.15991535448047628 0.1721061803828884
1666706115.5842242 -0.02900651478197014 0.0 -0.15553380500720215 -0.004655640426086349 0.0003985830953401326 -0.016909705906563377 0.0 -0.2235072883641436 0.0431460805324842 0.06039795265618236 0.08403690216429857 0.0 -0.08345895941008036 0.12137877165590155 0.22345314314717585
1666706115.688726 -0.028607951800145526 0.0 -0.15777338029443588 -0.01246722111545312 -0.012352715862690267 -0.012348773858536688 0.0 -0.22021474555425324 0.04050891221391256 0.06209980694070172 0.11718983184116934 0.0 -0.07465337668467292 0.10355940789447848 0.23943055020844564
1666706115.9723873 -0.027959217305052575 0.0 -0.1602647650194332 -0.010353495241314514 -0.009382090904730522 -0.002796523100399308 0.0 -0.18706822716835345 0.051641476076265694 0.08930862516682198 0.1526717439926662 0.0 -0.06095664356581254 0.08526956840448921 0.25770715562481766
1666706116.091155 -0.02750902730074878 0.0 -0.16074431027965208 -0.036755694260659166 -0.06812456950576445 0.00341151890680569 0.0 -0.16684316267785287 0.05840224113444732 0.1070393555735455 0.14898619031110627 0.0 -0.0678896540786818 0.08370222644259243 0.252162377852566
1666706116.3898528 -0.026026828523823542 0.0 -0.161036663186505 -0.032194229708558564 -0.05972795989313956 0.01765483352393798 0.0 -0.10734204070770763 0.080542717796859 0.15472540997196463 0.11915392153647145 0.0 -0.0858993679088853 0.09098759831941647 0.22901093839378184
1666706116.4843507 -0.024266243537414245 0.0 -0.15887250683907195 -0.04856900309693046 -0.09050252256875374 0.019933460588313405 0.0 -0.09545914251474416 0.08448371478933422 0.15948950365739134 0.10891523530988893 0.0 -0.0818738875829404 0.09557170834025161 0.22471595155210533
1666706116.5752242 -0.022508626480633898 0.0 -0.1563508517065575 -0.04306156016200913 -0.08527203125365085 0.02165359877719454 0.0 -0.09904208582339538 0.07868627325609695 0.1508334722706688 0.1066918899563303 0.0 -0.08000171491884739 0.0951946172580996 0.2232571917038173
1666706116.6925755 -0.021358291265043072 0.0 -0.15485807612352087 -0.04435961375269376 -0.08881861355604109 0.022534425574818513 0.0 -0.10523158808766281 0.0729307464215403 0.14232527535240053 0.09460070028050242 0.0 -0.1004254816240519 0.09419075492146245 0.20889180006550792
1666706116.7850778 -0.019608413181247175 0.0 -0.15287960885054408 -0.03597827729332159 -0.08647402317687158 0.021995048506042746 0.0 -0.10293579188932732 0.07306692737847825 0.1378492689626316 0.08587789964687473 0.0 -0.09124913666738105 0.09959320221945539 0.20700812656143275
1666706116.876208 -0.01794960282432645 0.0 -0.15088825242299175 -0.03828659736166645 -0.08558333185618716 0.019681068784605755 0.0 -0.11205439152983324 0.06805212815718494 0.12340314810739475 0.08719579825962052 0.0 -0.09512766740698375 0.09530210485833432 0.20436944542885077
1666706116.9852743 -0.016569767988614204 0.0 -0.14946429925461757 -0.02255981929892853 -0.07877394424974848 0.018273174341911867 0.0 -0.12491233374154999 0.06011192435058582 0.10737793109562895 0.07553355020317298 0.0 -0.0946706853069148 0.09996160314983618 0.1974703759230777
1666706117.0859623 -0.015292518635872221 0.0 -0.1485642896698175 -0.01361302210115578 -0.0670615667589804 0.014510152865343793 0.0 -0.11631646893522066 0.06784840222226929 0.10729685997032679 0.06107713803353983 0.0 -0.09764877505146241 0.10515027212384002 0.18769396643031083
1666706117.1850417 -0.013900954124856146 0.0 -0.14705855475977625 -0.03524823640653563 -0.10145709029580191 0.011299394291367372 0.0 -0.12829764475660785 0.06262357908038765 0.09104954274134279 0.043919825366116355 0.0 -0.11099442207230326 0.10845304079808804 0.172077852768026
1666706117.2822776 -0.012936116299374745 0.0 -0.14634026169046865 -0.023708515261981256 -0.08985029453413329 0.006310495742891018 0.0 -0.14285962885868414 0.05678335352106954 0.07147802277981945 0.028394390515606414 0.0 -0.11255197631003405 0.11489557017458188 0.16209888012933765
1666706117.3883936 -0.012384231938176504 0.0 -0.14624045675738662 -0.004301922168415184 -0.06226403911278061 -0.0012121223360153227 0.0 -0.15667145779044803 0.054461114885239185 0.05240542538439323 0.00735685325711237 0.0 -0.12856387501292843 0.12080820638524652 0.14419863699746954
1666706117.4851964 -0.01194952613548006 0.0 -0.14664632609079586 0.01378362593143978 -0.03529815764500588 -0.00885375972640633 0.0 -0.1676303242029197 0.054396917269855814 0.036128980253328405 -0.012407399731057872 0.0 -0.1491981562931881 0.12398093423511529 0.12397521362609037
1666706117.5893188 -0.011829143207326531 0.0 -0.14746231631851547 0.03357834906116042 0.0007783887629185804 -0.015182704396860883 0.0 -0.17750431883025344 0.05448377143845605 0.023207820327702272 -0.03257262906875422 0.0 -0.16553059733093695 0.1288374176005534 0.10498529250986663
1666706117.873092 -0.011988799208762835 0.0 -0.14889255293120474 0.034573612292233435 0.0018462068690260347 -0.021075582111051178 0.0 -0.20586192932743586 0.04378396097622164 -0.0020773215625485564 -0.0795300505817053 0.0 -0.2097225858700853 0.14131326669390515 0.061371499616317826
1666706118.0825906 -0.012158140388028205 0.0 -0.1499542335595071 0.11055154711083609 0.11268014089272216 -0.030834507892450118 0.0 -0.22065665413737642 0.04443285695244141 -0.019941381152392385 -0.09304821721164329 0.0 -0.2132442313186803 0.14740027215309157 0.05175606822352394
1666706118.182435 -0.01292475549542127 0.0 -0.1528563794790181 0.11576842794537645 0.14693292553065518 -0.047365087317821505 0.0 -0.2377417520771137 0.05357473228671267 -0.03887826675340711 -0.09581170834400594 0.0 -0.21116424502958814 0.14723819663131935 0.04682624543905001
1666706118.390631 -0.013956149786237604 0.0 -0.15539846557513837 0.11388556481008316 0.14182056779980312 -0.04902507972135847 0.0 -0.21353538521733958 0.072352588330519 -0.015394911947384071 -0.08694776871444784 0.0 -0.19622645656195675 0.14465180305033962 0.05376480806550027
1666706118.4857428 -0.015473276920002332 0.0 -0.15791354369203137 0.12411685569996883 0.14077361538888833 -0.052089841300707346 0.0 -0.1985563738126719 0.08758029731344406 0.0010552940331895189 -0.07655424892260276 0.0 -0.17725743021654766 0.14211707180661362 0.06247661749718869
1666706118.5777593 -0.01717785786158177 0.0 -0.15980555608607228 0.11717948632423913 0.14205791140558122 -0.04564681679518678 0.0 -0.17225965025996703 0.10054262810587833 0.033049041496836934 -0.06056145052744265 0.0 -0.1597583498761171 0.13585699618401822 0.07401803728708206
1666706118.6798654 -0.017935441094083626 0.0 -0.1601369701340586 0.11883391476672966 0.1342333411477833 -0.03510615482636916 0.0 -0.1469299934933612 0.10696659826861521 0.06425468047645569 -0.06364785191250279 0.0 -0.16446037744127828 0.13584130898118016 0.06929581891042352
1666706118.8836448 -0.018575235122895717 0.0 -0.1596448680045185 0.10900118314195323 0.11952601643122607 -0.012048888782732865 0.0 -0.1009300199720553 0.11389945970437008 0.12250722227295532 -0.03910959138115663 0.0 -0.13715351775342904 0.12788732302347183 0.09141976993954429
1666706118.9742823 -0.018303578919114716 0.0 -0.15720088910871222 0.24274299158748347 0.22438015543978185 -0.0033047191980494044 0.0 -0.0890177868778903 0.11382177707659072 0.14154807182425228 -0.02295699584263481 0.0 -0.12321251945519546 0.12140768069716272 0.10528474427666412
1666706119.2913344 -0.01791564654695932 0.0 -0.1554373928775844 0.2394085572707123 0.22223777613327955 0.008255295951261898 0.0 -0.07381597110163135 0.11568892067561196 0.16668924810757313 0.042057858320289396 0.0 -0.05775442632570482 0.09897406957866836 0.16527708285218792
1666706119.4843493 -0.016818019184529853 0.0 -0.1520141342040473 0.23071411125851105 0.1545971734484306 0.002126480903562964 0.0 -0.07930914002997669 0.125084322515348 0.161653530837089 0.07056065229875261 0.0 -0.0036564161394843087 0.09699409338185044 0.20240784556213773
1666706119.5879698 -0.01621365032540867 0.0 -0.14969469404056612 0.26629668234836734 0.17124467439348123 0.0068476938644273415 0.0 -0.08236072244474876 0.12242214662728945 0.16274438094451654 0.07228099244952473 0.0 0.017725587690813727 0.10277310224197615 0.21227012840601106
1666706119.6847777 -0.015315279785298674 0.0 -0.14707165281918977 0.2003273359032518 0.12438152173415284 0.003174798478846149 0.0 -0.08079025225103519 0.1329423268461195 0.1609526980987187 0.0736844205801349 0.0 0.036115743972577885 0.10794322465237147 0.220861214325083
1666706119.7841504 -0.014601938068934617 0.0 -0.1445145361121185 0.1258909095569145 0.07363999587798187 0.007477371274578475 0.0 -0.0815861098660621 0.13055030794369352 0.16150701761610015 0.06448532583124844 0.0 0.03924711025911587 0.1157190634236063 0.21786076906164112
1666706119.8827758 -0.013661650861913621 0.0 -0.14183461559302335 0.04072800869809057 0.013865588594409284 0.012173089009556258 0.0 -0.07872686239182372 0.12666680810979158 0.16304279942977723 0.050824217986179275 0.0 0.03801366691717564 0.12516560285821987 0.21089595446077972
