1666706100.1892607 0.0 0.0 0.0
1666706100.4951408 0.0 0.0 0.0
1666706100.691951 0.0 0.0 0.0
1666706100.799121 0.0 0.0 0.0
1666706100.8924372 0.0 0.0 0.0
1666706100.9965942 0.0 0.0 0.0
1666706101.0932977 0.0 0.0 0.0
1666706101.1891587 0.0 0.0 0.0
1666706101.2853713 0.0 0.0 0.0
1666706101.399578 0.0 0.0 0.0
1666706101.4982889 0.0 0.0 0.0
1666706101.5956762 0.0 0.0 0.0
1666706101.693845 0.0 0.0 0.0
1666706101.7930217 0.0 0.0 0.0
1666706101.9014668 0.0 0.0 0.0
1666706102.0908358 0.0 0.0 0.0
1666706102.191115 0.0 0.0 0.0
1666706102.2900581 0.0 0.0 0.0
1666706102.401679 0.0 0.0 0.0
1666706102.5894594 0.0 0.0 0.0
1666706102.6886034 0.0 0.0 0.0
1666706102.8973887 0.0 0.0 0.0
1666706102.9947717 0.0 0.0 0.0
1666706103.0924525 0.0 0.0 0.0
1666706103.1925814 0.0 0.0 0.0
1666706103.2933624 0.0 0.0 0.0
1666706103.4023972 0.0 0.0 0.0
1666706103.5925636 0.0 0.0 0.0
1666706103.69256 0.0 0.0 0.0
1666706103.7912893 0.0 0.0 0.0
1666706103.8917773 0.0 0.0 0.0
1666706104.0020335 0.0 0.0 0.0
1666706104.101438 0.0 0.0 0.0
1666706104.1989722 0.0 0.0 0.0
1666706104.498923 0.0 0.0 0.0
1666706104.5945063 0.0 0.0 0.0
1666706104.6887326 0.0 0.0 0.0
1666706104.9998722 0.0 0.0 0.0
1666706105.2881608 0.0 0.0 0.0
1666706105.3928957 0.0 0.0 0.0
1666706105.4960458 0.0 0.0 0.0
1666706105.5913475 0.0 0.0 0.0
1666706105.682415 0.0 0.0 0.0
1666706105.895964 0.0 0.0 0.0
1666706105.996194 0.0 0.0 0.0
1666706106.2021546 0.0 0.0 0.0
1666706106.597628 0.0 0.0 0.0
1666706106.6929576 0.0 0.0 0.0
1666706106.7976134 0.0 0.0 0.0
1666706106.888958 0.0 0.0 0.0
1666706106.9867456 0.0 0.0 0.0
1666706107.0980635 0.0 0.0 0.0
1666706107.192649 0.0 0.0 0.0
1666706107.296785 0.0 0.0 0.0
1666706107.4922633 0.0 0.0 0.0
1666706107.7049162 0.0 0.0 0.0
1666706107.8985124 0.0 0.0 0.0
1666706108.2956285 0.0 0.0 0.0
1666706108.3973393 0.0 0.0 0.0
1666706108.6927385 0.0 0.0 0.0
1666706108.9953003 0.0 0.0 0.0
1666706109.2931082 0.0 0.0 0.0
1666706109.5998497 0.0 0.0 0.0
1666706109.8895164 0.0 0.0 0.0
1666706110.1893995 0.0 0.0 0.0
1666706110.2874312 0.0 0.0 0.0
1666706110.4857957 0.0 0.0 0.0
1666706110.6862679 0.0 0.0 0.0
1666706110.785556 0.0 0.0 0.0
1666706111.0923135 0.0 0.0 0.0
1666706111.3773258 0.0 0.0 0.0
1666706111.6981287 0.0 0.0 0.0
1666706111.9842284 0.0 0.0 0.0
1666706112.0819597 0.0 0.0 0.0
1666706112.3931088 0.0 0.0 0.0
1666706112.4842935 0.0 0.0 0.0
1666706112.6899219 0.0 0.0 0.0
1666706112.7823448 0.0 0.0 0.0
1666706112.8818843 0.0 0.0 0.0
1666706113.090201 0.0 0.0 0.0
1666706113.181694 0.0 0.0 0.0
1666706113.287086 0.0 0.0 0.0
1666706113.3917437 0.0 0.0 0.0
1666706113.4834712 0.0 0.0 0.0
1666706113.579062 0.0 0.0 0.0
1666706113.6840107 0.0 0.0 0.0
1666706113.7774293 0.0 0.0 0.0
1666706113.8801296 0.0 0.0 0.0
1666706113.9907353 0.0 0.0 0.0
1666706114.0875416 0.0 0.0 0.0
1666706114.4855378 0.0 0.0 0.0
1666706114.6811194 0.0 0.0 0.0
1666706114.8884876 0.0 0.0 0.0
1666706115.0871198 0.0 0.0 0.0
1666706115.1823518 0.0 0.0 0.0
1666706115.2888045 0.0 0.0 0.0
1666706115.3848975 0.0 0.0 0.0
1666706115.5842357 0.0 0.0 0.0
1666706115.6887329 0.0 0.0 0.0
1666706115.9723926 0.0 0.0 0.0
1666706116.0911644 0.0 0.0 0.0
1666706116.389858 0.0 0.0 0.0
1666706116.4843748 0.0 0.0 0.0
1666706116.5752294 0.0 0.0 0.0
1666706116.692585 0.0 0.0 0.0
1666706116.785091 0.0 0.0 0.0
1666706116.8762128 0.0 0.0 0.0
1666706116.98528 0.0 0.0 0.0
1666706117.0859745 0.0 0.0 0.0
1666706117.1850479 0.0 0.0 0.0
1666706117.2822886 0.0 0.0 0.0
1666706117.3884 0.0 0.0 0.0
1666706117.4852026 0.0 0.0 0.0
1666706117.5893338 0.0 0.0 0.0
1666706117.8731012 0.0 0.0 0.0
1666706118.0825996 0.0 0.0 0.0
1666706118.1824415 0.0 0.0 0.0
1666706118.390651 0.0 0.0 0.0
1666706118.4857557 0.0 0.0 0.0
1666706118.5777647 0.0 0.0 0.0
1666706118.6798723 0.0 0.0 0.0
1666706118.8836656 0.0 0.0 0.0
1666706118.9742873 0.0 0.0 0.0
1666706119.2913454 0.0 0.0 0.0
1666706119.484358 0.0 0.0 0.0
1666706119.587984 0.0 0.0 0.0
1666706119.684792 0.0 0.0 0.0
1666706119.784159 0.0 0.0 0.0
1666706119.8827972 0.0 0.0 0.0
