1666706100.189235 0.0 1.0 1.0 0.09745449265106977 0.09809139848800606 -0.04917343623444806 1.0 1.048443134629207 0.049173436234448066 0.04844313462920687 -0.03945452040742532 1.0 1.0388079457776878 0.019727260203712665 0.01940397288884392
1666706100.4951026 -0.0015000914366412397 1.0 1.001477812757987 0.19907536517781932 0.20034432348226244 -0.0977448906465441 1.0 1.0993812896538266 0.10032161397717798 0.09935664605094607 -0.07935187843460534 1.0 1.0813048023185554 0.04050377571565135 0.04062304898732995
1666706100.6919284 -0.004560908564300497 1.0 1.004591379843172 0.3035539994906502 0.305178719670055 -0.1458442193649131 1.0 1.15090367180491 0.153790656135981 0.15105443736978416 -0.11990746955549036 1.0 1.1259412137245066 0.06257691715471839 0.06298727220125395
1666706100.7991068 -0.010344851743970446 1.0 1.0105812025504575 0.43590916362002224 0.43790493465855457 -0.2038585998478757 1.0 1.2159313745554403 0.22241446476216528 0.21684331028209886 -0.1702614200587142 1.0 1.184242980691137 0.09146912932464306 0.09240849046108858
1666706100.892422 -0.014428277215677847 1.0 1.0149143940223853 0.502687598074804 0.5049267453035708 -0.2311573156313662 1.0 1.2487798836683264 0.25766484657491145 0.25060578541413475 -0.19499004253951246 1.0 1.2148265414160897 0.10676138090591389 0.10805706377939107
1666706100.9965782 -0.021173570040133097 1.0 1.022193027382862 0.6002112874874992 0.602663979575496 -0.27048033494340107 1.0 1.295762588591157 0.31005459332351715 0.2992728910558472 -0.23108360074917556 1.0 1.2595636725520578 0.12980906755079585 0.13113137263877903
1666706101.0932796 -0.029251320256519227 1.0 1.031056912737535 0.7000781179445383 0.702716047403203 -0.30900701976696937 1.0 1.3435060187539967 0.3646628000641091 0.34946120359028543 -0.26740529732642043 1.0 1.3063130965090235 0.15441028758266737 0.15557561586055435
1666706101.18912 -0.03800956021783753 1.0 1.0408386767944613 0.7948166482747064 0.7975853623272257 -0.34353784067872084 1.0 1.3888792998602144 0.4173270544051725 0.3980088371125542 -0.30101330750381916 1.0 1.3517938586649945 0.1787731824407376 0.17974897115343738
1666706101.285355 -0.0445085950170413 1.0 1.0482420114953566 0.8579909887744508 0.8608014911647837 -0.36517287709227886 1.0 1.4192023112634793 0.4529414096339359 0.4310882069989082 -0.32270600364220814 1.0 1.3829616705756067 0.19569443663453842 0.19661845799419508
1666706101.3995545 -0.05762399094208798 1.0 1.063414550115643 0.977419003629955 0.9805486120881063 -0.4039936224273011 1.0 1.4767665393233598 0.5208165174541739 0.49489335190337036 -0.36275007940634296 1.0 1.4429332895950484 0.2286252705778165 0.22955131853116167
1666706101.498272 -0.06908391528244719 1.0 1.077090640891689 1.071391361733816 1.0747033741690162 -0.4312307682879521 1.0 1.5227098444744922 0.575076337798938 0.5473680038102614 -0.39242101233443916 1.0 1.492099962257583 0.25598768131297167 0.25731010912957636
1666706101.5956597 -0.08064354062844738 1.0 1.0913146801112756 1.1597091055091036 1.1630557986312973 -0.454554136302451 1.0 1.566054626933692 0.6267552379292891 0.598212397037344 -0.4189210111143249 1.0 1.5396690931664356 0.2829034482875574 0.28485665028999885
1666706101.6938138 -0.09260210704282591 1.0 1.1064980133714652 1.2458621568698947 1.2489774319795697 -0.47519018408397834 1.0 1.6081943883645067 0.6776956544180672 0.6490583020861711 -0.44337750046475455 1.0 1.5870933536872596 0.3102917984768635 0.3130746643248466
1666706101.792983 -0.10526874034604919 1.0 1.1231080553276596 1.3324632723618712 1.3349734933175335 -0.4940583850982563 1.0 1.6501140843718112 0.7294585321403607 0.7011919706948059 -0.46662684579500235 1.0 1.6353877193342132 0.3389813863202082 0.3426953277984498
1666706101.9014513 -0.12139640870807117 1.0 1.144969178883631 1.437399818626262 1.4391734008031405 -0.5150609154949235 1.0 1.6995842882984962 0.7928076270003295 0.7649529757486929 -0.49350736626119657 1.0 1.69417415869425 0.37529402418072366 0.380003674458067
1666706102.090803 -0.13014762908046337 1.0 1.1572983550239015 1.4913234712416752 1.4926104004110903 -0.5246169116348329 1.0 1.7214071707420293 0.8243571988340915 0.7957646238040519 -0.5066876677823802 1.0 1.7222436581261398 0.39449663675087415 0.3990925519388321
1666706102.1910698 -0.1393433451208448 1.0 1.1704486425485197 1.5435945508120716 1.5442962030559122 -0.5340136097202607 1.0 1.7412255013407054 0.8559464502971702 0.8257486544318349 -0.5200844992983364 1.0 1.7491919989999751 0.4143554953929582 0.4183008196353576
1666706102.2900424 -0.152135606514335 1.0 1.1889489640319124 1.6122438852543428 1.6125877241169229 -0.5462456570648431 1.0 1.763658708541469 0.8972191043453686 0.8633972777136881 -0.5381615702466305 1.0 1.7825720511435772 0.44139894530483786 0.443598738659562
1666706102.4016623 -0.1689234402220386 1.0 1.2134297698564438 1.6962113620305292 1.6957027006544754 -0.5613822086354633 1.0 1.786304423316111 0.9479572861999714 0.9075039164191352 -0.5607280754128218 1.0 1.8201621258662386 0.47600758266808946 0.4747702478176543
1666706102.5894425 -0.17740607336195582 1.0 1.2258119254140858 1.7351615732488355 1.7344548029507638 -0.5685197788991945 1.0 1.790188826029588 0.9696084126059231 0.9236780815602939 -0.5713045635360816 1.0 1.831813728786601 0.49195828053639956 0.4878239229052113
1666706102.6885831 -0.18631226376109278 1.0 1.238663554141471 1.769164062203996 1.7686666285567598 -0.5758079598896458 1.0 1.7901458477558765 0.9901433878850582 0.9373593963641422 -0.5815181889028467 1.0 1.8394945449945117 0.5075275983297636 0.4998612869119731
1666706102.8973722 -0.19908074197017914 1.0 1.2567422895901637 1.8068713003375307 1.805569416791959 -0.5853542774506 1.0 1.7786419176505417 1.0129269721046095 0.9476964163688628 -0.5933677035333874 1.0 1.837055431307562 0.5258571285047854 0.5120630608393568
1666706102.9947333 -0.2116940440625879 1.0 1.2737843001499967 1.8390437569541884 1.835980451158631 -0.5946288731159515 1.0 1.762757978767743 1.0326681753179157 0.9541418549173805 -0.6040265329309185 1.0 1.827860197993415 0.5421885099388501 0.5216051542067234
1666706103.092436 -0.22380373135658949 1.0 1.289247292528351 1.8641958435880956 1.8591247825309583 -0.6032787873217934 1.0 1.7437953370336088 1.0491597559209722 0.9572430355333773 -0.6136268221057899 1.0 1.8126182105320254 0.556183678839602 0.5283204582907578
1666706103.1925607 -0.23654119035553597 1.0 1.304504651316297 1.8848059146531269 1.8776970685929264 -0.6117597212991313 1.0 1.7208164375332649 1.0641346348029255 0.9580671042947372 -0.6230600645526333 1.0 1.7894417328260954 0.5689288271958375 0.5326343082512365
1666706103.2933455 -0.24930691004278804 1.0 1.3186684495487033 1.9003476033043505 1.8911412430736285 -0.6192148766839518 1.0 1.6947817304538213 1.0764859151644597 0.9566311564901238 -0.6319883666769613 1.0 1.7593597815410909 0.5797943992038751 0.5343233187615724
1666706103.40237 -0.26477824329760047 1.0 1.334399318941113 1.9130534164825135 1.901010157679532 -0.6269565318722821 1.0 1.6600942181390872 1.0884967833253132 0.9526508120438804 -0.6424541894924845 1.0 1.7150924461766919 0.5908131137751972 0.5333704828243253
1666706103.5925477 -0.27283634202184665 1.0 1.3416456993413548 1.9130324653800603 1.900030012047858 -0.6296645438843314 1.0 1.6393584934918908 1.0922211659875485 0.9488245250832454 -0.6471952310506701 1.0 1.6850226018227634 0.5944313676858208 0.5302631518627485
1666706103.6925435 -0.2844015360129331 1.0 1.3512948980313906 1.908114985368872 1.8945341263331779 -0.63207397189382 1.0 1.6087530836295774 1.096088085856804 0.9431388552472971 -0.6537759858709841 1.0 1.6378682451130662 0.5984879274716747 0.5243311428275831
1666706103.7912536 -0.29594128567370104 1.0 1.3598403065921558 1.8985617297037092 1.8845370166034925 -0.6347454973301438 1.0 1.57766833046645 1.099402562981683 0.9368971062849707 -0.6605578007249511 1.0 1.5873448366207317 0.6017519509673759 0.5171700820496465
1666706103.8917341 -0.30709888134337143 1.0 1.3670138803916965 1.8850736726376116 1.8708440265045074 -0.6370009171124938 1.0 1.5474901109816677 1.1019138206586796 0.9307801857846543 -0.6675803368219567 1.0 1.5358812891432276 0.6044087354486349 0.5092778718081303
1666706104.0020099 -0.3211463094697595 1.0 1.3746986673977042 1.8643491482267733 1.8498521132271064 -0.639005702150519 1.0 1.5097166777483104 1.1041371684982417 0.9234011610944852 -0.6770222848126095 1.0 1.4685435692317486 0.607342622447958 0.49842533461927996
1666706104.1014214 -0.33434439967312046 1.0 1.3803048565515208 1.8421159016550688 1.826379282563192 -0.641066556928485 1.0 1.4737818493353494 1.1052800302368107 0.9158467884801303 -0.6867434288285529 1.0 1.403419570445897 0.6100343357372724 0.4876144581286373
1666706104.1989353 -0.34409722331788223 1.0 1.3832771381552404 1.8244278815427926 1.8071949183560412 -0.6423286795546425 1.0 1.4473707641662954 1.1054825115156444 0.9103099134153699 -0.6943567590584986 1.0 1.3544224884498925 0.6120374638506647 0.4793729697054891
1666706104.4988925 -0.3561538173115159 1.0 1.385868249220941 1.8026623968822777 1.7833554332201909 -0.6412116419770549 1.0 1.417237092797608 1.1052384614838402 0.906444828569989 -0.7017621290509678 1.0 1.2971472917798732 0.6151562710947345 0.4710974649409344
1666706104.594489 -0.36514608059031545 1.0 1.3868577919585376 1.7834917712351301 1.7599448965849667 -0.6401954659335988 1.0 1.3954992477996409 1.1050642137627482 0.9042225904339898 -0.7067169094672852 1.0 1.2553523019590032 0.6179235142816952 0.4657163130395245
1666706104.6887162 -0.37372235658603853 1.0 1.3871272399713215 1.7667731140290117 1.7389455857095664 -0.6394682164787902 1.0 1.3744029650187013 1.104516852753053 0.9015616772730762 -0.7111126335512988 1.0 1.2167391025579388 0.6211173980200052 0.4613717303744458
1666706104.9998403 -0.3847806760727475 1.0 1.3865977525214714 1.7451341713828488 1.711684078841015 -0.6376688080540714 1.0 1.35080843021349 1.1051433499788326 0.9012711251009184 -0.7152712875998005 1.0 1.1750816068403618 0.6277202662965311 0.4595081460500624
1666706105.2881489 -0.3925228090348451 1.0 1.385502067683433 1.7298957320332367 1.6924530938632822 -0.6356185200755946 1.0 1.339092528821983 1.1076684985875989 0.9051245545071552 -0.7179808704584265 1.0 1.1495097118273154 0.6338205962945439 0.4599305878293101
1666706105.392859 -0.4017342747624434 1.0 1.3837435015827575 1.7277553267932835 1.6873415758073278 -0.6332637864977065 1.0 1.3260628724937003 1.1110213259928086 0.910313221138038 -0.7211235483514278 1.0 1.1196285754369573 0.6416358409488884 0.461050266308359
1666706105.4960032 -0.4094205636611597 1.0 1.3818286269919748 1.726782935078721 1.6839389167993724 -0.6315336797904574 1.0 1.315776190312144 1.1145955643572065 0.9155266132938865 -0.7239016686194437 1.0 1.0944054479271983 0.6485396969458505 0.46224006306881676
1666706105.5913262 -0.4178104188317627 1.0 1.3793336353090586 1.7261253883363037 1.680151803583373 -0.6297933325918151 1.0 1.3051926978446746 1.1192694444228835 0.9222047876129028 -0.7264649273792139 1.0 1.0676452413190716 0.6565847744804671 0.4643734627675948
1666706105.6824057 -0.42354830053971204 1.0 1.3773268135263905 1.7266964619131318 1.6790433279917114 -0.6287777491810358 1.0 1.2980171435782442 1.1228544099547055 0.9271535905629629 -0.7276690116840324 1.0 1.0504159709644967 0.6625885812046014 0.4667344320128807
1666706105.8959455 -0.4531486679110859 1.0 1.365887931913107 1.7327038255359255 1.678397472476634 -0.6239360372072931 1.0 1.2630544908643608 1.1438145455906883 0.9557914517055562 -0.7248592157934506 1.0 0.9827607658866925 0.6986677709035727 0.49092138518795153
1666706105.996175 -0.4587066731359872 1.0 1.3625413799696067 1.738505697440471 1.6845722298313943 -0.6239552631139568 1.0 1.2560885770044046 1.1492700274096288 0.9621520961964138 -0.7230711234613972 1.0 0.9717470156578508 0.7070490412461256 0.4980084698001207
1666706106.202124 -0.4657216647034433 1.0 1.3580223367799944 1.751128124448952 1.7006947719991417 -0.623795075479334 1.0 1.2482458768957985 1.1570512848820274 0.9716486511044369 -0.7179639197374726 1.0 0.9661236364344226 0.7196207874779842 0.5113849069956495
1666706106.5976098 -0.47247280204730974 1.0 1.3533339078142124 1.766113711564331 1.7212874632462314 -0.6243733932674802 1.0 1.2438633784347501 1.1676318582940692 0.9839975443746461 -0.7129152553955587 1.0 0.9748562943965354 0.7368118477100855 0.5301429513169409
1666706106.692939 -0.47760162864819944 1.0 1.3496377051952175 1.777132985547129 1.738424138574258 -0.6248438182048599 1.0 1.2406978869249679 1.1762935312986573 0.99414314998757 -0.7094771939080979 1.0 0.9828119950888285 0.7508155965460717 0.5451911929168295
1666706106.7975664 -0.48257074502353986 1.0 1.3459612138545003 1.7874074667504456 1.7547877258885456 -0.6253618574681101 1.0 1.2385701734486307 1.1856272685223026 1.005220601632752 -0.7064978261225792 1.0 0.9912229974891759 0.7650319021358478 0.5602723920845815
1666706106.8889515 -0.487611750251822 1.0 1.342169949910347 1.7973663248945917 1.7716185453723827 -0.6260761112563081 1.0 1.2368808869423307 1.195819513185669 1.0172446058636315 -0.7035964331260526 1.0 0.9998703832376863 0.7798386000759971 0.5759604284949026
1666706106.9867105 -0.49223953820393324 1.0 1.338650954455071 1.8058742587653862 1.787115910103553 -0.6268630416965737 1.0 1.2355675699966888 1.205681664360534 1.0288741935122072 -0.7010444673088869 1.0 1.0077817119072137 0.7937531929730832 0.5906926862542152
1666706107.0980227 -0.49791729180747046 1.0 1.3343034070923225 1.8152936728087792 1.8054558468889317 -0.6278849929107586 1.0 1.2343810084418276 1.2183515626207866 1.0439757317453415 -0.6978907054884013 1.0 1.0170681990701376 0.8110134315670384 0.6090586481408413
1666706107.1926095 -0.5022284424266911 1.0 1.3309888873527318 1.8217946152613813 1.8191578119440703 -0.6285913297633042 1.0 1.2329827314783963 1.2278740340224084 1.055545119392246 -0.6957158479520239 1.0 1.0245613363962178 0.824672166437519 0.6235477792669213
1666706107.2967567 -0.5066513350928464 1.0 1.3275585232862637 1.8278556928522112 1.8319363835493832 -0.6293927654717484 1.0 1.2316382620167579 1.2379173493763809 1.0678196488404812 -0.6934605618296986 1.0 1.031862324755952 0.8388220186991815 0.6386411584865255
1666706107.4922452 -0.5220290427036103 1.0 1.315541116228214 1.8461414826595626 1.8702557505463175 -0.6319103888292413 1.0 1.2280365260010309 1.273843575310006 1.1126726852962274 -0.6871496039691994 1.0 1.0510207647644867 0.8875859783324449 0.689622166870653
1666706107.704899 -0.5281749834934006 1.0 1.310646763825976 1.8501056231380735 1.876825509842093 -0.632900164600628 1.0 1.226054520153296 1.2886943787880212 1.1318783143792341 -0.685523428773906 1.0 1.0513646395937868 0.9066973656806256 0.7091487300912939
1666706107.8984935 -0.531699926408362 1.0 1.3077994750761062 1.8518074724858398 1.8799967136517977 -0.633403750879588 1.0 1.2237957270170672 1.2966754755920276 1.142258777337819 -0.6844185923189305 1.0 1.0480085576798572 0.9168767798282902 0.7196020145168116
1666706108.2956107 -0.5463071645799542 1.0 1.2957344149706036 1.859971242841997 1.894563896830531 -0.6357709619331994 1.0 1.2064550247109327 1.325750511754696 1.1794947405420042 -0.6755254687852599 1.0 1.0156358443810463 0.9526321652604601 0.7584569058249568
1666706108.3972938 -0.5500793666010091 1.0 1.2919699883942721 1.8594688493176625 1.8878707035544924 -0.6366850162925495 1.0 1.199450512709734 1.332933792471058 1.1882198868390552 -0.6730248608108009 1.0 1.005116432434118 0.9622433417038778 0.7692196101120317
1666706108.6927187 -0.5530291757968336 1.0 1.2888187528670387 1.8593247952526142 1.8829891412155713 -0.6372058764237031 1.0 1.1927103203106704 1.3377932465545166 1.1940409024111793 -0.6717370766336256 1.0 0.9936079066520461 0.9691997285840265 0.776419035575292
1666706108.9952881 -0.5565247442705744 1.0 1.2848277006589714 1.8593569416797726 1.8774819369454194 -0.638148605903332 1.0 1.18316830898056 1.3430364051686863 1.1995776947255943 -0.670207278491213 1.0 0.9792445311042152 0.9774261075336277 0.7849341706556769
1666706109.2930899 -0.5666507601232541 1.0 1.272216135963088 1.858436731213255 1.8450913732877228 -0.6420419104706355 1.0 1.1503094046096887 1.3565334638016757 1.2109785420227375 -0.6674601264347556 1.0 0.9382210868026439 1.0026770240056089 0.8099956415802648
1666706109.5998201 -0.5698508591291788 1.0 1.2670416080772287 1.858733841798336 1.835867610532963 -0.6429820635489283 1.0 1.137023766605817 1.3592853350325649 1.2117059774289385 -0.6681690665527059 1.0 0.9240398622344347 1.011270087830501 0.8173220572458688
1666706109.8894968 -0.5716747698187084 1.0 1.2637989303069002 1.8589696366847464 1.8306962123042296 -0.6435446128032477 1.0 1.1295408174561015 1.3610537131291869 1.2121768067295435 -0.6693841451708842 1.0 0.9155025818614726 1.0164424613134926 0.821104664412094
1666706110.189388 -0.5745583682408771 1.0 1.2584121579653604 1.8594104616394984 1.8226031310029784 -0.644424941722696 1.0 1.1184789503033816 1.364419343648492 1.2135653229005199 -0.67184442311016 1.0 0.9027796984531825 1.0251552174912368 0.8272544231486431
1666706110.2874117 -0.5773638558829162 1.0 1.2527931492571587 1.8562255066511266 1.8098180164262014 -0.6452554988538339 1.0 1.1079494217728654 1.3679866623354284 1.215161775111179 -0.67425939720042 1.0 0.8906519020626369 1.0338325515968947 0.8334190526887326
1666706110.4857867 -0.579424834613336 1.0 1.2483961450234013 1.8544114419196567 1.7995397711662842 -0.6460004373859501 1.0 1.1003214886002375 1.3707879518359463 1.2162429703734965 -0.6764423346379752 1.0 0.8821912543595811 1.0406196253655429 0.8380528138170235
1666706110.6862557 -0.5815933213392347 1.0 1.2435730880246938 1.8541547600685597 1.7902517512489133 -0.6468099872476503 1.0 1.0928913204033888 1.3741285635192528 1.217725899287756 -0.6787834872688464 1.0 0.8738533071863085 1.0480129700261895 0.8431674653194916
1666706110.7855468 -0.5839897279341002 1.0 1.2380362397877602 1.8552771157485854 1.7825125082240452 -0.6477767476424845 1.0 1.0846175729304672 1.3779094891225465 1.2191954864853793 -0.6813927869906499 1.0 0.865101167659076 1.0564073124492748 0.849032975673899
1666706111.0923014 -0.5864414569476023 1.0 1.2321394131533376 1.8565533027722216 1.7747710900002072 -0.6490610970717828 1.0 1.0766193338876637 1.382403976407283 1.2209077959853563 -0.6837064833875436 1.0 0.8562797953467954 1.064947844085158 0.8552455364076643
1666706111.3773036 -0.5875797409685002 1.0 1.2293124083860503 1.8572153555939104 1.771281762822947 -0.6495556251743893 1.0 1.0732355276418348 1.3846613993297665 1.2220086963114405 -0.6840972750704928 1.0 0.8531083028886649 1.0689137913771067 0.8587341731221494
1666706111.6980858 -0.5902042752361083 1.0 1.2227029162078709 1.8613293580287016 1.7689801152760893 -0.6501648268409885 1.0 1.0663363530512386 1.3900835596196877 1.2255530863731159 -0.6830297227726337 1.0 0.8474855008580938 1.0777421542808887 0.868180633766909
1666706111.9842052 -0.5917744444907742 1.0 1.218608191203601 1.8639076071736589 1.7677099243668573 -0.650300161593014 1.0 1.0625969153691321 1.3936023249580598 1.2282715389979306 -0.681700582399192 1.0 0.8446346511278666 1.0829987460402148 0.8743851898828562
1666706112.081947 -0.5938622825380061 1.0 1.2130426673004018 1.866943880219174 1.7727466037908466 -0.6503533344358765 1.0 1.057388473576399 1.398248809697115 1.2319228219607434 -0.6795529276479337 1.0 0.8401433353303196 1.0897421080232692 0.8826303149993345
1666706112.3930795 -0.5957812094014736 1.0 1.2077552987046043 1.8698897196520907 1.7774954755821926 -0.6502277587846633 1.0 1.0527971353586187 1.402780282351749 1.2359809375415154 -0.6779474804138168 1.0 0.8361826588312055 1.0963742830934973 0.8903142947324498
1666706112.4842749 -0.5978030757943671 1.0 1.2020009450068385 1.874213164362548 1.7854846478988307 -0.6500609084173835 1.0 1.0479495236874297 1.4078236625366773 1.2407429333244082 -0.67635741963161 1.0 0.831910619865507 1.103629237802845 0.8985646377666916
1666706112.689911 -0.5997800204974196 1.0 1.1961730886628505 1.8786712008954658 1.7937865537234996 -0.649676298746942 1.0 1.0430762914280052 1.4128833298223191 1.246048359737443 -0.6745943768501547 1.0 0.8276579408794655 1.1108880822407532 0.9069533801496704
1666706112.7823305 -0.6016335673824471 1.0 1.190485849021384 1.8831619781434368 1.8025778526293539 -0.649267984328325 1.0 1.038322226626252 1.4178891526710435 1.2515556300315762 -0.6723567850611887 1.0 0.8233485640996959 1.1176428082644012 0.9152376074110281
1666706112.881875 -0.6028830681784796 1.0 1.1864944373593933 1.886085889191407 1.8088767980699878 -0.6489436563057118 1.0 1.0349188697751566 1.4214015377921816 1.2556029601347118 -0.6713207926802471 1.0 0.8202553357274951 1.1225947748394756 0.920806504056816
1666706113.0901718 -0.6050177129828017 1.0 1.1794697767772897 1.8890603352182336 1.8197960938872577 -0.6482416363156637 1.0 1.0288161808921208 1.42747237674069 1.2629644214255493 -0.6701649678584162 1.0 0.8147061948206762 1.1315661660505218 0.9303001350390836
1666706113.1816797 -0.606171545263924 1.0 1.1754481848255172 1.8903312299567316 1.8259908440517951 -0.647767341515242 1.0 1.0252514771816614 1.4308386574043552 1.2674017784887326 -0.669631303539846 1.0 0.8114598079148051 1.1367067884186017 0.9356489114031094
1666706113.2870598 -0.6078085990584982 1.0 1.1695370084004926 1.891444939521412 1.8344133079133644 -0.6471098327119624 1.0 1.0200745183420261 1.4358256644609453 1.2741267069330735 -0.669141867347126 1.0 0.8072277189207463 1.144537262180114 0.9436059444574274
1666706113.3917153 -0.6096761250352841 1.0 1.1624348119350973 1.8926521038299642 1.844062132135953 -0.6464774781843757 1.0 1.0136595198827971 1.4417299509927097 1.2822184371425966 -0.669057582460925 1.0 0.8014864525113918 1.1539288106021988 0.9527237291119726
1666706113.4834497 -0.6106669344766141 1.0 1.1584293080231935 1.8929099761774408 1.8488530427027607 -0.6462024920616035 1.0 1.0100052533968458 1.4450335799622596 1.2868554599477375 -0.6692705009128476 1.0 0.7981087480912328 1.1592599625683375 0.9577120013093283
1666706113.5790389 -0.6116636117462495 1.0 1.154266410588437 1.89287291132325 1.8528616241276705 -0.6458101256286217 1.0 1.006221286956706 1.4483398214922723 1.2918121096810784 -0.6698326542827396 1.0 0.7945086407276969 1.1649088635450717 0.9627313664103797
1666706113.683997 -0.6129549386487535 1.0 1.1486677526525568 1.892584546671739 1.8571088714683386 -0.645452412375132 1.0 1.0011891810720484 1.4528727495810383 1.2984736274249817 -0.6706730768331126 1.0 0.7896036940782895 1.1724822042724177 0.9694322101046291
1666706113.7774234 -0.6140584942518575 1.0 1.1436596463186375 1.8924949577200756 1.8598269746354763 -0.6453209101160364 1.0 0.9964493495922526 1.4568335272400004 1.304153462451774 -0.6716054160970598 1.0 0.7850998335031426 1.179258721321285 0.9753232960356024
1666706113.880043 -0.6147016304707049 1.0 1.1406312087844643 1.8924254025789076 1.8610431272516996 -0.6453109372864866 1.0 0.9934609407803822 1.4591560406539215 1.3074310176359878 -0.6723157341628219 1.0 0.7823356298477082 1.1833800151640281 0.9788085120578145
1666706113.9907167 -0.6159850045105225 1.0 1.1344607161782074 1.8919834970416718 1.8622244428246968 -0.6455448175647651 1.0 0.9875063536317992 1.4641003672804074 1.3140162727273628 -0.6737876915436617 1.0 0.7764136305462944 1.1916442026533347 0.9857708426873026
1666706114.0875251 -0.6172419314139129 1.0 1.1282119996685251 1.891555390558058 1.8635372073704664 -0.6460387254419911 1.0 0.98097951612373 1.4688682030108613 1.3199993872376647 -0.675600631963895 1.0 0.7703815063840026 1.2000640232743076 0.9926531591948881
1666706114.4855301 -0.6210205810155754 1.0 1.1088924891439904 1.8909160894636283 1.868201121543502 -0.6497138913821896 1.0 0.9591138936338374 1.4838120387518647 1.3353536277096523 -0.683236456233536 1.0 0.748112830385584 1.225563909448627 1.011462730896801
1666706114.6810987 -0.6219767227775221 1.0 1.1039014452949818 1.8892512394678889 1.8679347229532075 -0.651027235578169 1.0 0.9536799719903206 1.4876759573695595 1.3388874128847317 -0.6859740452359999 1.0 0.7419280506342419 1.2319957839820221 1.0155045834630185
1666706114.888443 -0.6232145215384469 1.0 1.0975007337207383 1.8882730452531546 1.8678586075721477 -0.6527229436491089 1.0 0.9469711142014385 1.4926203408533165 1.3434814324680786 -0.6896841224617345 1.0 0.7340288331391698 1.2402418525914878 1.0205170437574376
1666706115.08708 -0.624179068855802 1.0 1.0925803438691453 1.887449387287644 1.8679458134394908 -0.6536937795086964 1.0 0.9413233753445034 1.4957225469820448 1.3467326025274793 -0.6935245612868468 1.0 0.7281716200785149 1.2470664642912015 1.0239415640300418
1666706115.1823328 -0.6250475716200751 1.0 1.0881294415098388 1.8867952135870463 1.868888701768877 -0.6545063148840898 1.0 0.9359539495971105 1.498204109215746 1.3494259436137668 -0.6960889728146452 1.0 0.7234417436969881 1.2528398713789057 1.0275696499159845
1666706115.288793 -0.6261823744542648 1.0 1.0822673727186107 1.8860748666590967 1.8697523922203636 -0.6555004560600606 1.0 0.928550205331006 1.5010760403400356 1.3526654623433498 -0.6979953655455632 1.0 0.7179584707944464 1.2597697018484737 1.0331686347172
1666706115.3848865 -0.6273199649839492 1.0 1.076302889904856 1.88539440652363 1.870608979633641 -0.6563264797659193 1.0 0.9207690848976537 1.5035224129142306 1.3557066925788162 -0.6981499761205356 1.0 0.7133074349120615 1.265974684672866 1.039846641946193
1666706115.5842159 -0.6282756652138954 1.0 1.0711783965168324 1.8852410135131563 1.8706221120612605 -0.656883617014041 1.0 0.9134050162223966 1.5049439804274642 1.3576966709569727 -0.695381146865243 1.0 0.7105576475867371 1.2699738455804788 1.0472089266568236
1666706115.6887155 -0.6294171106936952 1.0 1.0648833037038998 1.8847435765317424 1.8701292437922135 -0.6573763279987478 1.0 0.9046185386844666 1.506560269320189 1.3601744276458854 -0.6907053209002076 1.0 0.7075790086417402 1.2741058232508022 1.056762106876458
1666706115.972383 -0.6299173337642663 1.0 1.0620159797732016 1.8845583404028392 1.8699613872220693 -0.6574263610650151 1.0 0.9012716694935495 1.507484195675131 1.3617722633156755 -0.6879738449888398 1.0 0.7064884230547579 1.2756313954750953 1.0613727890457147
1666706116.091147 -0.6312359989115724 1.0 1.0543105848395258 1.8827964295778334 1.8666957866430172 -0.657262827435396 1.0 0.8932739216530208 1.5102837494022259 1.3669032723492482 -0.6808320840517738 1.0 0.7032340833168425 1.2796437223216635 1.0734603752588037
1666706116.3898482 -0.6322850076121295 1.0 1.0478200183597612 1.881498844394103 1.864288457239165 -0.6565512511495437 1.0 0.8889475115206893 1.5135300155255866 1.3731394644042758 -0.6760295972530911 1.0 0.6997719179505827 1.283310968301806 1.0826906380500576
1666706116.484327 -0.6332499634730109 1.0 1.041502396253525 1.8795674805996496 1.8606895920319226 -0.6557585899536448 1.0 0.8851515445469675 1.5168895406869205 1.3794816216098595 -0.6716985439324769 1.0 0.696516173502354 1.2871114114958744 1.091626548305364
1666706116.5752199 -0.6338362669381122 1.0 1.0374297778640387 1.8784458154479629 1.8584684308498636 -0.6551945582031553 1.0 0.8825717017405178 1.5189391564067272 1.3834105236031313 -0.6689194394485389 1.0 0.6944322932304354 1.2895910356526592 1.0974419393607613
1666706116.6925683 -0.6346877614110651 1.0 1.0312560257471215 1.8766773235089769 1.8549274847320396 -0.6542961745923123 1.0 0.8783764168965774 1.521846698340473 1.3890846285125638 -0.6651479779384996 1.0 0.6904286142148548 1.2933461538043698 1.105769862741602
1666706116.7850678 -0.6354695867099385 1.0 1.0251604205200993 1.8752428001165025 1.8514795984400627 -0.6534191895342649 1.0 0.8742721680971075 1.5247600178328464 1.3945809450635256 -0.6617238602428235 1.0 0.6867903349269039 1.297317127098907 1.1140236764960416
1666706116.8762043 -0.6361277595834284 1.0 1.019627676668045 1.8738389139108687 1.8483414439080703 -0.6526975275720426 1.0 0.8701633774134274 1.5272553412767509 1.3991058699536445 -0.6585265800768801 1.0 0.6833022103807278 1.300811647886812 1.1215174593093942
1666706116.98527 -0.6367351630925172 1.0 1.0141487140227536 1.8730119310939701 1.8454538011725206 -0.6520276817283894 1.0 0.8655844243529361 1.5294588841274244 1.4030420585708299 -0.6557577215461589 1.0 0.679831835508685 1.3044759736980773 1.1287561967111002
1666706117.085953 -0.6374492106978422 1.0 1.00721185961692 1.8723763035649792 1.8423225216041395 -0.6513501648226984 1.0 0.8601533048571437 1.5326269030970594 1.4080520289847933 -0.6529058705730528 1.0 0.6752723593590297 1.3093857143233514 1.1375201178450025
1666706117.1850362 -0.6379814321627371 1.0 1.001581474915512 1.8710267654076163 1.8384380658512323 -0.6509175484621118 1.0 0.8552412132250434 1.5350245524019746 1.4115380142330398 -0.6512243260125624 1.0 0.6710227507796557 1.3135380218360166 1.1441084085517816
1666706117.282269 -0.6383523670714155 1.0 0.9973852609707787 1.8703469388089617 1.8358616657921698 -0.650736599009592 1.0 0.8511448042133921 1.536652778955087 1.4135876010826591 -0.6504101349208052 1.0 0.6677953944318965 1.3168325792475268 1.148756490859186
1666706117.3883889 -0.6388342364476721 1.0 0.991695057651514 1.8701795513954873 1.833438977502717 -0.6507837625831522 1.0 0.8450487315607181 1.5387718561486503 1.4156266915784204 -0.6501238804071694 1.0 0.6627929853547028 1.3215332159400681 1.1543672471510493
1666706117.4851913 -0.6392989094094371 1.0 0.9859925233498193 1.8707155457280498 1.8320663624490494 -0.6511280526167637 1.0 0.8385302070313039 1.5408871514643048 1.4170316142564852 -0.6506063583829039 1.0 0.6569912197960844 1.3263543768179353 1.1591881855755481
1666706117.5893095 -0.6398620700611032 1.0 0.9789721523306673 1.872314140369075 1.832103419902433 -0.651850869269866 1.0 0.8300795993994625 1.543481009336403 1.4181364898159763 -0.6521570728083979 1.0 0.6491106558845902 1.3324880555453984 1.1641863147476241
1666706117.873081 -0.6400854931821152 1.0 0.9761973924658917 1.872958453801011 1.8321378257919245 -0.6522436335701434 1.0 0.8262431589063846 1.5442969667180584 1.4180977768757754 -0.6536391938954051 1.0 0.6452022682416021 1.3351215679210224 1.1653300332924672
1666706118.0825832 -0.6405845524395998 1.0 0.9700421708556382 1.8774963001536684 1.8367630452459258 -0.653509307935021 1.0 0.8171857913766201 1.546120817067775 1.4172792363298108 -0.6574585752078332 1.0 0.6364491609119998 1.3411719562226898 1.1674544819460944
1666706118.18243 -0.6409716137227754 1.0 0.9654645379245009 1.8809632497828233 1.8411632868378691 -0.654927763509013 1.0 0.8100660723493626 1.5477252346238388 1.4161149379550717 -0.6603278753495668 1.0 0.6301253659534855 1.3455813398540304 1.1688568006709907
1666706118.390611 -0.6415753747603308 1.0 0.9587417999023942 1.8858900861829397 1.8472986274922045 -0.6570486516803331 1.0 0.8008282562103628 1.5508553009006658 1.4154489342110024 -0.664089347951697 1.0 0.6216363563896523 1.3518391633964553 1.1711827356028157
1666706118.4857318 -0.6422956895519477 1.0 0.9513905799955767 1.8916679965449072 1.8538519463501466 -0.6594735474135295 1.0 0.7915850239095045 1.5549323547745957 1.415498060450101 -0.6676531152225325 1.0 0.6133846363713843 1.3584550230810486 1.1740911584240505
1666706118.577755 -0.6427528069729459 1.0 0.9471380181075995 1.8947862424294672 1.8576322283048219 -0.6606882480670295 1.0 0.7870010479735409 1.5576078796992099 1.4163775235785792 -0.6692647069762943 1.0 0.60913333068084 1.3620702934029143 1.176060841406915
1666706118.6798594 -0.6434210953327087 1.0 0.9411711911671914 1.8992140856905873 1.8626338660627428 -0.6619963304556045 1.0 0.7815263231626729 1.5615935376003096 1.4187717025004938 -0.6716362749981738 1.0 0.6030054102516924 1.3671318452817256 1.178642857032577
1666706118.883627 -0.6441942810624903 1.0 0.9345260460071274 1.9037512104578957 1.86760908223798 -0.662497859981605 1.0 0.7773251568984152 1.566334550905961 1.4238710100155776 -0.6732641939856555 1.0 0.5972964573359046 1.3724550970482585 1.1824481634564
1666706118.9742785 -0.6446676871027543 1.0 0.9304601826714485 1.910029545364806 1.8734124784683006 -0.6625833336497137 1.0 0.7750227897938641 1.5692784514961 1.4275320269393958 -0.6738579565796403 1.0 0.5941096734176339 1.3755952003925533 1.1851712611690648
1666706119.2913141 -0.6454190816643715 1.0 0.9239410313042892 1.9200705052300435 1.8827332839404738 -0.6622371008489013 1.0 0.7719268971002419 1.5741305245489565 1.434523088868407 -0.6720940210201676 1.0 0.5916874129797144 1.3797462410724188 1.1921030959141605
1666706119.484342 -0.645955611370617 1.0 0.9190914650221501 1.9274307640680217 1.8876652545338342 -0.6621692616960256 1.0 0.769396770981584 1.57812097396388 1.4396801719030938 -0.6698429898116193 1.0 0.591570765718482 1.3828405538959874 1.1985603261461926
1666706119.5879571 -0.6465872252817615 1.0 0.9132600051545114 1.937804534667927 1.894336208722777 -0.6619025050670602 1.0 0.7661883523353217 1.5828900129705248 1.4460199913084795 -0.6670272339869788 1.0 0.5922612781906293 1.3868441508506957 1.206829455141257
1666706119.6847675 -0.6471780842177037 1.0 0.9075860245606067 1.9455331036651156 1.8991348108125188 -0.6617800222866383 1.0 0.7630714884484882 1.5880188883735964 1.4522294984979545 -0.664184510971152 1.0 0.5936546128442268 1.3910085683314324 1.215350215056612
1666706119.7841432 -0.6477999340840341 1.0 0.9014316124175148 1.9508943950848303 1.9022709028420228 -0.6614615849459478 1.0 0.7595969968244914 1.5935786086765402 1.459107566110751 -0.6614382870754523 1.0 0.5953260218142737 1.395936673339284 1.2246282088051168
1666706119.882749 -0.648241374718288 1.0 0.8968485965507366 1.9522104145156667 1.902718933192475 -0.6610682433075526 1.0 0.7570531434923917 1.597671516384113 1.464375869152476 -0.659796034960386 1.0 0.5965543343662373 1.3999810735125116 1.2314427618075126
