1666706100.1892543 0.0 0.0 0.0
1666706100.495133 0.0 0.0 0.0
1666706100.6919425 0.0 0.0 0.0
1666706100.799117 0.0 0.0 0.0
1666706100.8924332 0.0 0.0 0.0
1666706100.9965901 0.0 0.0 0.0
1666706101.093294 0.0 0.0 0.0
1666706101.1891484 0.0 0.0 0.0
1666706101.2853668 0.0 0.0 0.0
1666706101.3995717 0.0 0.0 0.0
1666706101.4982846 0.0 0.0 0.0
1666706101.5956721 0.0 0.0 0.0
1666706101.69384 0.0 0.0 0.0
1666706101.7930117 0.0 0.0 0.0
1666706101.9014628 0.0 0.0 0.0
1666706102.0908313 0.0 0.0 0.0
1666706102.1911018 0.0 0.0 0.0
1666706102.290054 0.0 0.0 0.0
1666706102.4016747 0.0 0.0 0.0
1666706102.5894551 0.0 0.0 0.0
1666706102.6885982 0.0 0.0 0.0
1666706102.8973844 0.0 0.0 0.0
1666706102.9947617 0.0 0.0 0.0
1666706103.092448 0.0 0.0 0.0
1666706103.1925755 0.0 0.0 0.0
1666706103.293358 0.0 0.0 0.0
1666706103.40239 0.0 0.0 0.0
1666706103.5925593 0.0 0.0 0.0
1666706103.6925554 0.0 0.0 0.0
1666706103.7912807 0.0 0.0 0.0
1666706103.8917668 0.0 0.0 0.0
1666706104.0020263 0.0 0.0 0.0
1666706104.101433 0.0 0.0 0.0
1666706104.198959 0.0 0.0 0.0
1666706104.498916 0.0 0.0 0.0
1666706104.594502 0.0 0.0 0.0
1666706104.6887283 0.0 0.0 0.0
1666706104.9998643 0.0 0.0 0.0
1666706105.288158 0.0 0.0 0.0
1666706105.3928678 0.0 0.0 0.0
1666706105.4960349 0.0 0.0 0.0
1666706105.591343 0.0 0.0 0.0
1666706105.6824126 0.0 0.0 0.0
1666706105.8959594 0.0 0.0 0.0
1666706105.9961886 0.0 0.0 0.0
1666706106.2021463 0.0 0.0 0.0
1666706106.597623 0.0 0.0 0.0
1666706106.6929529 0.0 0.0 0.0
1666706106.797602 0.0 0.0 0.0
1666706106.888956 0.0 0.0 0.0
1666706106.9867332 0.0 0.0 0.0
1666706107.0980504 0.0 0.0 0.0
1666706107.192644 0.0 0.0 0.0
1666706107.2967777 0.0 0.0 0.0
1666706107.4922585 0.0 0.0 0.0
1666706107.7049117 0.0 0.0 0.0
1666706107.8985076 0.0 0.0 0.0
1666706108.2956238 0.0 0.0 0.0
1666706108.3973262 0.0 0.0 0.0
1666706108.6927338 0.0 0.0 0.0
1666706108.9952972 0.0 0.0 0.0
1666706109.2931032 0.0 0.0 0.0
1666706109.599842 0.0 0.0 0.0
1666706109.889511 0.0 0.0 0.0
1666706110.1893964 0.0 0.0 0.0
1666706110.2874258 0.0 0.0 0.0
1666706110.4857936 0.0 0.0 0.0
1666706110.6862645 0.0 0.0 0.0
1666706110.7855537 0.0 0.0 0.0
1666706111.0923104 0.0 0.0 0.0
1666706111.3773196 0.0 0.0 0.0
1666706111.698117 0.0 0.0 0.0
1666706111.9842231 0.0 0.0 0.0
1666706112.0819564 0.0 0.0 0.0
1666706112.393101 0.0 0.0 0.0
1666706112.484285 0.0 0.0 0.0
1666706112.6899192 0.0 0.0 0.0
1666706112.7823405 0.0 0.0 0.0
1666706112.881882 0.0 0.0 0.0
1666706113.090195 0.0 0.0 0.0
1666706113.1816902 0.0 0.0 0.0
1666706113.287079 0.0 0.0 0.0
1666706113.3917396 0.0 0.0 0.0
1666706113.4834642 0.0 0.0 0.0
1666706113.579055 0.0 0.0 0.0
1666706113.6840062 0.0 0.0 0.0
1666706113.7774277 0.0 0.0 0.0
1666706113.8800807 0.0 0.0 0.0
1666706113.9907308 0.0 0.0 0.0
1666706114.087537 0.0 0.0 0.0
1666706114.485536 0.0 0.0 0.0
1666706114.6811142 0.0 0.0 0.0
1666706114.8884773 0.0 0.0 0.0
1666706115.0871146 0.0 0.0 0.0
1666706115.1823468 0.0 0.0 0.0
1666706115.288802 0.0 0.0 0.0
1666706115.384895 0.0 0.0 0.0
1666706115.5842307 0.0 0.0 0.0
1666706115.6887295 0.0 0.0 0.0
1666706115.9723902 0.0 0.0 0.0
1666706116.0911598 0.0 0.0 0.0
1666706116.3898554 0.0 0.0 0.0
1666706116.4843645 0.0 0.0 0.0
1666706116.575227 0.0 0.0 0.0
1666706116.6925805 0.0 0.0 0.0
1666706116.7850847 0.0 0.0 0.0
1666706116.8762105 0.0 0.0 0.0
1666706116.9852772 0.0 0.0 0.0
1666706117.0859678 0.0 0.0 0.0
1666706117.1850448 0.0 0.0 0.0
1666706117.2822835 0.0 0.0 0.0
1666706117.388397 0.0 0.0 0.0
1666706117.4851997 0.0 0.0 0.0
1666706117.5893273 0.0 0.0 0.0
1666706117.8730972 0.0 0.0 0.0
1666706118.0825953 0.0 0.0 0.0
1666706118.1824381 0.0 0.0 0.0
1666706118.3906446 0.0 0.0 0.0
1666706118.485749 0.0 0.0 0.0
1666706118.5777624 0.0 0.0 0.0
1666706118.679869 0.0 0.0 0.0
1666706118.8836553 0.0 0.0 0.0
1666706118.9742851 0.0 0.0 0.0
1666706119.2913406 0.0 0.0 0.0
1666706119.4843538 0.0 0.0 0.0
1666706119.5879772 0.0 0.0 0.0
1666706119.6847842 0.0 0.0 0.0
1666706119.784155 0.0 0.0 0.0
1666706119.8827899 0.0 0.0 0.0
