1666706100.1892195 0.0 0.0 0.0 1.0 0.0 2.0
1666706100.4950867 0.09745449265106977 0.09809139848800606 0.10070821325456497 1.0956189428431877 0.10167733354495295 2.095403004276576
1666706100.691919 0.19907536517781932 0.20034432348226244 0.2076094881005648 1.1934903362858256 0.21193087315906095 2.1964275513322917
1666706100.7991004 0.3035539994906502 0.305178719670055 0.3210488836090951 1.2897396208672143 0.33194786271190013 2.2987005276844545
1666706100.892415 0.43590916362002224 0.43790493465855457 0.46857919663360403 1.407596027016747 0.4927853785673105 2.4266473422838217
1666706100.996571 0.502687598074804 0.5049267453035708 0.5437655752218604 1.4661704981803303 0.577523105246201 2.4916672462152842
1666706101.0932703 0.6002112874874992 0.602663979575496 0.6562750213456803 1.5479250048219697 0.7067709881580826 2.5832972567136023
1666706101.1891024 0.7000781179445383 0.702716047403203 0.7732402280197885 1.6293334268193607 0.8447440955755363 2.6753483948995767
1666706101.2853465 0.7948166482747064 0.7975853623272257 0.8851298162589762 1.7057344526688731 0.9803547798577543 2.7617740461633535
1666706101.3995445 0.8579909887744508 0.8608014911647837 0.9597538507821761 1.7567112113983352 1.0728628809208645 2.8197668429456444
1666706101.498258 0.977419003629955 0.9805486120881063 1.1013239882627301 1.8527779154803135 1.2526654696535975 2.9276186978905407
1666706101.5956526 1.071391361733816 1.0747033741690162 1.2115526267553345 1.9306767922070622 1.3972248584461573 3.01466879000615
1666706101.693795 1.1597091055091036 1.1630557986312973 1.3143499514571815 2.005244949776946 1.5355012484919186 3.09791946806194
1666706101.7929602 1.2458621568698947 1.2489774319795697 1.4134567582776318 2.079073962425052 1.671995133743727 3.1803425764663316
1666706101.901444 1.3324632723618712 1.3349734933175335 1.5119473323760686 2.1539781796560225 1.810425795239214 3.263795004573899
1666706102.0907826 1.437399818626262 1.4391734008031405 1.6300022185999672 2.2440378174083664 1.9804144318924006 3.364043351925004
1666706102.1910467 1.4913234712416752 1.4926104004110903 1.6865781570629261 2.2856698780645464 2.0660503735367364 3.4108031915687502
1666706102.2900345 1.5435945508120716 1.5442962030559122 1.7422167027654563 2.3245452670877986 2.1528895492329982 3.454118656907652
1666706102.4016547 1.6122438852543428 1.6125877241169229 1.8134096155487969 2.3704098813089476 2.268743097632353 3.504818400661509
1666706102.589435 1.6962113620305292 1.6957027006544754 1.8989085454194894 2.419646500750228 2.4119426592854416 3.5576448863448498
1666706102.688576 1.7351615732488355 1.7344548029507638 1.9334196863272397 2.4322681058839626 2.4729911986112456 3.5696536919528374
1666706102.8973644 1.769164062203996 1.7686666285567598 1.96490044164489 2.438848937580816 2.5283713363361424 3.574133771715275
1666706102.9947155 1.8068713003375307 1.805569416791959 1.995617228037713 2.4302236276259537 2.580259086924526 3.5581299058097002
1666706103.0924277 1.8390437569541884 1.835980451158631 2.020167606005888 2.414333816989583 2.6184955903862206 3.5304654901675376
1666706103.1925519 1.8641958435880956 1.8591247825309583 2.038494251586001 2.3932233394189772 2.643726781145049 3.4921866672526667
1666706103.293329 1.8848059146531269 1.8776970685929264 2.0524148722270636 2.366793970653708 2.657289489340431 3.4390335591329233
1666706103.4023583 1.9003476033043505 1.8911412430736285 2.060130429631612 2.336750203180926 2.6584788510404187 3.37341794791895
1666706103.5925403 1.9130534164825135 1.901010157679532 2.0624455527044927 2.2970230104039953 2.6460500204108612 3.2796715685270676
1666706103.6925364 1.9130324653800603 1.900030012047858 2.0575962136262302 2.2737951993174397 2.626404157596654 3.2188113206103734
1666706103.791242 1.908114985368872 1.8945341263331779 2.04657048237404 2.2410871200092353 2.5907518316666636 3.124587685832669
1666706103.8917105 1.8985617297037092 1.8845370166034925 2.034916658387863 2.2072713575405416 2.5496063396956528 3.024064136791087
1666706104.0019984 1.8850736726376116 1.8708440265045074 2.0223411425151556 2.174781467442422 2.5060988166482145 2.9216004398798603
1666706104.101414 1.8643491482267733 1.8498521132271064 2.004528608329323 2.135234360074571 2.4473538459585544 2.7877133366589386
1666706104.1989143 1.8421159016550688 1.826379282563192 1.9866761234447023 2.0970215707660493 2.3896326455059977 2.6581848483050257
1666706104.4988692 1.8244278815427926 1.8071949183560412 1.9725468216214992 2.0692238925803395 2.3454036987348523 2.5610267844976153
1666706104.5944812 1.8026623968822777 1.7833554332201909 1.9529827169935472 2.0421783600163876 2.289940593338235 2.452375300140939
1666706104.6887083 1.7834917712351301 1.7599448965849667 1.9386687767672872 2.0233836973115364 2.248225676672482 2.3751016768252105
1666706104.9998267 1.7667731140290117 1.7389455857095664 1.9247176823917596 2.0044007903408776 2.209393008383991 2.3050628000216635
1666706105.288144 1.7451341713828488 1.711684078841015 1.9093120024514372 1.9866264556338404 2.1690095694627733 2.2336824370607924
1666706105.3928537 1.7298957320332367 1.6924530938632822 1.9026547294946803 1.9826985396306855 2.1462657812838994 2.1914039121239077
1666706105.495983 1.7277553267932835 1.6873415758073278 1.8957572806240988 1.9792529871282274 2.1200582288006364 2.142876604203772
1666706105.5913184 1.726782935078721 1.6839389167993724 1.8914078800111822 1.9775198379618444 2.098217481833781 2.1021569688336634
1666706105.682401 1.7261253883363037 1.680151803583373 1.8879989060626494 1.9769952849696506 2.074911393941497 2.0605611227165372
1666706105.8959367 1.7266964619131318 1.6790433279917114 1.8862918972502443 1.9769210448188559 2.059916678699297 2.0354820331842736
1666706105.9961646 1.7327038255359255 1.678397472476634 1.8817340585925773 1.9808677606814706 2.001867628463811 1.9622966001211675
1666706106.2021098 1.738505697440471 1.6845722298313943 1.883139415139129 1.9815608635878261 1.9930404755024904 1.955195856781979
1666706106.5976005 1.751128124448952 1.7006947719991417 1.8861762908899657 1.9848092972022235 1.9907546207342781 1.9666506220663542
1666706106.6929297 1.766113711564331 1.7212874632462314 1.8947807107580894 1.9931807044458836 2.0120054110704726 2.0050194054182384
1666706106.797541 1.777132985547129 1.738424138574258 1.902065328717662 2.000416743346388 2.0312961962612706 2.036515136436459
1666706106.8889487 1.7874074667504456 1.7547877258885456 1.9106747141080505 2.0093930351351625 2.05198402859015 2.0682002243167665
1666706106.9866896 1.7973663248945917 1.7716185453723827 1.9205941371574489 2.019530030745093 2.0735993229182625 2.100803477839382
1666706107.097998 1.8058742587653862 1.787115910103553 1.930474391685556 2.02952534273669 2.093824230002041 2.1309235826126107
1666706107.1926012 1.8152936728087792 1.8054558468889317 1.9434695008002973 2.042925405018304 2.118155538476216 2.1676125928550203
1666706107.2967432 1.8217946152613813 1.8191578119440703 1.9528751910808406 2.0528513604174696 2.1380267810521514 2.19644427440653
1666706107.4922373 1.8278556928522112 1.8319363835493832 1.9629261230400492 2.063457678736067 2.157959581866684 2.22572512552908
1666706107.7048907 1.8461414826595626 1.8702557505463175 1.9992291903531312 2.1035760199768547 2.2209871043109377 2.3146206373634084
1666706107.8984852 1.8501056231380735 1.876825509842093 2.013888082373244 2.1204650726704206 2.2378895969351826 2.336845773462758
1666706108.2956028 1.8518074724858398 1.8799967136517977 2.021029965100505 2.128659585830059 2.2420262779366142 2.343568318214064
1666706108.3972735 1.859971242841997 1.894563896830531 2.042141113798301 2.1502255126687864 2.222801520906014 2.3436176174076535
1666706108.6926985 1.8594688493176625 1.8878707035544924 2.046046980666195 2.1526633083324107 2.21533022775082 2.34110046660642
1666706108.9952824 1.8593247952526142 1.8829891412155713 2.0473985874538654 2.1526952553156558 2.2059367488814403 2.3318958856993044
1666706109.2930815 1.8593569416797726 1.8774819369454194 2.04786091625929 2.1498985121034995 2.1939385392892072 2.319788206117741
1666706109.5998075 1.858436731213255 1.8450913732877228 2.0453755486089165 2.1322322033624963 2.164181928888903 2.283746498006339
1666706109.8894765 1.858733841798336 1.835867610532963 2.0410273696972574 2.121678968235657 2.156247551543969 2.2679857934649847
1666706110.1893823 1.8589696366847464 1.8306962123042296 2.038817514605486 2.115779976106341 2.152586931140104 2.2569861543904617
1666706110.2874024 1.8594104616394984 1.8226031310029784 2.0363330574855163 2.107728128786278 2.14899068814755 2.2404205742616607
1666706110.4857824 1.8562255066511266 1.8098180164262014 2.034310311922134 2.1003536838000687 2.1459342751606005 2.2249193218363192
1666706110.68625 1.8544114419196567 1.7995397711662842 2.033178832677945 2.094847374672043 2.145163139690969 2.2139268131482712
1666706110.7855427 1.8541547600685597 1.7902517512489133 2.032752756405826 2.0898644265628517 2.1453046813458934 2.203472324603201
1666706111.0922956 1.8552771157485854 1.7825125082240452 2.032384019614685 2.08409916230522 2.1462192125163195 2.1928745376195935
1666706111.3772936 1.8565533027722216 1.7747710900002072 2.033154360182331 2.0785983742927927 2.146721659892828 2.182884705425178
1666706111.6980662 1.8572153555939104 1.771281762822947 2.033789219325194 2.0766826523324666 2.1471977554798034 2.1810347435634116
1666706111.9841993 1.8613293580287016 1.7689801152760893 2.0355557360287504 2.074339801231662 2.147516261577498 2.182908763844196
1666706112.081942 1.8639076071736589 1.7677099243668573 2.0369254154941583 2.0739946649292706 2.1474317275084855 2.186106655555405
1666706112.393066 1.866943880219174 1.7727466037908466 2.0384633258049814 2.0734664972486025 2.1457104191371656 2.189647614625885
1666706112.4842691 1.8698897196520907 1.7774954755821926 2.040109668136685 2.073950544528732 2.1452746482654534 2.192855572259666
1666706112.6898975 1.874213164362548 1.7854846478988307 2.042079280184012 2.0749599408707113 2.1451089370693577 2.196108915930555
1666706112.782324 1.8786712008954658 1.7937865537234996 2.0438700946767203 2.076628790711938 2.144766256471782 2.1996894666159146
1666706112.8818707 1.8831619781434368 1.8025778526293539 2.045662402761774 2.078606893724837 2.1432577493145772 2.20354091980092
1666706113.0901608 1.886085889191407 1.8088767980699878 2.0468497168302595 2.0801462533307937 2.1430263891036248 2.2053276536561386
1666706113.181671 1.8890603352182336 1.8197960938872577 2.0486568397594622 2.08308185019385 2.143619105143091 2.2073019298658707
1666706113.2870474 1.8903312299567316 1.8259908440517951 2.049483104126249 2.084971127231297 2.1440480482171234 2.2080999579082614
1666706113.3917038 1.891444939521412 1.8344133079133644 2.0508113176341465 2.0879723122918836 2.1460051769673774 2.209910953697941
1666706113.4834232 1.8926521038299642 1.844062132135953 2.0523365855607243 2.091332248710874 2.148167984648916 2.210106168558334
1666706113.579027 1.8929099761774408 1.8488530427027607 2.0532172472355468 2.0932196696887466 2.149575683612097 2.20958462572948
1666706113.6839907 1.89287291132325 1.8528616241276705 2.0539296881103337 2.0953929654599652 2.151457884548088 2.2084026512692225
1666706113.7774208 1.892584546671739 1.8571088714683386 2.0551480128268516 2.0982512737604524 2.153980786665974 2.2065888321892233
1666706113.88003 1.8924949577200756 1.8598269746354763 2.056152818095013 2.1002236188524948 2.156305330303765 2.204512833146331
1666706113.9907072 1.8924254025789076 1.8610431272516996 2.0566700232529977 2.101119672874824 2.1578564041285584 2.2029784015206664
1666706114.0875177 1.8919834970416718 1.8622244428246968 2.058217481284617 2.102808801413126 2.1605313935255426 2.1992493608968644
1666706114.485527 1.891555390558058 1.8635372073704664 2.0594454954057215 2.103286864963374 2.163605012766228 2.1949590366998057
1666706114.681089 1.8909160894636283 1.868201121543502 2.0640362510250605 2.0990546977975564 2.1701406050518126 2.1718359872559283
1666706114.8884244 1.8892512394678889 1.8679347229532075 2.06560969386896 2.0975033138460155 2.1719103478264397 2.163716036961399
1666706115.0870638 1.8882730452531546 1.8678586075721477 2.067764999744604 2.095786498568752 2.174357449039205 2.1530457912917904
1666706115.1823242 1.887449387287644 1.8679458134394908 2.0681627805225533 2.0939955254629457 2.178036104023838 2.143866187853967
1666706115.2887883 1.8867952135870463 1.868888701768877 2.0679825985715845 2.0919636657759537 2.180612598080381 2.1378442077089046
1666706115.3848815 1.8860748666590967 1.8697523922203636 2.067079438207996 2.088767111181455 2.182609346331553 2.1332706544009854
1666706115.5842075 1.88539440652363 1.870608979633641 2.0653855323223635 2.085176049544703 2.183005018830969 2.1326802766029864
1666706115.6887002 1.8852410135131563 1.8706221120612605 2.062716544190207 2.0810212805022124 2.180451341474071 2.13835484341009
1666706115.9723787 1.8847435765317424 1.8701292437922135 2.0593202479789134 2.076268769562386 2.17567610774698 2.1475614633097084
1666706116.0911393 1.8845583404028392 1.8699613872220693 2.05823479162677 2.0751896749973673 2.1728338429540655 2.1529456615005684
1666706116.3898442 1.8827964295778334 1.8666957866430172 2.056031428510265 2.074079183882974 2.1649307808879286 2.1663553966076106
1666706116.4843082 1.881498844394103 1.864288457239165 2.0561335549297537 2.0772765797908295 2.1590066648012898 2.1744232040849965
1666706116.5752158 1.8795674805996496 1.8606895920319226 2.0566201361687586 2.0810399877596066 2.1540183510461643 2.18204457730204
1666706116.6925614 1.8784458154479629 1.8584684308498636 2.0567020317471276 2.0832275701365655 2.1508796562981445 2.1869954036165193
1666706116.7850597 1.8766773235089769 1.8549274847320396 2.0564273983503476 2.086055650103148 2.145577504018548 2.192263494116723
1666706116.8762007 1.8752428001165025 1.8514795984400627 2.0562342865303647 2.088761703671581 2.14135192295585 2.1976883478675706
1666706116.9852655 1.8738389139108687 1.8483414439080703 2.0557331091110482 2.0904057703560834 2.137108225019137 2.202357724067101
1666706117.0859427 1.8730119310939701 1.8454538011725206 2.054694963259198 2.091056198585906 2.1335444636921155 2.2064067602907036
1666706117.1850312 1.8723763035649792 1.8423225216041395 2.0541040462067492 2.0921026828627225 2.1298378005886986 2.2102872926784247
1666706117.28226 1.8710267654076163 1.8384380658512323 2.053229397374866 2.091906496340542 2.1270331524667205 2.211493906249646
1666706117.3883834 1.8703469388089617 1.8358616657921698 2.0522530106553005 2.0907905830682227 2.1255499730519523 2.211667085526483
1666706117.485186 1.8701795513954873 1.833438977502717 2.050710963835991 2.0879552635822196 2.123890547100069 2.2095453737606743
1666706117.5892963 1.8707155457280498 1.8320663624490494 2.049106931118601 2.083999052496239 2.122192815612284 2.2047459462439685
1666706117.8730745 1.872314140369075 1.832103419902433 2.0470561157421177 2.078018489530808 2.1203814350466885 2.1959821263643065
1666706118.082576 1.872958453801011 1.8321378257919245 2.04580260423958 2.0747330281178433 2.1197901070466623 2.189751407280177
1666706118.1824248 1.8774963001536684 1.8367630452459258 2.0429504735900874 2.0660880756867925 2.1190492451824174 2.1750144360049175
1666706118.3905919 1.8809632497828233 1.8411632868378691 2.0411380627608953 2.0585718023446695 2.118588688617666 2.1641916920665807
1666706118.485721 1.8858900861829397 1.8472986274922045 2.039987299698775 2.0495433938120122 2.1181206889043533 2.150233123482265
1666706118.5777502 1.8916679965449072 1.8538519463501466 2.0399371904333927 2.0410994986400994 2.118002764800999 2.1374447158441416
1666706118.6798537 1.8947862424294672 1.8576322283048219 2.040559271249259 2.0377699944947647 2.1178944800299826 2.131520655891472
1666706118.8836086 1.8992140856905873 1.8626338660627428 2.0419920748256466 2.035213621279484 2.1175934282852076 2.1227135702777002
1666706118.9742742 1.9037512104578957 1.86760908223798 2.04445810361428 2.0367594728640155 2.1173330206720165 2.1163695256074364
1666706119.2912962 1.910029545364806 1.8734124784683006 2.0460380742252853 2.038564421199298 2.1170503800874676 2.11366974404193
1666706119.4843347 1.9200705052300435 1.8827332839404738 2.0487749486734765 2.043279037598529 2.116546132141332 2.1181170802768943
1666706119.5879447 1.9274307640680217 1.8876652545338342 2.051168504323841 2.0464729085251054 2.1174092496966503 2.126047638491066
1666706119.6847572 1.937804534667927 1.894336208722777 2.053803706400994 2.050408016168328 2.1196527356971306 2.137466475977715
1666706119.7841334 1.9455331036651156 1.8991348108125188 2.0569431694558804 2.0542163049102333 2.122886403431547 2.1502609230357668
1666706119.8827314 1.9508943950848303 1.9022709028420228 2.0601768920297534 2.0585019601090777 2.1272976118432227 2.1641831388797104
