1666706100.1892028 0.010675623081624508 -0.002325443085283041 0.01724300906062126 0.06877714395523071 0.03037692792713642 1.0596288777887821 0.5207349061965942 -2.73193621635437 -0.028600776568055153 2.004643621854484 0.5272493958473206 -1.305869460105896
1666706100.4950712 0.010675623081624508 -0.002325443085283041 0.01724300906062126 0.06877714395523071 0.01893867552280426 1.1231907978653908 0.5204560160636902 -5.81256103515625 -0.03704412654042244 2.040072463452816 0.5358678698539734 -1.7077182531356812
1666706100.6919043 0.006461326032876968 -0.0014448299771174788 0.5244590640068054 0.21686823666095734 0.01143066305667162 1.2635840773582458 0.513561487197876 -7.655294418334961 -0.03921663761138916 2.173747330904007 0.5194227695465088 -3.7280263900756836
1666706100.7990897 0.016037490218877792 0.008164150640368462 0.5224003791809082 0.3408816456794739 0.013034319505095482 1.3699142932891846 0.5053908824920654 -7.605053901672363 -0.03021780401468277 2.2801709473133087 0.5133340954780579 -3.3725101947784424
1666706100.8924036 0.03159633278846741 0.020466629415750504 0.5227893590927124 -0.01415757555514574 0.024566220119595528 1.484767109155655 0.504034698009491 -7.2924652099609375 -0.026836933568120003 2.394991844892502 0.5123907327651978 -3.8183858394622803
1666706100.9965594 0.03904745727777481 0.02966814488172531 0.5255815386772156 -0.3686600923538208 0.04783561825752258 1.6027417182922363 0.5113446712493896 -6.422332286834717 -0.00958519522100687 2.5112648010253906 0.50914466381073 -5.347702980041504
1666706101.0932567 0.07388006150722504 0.06305604428052902 0.5225678086280823 -0.8861790895462036 0.09130965918302536 1.7165539264678955 0.5223883390426636 -5.988942623138428 0.02309812232851982 2.6223974227905273 0.5137169361114502 -5.323324680328369
1666706101.189085 0.13566574454307556 0.1234549805521965 0.5169000625610352 -0.3317582905292511 0.14595623314380646 1.8087888956069946 0.5287274718284607 -5.911978721618652 0.07570313662290573 2.7242088317871094 0.5146914720535278 -4.624005317687988
1666706101.2853346 0.21097725629806519 0.19812291860580444 0.513744056224823 0.07955188304185867 0.2279786318540573 1.8999268412590027 0.522240161895752 -6.42381477355957 0.15042035281658173 2.813476085662842 0.5164029598236084 -3.349496841430664
1666706101.3995256 0.30015817284584045 0.28356072306632996 0.5143859386444092 0.4228712320327759 0.32308465242385864 1.9701737761497498 0.5194398164749146 -6.405003070831299 0.24431705474853516 2.89516943693161 0.5212766528129578 -2.0952019691467285
1666706101.4982336 0.40546950697898865 0.38875171542167664 0.5138999819755554 0.41630351543426514 0.43829551339149475 2.044282913208008 0.5173670053482056 -6.136492729187012 0.35107070207595825 2.9728918075561523 0.5261577367782593 -1.1027894020080566
1666706101.5956404 0.5112452507019043 0.4965972304344177 0.5160014629364014 0.2122129648923874 0.544967532157898 2.112613797187805 0.5139228701591492 -5.16597318649292 0.4537467956542969 3.0425031185150146 0.5277841091156006 -0.20034535229206085
1666706101.6937752 0.6065060496330261 0.5958590507507324 0.5210942029953003 -0.07646128535270691 0.653192937374115 2.179009199142456 0.516815185546875 -4.507213592529297 0.5662494897842407 3.113826632499695 0.527212917804718 0.5796030163764954
1666706101.792937 0.697613000869751 0.6921000480651855 0.5299798846244812 -0.3059849739074707 0.7540978193283081 2.24411678314209 0.5228656530380249 -3.6625261306762695 0.6823490858078003 3.1913641691207886 0.5282670855522156 1.5922695398330688
1666706101.9014313 0.7784068584442139 0.7733302712440491 0.5366856455802917 -0.38880616426467896 0.8548938632011414 2.31936514377594 0.5293749570846558 -3.1338460445404053 0.7861588001251221 3.272703170776367 0.5359655022621155 2.4274673461914062
1666706102.0907621 0.8616228699684143 0.8587543368339539 0.5455594658851624 -0.404416561126709 1.0456892251968384 2.4840389490127563 0.5450490713119507 -2.3778297901153564 0.9733619689941406 3.4559803009033203 0.548721969127655 3.0556137561798096
1666706102.1910255 1.0189769268035889 1.0173674821853638 0.5414584875106812 -0.42502036690711975 1.130832552909851 2.5694777965545654 0.5482547283172607 -2.1180379390716553 1.053436517715454 3.5535024404525757 0.5546375513076782 2.2271242141723633
1666706102.2900221 1.0933810472488403 1.086963415145874 0.532340407371521 -0.34533315896987915 1.217319130897522 2.6603925228118896 0.5439388751983643 -2.1774253845214844 1.1313673257827759 3.6528855562210083 0.5555973649024963 1.2015855312347412
1666706102.4016418 1.1699117422103882 1.1655384302139282 0.5248086452484131 -0.3225075900554657 1.293857216835022 2.7481040954589844 0.5415175557136536 -2.2957851886749268 1.2149759531021118 3.7526748180389404 0.5524168610572815 0.005890536122024059
1666706102.5894217 1.241398572921753 1.232243299484253 0.5215329527854919 -0.33295151591300964 1.4271360635757446 2.9184576272964478 0.5218985080718994 -2.2164371013641357 1.3772555589675903 3.948873281478882 0.5283990502357483 -0.4924372434616089
1666706102.688563 1.368545651435852 1.3533331155776978 0.5189754962921143 -0.1595570147037506 1.490397572517395 3.004654884338379 0.5184456706047058 -2.1309518814086914 1.4790968894958496 4.042518854141235 0.5290106534957886 -0.4530881941318512
1666706102.897352 1.4857007265090942 1.4783039093017578 0.5241360068321228 -0.029623178765177727 1.6086487770080566 3.159640073776245 0.5004215836524963 -1.408983826637268 1.688635230064392 4.224489212036133 0.5285949110984802 -0.42127060890197754
1666706102.994698 1.5321316719055176 1.5295056104660034 0.5204724669456482 -0.10629142075777054 1.6671712398529053 3.235081195831299 0.5134568810462952 -1.3254214525222778 1.7929315567016602 4.317821025848389 0.5303772687911987 -0.36684897541999817
1666706103.092415 1.582773208618164 1.579654335975647 0.5139972567558289 0.009057688526809216 1.7235819101333618 3.2984461784362793 0.5247232913970947 -1.5017080307006836 1.8899387121200562 4.4075822830200195 0.524167001247406 -0.23330366611480713
1666706103.1925356 1.6290349960327148 1.6222504377365112 0.5142865777015686 -0.05718248710036278 1.777483344078064 3.343907117843628 0.531439483165741 -1.7649356126785278 1.991064429283142 4.499915361404419 0.5231912136077881 -0.22940365970134735
1666706103.293307 1.6678394079208374 1.6581391096115112 0.5127546191215515 -0.08725631237030029 1.8376030921936035 3.3814990520477295 0.5327763557434082 -1.915047287940979 2.0865538120269775 4.5921971797943115 0.5193214416503906 -0.22447237372398376
1666706103.4023414 1.704851508140564 1.6936438083648682 0.5058663487434387 -0.100408174097538 1.8932100534439087 3.409139633178711 0.519068717956543 -1.7213345766067505 2.175304889678955 4.688624382019043 0.5124057531356812 -0.26258164644241333
1666706103.5925279 1.777649164199829 1.7558650970458984 0.505795955657959 -0.4915221631526947 1.978531837463379 3.441817283630371 0.5009856820106506 -1.3988189697265625 2.3581655025482178 4.881910800933838 0.5135647058486938 -0.8383083939552307
1666706103.6925232 1.8144129514694214 1.7831951379776 0.5099154114723206 -0.7241083383560181 2.0165374279022217 3.435494899749756 0.5013678669929504 -1.5249441862106323 2.4387741088867188 4.978498220443726 0.5140987038612366 -1.375740647315979
1666706103.7912242 1.84878408908844 1.8124383687973022 0.5085991024971008 -0.8104068040847778 2.02752685546875 3.438262701034546 0.5058431029319763 -1.6604448556900024 2.504210948944092 5.070346832275391 0.5071660280227661 -2.2799670696258545
1666706103.8916483 1.8816261291503906 1.8384021520614624 0.5063343048095703 -0.7348546981811523 2.041989326477051 3.429025650024414 0.5099194645881653 -1.7169857025146484 2.5552308559417725 5.152613401412964 0.49378499388694763 -2.9809348583221436
1666706104.001981 1.905221700668335 1.857064962387085 0.504149854183197 -0.6974125504493713 2.0566208362579346 3.4115853309631348 0.5166113972663879 -1.712281584739685 2.595625877380371 5.21569561958313 0.48375794291496277 -3.422696352005005
1666706104.1014016 1.9234802722930908 1.8770462274551392 0.5015677809715271 -0.5191065073013306 2.065065383911133 3.4027833938598633 0.5163275003433228 -1.481238842010498 2.616499185562134 5.247798204421997 0.4746851921081543 -3.768465280532837
1666706104.198898 1.9352706670761108 1.8898710012435913 0.49787330627441406 -0.412066787481308 2.073542594909668 3.384089231491089 0.5159327387809753 -1.2653169631958008 2.6282951831817627 5.247694730758667 0.4691038429737091 -3.9616713523864746
1666706104.4988554 1.9352706670761108 1.8898710012435913 0.49787330627441406 -0.412066787481308 2.0888538360595703 3.328390121459961 0.5069167613983154 -0.5563146471977234 2.579070568084717 5.047891139984131 0.4845016598701477 -3.8016655445098877
1666706104.5944686 1.9581984281539917 1.937192440032959 0.5036940574645996 -0.5051313042640686 2.0861003398895264 3.3012518882751465 0.5087065696716309 -0.48143988847732544 2.5508646965026855 4.952907085418701 0.4960939586162567 -2.9142792224884033
1666706104.6886966 1.9414700269699097 1.9250068664550781 0.5041362047195435 -0.9079464673995972 2.0865976810455322 3.2952377796173096 0.5077980160713196 -0.49504396319389343 2.516948699951172 4.875596523284912 0.5031329393386841 -1.936987280845642
1666706104.999809 1.9414700269699097 1.9250068664550781 0.5041362047195435 -0.9079464673995972 2.0708327293395996 3.2462148666381836 0.49977946281433105 -0.5282856225967407 2.4117681980133057 4.680428981781006 0.5159103274345398 -2.7866759300231934
1666706105.288134 1.9414700269699097 1.9250068664550781 0.5041362047195435 -0.9079464673995972 2.034233808517456 3.167884111404419 0.506179690361023 -0.5940796732902527 2.345187187194824 4.582658290863037 0.49405449628829956 1.2161719799041748
1666706105.392845 1.8378950357437134 1.8130546808242798 0.4957367777824402 -4.622841835021973 2.024383068084717 3.14906907081604 0.5033020377159119 -0.6438584923744202 2.3329572677612305 4.561505079269409 0.4918120205402374 4.2156524658203125
1666706105.495963 1.8328343629837036 1.8080519437789917 0.49579620361328125 -4.795111179351807 2.013127088546753 3.131580114364624 0.4971715807914734 -0.6455882787704468 2.327397346496582 4.5553998947143555 0.4933378994464874 6.3037800788879395
1666706105.591306 1.8307489156723022 1.8098698854446411 0.4946957230567932 -4.782901763916016 2.0027313232421875 3.114447832107544 0.49805083870887756 -0.6181043386459351 2.3191680908203125 4.528226137161255 0.5002778172492981 7.801101207733154
1666706105.6823936 1.8234360218048096 1.7984000444412231 0.499065637588501 -4.51221227645874 1.99586820602417 3.102674722671509 0.4991391897201538 -0.6182047128677368 2.306107997894287 4.488424062728882 0.507862389087677 7.409838676452637
1666706105.8959227 1.8196685314178467 1.7911955118179321 0.49970927834510803 -4.253708362579346 1.985343098640442 3.088423013687134 0.49989089369773865 -0.7494437098503113 2.270298480987549 4.383500099182129 0.5108009576797485 2.606267213821411
1666706105.996142 1.7921231985092163 1.7527858018875122 0.4969186782836914 -3.972640037536621 1.9651970863342285 3.0670409202575684 0.5079106092453003 -0.9269247055053711 2.247066020965576 4.324027061462402 0.5132392644882202 1.7593419551849365
1666706106.2020907 1.7649693489074707 1.7078046798706055 0.49880802631378174 -3.542278528213501 1.9513927698135376 3.043562650680542 0.5060869455337524 -0.9442245364189148 2.201601505279541 4.206655502319336 0.5017290711402893 -0.8095414638519287
1666706106.5975654 1.7515352964401245 1.6815264225006104 0.5008409023284912 -3.160682201385498 1.9107848405838013 2.9913066625595093 0.5028613805770874 -0.49341437220573425 2.0740299224853516 4.046234369277954 0.5117865800857544 -2.9598355293273926
1666706106.6929152 1.757024884223938 1.672957420349121 0.5033896565437317 -2.32969069480896 1.9121001958847046 2.9939135313034058 0.49940645694732666 -0.4118465781211853 2.046260356903076 4.024338722229004 0.5120437741279602 -2.94148325920105
1666706106.797516 1.7618306875228882 1.6766245365142822 0.5027989149093628 -2.3435497283935547 1.90584397315979 2.981161117553711 0.499481201171875 -0.3706108629703522 2.021556854248047 4.010840892791748 0.5134086608886719 -2.476309299468994
1666706106.888944 1.7672549486160278 1.6770819425582886 0.5025116801261902 -2.4124104976654053 1.9021871089935303 2.9794172048568726 0.5016597509384155 -0.46149852871894836 2.0108859539031982 4.005320310592651 0.5151579976081848 -0.9896569848060608
1666706106.986656 1.7742412090301514 1.6787928342819214 0.5003811717033386 -2.533879518508911 1.9008344411849976 2.9806220531463623 0.5018793344497681 -0.49177461862564087 1.9953569173812866 4.006592750549316 0.5197303891181946 0.2605804204940796
1666706107.0979784 1.7822513580322266 1.6845365762710571 0.4975169897079468 -2.6079485416412354 1.8995882272720337 2.978277802467346 0.5029837489128113 -0.4557923674583435 2.0151305198669434 4.015301942825317 0.5213028192520142 0.5781243443489075
1666706107.192587 1.789838433265686 1.688689947128296 0.5018569231033325 -2.609269142150879 1.9073457717895508 2.989944100379944 0.504854142665863 -0.41914457082748413 1.977294921875 3.990634799003601 0.5201947689056396 0.18276822566986084
1666706107.296721 1.795817494392395 1.6995638608932495 0.5078480839729309 -2.417098045349121 1.907914400100708 2.9925811290740967 0.5068291425704956 -0.4343917965888977 1.9900084733963013 4.007343530654907 0.5197098255157471 -1.2410420179367065
1666706107.4922233 1.8029229640960693 1.7134534120559692 0.5079778432846069 -2.0230257511138916 1.9085750579833984 2.9888405799865723 0.5053232908248901 -0.44145533442497253 2.024841785430908 4.0581207275390625 0.5106973648071289 -1.8268225193023682
1666706107.704877 1.8232038021087646 1.7594668865203857 0.4998365640640259 -0.8534717559814453 1.9183510541915894 3.000000238418579 0.5020447969436646 -0.4191538691520691 2.074155569076538 4.126404762268066 0.5094690918922424 -0.9752278327941895
1666706107.8984709 1.8305275440216064 1.7676122188568115 0.5020480155944824 -0.12444605678319931 1.933152198791504 3.021334171295166 0.5041464567184448 -0.589098334312439 2.11877179145813 4.169486045837402 0.5108415484428406 0.24291092157363892
1666706108.2955885 1.8305275440216064 1.7676122188568115 0.5020480155944824 -0.12444605678319931 1.9633737802505493 3.061415910720825 0.5063093304634094 -0.46295589208602905 2.182706356048584 4.21154260635376 0.5010331273078918 1.409060001373291
1666706108.3972523 1.8464494943618774 1.83644700050354 0.5006387233734131 0.37267938256263733 1.9824427366256714 3.0830533504486084 0.504027783870697 -1.0233639478683472 2.199321985244751 4.227113485336304 0.5045650005340576 1.0093677043914795
1666706108.6926715 1.8464494943618774 1.83644700050354 0.5006387233734131 0.37267938256263733 2.0028960704803467 3.0958127975463867 0.5031704902648926 -0.5509659051895142 2.22221302986145 4.277167558670044 0.5076935887336731 -0.129576176404953
1666706108.9952736 1.8464494943618774 1.83644700050354 0.5006387233734131 0.37267938256263733 2.012472152709961 3.1108999252319336 0.5088728070259094 -0.2787726819515228 2.2269411087036133 4.282971143722534 0.5019116401672363 0.5574470162391663
1666706109.2930672 1.8452929258346558 1.8732892274856567 0.4990631937980652 -0.9614083170890808 2.0220274925231934 3.127859592437744 0.5074387788772583 -0.11672744899988174 2.2164039611816406 4.283549547195435 0.49054548144340515 2.0999715328216553
1666706109.5997894 1.8452929258346558 1.8732892274856567 0.4990631937980652 -0.9614083170890808 2.0497729778289795 3.147170066833496 0.4958798885345459 -1.149208664894104 2.2036826610565186 4.302061080932617 0.5040686726570129 3.360649347305298
1666706109.8894494 1.8452929258346558 1.8732892274856567 0.4990631937980652 -0.9614083170890808 2.0489022731781006 3.1444056034088135 0.5014115571975708 -2.7883243560791016 2.1914894580841064 4.318258285522461 0.5024360418319702 5.224818706512451
1666706110.189373 1.8452929258346558 1.8732892274856567 0.4990631937980652 -0.9614083170890808 2.0430471897125244 3.1356403827667236 0.4945531487464905 -4.666947364807129 2.1763875484466553 4.311963319778442 0.5082851052284241 5.5119757652282715
1666706110.2873905 1.8651401996612549 1.9057048559188843 0.5036444067955017 2.812954902648926 2.042616605758667 3.1303203105926514 0.49630850553512573 -4.957303047180176 2.1722445487976074 4.30537223815918 0.5109574794769287 4.3269500732421875
1666706110.4857755 1.8603942394256592 1.9165664911270142 0.5098704695701599 2.246657371520996 2.039825677871704 3.1275033950805664 0.5003359317779541 -4.963411808013916 2.1584560871124268 4.3000524044036865 0.5066609978675842 1.45445716381073
1666706110.6862407 1.8496639728546143 1.9057865142822266 0.5087275505065918 2.4413440227508545 2.033649444580078 3.118709087371826 0.5111289620399475 -5.105299949645996 2.150355100631714 4.290319442749023 0.4980330467224121 0.2534003257751465
1666706110.7855356 1.8429336547851562 1.8886667490005493 0.5080609917640686 2.7005529403686523 2.0341598987579346 3.117666482925415 0.5108721256256104 -5.188109874725342 2.144512414932251 4.282572984695435 0.4982817769050598 -0.5939149260520935
1666706111.0922847 1.8429336547851562 1.8886667490005493 0.5080609917640686 2.7005529403686523 2.026010036468506 3.1133739948272705 0.49986326694488525 -4.37076473236084 2.146934747695923 4.274917840957642 0.4971693158149719 0.7826724052429199
1666706111.3772836 1.8429336547851562 1.8886667490005493 0.5080609917640686 2.7005529403686523 2.022967576980591 3.1021275520324707 0.500610888004303 -2.5924978256225586 2.1460509300231934 4.236188650131226 0.4947364926338196 3.7272584438323975
1666706111.6980457 1.8321117162704468 1.8541491031646729 0.49673381447792053 -0.31949469447135925 2.022284746170044 3.087826728820801 0.5025972127914429 -2.0911617279052734 2.1543493270874023 4.198936700820923 0.4859156310558319 2.4904799461364746
1666706111.9841766 1.8321117162704468 1.8541491031646729 0.49673381447792053 -0.31949469447135925 2.0208160877227783 3.0759620666503906 0.5052613615989685 -2.456364154815674 2.1588962078094482 4.176526069641113 0.483437716960907 0.7133387327194214
1666706112.0819333 1.8413910865783691 1.8056358098983765 0.5095502138137817 1.4648317098617554 2.0253052711486816 3.0759570598602295 0.5060968399047852 -2.455392599105835 2.169884443283081 4.179464101791382 0.48519501090049744 1.0680564641952515
1666706112.3930497 1.8413910865783691 1.8056358098983765 0.5095502138137817 1.4648317098617554 2.02439546585083 3.0690605640411377 0.5074695944786072 -2.731278896331787 2.160508632659912 4.17980432510376 0.49974164366722107 1.6525421142578125
1666706112.484257 1.8360021114349365 1.7873483896255493 0.49987906217575073 1.9229451417922974 2.0232791900634766 3.0663092136383057 0.5094709992408752 -2.728802442550659 2.157921075820923 4.180322170257568 0.5031606554985046 1.5826265811920166
1666706112.6898856 1.8360068798065186 1.7854924201965332 0.5015583038330078 1.9255924224853516 2.0275795459747314 3.06213641166687 0.50634765625 -2.656486749649048 2.159118175506592 4.176977634429932 0.4985499083995819 0.09540016204118729
1666706112.7823122 1.835860013961792 1.7805427312850952 0.5030397772789001 1.6888115406036377 2.028521776199341 3.0606470108032227 0.5022941827774048 -2.405261516571045 2.1673736572265625 4.172400712966919 0.4938446581363678 -0.4642729163169861
1666706112.8818634 1.8386262655258179 1.7786322832107544 0.5093173384666443 1.4733322858810425 2.030555486679077 3.0602829456329346 0.5001914501190186 -2.061875343322754 2.1579537391662598 4.181274175643921 0.4948557913303375 -0.6182910203933716
1666706113.090151 1.8512005805969238 1.7780423164367676 0.5091586112976074 0.9511613249778748 2.034217357635498 3.059065103530884 0.4962213635444641 -1.4309548139572144 2.151278257369995 4.187755584716797 0.4956974387168884 -0.8982592821121216
1666706113.1816568 1.8564302921295166 1.7775688171386719 0.5060395002365112 0.8795974850654602 2.0387868881225586 3.0569567680358887 0.4948590397834778 -0.8540350198745728 2.1492512226104736 4.1903345584869385 0.5011013746261597 -0.761543333530426
1666706113.2870357 1.8617576360702515 1.7810426950454712 0.5059380531311035 0.8673804998397827 2.038334608078003 3.0556435585021973 0.49764686822891235 -0.16086001694202423 2.1401703357696533 4.186949253082275 0.5038161873817444 -0.8136964440345764
1666706113.3916898 1.8633464574813843 1.7831429243087769 0.5038504600524902 0.8955551385879517 2.038978338241577 3.0579843521118164 0.5015934109687805 0.7174518704414368 2.1390209197998047 4.196828603744507 0.5071916580200195 -0.8485321402549744
1666706113.4834156 1.8682866096496582 1.7884031534194946 0.5013391375541687 0.6712238788604736 2.03918194770813 3.058377265930176 0.5011321306228638 1.718721628189087 2.135281801223755 4.202574014663696 0.5091241002082825 -0.6551369428634644
1666706113.5790133 1.8711602687835693 1.796617031097412 0.4981975555419922 0.3986324071884155 2.0431478023529053 3.0547423362731934 0.4995191693305969 2.46866512298584 2.1299118995666504 4.208556413650513 0.5093560814857483 -0.32557377219200134
1666706113.6839805 1.8729292154312134 1.80415940284729 0.5007834434509277 0.45976021885871887 2.0406599044799805 3.0550427436828613 0.5013960599899292 2.8503012657165527 2.128913164138794 4.210161924362183 0.5015580058097839 -0.02414489910006523
1666706113.7774167 1.87189519405365 1.8128056526184082 0.49950218200683594 0.6160468459129333 2.0407893657684326 3.0595736503601074 0.4978594481945038 3.3496992588043213 2.126948118209839 4.2136852741241455 0.49831733107566833 0.08955398201942444
1666706113.8800123 1.8724948167800903 1.8186619281768799 0.5019528269767761 0.5620757937431335 2.042072057723999 3.0628368854522705 0.4967317581176758 3.9958112239837646 2.1236798763275146 4.217247009277344 0.49872955679893494 -0.12011588364839554
1666706113.990687 1.8740918636322021 1.8267172574996948 0.5025013089179993 0.1462167203426361 2.0373165607452393 3.0639500617980957 0.4947282373905182 4.431950092315674 2.1257293224334717 4.220528602600098 0.4972761869430542 -0.1489509493112564
1666706114.0875053 1.8753578662872314 1.8272491693496704 0.5028471350669861 -0.26447203755378723 2.038923740386963 3.0709450244903564 0.49433520436286926 4.331363201141357 2.122004508972168 4.2237937450408936 0.4984884262084961 -0.039464496076107025
1666706114.4855223 1.8753578662872314 1.8272491693496704 0.5028471350669861 -0.26447203755378723 2.0341639518737793 3.0835719108581543 0.5005282759666443 2.765988349914551 2.1246166229248047 4.241619110107422 0.4974460005760193 -1.9578449726104736
1666706114.6810796 1.8905091285705566 1.8390934467315674 0.4991539716720581 -1.1683580875396729 2.028714895248413 3.0860443115234375 0.5020463466644287 0.32739320397377014 2.1198842525482178 4.2574005126953125 0.49356505274772644 -4.754497051239014
1666706114.8884041 1.8845382928848267 1.8392086029052734 0.49755042791366577 -0.4654967784881592 2.026759624481201 3.0832643508911133 0.4943826496601105 0.13132505118846893 2.1179633140563965 4.259432554244995 0.49451836943626404 -6.091748237609863
1666706115.0870407 1.886824369430542 1.8389852046966553 0.5035744905471802 0.3530954420566559 2.040959358215332 3.0840353965759277 0.500125527381897 0.7701244950294495 2.1018850803375244 4.268084287643433 0.49999678134918213 -6.2454609870910645
1666706115.1823127 1.8879703283309937 1.8322550058364868 0.5011193752288818 -0.3945753872394562 2.0481717586517334 3.085926055908203 0.5029585361480713 0.5788145661354065 2.1087496280670166 4.250049114227295 0.5019497871398926 -6.640805244445801
1666706115.2887797 1.8874834775924683 1.8351655006408691 0.49887099862098694 -0.5468420386314392 2.0545756816864014 3.0888397693634033 0.5054221749305725 0.01133420318365097 2.1190061569213867 4.228572607040405 0.5009079575538635 -6.624377250671387
1666706115.3848732 1.8880767822265625 1.8357793092727661 0.49953585863113403 -0.5134725570678711 2.062138795852661 3.091034412384033 0.5034671425819397 -0.7275214195251465 2.1313586235046387 4.201109886169434 0.4996388554573059 -5.7514824867248535
1666706115.5841892 1.8845187425613403 1.8422454595565796 0.503555417060852 0.0720783919095993 2.073561429977417 3.1003851890563965 0.5037885308265686 -1.993725061416626 2.159069061279297 4.148123264312744 0.5069688558578491 -2.275475263595581
1666706115.688685 1.886641263961792 1.8457322120666504 0.5012628436088562 0.2744539678096771 2.075667381286621 3.1010403633117676 0.5024406909942627 -2.2521235942840576 2.170917510986328 4.12696647644043 0.5129427909851074 -0.796441912651062
1666706115.9723723 1.886641263961792 1.8457322120666504 0.5012628436088562 0.2744539678096771 2.070925712585449 3.088685989379883 0.4952021837234497 -2.3614773750305176 2.1820456981658936 4.1008710861206055 0.513588547706604 0.06564033031463623
1666706116.0911274 1.8922067880630493 1.8606129884719849 0.49030637741088867 1.3410677909851074 2.067798137664795 3.079484462738037 0.4980761706829071 -2.200655460357666 2.1829171180725098 4.104125738143921 0.5096951723098755 -0.1425766944885254
1666706116.3898373 1.8922067880630493 1.8606129884719849 0.49030637741088867 1.3410677909851074 2.0561749935150146 3.0493416786193848 0.4959835708141327 -1.8228014707565308 2.176185131072998 4.12172269821167 0.49832412600517273 -0.598848283290863
1666706116.4842868 1.8966526985168457 1.8703639507293701 0.49783986806869507 0.28952187299728394 2.051826000213623 3.04228138923645 0.500942587852478 -1.7089825868606567 2.171057939529419 4.122808218002319 0.5009536147117615 -0.5455825924873352
1666706116.5752096 1.8963931798934937 1.871653437614441 0.49723970890045166 0.15422923862934113 2.052278518676758 3.043253183364868 0.5004191994667053 -1.4678585529327393 2.1702675819396973 4.121872901916504 0.5030799508094788 -0.21482513844966888
1666706116.6925457 1.8972831964492798 1.8741118907928467 0.49837636947631836 -0.2312384992837906 2.053816795349121 3.0462417602539062 0.5008007287979126 -0.9952524304389954 2.1719398498535156 4.136141300201416 0.5042449235916138 0.10466629266738892
1666706116.7850444 1.8959119319915771 1.8761565685272217 0.4970186948776245 -0.5560505390167236 2.051237106323242 3.045145034790039 0.502504825592041 -0.3001495897769928 2.1655006408691406 4.134692192077637 0.5020577907562256 0.2097279280424118
1666706116.8761942 1.8975002765655518 1.8780903816223145 0.4980050027370453 -0.8033024072647095 2.051378011703491 3.051231861114502 0.5031322240829468 0.3161945939064026 2.1679258346557617 4.135400056838989 0.4998761713504791 0.2773510813713074
1666706116.9852583 1.894028902053833 1.878841519355774 0.5005680322647095 -0.945746898651123 2.0535714626312256 3.0587432384490967 0.49616023898124695 0.9083775281906128 2.1627540588378906 4.139150381088257 0.4980180561542511 0.34972697496414185
1666706117.085932 1.892533540725708 1.8777427673339844 0.5017239451408386 -1.1036559343338013 2.0473313331604004 3.0573887825012207 0.4958069920539856 1.3640496730804443 2.1570639610290527 4.145458221435547 0.4939814805984497 0.5156435370445251
1666706117.1850224 1.898019790649414 1.8885377645492554 0.49974197149276733 -1.4368021488189697 2.048370599746704 3.0650129318237305 0.4978547990322113 1.5550775527954102 2.1535918712615967 4.157733678817749 0.4907771646976471 0.7270656228065491
1666706117.282247 1.895941138267517 1.8876922130584717 0.4956853985786438 -1.7664031982421875 2.0497312545776367 3.0742645263671875 0.5020079612731934 1.6363385915756226 2.1467173099517822 4.163919925689697 0.4916585385799408 0.98501056432724
1666706117.3883753 1.8920243978500366 1.8819878101348877 0.49334627389907837 -1.8777809143066406 2.0496890544891357 3.084164619445801 0.5003673434257507 1.636452555656433 2.1418910026550293 4.17875075340271 0.4938444197177887 1.1191370487213135
1666706117.4851778 1.8884711265563965 1.8764123916625977 0.49647068977355957 -1.6407467126846313 2.04913330078125 3.0927016735076904 0.4995156526565552 1.4740148782730103 2.13928484916687 4.194835901260376 0.4974755644798279 0.9145747423171997
1666706117.589283 1.8846781253814697 1.8680477142333984 0.5022687911987305 -1.2063097953796387 2.0493087768554688 3.099877119064331 0.5013253092765808 1.1923538446426392 2.13521146774292 4.209053993225098 0.5028971433639526 0.4715954661369324
1666706117.8730626 1.8846781253814697 1.8680477142333984 0.5022687911987305 -1.2063097953796387 2.0567119121551514 3.1137855052948 0.5004237294197083 0.37611261010169983 2.1288669109344482 4.244736194610596 0.5073732733726501 -1.5833594799041748
1666706118.0825636 1.8677663803100586 1.8414206504821777 0.5015949606895447 -0.7834707498550415 2.056891679763794 3.123262405395508 0.5046793818473816 -0.004944256506860256 2.1238105297088623 4.2509825229644775 0.5017607808113098 -3.369805335998535
1666706118.1824162 1.8669230937957764 1.831425666809082 0.5049579739570618 -1.013304352760315 2.0554399490356445 3.1363768577575684 0.5068675875663757 -0.5866333246231079 2.1215639114379883 4.251113176345825 0.49683332443237305 -4.554022312164307
1666706118.3905692 1.8669432401657104 1.8313089609146118 0.5048392415046692 -0.5341536998748779 2.047565460205078 3.1291050910949707 0.5132009387016296 -1.3470935821533203 2.1199281215667725 4.241257190704346 0.4920940101146698 -6.084883689880371
1666706118.4857106 1.8638631105422974 1.8302191495895386 0.5068206787109375 -0.2823202311992645 2.041764497756958 3.1258161067962646 0.5099536776542664 -1.0147268772125244 2.1176106929779053 4.229077339172363 0.4890715777873993 -5.810786724090576
1666706118.5777428 1.865531086921692 1.8280574083328247 0.5074192881584167 -0.18170055747032166 2.036705255508423 3.1147477626800537 0.511637270450592 -0.39431703090667725 2.118501901626587 4.215364933013916 0.4897202253341675 -5.520847797393799
1666706118.679844 1.8648054599761963 1.8293843269348145 0.5074324607849121 -0.19786973297595978 2.033583402633667 3.1012110710144043 0.5130847096443176 0.5402392745018005 2.118911027908325 4.218261480331421 0.491901695728302 -5.244211673736572
1666706118.8835897 1.8669670820236206 1.8321864604949951 0.5026105642318726 -0.061907809227705 2.0305867195129395 3.071483850479126 0.5031890869140625 0.9138873815536499 2.120469570159912 4.198009729385376 0.5020523071289062 -5.363045692443848
1666706118.9742675 1.8345595598220825 1.8094769716262817 0.49825116991996765 0.10767883062362671 2.031838893890381 3.058971881866455 0.4966699779033661 0.7073851227760315 2.123288631439209 4.186899185180664 0.5041322708129883 -4.560577392578125
1666706119.2912757 1.8345595598220825 1.8094769716262817 0.49825116991996765 0.10767883062362671 2.0351436138153076 3.0419743061065674 0.4979439973831177 -0.17377834022045135 2.1308984756469727 4.132796764373779 0.5062476992607117 -1.0281797647476196
1666706119.4843209 1.8336139917373657 1.8260678052902222 0.502883791923523 -0.6611431837081909 2.0303778648376465 3.0479493141174316 0.49891379475593567 -1.0774880647659302 2.126265048980713 4.093425035476685 0.5078837275505066 0.21246938407421112
1666706119.587932 1.8239927291870117 1.8229568004608154 0.506135880947113 -0.6019445061683655 2.0345935821533203 3.0474562644958496 0.49907389283180237 -1.2417432069778442 2.11991810798645 4.079347610473633 0.5070784091949463 -0.5163658261299133
1666706119.6847463 1.8383005857467651 1.8332170248031616 0.503952145576477 -0.6598331332206726 2.0296413898468018 3.05082368850708 0.49643799662590027 -1.2298508882522583 2.114157199859619 4.0653722286224365 0.5029156804084778 -1.1438249349594116
1666706119.7840822 1.8556228876113892 1.8445303440093994 0.49684208631515503 -0.6226791143417358 2.0329179763793945 3.050722360610962 0.4967482089996338 -1.0764577388763428 2.108159065246582 4.064424276351929 0.49456050992012024 -1.5626893043518066
1666706119.8827133 1.8765919208526611 1.8583043813705444 0.49502331018447876 -0.8791238069534302 2.0355730056762695 3.0484232902526855 0.4980851709842682 -1.0057940483093262 2.1008453369140625 4.067993879318237 0.4915442168712616 -1.9749712944030762
