1666705796.5731723 0.0 0.0 0.0 0.6799324397244305 0.6764305357049657 -0.34227540438123877 0.0 0.3356433890584351 0.3422754043812389 0.3356433890584351 -0.2663065978176855 0.0 0.27555093137100983 0.13315329890884275 0.13777546568550492
1666705796.7637913 -0.041802229987406334 0.0 0.04099225934313799 0.6382909184922317 0.6352422879707704 -0.2756205696435216 0.0 0.30219917102237803 0.3439086013310187 0.3545638820096978 -0.2609596190122005 0.0 0.2917640279331766 0.15184400144791885 0.16234402287718785
1666705796.9754589 -0.06780586170659769 0.0 0.07004185546893371 0.6062787515447824 0.6031405160190516 -0.24200075222578787 0.0 0.2757729669150819 0.35039393796791674 0.3590720993779547 -0.23587259274343575 0.0 0.3085995434669784 0.1614374734235275 0.18881937160824977
1666705797.0653706 -0.08712090566229112 0.0 0.09285369253712972 0.5762345330115645 0.5773192843959263 -0.22805186092005922 0.0 0.24721836428111799 0.3628968183301098 0.34940266400729886 -0.22043951409370927 0.0 0.3131458183335117 0.17589331638068367 0.20965906478997703
1666705797.2742918 -0.08973099701580853 0.0 0.09571258109195857 0.5710133677958054 0.5734382841700016 -0.23144705334782495 0.0 0.23758317535697576 0.3681766035121915 0.34124512066904644 -0.21298768039485177 0.0 0.31576475527294967 0.17621145904000116 0.21407693386406834
1666705797.4757192 -0.10532535711069496 0.0 0.11132394645948618 0.5456228562632973 0.5478141693678968 -0.2235720784383782 0.0 0.21388650204723791 0.3765291377751399 0.32745269138464567 -0.19854166536943998 0.0 0.3147585384194718 0.19126369114177053 0.23049382209161037
1666705797.667047 -0.11969631065866507 0.0 0.12378874637582538 0.5219061088947715 0.5192941507900934 -0.2115622908593646 0.0 0.19943891266663988 0.37772425606830395 0.3193582583706188 -0.18188875216649614 0.0 0.3107872128992352 0.20706086876549595 0.24547850505370022
1666705797.8697524 -0.12983601156494012 0.0 0.13213862799710685 0.5043665030182982 0.4938931389330025 -0.20154950844671804 0.0 0.18928061925483108 0.3755077894441695 0.3117908662548049 -0.16454754501176516 0.0 0.3060781988696287 0.21920492384874418 0.2571584568746216
1666705797.9655955 -0.13776983214412727 0.0 0.1384603711262089 0.4888541268338807 0.47109149129673106 -0.188484373992017 0.0 0.18625170105322442 0.36977939621813527 0.3099337525716013 -0.16155042594410562 0.0 0.295893784390176 0.23517992059722959 0.2637567545612864
1666705798.0782528 -0.1385776390714067 0.0 0.13922161565237912 0.48611549148575295 0.4675116033822409 -0.18714013452459585 0.0 0.182711825944879 0.3684790059852142 0.30647178002556663 -0.16021967320116273 0.0 0.29482971330854857 0.23689281003116186 0.2647741404374164
1666705798.2661908 -0.13990945639485042 0.0 0.14041432650727326 0.4824386117473264 0.46532462591692875 -0.1844825295504235 0.0 0.18086368444771334 0.366761767841298 0.30469687054214034 -0.1575939803706801 0.0 0.29251206153839154 0.23960652633894303 0.2662295003304731
1666705798.480552 -0.14487315958747815 0.0 0.1449188085394617 0.46575389804405043 0.44641740645876127 -0.16804303599938314 0.0 0.1903605206120068 0.358758301255076 0.31546427967340207 -0.15063467620983978 0.0 0.28347339259789717 0.2517890952056252 0.27173775929051347
1666705798.6645 -0.14791861743596973 0.0 0.15089168539991493 0.4475461341384613 0.42524210003152674 -0.15469632036704759 0.0 0.19850928484677416 0.3521825355860396 0.3243283065915241 -0.14352730105173783 0.0 0.2742048548389268 0.2645614617716579 0.27837259736772313
1666705798.8777633 -0.14867530750274432 0.0 0.1562079060828654 0.43132512858082594 0.4093609890681743 -0.14591630176962123 0.0 0.20067685852901973 0.3467153902833631 0.32650818891990896 -0.13510016408246295 0.0 0.26878341665326877 0.2728627596235988 0.2847441950905879
1666705799.0726788 -0.1483133454771674 0.0 0.16204191791888833 0.41344280044955584 0.3956683947531042 -0.13787890606671838 0.0 0.1981188892242184 0.34020827013682303 0.32330920594131624 -0.14133937214672537 0.0 0.25815025278359804 0.28591642981236337 0.28779953518327706
1666705799.272636 -0.14714745228865594 0.0 0.16607298211433408 0.39824135769172553 0.3856799314048782 -0.1344947764405724 0.0 0.18849389114908288 0.33409500440655954 0.3132027488456648 -0.13911618052126737 0.0 0.2518288226784895 0.29314820354178944 0.29103122383048363
1666705799.4816513 -0.1457238730107903 0.0 0.16859560593525624 0.38501737965730887 0.3756733809183156 -0.13060048642403357 0.0 0.179368132614892 0.3273794216096693 0.3037450892458447 -0.13349102113582723 0.0 0.24667249247159506 0.29810798613005846 0.2938623072907716
1666705799.7611296 -0.1438661172962971 0.0 0.16991890233344198 0.3709038463224905 0.35779168822327323 -0.12311825308460406 0.0 0.16588198902703732 0.316533287866966 0.29087505774529687 -0.13126415115853482 0.0 0.23953924632214307 0.3031706964558291 0.2946379729435134
1666705799.9671683 -0.14174844022355987 0.0 0.16950686576590068 0.35880045035883446 0.3440970693904717 -0.11577250844571307 0.0 0.16608211565579556 0.3103542769502601 0.2907325166983123 -0.14745607951678433 0.0 0.22536615741560262 0.31044823743870686 0.28835721706003836
1666705800.1692162 -0.13911027203866178 0.0 0.16915904121589143 0.34823041767619367 0.3322234778508587 -0.1127159688504108 0.0 0.16401715290652502 0.30558696998477236 0.2879531543501412 -0.16456033890544128 0.0 0.20860213373102 0.31667908128749567 0.28017573756589476
1666705800.372617 -0.13607557508820026 0.0 0.16856785028121313 0.33716141266089883 0.3221937523258396 -0.11218282046361902 0.0 0.16094787031839375 0.30147624421928576 0.2839873900801168 -0.16009551318651302 0.0 0.20238318944720923 0.3177121781264729 0.27877621388895324
1666705800.561382 -0.13337833328945203 0.0 0.16770763433774905 0.3266492249239795 0.3119569472207301 -0.1118910300010626 0.0 0.1515438020971597 0.2955679208916977 0.2737873482208443 -0.15648324206713585 0.0 0.19623941318351157 0.31807536725313906 0.2768981657907942
1666705800.7719243 -0.13118340092245928 0.0 0.1660564956125523 0.3146643625986333 0.30350381284922423 -0.11050078366921445 0.0 0.138254193958072 0.2877333672570222 0.2601955730264196 -0.15362146453046288 0.0 0.19021475852668063 0.3176768353837477 0.2742815855064401
1666705800.971309 -0.12885134103130086 0.0 0.1629216586730866 0.30272684374091374 0.2902390945393837 -0.10805278124056228 0.0 0.1246359480669843 0.27849517774959304 0.2464600811915352 -0.14781776076751824 0.0 0.1845754755114274 0.3158772717138932 0.2713346848924506
1666705801.0738826 -0.12649462441709602 0.0 0.15858344625934917 0.29202635319892345 0.2748002327364588 -0.10487991219720055 0.0 0.1151153949556321 0.27021300967083095 0.2362421701341677 -0.14098312952980774 0.0 0.17900167168959052 0.31297624328987883 0.2678173750241535
1666705801.2635713 -0.12609402368116324 0.0 0.15777782214718505 0.28719465470353367 0.268124749773053 -0.10111835286032539 0.0 0.10698696096717701 0.2641801183298115 0.22936754666816378 -0.14708069942983903 0.0 0.1728635247305776 0.3133209903748888 0.26388726094514625
1666705801.475465 -0.12330721117961202 0.0 0.15211052264134328 0.2771480087118038 0.25126427842954624 -0.09658105050981067 0.0 0.10326011159720751 0.2569712121755088 0.22426336484249143 -0.13652745236705974 0.0 0.1690682191794804 0.30878045572299023 0.26078129628478225
1666705801.6713595 -0.1199629110005454 0.0 0.14599776890836957 0.2667884102105944 0.23664072245206158 -0.09239932824466246 0.0 0.10323937602279613 0.2514953686608294 0.2212937608550364 -0.1128924832323606 0.0 0.17279821904926362 0.3017107634051644 0.262386977552423
1666705801.7645938 -0.11687281308070996 0.0 0.14120421133345618 0.2576617154076368 0.22688937171940748 -0.08897504619499805 0.0 0.0975330038414522 0.24480304988064086 0.21258312441216232 -0.10355439738785134 0.0 0.16889189608877975 0.2964813282233629 0.2592638279480439
1666705801.9694479 -0.11634020655448452 0.0 0.14037046825238186 0.2515279353952926 0.2255136661364644 -0.08429399929083142 0.0 0.09049981449652904 0.238583146804624 0.20689298600152833 -0.08958997742147023 0.0 0.17432680835171144 0.29367504203384764 0.2630338598427569
1666705802.1827402 -0.11274653150549746 0.0 0.13477795233920098 0.2412613140634876 0.2168612699595539 -0.0778816128238036 0.0 0.08648612929923852 0.23067404675983183 0.2005243607425601 -0.08387061108987309 0.0 0.16723402342821397 0.2878556582965887 0.2575294501843829
1666705802.4668353 -0.10805006693454416 0.0 0.12827282212379587 0.22294369738702358 0.19976184702945288 -0.06446574932406984 0.0 0.07917795756663078 0.2165740245804874 0.19326938681207692 -0.06956683853975815 0.0 0.16164714443525335 0.2793091918263742 0.25296101449038055
1666705802.672915 -0.10306034639954414 0.0 0.12265223042305395 0.21027817804499815 0.18849391190803944 -0.056611145764618426 0.0 0.08384380933882579 0.21118664253418573 0.19525399782125286 -0.0624438830432312 0.0 0.15467542088138758 0.27205082760429383 0.2473697994809925
1666705802.8644464 -0.09738850606627708 0.0 0.11791339390989286 0.19755318703770097 0.18140358693039804 -0.05234407559468682 0.0 0.08843193219215047 0.2075081399012202 0.1959746494777426 0.03589777279716071 0.0 0.13612285201767627 0.23924878914481895 0.24924263563390023
1666705803.0807872 -0.09276927355713849 0.0 0.11489011833602558 0.18914466882763709 0.17696404438589952 -0.042969069775705054 0.0 0.0800781615852995 0.19850425529007915 0.1870080315448435 0.18376480370758164 0.0 0.052605220722290125 0.17831028069144644 0.23061914553562957
1666705803.3639333 -0.08663723972169313 0.0 0.11060362791099854 0.17768977392230706 0.16733101502801817 -0.016719908065254613 0.0 0.051991081119018255 0.17762074764265032 0.16704054840933563 0.0881847437929931 0.0 0.13580957395601195 0.21274570869420895 0.2523738158879225
1666705803.5786612 -0.07945461306926416 0.0 0.10458234490747231 0.16984357719470144 0.15674886382558373 -0.008721954067856572 0.0 0.051757541178874655 0.17123488506665918 0.16422508580680817 0.05019292498295265 0.0 0.14623348239162703 0.21877891377491027 0.24906974227159362
1666705803.8655457 -0.07061721296114187 0.0 0.09798236785622993 0.15539011275299447 0.14010988739520241 -0.00042511840014325397 0.0 0.05942773850321399 0.16607270435697488 0.16758534174479098 -0.11899259340644253 0.0 0.12523581360019848 0.24921595766338614 0.2149173879800416
1666705803.9789133 -0.062472072708126436 0.0 0.09350846142207381 0.14906116255388557 0.13629201133975172 -0.015672985410232196 0.0 0.06393173652453969 0.1668985855215183 0.1653950226028167 -0.10232867749946073 0.0 0.11870920153392339 0.2410844320652369 0.20895551701380036
1666705804.2619545 -0.060867942158065236 0.0 0.092494661138387 0.140700016849649 0.13374201016425985 -0.01488233416267079 0.0 0.055995982250125975 0.16051859165290558 0.15808244400874583 -0.09862313275432213 0.0 0.11710434505609896 0.238924838748876 0.2073374791628313
1666705804.4766803 -0.05609597095064406 0.0 0.08870715777905036 0.13252603432246074 0.13528124021117094 -0.025648828932374884 0.0 0.049164153500216676 0.15650051586988806 0.14676888619713171 -0.08713123565955794 0.0 0.11200157533083294 0.23186166623734017 0.2021336899860924
1666705804.7613544 -0.0522833925080054 0.0 0.083755599252467 0.12180391028313287 0.13308548143125154 -0.03699669849361176 0.0 0.053254018540193404 0.15794787283448689 0.1448273005927183 -0.07742787487073426 0.0 0.10482555373155034 0.2236578096275452 0.19469358582039156
1666705804.9758556 -0.05069314486440957 0.0 0.08058257395295043 0.12081458838681441 0.12737980722273795 -0.04360624789615822 0.0 0.05060296247284435 0.15522695118920865 0.13894943463633908 -0.0717128965364593 0.0 0.1000875840558011 0.2177557631350588 0.189179486236615
1666705805.1721835 -0.04988943849348293 0.0 0.07718266495858939 0.11841804901301234 0.12928326498578452 -0.04499259537444315 0.0 0.04651851094476048 0.14959625848200644 0.1329471772033927 -0.06577017520879126 0.0 0.09545994230694005 0.21141787514204458 0.18345952804837584
1666705805.2778082 -0.04932862013987316 0.0 0.07367080640996515 0.11853310203303236 0.12243006818339663 -0.042772766233443324 0.0 0.04191615404744636 0.14250968161154182 0.1282474665458142 -0.0606974064109305 0.0 0.09124602010232291 0.20513455947871212 0.17787387012526293
1666705805.5721498 -0.04916570631750522 0.0 0.07288169916807408 0.11244949675472737 0.11454165236133962 -0.0373442343923005 0.0 0.031729184632005525 0.13393894513302912 0.1206967926249603 -0.05604300454414614 0.0 0.09198631888380193 0.20333918743548435 0.1778909003969583
1666705805.7644994 -0.04781466412440083 0.0 0.06817849606085136 0.10624635570760338 0.10396451885839642 -0.03475066536062919 0.0 0.03713843249657886 0.13223531402030406 0.12332197599762959 -0.05246814637409959 0.0 0.08625966975190874 0.19628949450288202 0.1713983761586322
1666705805.8751729 -0.04632375377926229 0.0 0.06463609279531624 0.09940821747122441 0.09903102335020603 -0.037242916104441276 0.0 0.04131173129102961 0.13268647966969072 0.12290124568133043 -0.047798475194722384 0.0 0.08195641783468266 0.1895800992786192 0.16621273490973487
1666705806.0632126 -0.046029531281919445 0.0 0.06388037486086318 0.0972531961758612 0.09508845625586732 -0.03483346844640102 0.0 0.04020918701436946 0.1299849361855822 0.12183208116871452 -0.04401721571451536 0.0 0.08246811369322432 0.1876714189955969 0.16589174719045127
1666705806.278257 -0.04478547565871732 0.0 0.0612501400380574 0.08905590069981156 0.09485326234671915 -0.03447067816877272 0.0 0.04228133321173347 0.12786694078826114 0.1203573610279837 -0.034881577883474776 0.0 0.08108730709107087 0.18105013868041853 0.16299478254157038
1666705806.5591943 -0.043503235633467696 0.0 0.058892113778438615 0.08375343841309635 0.09458882967995574 -0.0304112521764498 0.0 0.03953848970839566 0.12079946453096999 0.11602623667377537 -0.0348478190426181 0.0 0.07563782771098276 0.17490839867016264 0.15698543461799727
1666705806.6811209 -0.042162172448612756 0.0 0.05690964620054495 0.08243910422543022 0.09416106548266473 -0.02846638750330241 0.0 0.04165236259289007 0.11807492588202206 0.11642862050756131 -0.0342776596321368 0.0 0.07101700625776824 0.16961644202414755 0.15204750782420962
1666705807.070939 -0.04169349642775555 0.0 0.05638753498173732 0.07772487550685397 0.08406318925106093 -0.02706869988480238 0.0 0.038096237086334805 0.11468834256133768 0.11328755723739947 -0.03376929681659637 0.0 0.07009431183935089 0.16797816160112028 0.15078436496370615
1666705807.3630476 -0.038542656527341235 0.0 0.05244676554471095 0.07647385630487274 0.07030709309682864 -0.030408955636107668 0.0 0.038564019712200914 0.11078469425509695 0.10721659558425806 -0.030419017727856795 0.0 0.06369856583601069 0.15728029184341752 0.14242033558490613
1666705807.6597624 -0.0367893310834303 0.0 0.049454158387774116 0.07383957754554865 0.07256348350734598 -0.031167486926247545 0.0 0.034434234958663684 0.10471818542004906 0.09721890323546942 -0.028716106467934627 0.0 0.05871223943374837 0.14796950809881798 0.13455838699495387
1666705807.9578867 -0.035590465214433986 0.0 0.04625113940492098 0.07691254974529727 0.07695381630894604 -0.03187056057004385 0.0 0.030235698668751282 0.09902702790532426 0.09003543575728198 -0.027672244162674775 0.0 0.05392342735726374 0.1394187719995363 0.12632482727183497
1666705808.261289 -0.03478234124595336 0.0 0.042771893896787594 0.07487882836124254 0.06066088754994142 -0.03229414906211594 0.0 0.023796060882033065 0.09337755868318168 0.08306510161031327 -0.027070355798726457 0.0 0.04914498946602497 0.1313127932100993 0.11815954532809775
1666705808.5582187 -0.03425329287581047 0.0 0.03873718404046289 0.0698466118119706 0.03867888627422633 -0.02870248213162853 0.0 0.02120885342219503 0.08769570541784975 0.07754588192237244 -0.026755875502710802 0.0 0.04409427537639388 0.12389566417552064 0.11041269419125102
1666705808.855016 -0.033062848052581195 0.0 0.03497800157036357 0.06274054890553987 0.033688063943086044 -0.02218409278682447 0.0 0.01569561523419921 0.07860421392875824 0.06764787934639721 -0.025777572972806646 0.0 0.03951169342225502 0.11678728522317339 0.10306459519114258
1666705809.1544337 -0.03074791608596561 0.0 0.030874828787101682 0.05074130770490348 0.041757359334815836 -0.023140502757288725 0.0 0.018970959610195792 0.07776979412334412 0.06444217692873683 -0.02369665566755987 0.0 0.03474323271906349 0.10929365352452697 0.0952291794298935
1666705809.4667234 -0.029121130436822518 0.0 0.028329279766744264 0.03928606353094913 0.05001264673403155 -0.01627151340070418 0.0 0.016637241757386567 0.06858319520095918 0.06292947499233498 -0.022373690745551445 0.0 0.03163691882860287 0.10313856791693408 0.08835942023916996
1666705809.7593572 -0.026372268401934074 0.0 0.025828053519763028 0.03211699559101347 0.056786513087320356 -0.009409183017965693 0.0 0.013742259757076825 0.05863393564064215 0.06266810702525005 -0.019940407611237537 0.0 0.028670809740598824 0.09630155239051989 0.08264045577429618
1666705810.0665996 -0.022740210907924663 0.0 0.02324029918066728 0.027808130021745453 0.03924004493178124 -0.00965849121869395 0.0 0.009521464088156795 0.0520840864814133 0.05965151284592113 -0.016683165124909992 0.0 0.025683513853569984 0.08873129712951089 0.0781094991315904
1666705810.3508794 -0.01993910434700341 0.0 0.020302771095773275 0.022975305854310846 0.029454186232530766 -0.009860791632750929 0.0 0.014100385391848491 0.05115887979304232 0.05946025270104838 -0.014339874036091792 0.0 0.022392477066696947 0.08129673961187164 0.07394094497910578
1666705810.666722 -0.017803514730857506 0.0 0.01898848854866575 0.02651955007962009 0.03806733988402944 -0.009399341087358022 0.0 0.02068916061761278 0.05130419381679238 0.06061288827926009 -0.012679054233540581 0.0 0.020775855556843748 0.07526121676756363 0.07068548145861814
1666705810.9598675 -0.016014042390902428 0.0 0.019350606914588564 0.02946732594720261 0.04007345681011315 -0.008165668465723702 0.0 0.018179444173909376 0.04756729549858971 0.057779169124173024 -0.011348351636837457 0.0 0.02087924253082879 0.0704708499688882 0.06837273558851856
1666705811.2579596 -0.014325265468774884 0.0 0.01909860151482423 0.032251100161254986 0.02231202646888797 -0.013112211153554825 0.0 0.007171873095539849 0.04254540019424319 0.04602103701828897 -0.010088253304693665 0.0 0.020406126805454394 0.06582158621578148 0.06594074022039262
1666705811.5565662 -0.014067940461512385 0.0 0.01656858662711236 0.025753854550941896 0.00438147811932324 -0.015265772964609018 0.0 0.0019339925704264793 0.03962783597136757 0.036249880667427625 -0.010223222854298265 0.0 0.017691361561972874 0.0611270494064156 0.06158102578504046
1666705811.8566632 -0.014323735131029913 0.0 0.013443399140067536 0.021882659148948547 -0.001339226668857052 -0.015094194912912522 0.0 0.002325297295804718 0.03733618953662035 0.030119302672783288 -0.010791554425494631 0.0 0.01441908707443823 0.05678671997002857 0.056031177659910225
1666705812.1611135 -0.014488671377022921 0.0 0.011063290503793954 0.026574491074022294 -0.0005525165157540535 -0.01298375041838632 0.0 0.010282042327506347 0.03850070851196835 0.0323423360779404 -0.011185151447123846 0.0 0.011926198566265866 0.05289194708987924 0.05033107578834592
1666705812.4582286 -0.014167850793803116 0.0 0.010896743221614491 0.03812574767341251 0.006251534745072396 -0.016599514219884332 0.0 0.0074823197478517955 0.03800471539790412 0.025782553569770328 -0.011031617342858076 0.0 0.011672736661105299 0.05010412319826514 0.046334694709740554
1666705812.7722518 -0.01468558943476006 0.0 0.010169759811823331 0.04488429872751512 0.006934677656113608 -0.009201993521131584 0.0 0.003349551834356812 0.03353796941484222 0.023964022409000807 -0.011689358732839404 0.0 0.010873997782040512 0.047803684070366545 0.041798014442491455
1666705813.0532322 -0.013501605553727702 0.0 0.008697182977607687 0.025866095246090126 0.027083779682702425 -0.0033095253157713143 0.0 0.002126605785574276 0.03239625942413954 0.023625435433672737 -0.010589251086778783 0.0 0.009347448791749868 0.04502063505027773 0.037771906848044046
1666705813.3582504 -0.011331734322380327 0.0 0.0072983216961546304 0.013633208409035619 0.030967841441121025 -0.002425771751082618 0.0 0.0018488836706523903 0.029452393035814817 0.026482051129981365 -0.008538257467858152 0.0 0.007895698738687007 0.04259834640887647 0.03460154655271483
1666705813.6582332 -0.009428374617156066 0.0 0.006133681639471256 0.02246538491747377 0.04241505636463372 -0.003310588469794335 0.0 0.006144257915527251 0.028729086752216915 0.03156074851267293 -0.006826137160677478 0.0 0.006671212342145516 0.04000311600078017 0.03273702454438196
1666705813.9580595 -0.008114296759741069 0.0 0.006135953384485582 0.030035506359406466 0.04241229738426572 -0.0030706682554487576 0.0 0.007578357167833671 0.02930459477209768 0.03614850759252558 -0.00574467240627442 0.0 0.00661159874952294 0.03775324456853581 0.032380019500205304
1666705814.2550168 -0.007033567838251598 0.0 0.0064450260062702824 0.03203955013738971 0.04444853150614109 -0.008083731169132703 0.0 0.004742173275437578 0.031270474780677265 0.03381229242932032 -0.004896189859609448 0.0 0.006863094229393074 0.03608625517808328 0.03309997695672989
1666705814.56527 -0.007258322807314976 0.0 0.006080583065269263 0.013593310588613128 0.039229033542119485 -0.009676751260109986 0.0 0.0022221406130198407 0.031139906573106058 0.032768009010178234 -0.005341890919152135 0.0 0.006446467570756176 0.035176681288677236 0.03317820906883223
1666705814.8559806 -0.00777345628313264 0.0 0.005258721715857728 -0.0032900662986632967 0.03457102844388388 -0.011231528225212981 0.0 0.0023501744817794323 0.028087192132581734 0.03237676487063523 -0.006010567501058328 0.0 0.005586688154275876 0.0344490130525706 0.033009304894541375
1666705815.1617525 -0.008514518340659083 0.0 0.004635422364716257 -0.01190405039527978 0.03750097584067741 -0.0066335011286249666 0.0 -0.0003265005743886551 0.01836740655914862 0.031229641048697465 -0.006844353545514617 0.0 0.004937807609887879 0.033236381574361776 0.032780110278049474
1666705815.4524648 -0.008112090557413465 0.0 0.0035738607605777517 -0.020783123351777538 0.023264729699192188 -0.003834761680635561 0.0 -0.0016755890550458896 0.011041607820982402 0.03148692435589806 -0.006477919349495348 0.0 0.0038615998638130145 0.030227422261590683 0.03234063318980837
1666705815.7636542 -0.007197882365336139 0.0 0.0024518778213191705 -0.019911029988749968 -0.0041709229606035625 -0.004044480613200577 0.0 -0.0009432763668801858 0.00656910555548787 0.029268783956010125 -0.005610749997800202 0.0 0.0027246837460161433 0.026289885155445336 0.03205531233514111
1666705816.1583352 -0.006521622197160126 0.0 0.001723772834144377 -0.021857802801124343 -0.01449675767621178 -0.0078308644166537 0.0 0.001981660657935924 0.006975714236840486 0.02307173426164133 -0.0050133651870247 0.0 0.0019779470978847913 0.022202679467088524 0.031367612548401536
1666705816.4562588 -0.006803020512039848 0.0 0.0017792012323143425 0.0027723290612848284 -0.008188372234210844 -0.008945306174258028 0.0 -0.001083535492364951 0.0026597732150717146 0.014061592775301723 -0.005385601265320967 0.0 0.002013981642735474 0.019057231734787544 0.029503308662659822
