1666705796.5731795 0.0 0.0 0.0
1666705796.7638087 0.0 0.0 0.0
1666705796.9754663 0.0 0.0 0.0
1666705797.0653827 0.0 0.0 0.0
1666705797.2742994 0.0 0.0 0.0
1666705797.4757278 0.0 0.0 0.0
1666705797.6670702 0.0 0.0 0.0
1666705797.8697603 0.0 0.0 0.0
1666705797.9656065 0.0 0.0 0.0
1666705798.0782654 0.0 0.0 0.0
1666705798.2662077 0.0 0.0 0.0
1666705798.4805596 0.0 0.0 0.0
1666705798.6645076 0.0 0.0 0.0
1666705798.8777716 0.0 0.0 0.0
1666705799.0726874 0.0 0.0 0.0
1666705799.2726443 0.0 0.0 0.0
1666705799.4816604 0.0 0.0 0.0
1666705799.7611382 0.0 0.0 0.0
1666705799.9671826 0.0 0.0 0.0
1666705800.169226 0.0 0.0 0.0
1666705800.3726258 0.0 0.0 0.0
1666705800.5613914 0.0 0.0 0.0
1666705800.7719436 0.0 0.0 0.0
1666705800.971335 0.0 0.0 0.0
1666705801.0738888 0.0 0.0 0.0
1666705801.2635803 0.0 0.0 0.0
1666705801.4754734 0.0 0.0 0.0
1666705801.6713686 0.0 0.0 0.0
1666705801.764605 0.0 0.0 0.0
1666705801.9694629 0.0 0.0 0.0
1666705802.18275 0.0 0.0 0.0
1666705802.466845 0.0 0.0 0.0
1666705802.672924 0.0 0.0 0.0
1666705802.864456 0.0 0.0 0.0
1666705803.0807962 0.0 0.0 0.0
1666705803.3639572 0.0 0.0 0.0
1666705803.5786705 0.0 0.0 0.0
1666705803.8655555 0.0 0.0 0.0
1666705803.9789233 0.0 0.0 0.0
1666705804.261964 0.0 0.0 0.0
1666705804.4766898 0.0 0.0 0.0
1666705804.7613642 0.0 0.0 0.0
1666705804.9758787 0.0 0.0 0.0
1666705805.1722012 0.0 0.0 0.0
1666705805.2778313 0.0 0.0 0.0
1666705805.5721598 0.0 0.0 0.0
1666705805.7645092 0.0 0.0 0.0
1666705805.875195 0.0 0.0 0.0
1666705806.0632217 0.0 0.0 0.0
1666705806.2782667 0.0 0.0 0.0
1666705806.5592043 0.0 0.0 0.0
1666705806.68113 0.0 0.0 0.0
1666705807.0709481 0.0 0.0 0.0
1666705807.363056 0.0 0.0 0.0
1666705807.6597717 0.0 0.0 0.0
1666705807.9578965 0.0 0.0 0.0
1666705808.2613006 0.0 0.0 0.0
1666705808.558228 0.0 0.0 0.0
1666705808.8550274 0.0 0.0 0.0
1666705809.1544435 0.0 0.0 0.0
1666705809.4667401 0.0 0.0 0.0
1666705809.7593672 0.0 0.0 0.0
1666705810.0666096 0.0 0.0 0.0
1666705810.3508892 0.0 0.0 0.0
1666705810.6667452 0.0 0.0 0.0
1666705810.9598777 0.0 0.0 0.0
1666705811.2579694 0.0 0.0 0.0
1666705811.5565913 0.0 0.0 0.0
1666705811.856673 0.0 0.0 0.0
1666705812.161123 0.0 0.0 0.0
1666705812.4582381 0.0 0.0 0.0
1666705812.7722614 0.0 0.0 0.0
1666705813.053264 0.0 0.0 0.0
1666705813.35826 0.0 0.0 0.0
1666705813.6582482 0.0 0.0 0.0
1666705813.9580703 0.0 0.0 0.0
1666705814.2550263 0.0 0.0 0.0
1666705814.56528 0.0 0.0 0.0
1666705814.8560035 0.0 0.0 0.0
1666705815.1617622 0.0 0.0 0.0
1666705815.4524877 0.0 0.0 0.0
1666705815.7636707 0.0 0.0 0.0
1666705816.1583445 0.0 0.0 0.0
1666705816.456269 0.0 0.0 0.0
