1666705796.5731664 0.0 1.0 1.0 0.08304041674464202 0.08261272782705786 -0.041802229987406334 1.0 1.040992259343138 0.04180222998740635 0.0409922593431381 -0.03252412971146227 1.0 1.0336531438104302 0.016262064855731135 0.01682657190521509
1666705796.7637737 -0.004648950100458991 1.0 1.0045588708604478 0.15402664476502512 0.1532599085962948 -0.07245481180705668 1.0 1.0746007263293815 0.08004932654632728 0.08042436130001238 -0.06154622368558767 1.0 1.0661010875535966 0.03314908705521827 0.03488133266059093
1666705796.975453 -0.012167386464540087 1.0 1.0123252382498045 0.22125192732404683 0.22013721793439056 -0.09928829212683121 1.0 1.1051789307869342 0.11890163899640599 0.12023892395496161 -0.08770020261805779 1.0 1.1003191620849788 0.05104956557084965 0.0558179654827688
1666705797.0653605 -0.013780896584895402 1.0 1.0140449216195089 0.23192399556810792 0.2308293761594204 -0.10351189360070392 1.0 1.1097575027114674 0.12562261698176017 0.12670998540880163 -0.09178282072461356 1.0 1.1061187338776164 0.05430717227185451 0.05970092583873857
1666705797.2742853 -0.023654848170588584 1.0 1.0245770835621342 0.2947580053964628 0.29393022250664236 -0.12898020528128354 1.0 1.1359010300216204 0.16613657624852132 0.16426041850770695 -0.11521987274129131 1.0 1.1408653210071906 0.07369738828716077 0.08325783873267478
1666705797.4757054 -0.03645542139127541 1.0 1.0381066871349263 0.3610695329722798 0.36050806832352067 -0.15615173204994048 1.0 1.1618954335107516 0.21189753002100414 0.20405693349103476 -0.13934936249225038 1.0 1.1791190694719627 0.09694235939460229 0.11127059014920927
1666705797.6670272 -0.04966689300472697 1.0 1.0517698610440427 0.41867488191417784 0.4178251225789277 -0.17950290456966708 1.0 1.1839084890411495 0.25358881740737316 0.2393060781118454 -0.1594253203294674 1.0 1.2134221855700922 0.11979668777697783 0.13836526235241398
1666705797.8697455 -0.06403093415825836 1.0 1.0663886456758571 0.4744740482509684 0.4724655978027995 -0.20180076630238564 1.0 1.204849016802066 0.2951320631990065 0.2738001817137507 -0.17762957413989325 1.0 1.2472842843188905 0.1440478066250426 0.16681526334214822
1666705797.965587 -0.06622540187345426 1.0 1.0685941126459602 0.4822607645594774 0.47996938184945975 -0.20480304094486093 1.0 1.2078157282983393 0.3010220968450983 0.27873696361500444 -0.1802028312063576 1.0 1.2519974304907757 0.14779387160153937 0.17101651461422696
1666705798.078242 -0.07002586761630594 1.0 1.0724122393256814 0.49559239067780914 0.49279079982818813 -0.20993532401115636 1.0 1.2128265658329547 0.31112756442695866 0.2871418946626302 -0.18459682567337368 1.0 1.2600830800437064 0.15429061245586573 0.17827789572209018
1666705798.266172 -0.08560632833441782 1.0 1.0880489228978951 0.5493172498325496 0.5446098279488324 -0.230479487921896 1.0 1.2329677314373568 0.3519705314715146 0.3210732510179549 -0.20214665313926505 1.0 1.2926575235574516 0.18097344124830572 0.207925486233736
1666705798.4805453 -0.10464851453592737 1.0 1.107097109215962 0.6105361289947617 0.6032871109016469 -0.2525671319718971 1.0 1.257988794615877 0.399125866478282 0.3625380024637791 -0.22194613539643118 1.0 1.3299173799752537 0.21406870090901614 0.24364280630271987
1666705798.6644938 -0.12116274504190026 1.0 1.1239432650097558 0.6605019828496285 0.6507628525120935 -0.2698380525446446 1.0 1.2801511710926212 0.438444943911949 0.3987473215306151 -0.2379701016459439 1.0 1.360530714910101 0.24360540858264984 0.27472144480788935
1666705798.8777568 -0.14066789315047384 1.0 1.144436636740769 0.7170887870555875 0.7044681170631658 -0.28898123862764125 1.0 1.3064785546596573 0.48393154927090587 0.4415828850852921 -0.255694287014603 1.0 1.3957931968851502 0.27940307148423266 0.31207786795297665
1666705799.072672 -0.15723970045657754 1.0 1.1625424075372122 0.7632848619880399 0.7486781668996672 -0.3043871527452335 1.0 1.3286153896515462 0.5219447562315582 0.4777078733249628 -0.2714868566747743 1.0 1.4246376426185272 0.31134997393765373 0.34423517938371173
1666705799.272629 -0.17379557103952517 1.0 1.1812276294452033 0.8080918380938019 0.7920718304083866 -0.31951944405031546 1.0 1.3498232353804596 0.5595344906736729 0.5129469759765011 -0.28713911191182706 1.0 1.4529714352358973 0.3443326973485953 0.37697971693698484
1666705799.4816353 -0.1916962810604496 1.0 1.201937901484333 0.8553873451638846 0.8382195213491915 -0.3355623983567467 1.0 1.371856803817775 0.5997497551459445 0.5502590007705928 -0.30353713929319237 1.0 1.4832726663701106 0.3809522608036567 0.413077741510504
1666705799.7611227 -0.20638029745045428 1.0 1.219281053532408 0.8932444741451183 0.8747383286459615 -0.34812873767401414 1.0 1.3887879192983086 0.632057431716154 0.5799478128108787 -0.316934907880095 1.0 1.507721774229187 0.4118960546544212 0.4431506238898192
1666705799.967145 -0.22077655581973615 1.0 1.236496513759585 0.9296849737953004 0.9096855231776625 -0.35988682785839793 1.0 1.4056555549754763 0.6635776399804634 0.6094751954059839 -0.3319108456434805 1.0 1.5306104171287511 0.4434258057360346 0.4724367662480434
1666705800.1692085 -0.23677082228408122 1.0 1.255945651054839 0.9697229236151043 0.9478830678491393 -0.3728463973722815 1.0 1.4245135013360521 0.6987126401090655 0.6425827396040489 -0.35083124506003155 1.0 1.5545945418308982 0.4798361263799947 0.5046500984326567
1666705800.3726032 -0.2521323297654744 1.0 1.2749751961553377 1.0077849164427692 0.9842553685622061 -0.38551066305492643 1.0 1.4426828304930868 0.7327461511049596 0.67464194210611 -0.3689043520225268 1.0 1.5774414846182898 0.5157025042957676 0.5361210137127419
1666705800.5613744 -0.26575695342640415 1.0 1.2921065648459176 1.0411522006857459 1.0161218336729312 -0.39694035434886343 1.0 1.4581630604584699 0.7629384738689097 0.7026093749764676 -0.3848891467776095 1.0 1.5974873802756056 0.548193967247485 0.5644062172256251
1666705800.7719135 -0.28054848314100184 1.0 1.3108301958227275 1.076632049788406 1.050343279638542 -0.4093998241723027 1.0 1.4737518544958141 0.7953817298123896 0.7319476184048566 -0.40221067100570507 1.0 1.6189349661219694 0.5840134864639104 0.5953327231223852
1666705800.971298 -0.29514882562751665 1.0 1.3292910981001846 1.1109344913703318 1.0832307152626814 -0.4216434500446127 1.0 1.4878745443595338 0.8269384442667556 0.7598743870814553 -0.4189601275152125 1.0 1.6398494954975196 0.619806023148557 0.6260780711815723
1666705801.0738764 -0.2974932398911674 1.0 1.3322302371750865 1.1163468221389818 1.0883237821677034 -0.4235872635723306 1.0 1.4900080593222715 0.8319464929250721 0.7642528301646342 -0.4215730674826372 1.0 1.643167059973166 0.6256066330348176 0.6310417198500707
1666705801.2635643 -0.31156294813189167 1.0 1.3498352580925006 1.1483923139236802 1.1182414332291282 -0.4348701593115037 1.0 1.5019457807338439 0.861423997721802 0.7898459103701782 -0.4379844918182747 1.0 1.6624553599846899 0.6605673297559899 0.6604865473014508
1666705801.4754562 -0.32699263642580884 1.0 1.3688691647726383 1.1830724218005344 1.1496826559968436 -0.44695554742635424 1.0 1.5148669336810079 0.893579341001788 0.8179084525537353 -0.4550684564415429 1.0 1.6836112185706666 0.699205671645983 0.6931186543458372
1666705801.6713493 -0.34044143751321726 1.0 1.3852366815065824 1.2129815348040685 1.176211972257133 -0.4573142505939272 1.0 1.5264408928400386 0.9217739818229712 0.8427172517634376 -0.46772460606806127 1.0 1.7029832799592186 0.7330298595480901 0.7225343315713822
1666705801.7645743 -0.342672699364394 1.0 1.387932463028982 1.217900649360683 1.1805436006847414 -0.4590129059188785 1.0 1.5283029312813639 0.9264476068676013 0.8467757543629878 -0.46970160114777704 1.0 1.7062076572526406 0.7386900936077782 0.7274840326476371
1666705801.9694352 -0.3557191386527976 1.0 1.4036736658871858 1.246107096947961 1.205832797266809 -0.46846567015829504 1.0 1.5384516182263868 0.9532024204630636 0.8699768201080565 -0.4797482585837106 1.0 1.7257567382527388 0.77162293531302 0.7569807594015635
1666705802.182731 -0.3709066139355511 1.0 1.4218288746770182 1.2786061033040472 1.2350450056897055 -0.47895668087009524 1.0 1.550101696800814 0.9842752733194448 0.8969883718755632 -0.49104601485051663 1.0 1.7482839287865564 0.8103984136980646 0.7916711583613373
1666705802.4668276 -0.38327665131022953 1.0 1.4365141002288735 1.3041296587017237 1.2579146029411916 -0.4863369977097737 1.0 1.5591663306519274 1.0090696011199827 0.9191146842978857 -0.4990103263700675 1.0 1.7667899906049673 0.8423749338429021 0.8206312256001497
1666705802.672907 -0.39586119144179616 1.0 1.4514909751367178 1.3298064030835153 1.280931304144257 -0.49324969750807324 1.0 1.5694043690466106 1.0348572767010347 0.9429568491777163 -0.5066352527319672 1.0 1.7856771679670782 0.8755946412999236 0.8508371707348336
1666705802.8644383 -0.40584822310204804 1.0 1.4635828004014408 1.3500651585899042 1.2995339446316694 -0.49861749665918653 1.0 1.5784729187374664 1.0561368963056634 0.9630537282448314 -0.502953994974365 1.0 1.7996363433122584 0.9001292124559915 0.8763965944666893
1666705803.0807786 -0.41727115475989296 1.0 1.4777295315290249 1.373355053429202 1.3213240062264808 -0.5039083944815861 1.0 1.5883331594400234 1.080579262350207 0.9860805331544239 -0.48032653748353865 1.0 1.8061137664731335 0.9220850397696011 0.9047933538400559
1666705803.3639116 -0.4261714221524717 1.0 1.4890918725518851 1.3916091726268547 1.338513967282547 -0.5056260352217359 1.0 1.5936742174593574 1.0988262904592236 1.0032406544951067 -0.47126729457338895 1.0 1.8200655212446795 0.943940464758724 0.9307197851472334
1666705803.578653 -0.4360985508090539 1.0 1.5021584819405494 1.412829577297835 1.3580983070440804 -0.5067157637701958 1.0 1.6001408497967793 1.1202205263492144 1.0237590799516783 -0.464996146748132 1.0 1.8383360600784189 0.9712748930630634 0.9618387759833783
1666705803.865537 -0.4442930221016253 1.0 1.51352842514431 1.4308611557857105 1.3743567573839028 -0.5067650948097517 1.0 1.6070368865663838 1.1394917203155037 1.0432058014293315 -0.4788041313712899 1.0 1.8528685123845352 1.0001940888949217 0.986777941552628
1666705803.9789054 -0.44643437498141225 1.0 1.5167336111493608 1.4359705196320238 1.3790284335156981 -0.5073023171394775 1.0 1.6092282722877478 1.1452124968360557 1.0488750403804332 -0.4823116475901292 1.0 1.8569375032078348 1.008457730879183 0.9939403019275651
1666705804.2619464 -0.4527507004600784 1.0 1.5263318719755907 1.4505710970421875 1.3929069718138196 -0.5088466714107225 1.0 1.615039029754641 1.1618696670032997 1.065279409140417 -0.4925458658685183 1.0 1.8690895348375478 1.0332511934634239 1.0154559135268162
1666705804.4766705 -0.459775014579183 1.0 1.5374397453271593 1.467165951864457 1.4098468323699618 -0.5120584070871884 1.0 1.6211953445796263 1.181466596419839 1.083657747942447 -0.5034564029086377 1.0 1.88311432545309 1.062284814741912 1.0407670100004875
1666705804.7613466 -0.46521396309589713 1.0 1.546152691646604 1.4798369964425797 1.4236914787692148 -0.5159071079603067 1.0 1.6267352655995544 1.19789763326466 1.0987238749466932 -0.511511087292709 1.0 1.894019141736667 1.0855515396725675 1.0610206381415732
1666705804.9758344 -0.4709629395057924 1.0 1.5552913497027034 1.493538261583355 1.4381372881341543 -0.5208523779992753 1.0 1.6324740146612928 1.215501514084318 1.1144817653681538 -0.5196438585298475 1.0 1.905369811757224 1.1102466488185994 1.0824749867821915
1666705805.1721635 -0.47667660279421664 1.0 1.5641308109713294 1.5071002674860845 1.4529436493052346 -0.5260052229340898 1.0 1.6378016173812946 1.2326342515130209 1.1297077416193375 -0.5271762871742948 1.0 1.9163025058172205 1.134459600260688 1.1034859662996013
1666705805.2777874 -0.4779024254214174 1.0 1.5659615400938023 1.5100458304905306 1.4559860524254393 -0.5270681317389226 1.0 1.6388432392618764 1.2361756356388947 1.1328947078455824 -0.5286846256191965 1.0 1.918569981286153 1.1395572207478788 1.1079061551102565
1666705805.5721393 -0.4835214332834674 1.0 1.574290980903222 1.5228973616425079 1.4690766900539158 -0.5313360974078682 1.0 1.6424694769640733 1.2514831343429091 1.1466887988386858 -0.5350896202126402 1.0 1.9290828344051794 1.1627962745201224 1.1282367969902403
1666705805.7644916 -0.48897821406563363 1.0 1.5820717551463268 1.535022576419549 1.4809414934342693 -0.5353019678448959 1.0 1.646707847941643 1.2665743021568743 1.1607627445824396 -0.5410774730618242 1.0 1.9389270969718595 1.185197534906637 1.1477973937704156
1666705805.875153 -0.490479120811387 1.0 1.5841659884452497 1.5382434394112843 1.4841501351970559 -0.5365086520933064 1.0 1.6480463633061129 1.2708733931449552 1.164744790372243 -0.5426261613265606 1.0 1.9415825152044148 1.1913400002004417 1.1531827478210586
1666705806.063205 -0.49559371315209505 1.0 1.5912640854035662 1.54904977261559 1.4947159323388366 -0.5403791888108124 1.0 1.6525142254416236 1.28531672855392 1.178282217581344 -0.5475171543061303 1.0 1.950745997232173 1.212193195430386 1.1716158848949578
1666705806.2782485 -0.5011610284091742 1.0 1.5988781351399284 1.5601203768105125 1.5065072108031043 -0.5446642640426419 1.0 1.657770248918367 1.301211961547565 1.193243929218819 -0.551853308782227 1.0 1.9608260197234761 1.2346996706781397 1.1918778856065961
1666705806.559187 -0.5056172353637315 1.0 1.6049106852058403 1.5686995698128234 1.5161963154066016 -0.5477794078123442 1.0 1.6618203314063853 1.3135859242220924 1.2051289514533265 -0.5554229074869589 1.0 1.9685738989091335 1.2526162235785137 1.2079585190427613
1666705806.6811125 -0.5070600441762835 1.0 1.6068581593109148 1.5715206736404383 1.5194185501062782 -0.548753540604039 1.0 1.6632456942926521 1.3176265021551112 1.2091131920639429 -0.5565959046671013 1.0 1.9710041333235164 1.258420575752359 1.2131616542579284
1666705807.0709321 -0.5160427012509662 1.0 1.6190065741339623 1.5882661126817583 1.537529547416251 -0.5545853577783074 1.0 1.6714533396786733 1.3423355368957528 1.233520434552117 -0.5638713322264635 1.0 1.9861056052576287 1.2946106377758937 1.2456473980486822
1666705807.3630402 -0.5243510741883262 1.0 1.6303121593417342 1.604751051069133 1.5526851594632765 -0.5611404052717565 1.0 1.6797663177295084 1.3662166244634923 1.2566323718560806 -0.5704285487351884 1.0 1.9998366629537978 1.328514458582977 1.2763479612302566
1666705807.6597545 -0.5321964487924546 1.0 1.6408583254952889 1.6204974408347337 1.5681594204495555 -0.5677869140068886 1.0 1.6871094649002099 1.3885479191157861 1.277364434441157 -0.5765522972725586 1.0 2.012357127410204 1.3600691562857221 1.3050427192216072
1666705807.9578788 -0.5399282351522294 1.0 1.6509060707725824 1.6372061688447013 1.5848771133396393 -0.5747105763981828 1.0 1.69367796466937 1.4100608670077093 1.2969240201304784 -0.582563903995658 1.0 2.0240716250320028 1.3903569356993328 1.3324859282529171
1666705808.2612786 -0.5473237816319008 1.0 1.6600003846688347 1.6531271746094678 1.5977750493986704 -0.5815770745077112 1.0 1.6987375687092976 1.4299151393385015 1.3145856207528677 -0.5883197003957642 1.0 2.0345210094270576 1.4182771340176026 1.3576094357049187
1666705808.5582108 -0.5546698535954067 1.0 1.6683080864321818 1.6681067048589564 1.6060702484345384 -0.5877327016479879 1.0 1.7032860880025453 1.448722643925743 1.3312163613692702 -0.5940578519831791 1.0 2.043977610322862 1.4448481988287896 1.3812888991700587
1666705808.8550074 -0.5617054235659157 1.0 1.6757511892491412 1.681457506372216 1.6132388604871246 -0.5924533396518813 1.0 1.706626018036243 1.4654491354304415 1.3456114125076726 -0.5995431603883007 1.0 2.052385454779682 1.4696998122030125 1.4032204088148506
1666705809.1544256 -0.5682806241588885 1.0 1.6823535291274376 1.692308136885735 1.6221683441338093 -0.597401754595711 1.0 1.710682808894182 1.4820795956868549 1.3593918664015119 -0.6046105042681654 1.0 2.0598150224855876 1.493071402441957 1.4235844216248617
1666705809.4667084 -0.5745103794617747 1.0 1.688413887300576 1.7007124316002695 1.6328673295965697 -0.6008826478637088 1.0 1.714241940820339 1.4967512968736953 1.3728540921001968 -0.6093968094862827 1.0 2.0665829693297892 1.5151353824720786 1.4424867636197622
1666705809.7593493 -0.5801570877648408 1.0 1.693944070826669 1.7075891743555498 1.6450261954955996 -0.6028972986727654 1.0 1.7171843700073364 1.5093057243570427 1.3862722977275503 -0.6136663574640607 1.0 2.072721830687881 1.53575502607626 1.4601813563137929
1666705810.066592 -0.5850263064519954 1.0 1.6989203702780578 1.7135435547658704 1.6534284201205274 -0.6049654107989988 1.0 1.719223141373831 1.5204581630140779 1.3990451019131607 -0.6172386189402631 1.0 2.0782212803681834 1.5547545020207822 1.4769064532953378
1666705810.3508716 -0.5892513930717518 1.0 1.7032225177069427 1.7184120110245111 1.6596697480147555 -0.6070549078026093 1.0 1.7222110062556084 1.5312987050330975 1.4116447008581496 -0.6202772313505537 1.0 2.082966235487089 1.571981242038097 1.4925745039683516
1666705810.6667025 -0.5930422353979922 1.0 1.7072656725103508 1.7240587293514509 1.667775298264878 -0.6090562777888946 1.0 1.7266162794249393 1.5422227339326973 1.42455079866402 -0.6229769395919773 1.0 2.087389968317339 1.588006359008531 1.5076253250570426
1666705810.9598596 -0.5964880632188311 1.0 1.7114294469046465 1.7303993727115734 1.6763981199724012 -0.610813328687606 1.0 1.7305280484194707 1.5524580453044357 1.4369834539282609 -0.6254188255840546 1.0 2.0918826674768995 1.6031699516513798 1.5223374551193198
1666705811.257951 -0.5995268793662518 1.0 1.7154808300223212 1.7372407931484741 1.6811311663835218 -0.6135948198277642 1.0 1.7320494166494336 1.5614831938708307 1.44674588874785 -0.627558845055833 1.0 2.0962114157139147 1.6171326736321592 1.5363254532189978
1666705811.556548 -0.6025310591425078 1.0 1.7190190176484696 1.7427404758642382 1.6820668220320647 -0.6168547942735377 1.0 1.7324624167885372 1.5699456368082083 1.454486976271693 -0.6297419932878764 1.0 2.0999893696201255 1.630186229418193 1.5494759547277759
1666705811.8566535 -0.6055974140083475 1.0 1.7218969145091336 1.7474250080581861 1.6817801269644062 -0.6200860853853705 1.0 1.7329602050129276 1.5779383848875495 1.4609347686569567 -0.6320521962565773 1.0 2.1030761369616893 1.642342851521457 1.561470834044135
1666705812.1611044 -0.6086861237339849 1.0 1.7242553980503375 1.7530901851402176 1.6816623409306577 -0.622853974527788 1.0 1.735152141271952 1.5861460051537826 1.4678295408133732 -0.6344366582378357 1.0 2.105618576122807 1.6536184106899454 1.5722004640594716
1666705812.4582202 -0.6117026776437853 1.0 1.726575482715799 1.7612077447392078 1.6829933890798765 -0.6263882670785453 1.0 1.7367452425276224 1.594237795114935 1.4733190440490755 -0.6367854596835409 1.0 2.108103881757768 1.6642863511511026 1.5820658350688284
1666705812.772244 -0.6148734986612495 1.0 1.728771273923033 1.7708988830072083 1.684490681494255 -0.6283751042149772 1.0 1.7374684569006407 1.601479104616067 1.4784932065336667 -0.6393093532266244 1.0 2.1104517276419474 1.6746078249221017 1.5910906020535858
1666705813.053212 -0.6177479604770945 1.0 1.7306228848499754 1.7764057171991883 1.690256757996556 -0.6290796947994748 1.0 1.73792120654613 1.6083761962486385 1.4835230092313207 -0.6415637812489966 1.0 2.1124417787155423 1.6841926180685274 1.5991321570756385
1666705813.3582425 -0.6201697499610337 1.0 1.7321826636297553 1.7793193718806386 1.6968751264306168 -0.6295981245781898 1.0 1.7383163452692265 1.614670686897798 1.4891826859511557 -0.6433885559532522 1.0 2.1141292273998924 1.6932966284901685 1.6065271117388358
1666705813.6582074 -0.6221949299881521 1.0 1.7335001557801368 1.7841448535446371 1.7059857238014993 -0.6303092267478931 1.0 1.7396361091646224 1.6208415885696592 1.495961818105331 -0.6448547849907599 1.0 2.115562179158873 1.7018891499837319 1.6135589036379325
1666705813.9580505 -0.6239336296521614 1.0 1.7348149437899758 1.790580743968876 1.715073664432135 -0.630967197490413 1.0 1.741259969796246 1.6271208621275322 1.5037075784424927 -0.6460857308482234 1.0 2.1169788865907964 1.7099787670621032 1.620497167136619
1666705814.2550077 -0.6254389472302989 1.0 1.7361943021983828 1.7974378183764246 1.7245864973694551 -0.6326972700376139 1.0 1.742274885263652 1.6338133397500645 1.5109440534892218 -0.647133608800219 1.0 2.118447719567388 1.7177019134791043 1.6275811930953847
1666705814.5652623 -0.6269849946446918 1.0 1.7374894870469524 1.8003332397081109 1.7329424147744794 -0.6347584509278245 1.0 1.7427482087628101 1.6404462456320223 1.5179237507209205 -0.6482714497123373 1.0 2.119820839058532 1.7251946660883537 1.6346482643330214
1666705814.8559608 -0.6286508401226796 1.0 1.7386164269140185 1.7996281811258943 1.7403509585811245 -0.6371653584633387 1.0 1.7432518492787348 1.6464653084914815 1.5248620655949168 -0.6495595095311728 1.0 2.1210180618716223 1.7325770620940129 1.6417221320293518
1666705815.161745 -0.6304724495791553 1.0 1.739608136471329 1.797081409846202 1.7483739763826407 -0.6385845401365687 1.0 1.7431819972319067 1.6503948603628196 1.5315433841593493 -0.6510238013023744 1.0 2.1220744642042684 1.7396877058853097 1.6487351604213005
1666705815.452445 -0.6322062745564031 1.0 1.7403719900067451 1.7926393615089082 1.7533464269680838 -0.6394041569217392 1.0 1.7428238678280643 1.652754821126756 1.5382731926493542 -0.6524083492545034 1.0 2.12289981720651 1.7461483166667153 1.6556474350325914
1666705815.7636414 -0.633749890473911 1.0 1.7408978054397675 1.7883693580183504 1.7524519551295759 -0.6402715126710711 1.0 1.7426215782739118 1.6541635932328511 1.5445500055378467 -0.6536115980110364 1.0 2.123484137008787 1.7517862922733787 1.6625218305630742
1666705816.1583276 -0.6351515971017901 1.0 1.7412682997329865 1.7836714123031643 1.7493361350616252 -0.64195461761383 1.0 1.7430475009653008 1.6556628988633164 1.5495088642164883 -0.6546891316365953 1.0 2.123909261536532 1.7565583630902448 1.6692637406401385
1666705816.4562511 -0.6365945860722173 1.0 1.7416456861821168 1.7842594511383771 1.7475992990784313 -0.6438520068872716 1.0 1.742817672205887 1.6562270634731973 1.552491469258688 -0.6558314717502585 1.0 2.1243364472685116 1.7606005933248154 1.6755216886965907
