1666705796.5731757 0.0 0.0 0.0
1666705796.7638001 0.0 0.0 0.0
1666705796.9754624 0.0 0.0 0.0
1666705797.0653765 0.0 0.0 0.0
1666705797.2742953 0.0 0.0 0.0
1666705797.475723 0.0 0.0 0.0
1666705797.667058 0.0 0.0 0.0
1666705797.8697562 0.0 0.0 0.0
1666705797.9656014 0.0 0.0 0.0
1666705798.078259 0.0 0.0 0.0
1666705798.2662013 0.0 0.0 0.0
1666705798.480556 0.0 0.0 0.0
1666705798.6645038 0.0 0.0 0.0
1666705798.8777676 0.0 0.0 0.0
1666705799.0726833 0.0 0.0 0.0
1666705799.2726398 0.0 0.0 0.0
1666705799.4816556 0.0 0.0 0.0
1666705799.761134 0.0 0.0 0.0
1666705799.9671774 0.0 0.0 0.0
1666705800.1692212 0.0 0.0 0.0
1666705800.3726215 0.0 0.0 0.0
1666705800.5613868 0.0 0.0 0.0
1666705800.7719312 0.0 0.0 0.0
1666705800.971321 0.0 0.0 0.0
1666705801.0738854 0.0 0.0 0.0
1666705801.2635756 0.0 0.0 0.0
1666705801.475469 0.0 0.0 0.0
1666705801.6713638 0.0 0.0 0.0
1666705801.7646003 0.0 0.0 0.0
1666705801.969456 0.0 0.0 0.0
1666705802.1827447 0.0 0.0 0.0
1666705802.46684 0.0 0.0 0.0
1666705802.6729195 0.0 0.0 0.0
1666705802.8644512 0.0 0.0 0.0
1666705803.0807915 0.0 0.0 0.0
1666705803.363945 0.0 0.0 0.0
1666705803.5786657 0.0 0.0 0.0
1666705803.8655503 0.0 0.0 0.0
1666705803.9789178 0.0 0.0 0.0
1666705804.2619593 0.0 0.0 0.0
1666705804.476685 0.0 0.0 0.0
1666705804.7613595 0.0 0.0 0.0
1666705804.9758668 0.0 0.0 0.0
1666705805.1721926 0.0 0.0 0.0
1666705805.2778199 0.0 0.0 0.0
1666705805.572155 0.0 0.0 0.0
1666705805.764504 0.0 0.0 0.0
1666705805.8751836 0.0 0.0 0.0
1666705806.063217 0.0 0.0 0.0
1666705806.2782614 0.0 0.0 0.0
1666705806.5591993 0.0 0.0 0.0
1666705806.6811252 0.0 0.0 0.0
1666705807.070943 0.0 0.0 0.0
1666705807.3630514 0.0 0.0 0.0
1666705807.6597672 0.0 0.0 0.0
1666705807.9578912 0.0 0.0 0.0
1666705808.2612948 0.0 0.0 0.0
1666705808.558223 0.0 0.0 0.0
1666705808.8550208 0.0 0.0 0.0
1666705809.1544385 0.0 0.0 0.0
1666705809.4667318 0.0 0.0 0.0
1666705809.7593617 0.0 0.0 0.0
1666705810.0666046 0.0 0.0 0.0
1666705810.3508842 0.0 0.0 0.0
1666705810.6667333 0.0 0.0 0.0
1666705810.9598722 0.0 0.0 0.0
1666705811.2579646 0.0 0.0 0.0
1666705811.556577 0.0 0.0 0.0
1666705811.8566678 0.0 0.0 0.0
1666705812.1611183 0.0 0.0 0.0
1666705812.4582334 0.0 0.0 0.0
1666705812.7722564 0.0 0.0 0.0
1666705813.0532498 0.0 0.0 0.0
1666705813.3582551 0.0 0.0 0.0
1666705813.6582422 0.0 0.0 0.0
1666705813.9580646 0.0 0.0 0.0
1666705814.2550216 0.0 0.0 0.0
1666705814.565275 0.0 0.0 0.0
1666705814.8559918 0.0 0.0 0.0
1666705815.1617572 0.0 0.0 0.0
1666705815.4524758 0.0 0.0 0.0
1666705815.7636626 0.0 0.0 0.0
1666705816.15834 0.0 0.0 0.0
1666705816.456264 0.0 0.0 0.0
