1666705796.5731602 0.0 0.0 0.0 1.0 0.0 2.0
1666705796.7637541 0.08304041674464202 0.08261272782705786 0.08530535549226864 1.0810751224284016 0.08348754917886261 2.0830395379603273
1666705796.9754462 0.15402664476502512 0.1532599085962948 0.15784121422140823 1.1522056557997729 0.16429524688370792 2.1630464579020714
1666705797.0653503 0.22125192732404683 0.22013721793439056 0.2284527647856145 1.2199748103811836 0.24379868788923065 2.2479987996410853
1666705797.2742782 0.23192399556810792 0.2308293761594204 0.24029068869670478 1.2305274287179608 0.25706760857652244 2.2626268935484175
1666705797.4756846 0.2947580053964628 0.29393022250664236 0.3122394447175695 1.2907261755679444 0.33601679352994207 2.34985953562175
1666705797.6670148 0.3610695329722798 0.36050806832352067 0.3925930924850598 1.3518156677723017 0.4244988388100474 2.4466493330435317
1666705797.869739 0.41867488191417784 0.4178251225789277 0.4649644157494436 1.4041921956569168 0.5050602723987458 2.5344340368451626
1666705797.9655778 0.4744740482509684 0.4724655978027995 0.5366246247524382 1.4541994768691093 0.5848304495563978 2.622132555531896
1666705798.0782309 0.4822607645594774 0.47996938184945975 0.5466608005184724 1.4613106233853004 0.5965826768976655 2.6344650876643922
1666705798.2661564 0.49559239067780914 0.49279079982818813 0.5638765508567041 1.473340119517521 0.6168676754746732 2.6556272726204373
1666705798.4805381 0.5493172498325496 0.5446098279488324 0.6336350540377664 1.5214375805001783 0.7000342126190683 2.7405979499492323
1666705798.664487 0.6105361289947617 0.6032871109016469 0.7134852743011049 1.5806159844059828 0.7995739697884101 2.8382342058019634
1666705798.8777502 0.6605019828496285 0.6507628525120935 0.7797016941721475 1.6325750450202676 0.8850423641837868 2.9190992424843683
1666705799.0726647 0.7170887870555875 0.7044681170631658 0.8562463924722163 1.6938879083594027 0.9854432406583695 3.0129040144118755
1666705799.2726219 0.7632848619880399 0.7486781668996672 0.9201421566312512 1.7452478860795333 1.0754234033977292 3.0891507419203474
1666705799.481612 0.8080918380938019 0.7920718304083866 0.9835279579128964 1.7944508996971555 1.1673237029098869 3.163947562322193
1666705799.7611153 0.8553873451638846 0.8382195213491915 1.051502547254589 1.8456008494743106 1.267645271605099 3.2440081037410313
1666705799.9671288 0.8932444741451183 0.8747383286459615 1.105827702795115 1.8854261217194157 1.3516759035045554 3.3084104078595815
1666705800.1692 0.9296849737953004 0.9096855231776625 1.158604986238601 1.9250797962226733 1.4409251551642017 3.3665805159575464
1666705800.3725805 0.9697229236151043 0.9478830678491393 1.217616950405712 1.969223999419324 1.5483976844800884 3.4244502550379643
1666705800.5613565 1.0077849164427692 0.9842553685622061 1.2752415942595152 2.0114412701864643 1.6533334668309574 3.4787528871655313
1666705800.7718966 1.0411522006857459 1.0161218336729312 1.3266619853556203 2.047397578926333 1.7477676756675353 3.5256368125401196
1666705800.9712865 1.076632049788406 1.050343279638542 1.382021657635995 2.083908462406252 1.8514891721212248 3.574813732358203
1666705801.0738704 1.1109344913703318 1.0832307152626814 1.4358667506801246 2.1174372686459284 1.954022785838466 3.6221239823269835
1666705801.263557 1.1163468221389818 1.0883237821677034 1.444389442103922 2.1225744602826393 1.9703623904788408 3.629645378345902
1666705801.475438 1.1483923139236802 1.1182414332291282 1.4941827146180662 2.1519977133848016 2.070712061793392 3.6715533234581113
1666705801.6713254 1.1830724218005344 1.1496826559968436 1.548338390204906 2.183965704006517 2.1791800879159364 3.7176620361432335
1666705801.7645614 1.2129815348040685 1.176211972257133 1.5957585963252479 2.212303517300776 2.2686318368120415 3.762688073523535
1666705801.9694219 1.217900649360683 1.1805436006847414 1.6035827039743515 2.2168844763370656 2.283218271723807 3.7703463341124532
1666705802.1827087 1.246107096947961 1.205832797266809 1.6478406997622232 2.2426789154498286 2.3646892323337667 3.8188568267490868
1666705802.4668188 1.2786061033040472 1.2350450056897055 1.6986450743445822 2.272666770996546 2.459199965197779 3.8750848877180646
1666705802.6728983 1.3041296587017237 1.2579146029411916 1.7378095230080342 2.297496987175136 2.533393604381196 3.9233144739351298
1666705802.8644297 1.3298064030835153 1.280931304144257 1.777955670367731 2.325286350748368 2.6085512061138947 3.9735656791492073
1666705803.080763 1.3500651585899042 1.2995339446316694 1.810981303596422 2.349338935541454 2.6350355791156903 4.029944401557127
1666705803.3638842 1.373355053429202 1.3213240062264808 1.8475087984637493 2.376987184232559 2.5911826379247924 4.108275983355572
1666705803.578645 1.3916091726268547 1.338513967282547 1.870730741410696 2.397500684043398 2.5966174759574487 4.174053363913056
1666705803.865521 1.412829577297835 1.3580983070440804 1.8967821941132053 2.4228311707847303 2.619965842270038 4.248133959490421
1666705803.9788969 1.4308611557857105 1.3743567573839028 1.9194694062728686 2.4482689189416984 2.7074942700671167 4.2757919257299095
1666705804.2619383 1.4359705196320238 1.3790284335156981 1.9270095228745552 2.4554343325567594 2.731058282803245 4.284155325568103
1666705804.4766495 1.4505710970421875 1.3929069718138196 1.9486688145386195 2.475704227792055 2.8009264036555077 4.309284553305962
1666705804.7613385 1.467165951864457 1.4098468323699618 1.9758080159086364 2.496914997904808 2.8793242277898248 4.339682895914689
1666705804.9758089 1.4798369964425797 1.4236914787692148 2.000405337181709 2.513732358843182 2.9397791657127934 4.364212117285468
1666705805.1721332 1.493538261583355 1.4381372881341543 2.0278526900161147 2.530482109826652 3.0025495866094993 4.390182058131009
1666705805.277761 1.5071002674860845 1.4529436493052346 2.0549459372825933 2.5461108019604213 3.0626240555907804 4.415742449183595
1666705805.5720823 1.5100458304905306 1.4559860524254393 2.060516301300674 2.5493231846175846 3.075002904744872 4.421166346623566
1666705805.764482 1.5228973616425079 1.4690766900539158 2.083698904603275 2.562712419576907 3.1301449162582577 4.447119387537546
1666705805.8751326 1.535022576419549 1.4809414934342693 2.106561275704782 2.5771202632698733 3.1825245383583 4.471716464802334
1666705806.0631971 1.5382434394112843 1.4841501351970559 2.1132530175134265 2.5812381310044317 3.196554766126461 4.478552561225618
1666705806.27824 1.54904977261559 1.4947159323388366 2.1354711605216417 2.5953357476544214 3.243188720912322 4.502786393641356
1666705806.5591786 1.5601203768105125 1.5065072108031043 2.160154059228358 2.611136968566493 3.29068975983473 4.531377769090396
1666705806.681104 1.5686995698128234 1.5161963154066016 2.179050041722031 2.623796874258266 3.328684818097138 4.553264480045236
1666705807.0709245 1.5715206736404383 1.5194185501062782 2.1852156835014354 2.6281534494188428 3.340979556342319 4.5601569136925235
1666705807.3630323 1.5882661126817583 1.537529547416251 2.22250757228801 2.654454442462562 3.4176074407797747 4.602930000895571
1666705807.6597457 1.604751051069133 1.5526851594632765 2.260107741674238 2.6788044967236284 3.488309235999597 4.642751566477349
1666705807.9578702 1.6204974408347337 1.5681594204495555 2.2958206080653683 2.6997548922417103 3.5540890497948405 4.679150236749884
1666705808.2612705 1.6372061688447013 1.5848771133396393 2.330730465846296 2.7185120539085403 3.6175107233005077 4.712907466968542
1666705808.5582025 1.6531271746094678 1.5977750493986704 2.363103743992218 2.7340462068519766 3.6764490050166705 4.742541156172695
1666705808.8549988 1.6681067048589564 1.6060702484345384 2.3931532264729984 2.7486910074679107 3.7329922916183618 4.768880152057103
1666705809.1544151 1.681457506372216 1.6132388604871246 2.418425564788186 2.7613826830619264 3.7858798820328 4.792092507919225
1666705809.4666939 1.692308136885735 1.6221683441338093 2.4443320817327696 2.7737842538755624 3.8348407935068396 4.812901141334134
1666705809.759341 1.7007124316002695 1.6328673295965697 2.465933521329855 2.786824122711063 3.880847771912526 4.831655624409039
1666705810.0665836 1.7075891743555498 1.6450261954955996 2.483003085462248 2.800710564169127 3.922986384844748 4.849256390796335
1666705810.3508623 1.7135435547658704 1.6534284201205274 2.4982381745032085 2.813143563466535 3.960443269131561 4.866401447612
1666705810.6666815 1.7184120110245111 1.6596697480147555 2.5137357650083105 2.8261510363883993 3.993474361341308 4.882466010474751
1666705810.9598513 1.7240587293514509 1.667775298264878 2.5300090039383307 2.8407012359988313 4.023804462855336 4.898152587390109
1666705811.257939 1.7303993727115734 1.6763981199724012 2.5449745698494484 2.854600565447303 4.052500449705283 4.914191297675643
1666705811.5565257 1.7372407931484741 1.6811311663835218 2.558814982776335 2.8628406894424185 4.078799617233288 4.929937843616407
1666705811.856632 1.7427404758642382 1.6820668220320647 2.572127460079012 2.8676598668588236 4.103706007808493 4.943812608034594
1666705812.1610842 1.7474250080581861 1.6817801269644062 2.584970608542072 2.8712670602392905 4.127344963995818 4.955065013145221
1666705812.4582121 1.7530901851402176 1.6816623409306577 2.598356687967088 2.877149407614115 4.149719276220394 4.963954998448995
1666705812.7722352 1.7612077447392078 1.6829933890798765 2.612357006264911 2.88034331865477 4.1713024769894425 4.9719446013251085
1666705813.0532017 1.7708988830072083 1.684490681494255 2.6228169603269906 2.8840769369519244 4.192973293717895 4.978399466684101
1666705813.358234 1.7764057171991883 1.690256757996556 2.6309705577075952 2.8887528452635283 4.212570012896843 4.983943647125375
1666705813.6581893 1.7793193718806386 1.6968751264306168 2.638226089472611 2.8942015662833995 4.229870963303608 4.989419395650877
1666705813.9580412 1.7841448535446371 1.7059857238014993 2.6461737059504533 2.9013186558432924 4.245143495457774 4.995018746631363
1666705814.2549884 1.790580743968876 1.715073664432135 2.65433539879161 2.9097006716263913 4.25909948054505 5.001086171019969
1666705814.565254 1.7974378183764246 1.7245864973694551 2.664058949874837 2.9159763515660693 4.272134796248728 5.007840888678897
1666705814.8559403 1.8003332397081109 1.7329424147744794 2.673866363751813 2.9212106702820133 4.2851302972128416 5.014188340042517
1666705815.1617365 1.7996281811258943 1.7403509585811245 2.6835596373151076 2.9260623950038136 4.298311864348441 5.0198688724246
1666705815.4524245 1.797081409846202 1.7483739763826407 2.6894350659766584 2.9312143907145938 4.31164671017938 5.0248019557827295
1666705815.7636125 1.7926393615089082 1.7533464269680838 2.6927281694128875 2.9368047329178273 4.323781327393583 5.0294616856387035
1666705816.1583188 1.7883693580183504 1.7524519551295759 2.695228724100323 2.9420167702080313 4.334187574042716 5.0341598805957135
1666705816.456243 1.7836714123031643 1.7493361350616252 2.6993336636138374 2.9455625614023964 4.343108925774603 5.038791658856555
