1666705796.5731504 -0.004294253420084715 0.006028604693710804 0.5329809188842773 -0.04061977192759514 -0.009301829151809216 1.0296309143304825 0.5319353938102722 -0.5237643122673035 0.06437285989522934 1.9971811978612095 0.4280557930469513 -0.07567095756530762
1666705796.7637374 -0.0036060004495084286 0.00425578560680151 0.5296834111213684 -0.6519982814788818 -0.0020453406032174826 1.025916388258338 0.5348004102706909 -1.4630200862884521 0.06663956493139267 1.994001115206629 0.2579030394554138 -0.05247633531689644
1666705796.9754372 -0.0028670073952525854 0.009734546765685081 0.5252001285552979 -0.9532012939453125 0.012555464170873165 1.1057654693722725 0.5230358839035034 -2.6564011573791504 0.29517674446105957 2.071671798825264 1.388527512550354 -0.1054517924785614
1666705797.065337 0.01001229789108038 0.014021813869476318 0.5315398573875427 -0.884989857673645 0.026745222508907318 1.3016552031040192 0.5101764798164368 -3.3511908054351807 0.3546353578567505 2.0910652950406075 1.425782322883606 -0.09979225695133209
1666705797.274268 0.03024948760867119 0.029543008655309677 0.5251215100288391 -0.9133318662643433 0.04074372723698616 1.398728460073471 0.5078635811805725 -3.376756191253662 0.43015143275260925 2.1127535328269005 1.1020638942718506 -0.08732125908136368
1666705797.475665 0.09054221957921982 0.08136743307113647 0.5229984521865845 -0.67655348777771 0.08208700269460678 1.6348787546157837 0.5261099338531494 -2.8497843742370605 0.49913209676742554 2.1308456510305405 0.7421088218688965 -0.06246490404009819
1666705797.6669972 0.16878129541873932 0.15604564547538757 0.5265410542488098 -0.48545774817466736 0.14211507141590118 1.8365548849105835 0.5335365533828735 -2.4135334491729736 0.6010209321975708 2.159474417567253 0.6382023692131042 -0.06701724231243134
1666705797.8697274 0.2330276221036911 0.22521592676639557 0.5252852439880371 -0.3670422434806824 0.2170345038175583 2.010567784309387 0.536542534828186 -2.352630615234375 0.7273860573768616 2.1950279772281647 0.6939172148704529 -0.09191355109214783
1666705797.965568 0.27776044607162476 0.2737375795841217 0.5210974216461182 -0.5007078647613525 0.29511168599128723 2.138511896133423 0.5329542756080627 -2.3433825969696045 0.7141802310943604 2.18827123939991 0.9035684466362 -0.12924009561538696
1666705798.078221 0.2980739176273346 0.29452940821647644 0.5164334774017334 -0.4081881046295166 0.3315576910972595 2.179684638977051 0.5310217142105103 -1.990342378616333 0.719444990158081 2.1876460164785385 0.7051650285720825 -0.0724048838019371
1666705798.266138 0.28180012106895447 0.27131399512290955 0.5149106383323669 -0.35495707392692566 0.3616211712360382 2.2172130346298218 0.5228244662284851 -1.5036269426345825 0.7415549755096436 2.202948287129402 1.225511074066162 -0.022424541413784027
1666705798.4805274 0.33658257126808167 0.31939059495925903 0.524513304233551 -0.26068782806396484 0.42524078488349915 2.261985421180725 0.5189602971076965 -1.2064861059188843 0.7661826014518738 2.2077680081129074 1.1305471658706665 -0.015526074916124344
1666705798.6644764 0.41169556975364685 0.3947393298149109 0.5176559090614319 -0.2408476620912552 0.4696190059185028 2.300048828125 0.5225715637207031 -0.6116617918014526 0.7813206315040588 2.2151706367731094 1.0103309154510498 -0.04017232358455658
1666705798.8777401 0.4918031692504883 0.4733498692512512 0.5197793245315552 -0.42034903168678284 0.5187237858772278 2.3419660329818726 0.5281804800033569 -0.5823801755905151 0.8122742772102356 2.219079166650772 0.3570716381072998 -0.07293369621038437
1666705799.0726526 0.5592906475067139 0.5326564908027649 0.5190718770027161 -1.1529526710510254 0.5853326916694641 2.4071295261383057 0.5207309126853943 -0.6440216898918152 0.7087628841400146 2.2257344126701355 0.99492347240448 0.03645411506295204
1666705799.2726097 0.6158645749092102 0.578925609588623 0.5174384117126465 -0.9782419204711914 0.6603080034255981 2.489383816719055 0.5202126502990723 -0.9451160430908203 0.6753706336021423 2.2360402941703796 0.5702404975891113 -0.0808749720454216
1666705799.4815915 0.6604698300361633 0.615598201751709 0.5143643021583557 -0.8691408634185791 0.7357467412948608 2.567674398422241 0.5194898843765259 -1.0295222997665405 0.665747880935669 2.232327476143837 0.24185603857040405 0.0013708625920116901
1666705799.7611039 0.730725109577179 0.6918070912361145 0.5156270265579224 -0.83880215883255 0.8411301970481873 2.6607595682144165 0.5244956016540527 -0.24635376036167145 0.6160577535629272 2.2209906578063965 0.4962005317211151 0.0422268882393837
1666705799.967109 0.7824669480323792 0.7453508973121643 0.5068434476852417 -0.9932271838188171 0.9052206873893738 2.6965454816818237 0.5185291171073914 0.0036341086961328983 0.3746785819530487 2.2254248708486557 0.53193199634552 0.12704876065254211
1666705800.1691866 0.8237004280090332 0.7890511155128479 0.5003578662872314 -0.8863574862480164 0.9589274525642395 2.7309911251068115 0.5067428946495056 0.00914938934147358 0.03822467103600502 2.236290782690048 1.1081327199935913 0.26621508598327637
1666705800.37256 0.8599663376808167 0.8237460255622864 0.5085325241088867 -0.7929820418357849 1.0112217664718628 2.7644731998443604 0.5084440112113953 -0.3225703537464142 -0.08978331834077835 2.23290579020977 0.8566809296607971 0.15326645970344543
1666705800.5613337 0.8965336084365845 0.8600702881813049 0.5174285173416138 -0.5727431774139404 1.0669686794281006 2.813143730163574 0.5170014500617981 0.16571064293384552 -0.225820854306221 2.2322945296764374 0.9602025151252747 0.17792439460754395
1666705800.7718747 0.9359050989151001 0.8925819993019104 0.511954128742218 -0.19499816000461578 1.1260303258895874 2.8694353103637695 0.5054713487625122 0.965870201587677 -0.3611947298049927 2.2293883711099625 0.5040806531906128 0.16632190346717834
1666705800.9712698 0.9783661365509033 0.9352291226387024 0.5115766525268555 0.12938342988491058 1.1903667449951172 2.929150104522705 0.5055326223373413 1.3374788761138916 -0.45784759521484375 2.228609636425972 1.2577414512634277 0.11059631407260895
1666705801.0738587 1.0169543027877808 0.9791799187660217 0.5162859559059143 0.40720847249031067 1.2491437196731567 2.979625105857849 0.5139661431312561 0.5117062330245972 -0.526205837726593 2.226659655570984 1.0068480968475342 0.10940039157867432
1666705801.263545 1.0370579957962036 1.0023528337478638 0.5152350068092346 0.6737304329872131 1.2773525714874268 3.0001840591430664 0.5166805982589722 -0.08047506958246231 -0.7200114727020264 2.2157215774059296 0.42727723717689514 0.09320183843374252
1666705801.4754152 1.071420669555664 1.0458348989486694 0.5075327157974243 0.3971199691295624 1.3342084884643555 3.034080743789673 0.5148019194602966 -0.6772249341011047 -0.7057157158851624 2.2202721685171127 0.38066455721855164 0.006685633212327957
1666705801.6713073 1.102545142173767 1.082970142364502 0.5029339790344238 -0.21867305040359497 1.3859707117080688 3.061168670654297 0.506671667098999 -0.4187542200088501 -0.3789261281490326 2.240672618150711 0.747907817363739 0.08208732306957245
1666705801.7645411 1.1277207136154175 1.1094210147857666 0.5090063214302063 0.36559417843818665 1.430943489074707 3.099701404571533 0.502566397190094 -0.6873470544815063 -0.3169773519039154 2.242671638727188 0.7196616530418396 0.044104088097810745
1666705801.9694026 1.1426074504852295 1.1168681383132935 0.5057650804519653 0.6817165613174438 1.4562417268753052 3.1152448654174805 0.5064801573753357 -1.0009351968765259 -0.06585810333490372 2.253612667322159 1.2303154468536377 -0.0206926129758358
1666705802.1826825 1.1679058074951172 1.1390076875686646 0.5029330253601074 0.6924347281455994 1.505666732788086 3.1513559818267822 0.5109817981719971 -1.3100417852401733 -0.037851035594940186 2.251487970352173 0.8604185581207275 -0.025332465767860413
1666705802.4668055 1.2145575284957886 1.1833630800247192 0.4986141622066498 0.06170856952667236 1.5818867683410645 3.1899209022521973 0.5064600706100464 -1.3164469003677368 0.12214421480894089 2.2540621161460876 0.5244641304016113 -0.017057238146662712
1666705802.6728852 1.2450445890426636 1.2122437953948975 0.5028056502342224 -0.27869799733161926 1.6270016431808472 3.2005410194396973 0.5125503540039062 -0.44898998737335205 0.17171050608158112 2.243975430727005 -0.28244081139564514 0.0947863757610321
1666705802.8644173 1.2742836475372314 1.234681487083435 0.5028442144393921 -0.7365094423294067 1.6633907556533813 3.2106375694274902 0.5123333930969238 0.6779835820198059 1.319720983505249 2.428524076938629 -0.5170777440071106 -23.865684509277344
1666705803.0807276 1.2949274778366089 1.2505987882614136 0.5005108714103699 -1.0415111780166626 1.6962112188339233 3.2441327571868896 0.5066890716552734 0.34850892424583435 3.1852712631225586 0.036605119705200195 -0.011230779811739922 -113.70887756347656
1666705803.3638582 1.3226165771484375 1.2763856649398804 0.5044949054718018 -0.6196795105934143 1.7455652952194214 3.3062326908111572 0.50388503074646 -0.670318067073822 1.8461514711380005 -2.5944981575012207 -0.1201443076133728 -149.09947204589844
1666705803.5786326 1.3404994010925293 1.2985941171646118 0.5061630606651306 0.02044309489428997 1.776094675064087 3.334566116333008 0.5028154850006104 -0.8402970433235168 0.8748636841773987 -4.6156721115112305 -0.6360200643539429 -162.42092895507812
1666705803.865495 1.3713990449905396 1.3342863321304321 0.5019626021385193 -0.37220558524131775 1.8141735792160034 3.3467416763305664 0.5069246888160706 -0.9460356831550598 0.011889936402440071 2.026116643100977 0.04679986834526062 -1.8424267768859863
1666705803.9788835 1.3860573768615723 1.3484032154083252 0.5013325810432434 -0.8315619826316833 1.8403141498565674 3.355459451675415 0.5028626918792725 -0.6895185708999634 0.014043912291526794 2.0420768670737743 0.030150480568408966 -3.015810966491699
1666705804.2619252 1.4017353057861328 1.3567572832107544 0.5040302872657776 -0.7708569765090942 1.868219256401062 3.3723952770233154 0.5087895393371582 -0.7264345288276672 0.014332948252558708 2.046028960496187 0.06488427519798279 -5.375377655029297
1666705804.4766235 1.4185082912445068 1.3609684705734253 0.5055196285247803 -1.1190587282180786 1.8976476192474365 3.405766010284424 0.5083870887756348 -0.8301708698272705 0.012879308313131332 2.043590482324362 0.07132107019424438 -8.465069770812988
1666705804.7613256 1.4411182403564453 1.370115041732788 0.5077642202377319 -2.6673150062561035 1.910413146018982 3.4248158931732178 0.5046670436859131 -0.6641183495521545 0.009389113634824753 2.056384939700365 0.07122551649808884 -9.183542251586914
1666705804.9757822 1.450021505355835 1.3822994232177734 0.5085869431495667 -3.0866525173187256 1.9242606163024902 3.4505491256713867 0.5060358047485352 -1.2172006368637085 -0.00012705405242741108 2.0582627542316914 0.04386354610323906 -28.730379104614258
1666705805.172087 1.4596366882324219 1.3826496601104736 0.5117228627204895 -2.859961748123169 1.9497777223587036 3.4759745597839355 0.5009210705757141 -1.4477031230926514 0.014694762416183949 2.0633422806859016 0.056632231920957565 -45.750648498535156
1666705805.277736 1.4663619995117188 1.3948477506637573 0.5034428238868713 -2.4042530059814453 1.9828402996063232 3.4991443157196045 0.5005768537521362 -1.2376821041107178 0.00112106220331043 2.037557326257229 0.06128685548901558 -52.10946273803711
1666705805.5720565 1.4779539108276367 1.408612608909607 0.49468645453453064 -1.8894741535186768 2.014472723007202 3.5175206661224365 0.49872857332229614 -1.35466730594635 0.023274537175893784 1.9924567602574825 0.020868880674242973 -158.44613647460938
1666705805.7644687 1.4927475452423096 1.4273474216461182 0.5009169578552246 -1.342071533203125 2.0399138927459717 3.522404193878174 0.5114877223968506 -1.565452218055725 -0.026076387614011765 1.9457420706748962 -0.002472297055646777 171.59934997558594
1666705805.8751137 1.5082179307937622 1.4395644664764404 0.5051835775375366 -0.7802278995513916 2.0509119033813477 3.5320284366607666 0.5038533806800842 -1.8290212154388428 -0.041703056544065475 1.9097547233104706 0.0010021170601248741 167.26876831054688
1666705806.0631835 1.5135687589645386 1.447038173675537 0.5055621862411499 -0.725959062576294 2.0633609294891357 3.534583806991577 0.5003352165222168 -1.832249641418457 -0.0565645731985569 1.8361272364854813 0.014713075011968613 166.0029296875
1666705806.2782266 1.5310406684875488 1.453279733657837 0.49950000643730164 -0.5701566934585571 2.07883882522583 3.5423779487609863 0.5006514191627502 -1.6066603660583496 -0.04544472321867943 1.7130352556705475 0.025931887328624725 159.71031188964844
1666705806.559166 1.5458712577819824 1.459474802017212 0.5075297951698303 -0.6541156768798828 2.107896327972412 3.5565762519836426 0.5018192529678345 -0.7538661956787109 -0.009575137868523598 1.7779158651828766 0.03133898600935936 158.43821716308594
1666705806.6810906 1.553376317024231 1.4638330936431885 0.4978598356246948 -0.3020096719264984 2.1237058639526367 3.558736801147461 0.5058659315109253 -0.6737107038497925 0.051869142800569534 1.8636803776025772 0.0314217209815979 161.92669677734375
1666705807.0709128 1.5627648830413818 1.4800305366516113 0.4990217089653015 -1.1491973400115967 2.136387348175049 3.5672495365142822 0.5023067593574524 -0.7567389607429504 0.051869142800569534 1.8636803776025772 0.0314217209815979 161.92669677734375
1666705807.3630207 1.5771589279174805 1.509075403213501 0.49862173199653625 -3.148608446121216 2.157109022140503 3.5891964435577393 0.5004057288169861 -1.050487995147705 0.051869142800569534 1.8636803776025772 0.0314217209815979 161.92669677734375
1666705807.6597326 1.591251254081726 1.517656922340393 0.4923834800720215 -0.774580717086792 2.1813385486602783 3.6172401905059814 0.5005078911781311 -0.9997724294662476 0.051869142800569534 1.8636803776025772 0.0314217209815979 161.92669677734375
1666705807.9578567 1.5960770845413208 1.519066333770752 0.5007913708686829 0.09829181432723999 2.204007387161255 3.647918701171875 0.5036889910697937 -1.0900012254714966 0.051869142800569534 1.8636803776025772 0.0314217209815979 161.92669677734375
1666705808.2612574 1.6062837839126587 1.5455496311187744 0.503157913684845 -0.5079668760299683 2.2305734157562256 3.6871399879455566 0.4959767758846283 -1.520180583000183 0.051869142800569534 1.8636803776025772 0.0314217209815979 161.92669677734375
1666705808.5581896 1.6191097497940063 1.5816656351089478 0.506847620010376 -1.060571551322937 2.26240873336792 3.7131354808807373 0.504984438419342 -1.173375129699707 0.051869142800569534 1.8636803776025772 0.0314217209815979 161.92669677734375
1666705808.8549848 1.6337143182754517 1.5994163751602173 0.5044962167739868 -2.2884509563446045 2.3095903396606445 3.7386133670806885 0.5034966468811035 -1.0793063640594482 0.051869142800569534 1.8636803776025772 0.0314217209815979 161.92669677734375
1666705809.1543849 1.6537715196609497 1.5984331369400024 0.5006474852561951 -3.6858103275299072 2.3290457725524902 3.750661849975586 0.49304211139678955 -0.876568615436554 0.051869142800569534 1.8636803776025772 0.0314217209815979 161.92669677734375
1666705809.4666739 1.676157832145691 1.5940345525741577 0.49793073534965515 -3.3435990810394287 2.370039463043213 3.757669687271118 0.49562156200408936 -0.9905539751052856 0.051869142800569534 1.8636803776025772 0.0314217209815979 161.92669677734375
1666705809.7593274 1.693579077720642 1.5888053178787231 0.49611496925354004 -2.331773519515991 2.417552947998047 3.762396812438965 0.5068737864494324 -0.6030927300453186 0.051869142800569534 1.8636803776025772 0.0314217209815979 161.92669677734375
1666705810.06657 1.706254482269287 1.6128365993499756 0.49837401509284973 -2.385805368423462 2.4546356201171875 3.783100128173828 0.49903956055641174 0.6720390319824219 0.051869142800569534 1.8636803776025772 0.0314217209815979 161.92669677734375
1666705810.3508484 1.7187995910644531 1.6305888891220093 0.49578857421875 -1.1367015838623047 2.4708738327026367 3.780348777770996 0.4913645386695862 0.9909665584564209 0.051869142800569534 1.8636803776025772 0.0314217209815979 161.92669677734375
1666705810.666662 1.7219711542129517 1.6276699304580688 0.49764949083328247 0.1983460634946823 2.473982572555542 3.7611443996429443 0.5041705965995789 1.1738557815551758 0.051869142800569534 1.8636803776025772 0.0314217209815979 161.92669677734375
1666705810.9598382 1.7248733043670654 1.631132960319519 0.49709028005599976 1.7446799278259277 2.48994779586792 3.760226249694824 0.4954352080821991 1.2850794792175293 0.051869142800569534 1.8636803776025772 0.0314217209815979 161.92669677734375
1666705811.2579136 1.7255299091339111 1.6582362651824951 0.5005042552947998 2.5354080200195312 2.5116493701934814 3.8041744232177734 0.501804769039154 2.187009334564209 0.051869142800569534 1.8636803776025772 0.0314217209815979 161.92669677734375
1666705811.5565007 1.7354586124420166 1.6865503787994385 0.5112464427947998 0.41153693199157715 2.532975912094116 3.84578800201416 0.49750009179115295 2.070880651473999 0.051869142800569534 1.8636803776025772 0.0314217209815979 161.92669677734375
1666705811.8566065 1.7433722019195557 1.7017650604248047 0.4907830059528351 -2.6536664962768555 2.548334836959839 3.869504690170288 0.5005539655685425 0.6409853100776672 0.051869142800569534 1.8636803776025772 0.0314217209815979 161.92669677734375
1666705812.1610587 1.7412446737289429 1.7092643976211548 0.4985583424568176 -4.106143474578857 2.5460667610168457 3.8542325496673584 0.5030202269554138 -0.8495240211486816 0.051869142800569534 1.8636803776025772 0.0314217209815979 161.92669677734375
1666705812.4581985 1.7298742532730103 1.7100967168807983 0.4976409077644348 -3.107642412185669 2.5472748279571533 3.8729889392852783 0.5012664198875427 -2.527613639831543 0.051869142800569534 1.8636803776025772 0.0314217209815979 161.92669677734375
1666705812.7722213 1.7211248874664307 1.7148659229278564 0.49971601366996765 -2.9460370540618896 2.5812885761260986 3.88179087638855 0.499602735042572 -3.946729898452759 0.051869142800569534 1.8636803776025772 0.0314217209815979 161.92669677734375
1666705813.053185 1.7430195808410645 1.6932839155197144 0.49942103028297424 -2.48360276222229 2.6161446571350098 3.88230037689209 0.4996946454048157 -3.4765267372131348 0.051869142800569534 1.8636803776025772 0.0314217209815979 161.92669677734375
1666705813.358221 1.760582447052002 1.686727523803711 0.5035998821258545 -5.760534286499023 2.6390578746795654 3.8856637477874756 0.5055572986602783 -2.9085490703582764 0.051869142800569534 1.8636803776025772 0.0314217209815979 161.92669677734375
1666705813.6581657 1.7543538808822632 1.6716551780700684 0.49830707907676697 -7.50240421295166 2.6404802799224854 3.8730249404907227 0.5046508312225342 -1.0582102537155151 0.051869142800569534 1.8636803776025772 0.0314217209815979 161.92669677734375
1666705813.9580255 1.7465523481369019 1.6690815687179565 0.5118560791015625 -5.571536540985107 2.643599271774292 3.862536668777466 0.4973674714565277 -0.5724150538444519 0.051869142800569534 1.8636803776025772 0.0314217209815979 161.92669677734375
1666705814.2549624 1.7439688444137573 1.6649785041809082 0.49655088782310486 -6.780916213989258 2.6417407989501953 3.878371238708496 0.501442015171051 -1.4746291637420654 0.051869142800569534 1.8636803776025772 0.0314217209815979 161.92669677734375
1666705814.5652387 1.7671161890029907 1.667698860168457 0.49866846203804016 -2.707134485244751 2.646465301513672 3.8963403701782227 0.4996468126773834 -1.012410283088684 0.051869142800569534 1.8636803776025772 0.0314217209815979 161.92669677734375
1666705814.8559213 1.7933104038238525 1.6705708503723145 0.49538087844848633 1.8741259574890137 2.6449108123779297 3.908061981201172 0.5013818740844727 0.07851222157478333 0.051869142800569534 1.8636803776025772 0.0314217209815979 161.92669677734375
1666705815.1617234 1.8132377862930298 1.6655150651931763 0.5111379623413086 5.209832668304443 2.6674575805664062 3.91808819770813 0.4949459135532379 0.43659844994544983 0.051869142800569534 1.8636803776025772 0.0314217209815979 161.92669677734375
1666705815.4524047 1.8323020935058594 1.6802034378051758 0.5085888504981995 7.886324882507324 2.689643383026123 3.926074266433716 0.5005831718444824 -0.02424813061952591 0.051869142800569534 1.8636803776025772 0.0314217209815979 161.92669677734375
1666705815.7635853 1.837867021560669 1.7149852514266968 0.5045689940452576 8.679080963134766 2.6993720531463623 3.9299871921539307 0.4982840418815613 -0.4626552164554596 0.051869142800569534 1.8636803776025772 0.0314217209815979 161.92669677734375
1666705816.158305 1.8463107347488403 1.735426425933838 0.49647215008735657 8.431317329406738 2.687474012374878 3.928839921951294 0.5045566558837891 -0.07250902056694031 0.051869142800569534 1.8636803776025772 0.0314217209815979 161.92669677734375
1666705816.456228 1.822100281715393 1.7393157482147217 0.5024769902229309 7.911871910095215 2.693619966506958 3.9458000659942627 0.5028192400932312 0.6461583971977234 0.051869142800569534 1.8636803776025772 0.0314217209815979 161.92669677734375
