1666705954.2319753 0.0 0.0 0.0 0.6771793123905004 0.679939481878094 -0.3314871450617316 0.0 0.3473003030569227 0.3314871450617317 0.3473003030569227 -0.27058437689451575 0.0 0.2721896584895934 0.13529218844725788 0.1360948292447967
1666705954.3325932 -0.01312385305413506 0.0 0.01374990919218555 0.6622740753037034 0.6680510179155972 -0.31365676411695775 0.0 0.3326696050967034 0.3352028526609379 0.3499092357372845 -0.2695913798019163 0.0 0.2766700438421108 0.1413917651888132 0.1437863032633758
1666705954.4274304 -0.028216189738119932 0.0 0.02976560414127838 0.6459344150610699 0.6519648488598699 -0.29302950815438855 0.0 0.31636731056110334 0.3388777599887758 0.353075020520131 -0.2665050412108088 0.0 0.28238294892164434 0.14860435701336475 0.15387215383658237
1666705954.5256796 -0.040716821110216635 0.0 0.043294766133562756 0.6317468373452633 0.6374779594234598 -0.2776586834936091 0.0 0.30197834352523334 0.34307057827134213 0.35423776743097446 -0.2641754155714848 0.0 0.28510572080311586 0.15593276901506833 0.16229845435204282
1666705954.6154773 -0.04757407916954435 0.0 0.05078124415834728 0.623484682684084 0.6290771484533999 -0.2729756912126361 0.0 0.2905350409608425 0.3484090211598086 0.35080098638588353 -0.26470945576508115 0.0 0.2835018347989417 0.16141263413082318 0.16585520525033426
1666705954.7248673 -0.054469664813240476 0.0 0.05811589817553697 0.6153017037999547 0.6201604919674102 -0.27065515189345246 0.0 0.27664841769000814 0.35544496856367863 0.344470060443113 -0.26647043363166767 0.0 0.27971720164385283 0.16779417340284744 0.1684786682083086
1666705954.828292 -0.06313949709657074 0.0 0.06687985508232552 0.6059127417558376 0.6076072689904233 -0.267242553656871 0.0 0.26032514479509483 0.3631228795882941 0.3370577447992642 -0.2683487149315028 0.0 0.274605260071676 0.1760414430448194 0.17167990816816991
1666705955.0238543 -0.07147490167485761 0.0 0.07478000503938143 0.596045639837047 0.5956917172487192 -0.27575944863533375 0.0 0.22909447828324303 0.3792338918934109 0.31282345023233854 -0.27765611300799575 0.0 0.25765358689831624 0.18749472989826937 0.16860294153285005
1666705955.1293824 -0.0781205356810167 0.0 0.07980004951308461 0.588415308152957 0.5848109123560628 -0.27496293886090756 0.0 0.21476470056281227 0.38472403150560086 0.303706745824074 -0.2806343098201592 0.0 0.24907258507580837 0.1948789375657862 0.16822476790240393
1666705955.2254229 -0.08622991120912962 0.0 0.08536022872600935 0.5787418787157902 0.5729772488297077 -0.2702765410706043 0.0 0.20338489817434108 0.3878518333087734 0.2984462774476299 -0.28187984212531136 0.0 0.24115836020604353 0.20315499093146888 0.16904038728668408
1666705955.3283317 -0.09387409417766218 0.0 0.09026225909050267 0.5695440838123147 0.5612964698478999 -0.265766130145906 0.0 0.1928495617389488 0.3900680232565513 0.2933006562609103 -0.2826384141021607 0.0 0.23297252114945205 0.21112739274446818 0.16958372232270558
1666705955.4200823 -0.09922567997898732 0.0 0.09345615198470925 0.5627106124763404 0.553022256063695 -0.26361922114637193 0.0 0.18420640153148715 0.39194095151929986 0.2880841283017028 -0.2838534884219447 0.0 0.2246577031441275 0.21714022731131455 0.1687239410835038
1666705955.5285861 -0.10419612726252753 0.0 0.09619999050863948 0.5559104791941636 0.5454634369324574 -0.2601404213101317 0.0 0.17839499838887268 0.3923073160911479 0.28545247210406277 -0.284266728306812 0.0 0.21729849702959153 0.22256701328977052 0.16814567355645443
1666705955.62282 -0.11136108833972025 0.0 0.0999764931104059 0.546491029512289 0.5345698733613178 -0.25304268383559614 0.0 0.17472616827424592 0.3912472500820733 0.2864686760017869 -0.2835507207297977 0.0 0.20842589388065214 0.23015051767450637 0.16835314405717983
1666705955.8312242 -0.11534791674042766 0.0 0.10207990059141148 0.5410547607196747 0.527869408798235 -0.24924119191652078 0.0 0.17168391644604042 0.390417263297244 0.2859784291074291 -0.28881143170223866 0.0 0.1860898899911741 0.23585907277925255 0.15970273110744776
1666705956.0266373 -0.13427884294685014 0.0 0.1119210855656505 0.5196551677261481 0.49339834509130304 -0.22597082971061339 0.0 0.17171231938391118 0.3837589312823927 0.2999866969589021 -0.280505813733957 0.0 0.16819664583794078 0.25523569854175476 0.16480448257873526
1666705956.1186388 -0.14724619759750213 0.0 0.12037694044770286 0.4995966355175014 0.4635665748099948 -0.20916311282850214 0.0 0.17145041614468975 0.3777414810420463 0.3087145425524228 -0.2679790208808763 0.0 0.16410829012685196 0.2708897940775852 0.17725802732208226
1666705956.2186317 -0.14889090699232582 0.0 0.12173361374112757 0.4954618491184294 0.45755430031071836 -0.207452783655012 0.0 0.16847089370492174 0.37660977828868153 0.30655524347822416 -0.2692301727196881 0.0 0.14969070672929602 0.27316614665994343 0.1725177943647363
1666705956.3181448 -0.1509994843900535 0.0 0.12341643501973132 0.4895540473353052 0.4505249522013918 -0.20451535431302353 0.0 0.1671156552364853 0.37507298045919296 0.30646663679458863 -0.26916401144161256 0.0 0.13581359609154667 0.2759543266775492 0.168903502389116
1666705956.4224448 -0.15240748516389813 0.0 0.1245661600633523 0.4843210592459822 0.4453453856420633 -0.20413884032196844 0.0 0.16107756670442624 0.3741302606485064 0.3012026779416973 -0.26963019656393034 0.0 0.1204652125973756 0.27737045360066886 0.16361774678352173
1666705956.5307698 -0.15406654266371994 0.0 0.12573710412294292 0.47697362763160656 0.44032560283805483 -0.20396461105363867 0.0 0.1538938332416691 0.3731307506938282 0.2950038380801645 -0.268480371007828 0.0 0.1042975913433966 0.278509485811197 0.15845172871794655
1666705956.627841 -0.15615457907535263 0.0 0.12691535164893852 0.4675298708869843 0.4348702540335456 -0.20442679358129456 0.0 0.14392736357342434 0.3720187723216451 0.28634784559425697 -0.26572695590986345 0.0 0.08803720319459203 0.2798125574436311 0.1540036942943471
1666705956.7225292 -0.15846035974537737 0.0 0.1277279509600575 0.4561987747559143 0.43010263566825174 -0.20414073383770726 0.0 0.13523495281404807 0.3704789911465885 0.27935642066478483 -0.26150695328267204 0.0 0.07507003525933499 0.28125114325831313 0.1514802324805137
1666705956.8190992 -0.15976108872406397 0.0 0.12794170960473927 0.44805076250261044 0.42774023055057436 -0.20488076386637494 0.0 0.12623185910930995 0.3690901419232848 0.2713530991059283 -0.2588804983563847 0.0 0.05367207349032039 0.27990915251700943 0.14330711090104856
1666705956.9282298 -0.16109607819672994 0.0 0.12789111898315264 0.4406961422285529 0.4252802913809691 -0.20449251923590256 0.0 0.1196625744085339 0.36734169972796477 0.26620678781403806 -0.2553241325098458 0.0 0.036424388360736984 0.27870786577135426 0.1371924504234155
1666705957.028018 -0.16309460123051228 0.0 0.12751217233515355 0.4335747317388559 0.4194352830878067 -0.20232903159206267 0.0 0.11497675473734059 0.3647594301842501 0.2641502176189945 -0.2507466634799164 0.0 0.024027493600754585 0.2790460713445139 0.13437780895229282
1666705957.1139393 -0.1649804488225347 0.0 0.12690964320770126 0.42655980948200073 0.4144367153483613 -0.1990530594256743 0.0 0.1124743072300935 0.36188161795725315 0.2645511682682933 -0.24541310922462267 0.0 0.01692452246173957 0.2797209673744984 0.13425376249814786
1666705957.2152085 -0.16593961183960118 0.0 0.12650328043820536 0.42446433186829247 0.4098209394838576 -0.19564727208163726 0.0 0.11123551248792751 0.35907382957244666 0.26532538209855255 -0.24103816492272928 0.0 0.00982401847268622 0.2789745806140701 0.13296178124002347
1666705957.3242102 -0.16679944248676987 0.0 0.12606138448643534 0.42189709493924493 0.403588260916426 -0.1919601295874271 0.0 0.1103031333642237 0.3562159823829503 0.26649486352433205 -0.2366278201160097 0.0 0.006028566429948982 0.27867701542557416 0.13330917052502367
1666705957.4225755 -0.16779713479420227 0.0 0.12543652532180594 0.42165581861214224 0.39272799201982045 -0.18733341094035383 0.0 0.10951950080792056 0.3528477388363338 0.2683526356242474 -0.23165554565939994 0.0 0.006524643423687717 0.2794632266860985 0.13636995265189558
1666705957.5185144 -0.16834720832345337 0.0 0.1249883573196735 0.42378594873781267 0.38138623225832397 -0.18393831273839076 0.0 0.10796178075201668 0.3501734230935759 0.268486522304036 -0.22738833575404527 0.0 0.006713001005949081 0.279581284648704 0.13859236814322218
1666705957.6266506 -0.1687811218427071 0.0 0.12451449340582288 0.4252643010381142 0.3706888202847078 -0.18034589722883243 0.0 0.10492410124655777 0.3470256219140402 0.2669925017730922 -0.22232079162336066 0.0 0.007266367958162309 0.27934808370900194 0.14108544614712804
1666705957.7220209 -0.1692412501862085 0.0 0.12373504941388846 0.423384238488022 0.36110472020940954 -0.17740915878637503 0.0 0.0996896091951025 0.34407113506898607 0.2631294914198806 -0.21737383116142245 0.0 0.009508011298348 0.28003217478063347 0.1449708033729294
1666705957.820953 -0.16961406852027952 0.0 0.122637512528597 0.4208987438479205 0.3510329577945603 -0.1756397220633422 0.0 0.09268954392036671 0.34156463611962873 0.2570226552637981 -0.21193391096674669 0.0 0.011971605749550869 0.2807375280861175 0.14922401239458452
1666705958.033988 -0.169793302199105 0.0 0.12174670714978753 0.4178157782593076 0.34480270952214076 -0.17415040995906828 0.0 0.07886190822697073 0.3365847665939596 0.24417261609156815 -0.20354443720277535 0.0 0.0038853578013759854 0.27746102021395685 0.14811570895717707
1666705958.2215939 -0.1700173113220133 0.0 0.11954189911610236 0.4067154037659937 0.3369200222283378 -0.17072377859267274 0.0 0.06860107424794926 0.3319032489141324 0.2350999779201653 -0.19479424664864248 0.0 -0.002499925770517282 0.2752022022497776 0.14856107620403045
1666705958.5041654 -0.17004591763557086 0.0 0.11747920029114645 0.4017190283948382 0.33126844153271745 -0.16851642727394112 0.0 0.0654343389258576 0.3299779274276725 0.2324803743650979 -0.19416357085411254 0.0 0.0025342436325956758 0.2775793714446376 0.15236048960692042
1666705958.621934 -0.16971927659703676 0.0 0.10636439499835193 0.38295175675505655 0.3062505048394839 -0.15681213148350745 0.0 0.06887153745905225 0.3261256712246231 0.23716573573149524 -0.17716012993489838 0.0 0.007926731908388121 0.2801999804704007 0.16455287695884613
1666705958.7189212 -0.1691807700784697 0.0 0.10480013365263763 0.38029444319401184 0.3001612939650766 -0.15272365312207253 0.0 0.06735110505022482 0.3229029505522683 0.23645729567499088 -0.17254374062931388 0.0 0.004680683230706827 0.27896764639498683 0.16511971873867826
1666705958.8220356 -0.16883411273482038 0.0 0.10401129677361731 0.3777633136532824 0.2959309064331087 -0.14862340666152948 0.0 0.06898886838788634 0.320783588454051 0.23893776974202932 -0.17034394247856519 0.0 0.005689262075140547 0.2789180818320621 0.16655213201604044
1666705958.9177856 -0.16806061535098676 0.0 0.10267093010688022 0.3746517314526906 0.2900309017234213 -0.1449706610370594 0.0 0.06739436527684928 0.3178248178949727 0.23804243948883722 -0.1650444447488716 0.0 0.006050983310418714 0.277970838820775 0.1687706041126377
1666705959.023906 -0.1674199898780807 0.0 0.10169218992751539 0.37019622523758855 0.2858132041726784 -0.13990125970438555 0.0 0.06609633409302557 0.3139146953784405 0.23796069796035524 -0.15872486737423702 0.0 0.007606093616951304 0.27661368024664923 0.17138539217018017
1666705959.1260798 -0.16636682848378231 0.0 0.1003299111840823 0.3640721343637864 0.2824254426904975 -0.13455408455567605 0.0 0.06261602338308417 0.3089573250832914 0.23576174705160813 -0.1510678431777807 0.0 0.008815144202145714 0.27485187537201394 0.1743834596662709
1666705959.2212818 -0.16535682811019126 0.0 0.09913255955497857 0.3577040127228067 0.2798046387695453 -0.12858266525558806 0.0 0.059364415616568356 0.3035483972165645 0.23411762037919145 -0.1416827737872129 0.0 0.008272284225605248 0.271860597916134 0.17670734286185208
1666705959.310696 -0.16429499632236777 0.0 0.09798427836789902 0.3503946904319505 0.27769800877772544 -0.12273763386265696 0.0 0.054302096247905524 0.29742595680461875 0.23088927572842255 -0.13267539106092394 0.0 0.007540131960189114 0.26885080795719835 0.1787884028123206
1666705959.4257295 -0.16313087011990873 0.0 0.09676063062471574 0.34459083574793503 0.27551310672320306 -0.11826080546992096 0.0 0.049453898375398125 0.2922663111477146 0.22749578903211115 -0.12415622924584235 0.0 0.005989705196435574 0.2657472173328028 0.18035615496811686
1666705959.5220017 -0.16098044038338577 0.0 0.09449342186180854 0.3391715543539823 0.271640763233187 -0.11469821940680741 0.0 0.045731622460582544 0.2881422264322371 0.2246310991564183 -0.11671758728013498 0.0 0.005508428132377993 0.26342722440309446 0.18257633111173394
1666705959.6233635 -0.15876304929651097 0.0 0.09215723364329209 0.33391997007344654 0.2685731402743716 -0.11287382687257969 0.0 0.0423157165088158 0.28535524247466015 0.22152102838277132 -0.11144701308453517 0.0 0.004439822690702894 0.2616583225066268 0.18403209483278038
1666705959.7106297 -0.15733560842421657 0.0 0.09060685176848815 0.3312062246223765 0.2663665989852171 -0.10976620863319683 0.0 0.03781790036787089 0.2812273208756628 0.21810893440329665 -0.10760887453908213 0.0 0.0019059681656919403 0.25987893265886597 0.18418300107349955
1666705959.8196418 -0.15607413533343545 0.0 0.08920696356357105 0.3274801715608088 0.2644226700543477 -0.10665708872611884 0.0 0.0343559356985034 0.2775675793041697 0.21574364394317755 -0.10486697693967736 0.0 -0.0007105561698216162 0.2583909567588558 0.1839547777792805
1666705959.9277081 -0.15419889787517926 0.0 0.08712552185189248 0.32459792019892486 0.2618951426969518 -0.10419704006696262 0.0 0.03279011586748132 0.27512813646165646 0.21484062224562783 -0.10342760487870595 0.0 -0.0020913618133070327 0.257652982344654 0.1841227934969767
1666705960.0199914 -0.15212234986958884 0.0 0.08486900411683873 0.31912848109996206 0.25951160536685614 -0.10161489550792868 0.0 0.029056476704335338 0.27165447703025913 0.2120628505959572 -0.10160244075792746 0.0 -0.003344115719853699 0.25676350373785584 0.18443242336127452
1666705960.122145 -0.15026995404968646 0.0 0.08282204107378388 0.31330117547128733 0.25901511901810026 -0.09897414307550598 0.0 0.02749769929263149 0.26902051484831846 0.21135178654257747 -0.09888943596794567 0.0 -0.0039727086596251515 0.2556408746454082 0.18506707966167005
1666705960.2200346 -0.14855193798832805 0.0 0.08096910014237046 0.30524984934331834 0.2591851735721049 -0.09654523045329563 0.0 0.02662825968378732 0.2667632387393981 0.21129251445159858 -0.0955038272309503 0.0 -0.00561979471275556 0.25398965845305443 0.1853443361643577
1666705960.3154647 -0.1465744128118191 0.0 0.07890282090238743 0.2976687118374255 0.25880641231098644 -0.09266484609943273 0.0 0.026037299866544766 0.26344660759636906 0.2120837264861791 -0.09122053986240403 0.0 -0.006813932701844397 0.25209077235731603 0.18604157426839665
1666705960.4308958 -0.14452140921899348 0.0 0.07688957703414756 0.29038121188159405 0.2583030807435571 -0.08941544761811457 0.0 0.024670646004423258 0.2600915975976953 0.21206779911108758 -0.0870627979333071 0.0 -0.006940653704238145 0.25044901388001667 0.18719269588086995
1666705960.5366526 -0.14188342551395106 0.0 0.07438979869530171 0.2841762077737414 0.25556027767643585 -0.08640706291215672 0.0 0.021840269995061196 0.25596170489266723 0.21076588286351294 -0.0825591186588768 0.0 -0.0072660639450159575 0.24853208721150338 0.18842225018647235
1666705960.7250886 -0.1391967468406325 0.0 0.07184486439480908 0.2731100514781152 0.2506939732830018 -0.08004783585315978 0.0 0.014104742449761176 0.24728071207820232 0.2062487693480628 -0.0722382093018275 0.0 -0.010534392702355011 0.24372959214980366 0.1895616239209542
1666705960.8146973 -0.13721964670134318 0.0 0.06991485416749788 0.2680027631723274 0.24732948927379483 -0.07733886337173498 0.0 0.011839987089102805 0.24372516624089297 0.2052345591237287 -0.0682777651270945 0.0 -0.011825848527049501 0.24166375069031537 0.19003491308706966
1666705960.922167 -0.13583276608062805 0.0 0.06856979982413214 0.26477159043959153 0.2440211427423149 -0.0745922659809792 0.0 0.008180842211722661 0.23969719364636333 0.20295490065065408 -0.06508080316854789 0.0 -0.014687450556703188 0.23953948140567718 0.1895996901454095
1666705961.0291388 -0.13387407356624004 0.0 0.06663834271593339 0.2616994047047523 0.2397847001708061 -0.07213405123730285 0.0 0.00529092488360372 0.23604317315250392 0.20123825943546597 -0.06192400722430774 0.0 -0.016435198722927646 0.23755857758661292 0.18964776287658364
1666705961.1253972 -0.13086356034957958 0.0 0.0636469733379268 0.2576403781969736 0.23586882163226108 -0.07230856587857706 0.0 0.005031518007335645 0.23508985496443247 0.200821905702249 -0.05985977521167446 0.0 -0.017882172044447003 0.2357473677816482 0.18962526711451133
1666705961.2124956 -0.12800458332675957 0.0 0.060785044283262035 0.25342865235947165 0.23517130458352853 -0.06783400512132234 0.0 0.009427488376624882 0.23327749583628138 0.2061105774737343 -0.05863917861600901 0.0 -0.019432078096239105 0.2341983675301944 0.18936935893030804
1666705961.318525 -0.12688707546346517 0.0 0.05983121478258324 0.2517140192069961 0.23312145145605634 -0.0666317474580009 0.0 0.006862155530438119 0.23093504301828371 0.2042639007664706 -0.05595937206735481 0.0 -0.02054801917938677 0.23268453094603636 0.18956204722681713
1666705961.5212216 -0.12497470364839613 0.0 0.05815009314010644 0.24748289065712326 0.23039331203553148 -0.06612125153416287 0.0 0.0033878181414504493 0.22841566858324222 0.20133105506485297 -0.051768884784973615 0.0 -0.023959799317725683 0.2298179541076062 0.18913831484526955
1666705961.6190982 -0.1166599899322186 0.0 0.05041337383642608 0.23947837419913864 0.21719130113456153 -0.06796359127031507 0.0 -0.0024434198249566608 0.22450292356302257 0.19527163323641167 -0.05365449051686391 0.0 -0.02203429192776199 0.22861337863609787 0.18997209540177595
1666705961.7174034 -0.11512657090735301 0.0 0.048748946584700636 0.2364127040643914 0.21091623534303017 -0.06634381637494366 0.0 -0.007587562025070993 0.2205013271283138 0.19101608217678828 -0.051912623292739504 0.0 -0.025066119108153234 0.22664806869556753 0.18904496865276862
1666705961.8168232 -0.11352587049125729 0.0 0.04690038609160396 0.23352418327036084 0.20539591885210673 -0.06512982109741025 0.0 -0.010319228167245564 0.217916405026683 0.18861137544510795 -0.05010639544417904 0.0 -0.02169101504515225 0.22628215460796058 0.19077704874952262
1666705961.926528 -0.11191660501767448 0.0 0.044997719431994376 0.22976339763005027 0.19937509604078318 -0.0623774246649197 0.0 -0.013930344276390283 0.21383945271914187 0.1858381637838588 -0.04777186139679987 0.0 -0.023096321132943992 0.22443595454070764 0.19055196337448105
1666705962.014366 -0.1097951376759127 0.0 0.04247418226847244 0.22634635761279565 0.19586660830001823 -0.059545137868736886 0.0 -0.017589222786755482 0.20950734932996046 0.18275982808793773 -0.044260715086812674 0.0 -0.025324516702023542 0.22171339599834533 0.1901297447392311
1666705962.1131232 -0.10793150577893879 0.0 0.040246598628048025 0.22179532106137234 0.19194707001384137 -0.05620711736050375 0.0 -0.02028392555709696 0.20543237370674816 0.18087244047015574 -0.04045413053321334 0.0 -0.028247012142149835 0.21877859031392272 0.1894485509526413
1666705962.2185316 -0.10690100225096139 0.0 0.03904065070618001 0.2174174876946643 0.18707226518174624 -0.052193709447618 0.0 -0.024841285370281616 0.2002347615649953 0.1779866839461241 -0.036265780286296845 0.0 -0.03161125833667988 0.21595310901396012 0.1887748870700304
1666705962.3271506 -0.10513991770224612 0.0 0.036984224866014825 0.2146728698131425 0.1835967130626025 -0.0495935457944664 0.0 -0.030346588536800112 0.19527368803608205 0.1734371090533238 -0.03338179398737334 0.0 -0.03522502495936938 0.21317151147154875 0.18755192559853545
1666705962.420002 -0.10270511288886369 0.0 0.03403286399523986 0.21030999383340343 0.17941310446614867 -0.04626707639537908 0.0 -0.032189323609821324 0.1914973200846204 0.17211227510840793 -0.030775236253409194 0.0 -0.03797927134887075 0.21035513192593785 0.1864069390463323
1666705962.5156512 -0.10046123784080319 0.0 0.03139998865748539 0.20698717950452394 0.17650070961656394 -0.04517314449449869 0.0 -0.03368831977340693 0.1894234819473813 0.17035633609269765 -0.02871480702650793 0.0 -0.040234022628262395 0.2079409533377614 0.1853783892727367
1666705962.6182613 -0.09820803565325137 0.0 0.028747390058688982 0.20370148114140613 0.1723835899854108 -0.04258828172416289 0.0 -0.034940433250015265 0.18649090065787827 0.16939529107432225 -0.02699239115711291 0.0 -0.04253893054937119 0.205601162384495 0.18420906915034443
1666705962.7288344 -0.0965193678016622 0.0 0.026813768059997356 0.20154984446456864 0.17155622664766268 -0.05050259521600152 0.0 -0.02942254458303621 0.19404469594129986 0.17050781984339564 -0.025772882335249478 0.0 -0.04525579264315327 0.20359703048883146 0.18289099897538302
1666705962.824135 -0.09427402396700846 0.0 0.024069771669515072 0.19748944116747158 0.1693746421989748 -0.05086175168179566 0.0 -0.0287169875282631 0.19399272879274637 0.16999151529460016 -0.02680754806837911 0.0 -0.04575842505819436 0.20267158722233386 0.18177983790122343
1666705962.9206913 -0.0921163192372717 0.0 0.021446130150816645 0.19195817387164316 0.16866587082706086 -0.048303736553876084 0.0 -0.03165354935690881 0.19009604452762724 0.16749179265650127 -0.027209339014734144 0.0 -0.04624524679143954 0.20154087458694986 0.18080399206349163
1666705963.0175867 -0.08999273291120041 0.0 0.018872400267412326 0.1864082898939497 0.16806438839740923 -0.04691209525737544 0.0 -0.033806135022400166 0.18724621691967802 0.16538270690062565 -0.026832128383621284 0.0 -0.04766494894115961 0.19985767521678816 0.17957512065885278
1666705963.1270213 -0.0884797610122432 0.0 0.01702235468052593 0.18154586803657846 0.166737267155037 -0.04416627137852265 0.0 -0.03839911813181575 0.18241944527561432 0.1620107243252287 -0.027448298237616714 0.0 -0.04825836036776923 0.19904732897544025 0.1786389750588579
1666705963.2183826 -0.08641215935024654 0.0 0.01443647100843748 0.17777813041638357 0.16467438620418284 -0.04273743635293402 0.0 -0.043702312308685584 0.17774173947957317 0.15741043040290603 -0.02744047831399278 0.0 -0.049990419888224 0.19733888226349489 0.17711762880212817
1666705963.414331 -0.08479664493494882 0.0 0.01228593550206547 0.17228066691944488 0.16258696564289565 -0.03951981972273155 0.0 -0.05028042829125387 0.17143668743964044 0.15257824895123578 -0.02553086817642966 0.0 -0.054775075631966264 0.19432936965858125 0.174846630496913
1666705963.5247076 -0.0788851874569288 0.0 0.0041171118845750865 0.1600787850112077 0.15893254432351744 -0.03636894466220525 0.0 -0.05429883372812003 0.1642005488807294 0.1490803584184951 -0.026264031765516407 0.0 -0.05670516228594194 0.19012289613170597 0.1711223749159222
1666705963.6152756 -0.07689851316982543 0.0 0.001387485523518306 0.1541930298219168 0.15662453806109722 -0.03454183603405225 0.0 -0.05501972611604155 0.16141738177153508 0.14884791177985285 -0.02545273451871624 0.0 -0.05937877441701783 0.1876398425739424 0.169220788620505
1666705963.7104142 -0.07529848801061145 0.0 -0.0007432991340010631 0.14923733197580752 0.15539876773361694 -0.03324803914434578 0.0 -0.058245205934407324 0.15785997738116897 0.1463431340868463 -0.024624941208179256 0.0 -0.058940268238172805 0.18626907180490104 0.16883428750465662
1666705963.8204288 -0.07422639959033622 0.0 -0.002209326966914782 0.14379320481546692 0.15424037741508656 -0.04367690643893406 0.0 -0.07174650088002349 0.15703179969389772 0.1304156556180494 -0.023396857100657975 0.0 -0.06132016603150642 0.184346360783773 0.16759473646271478
1666705963.919217 -0.07310521830989619 0.0 -0.004761375123645051 0.14135113836116991 0.1516527767109611 -0.042222644092573175 0.0 -0.06942285086596081 0.15612358603897158 0.13268841970856313 -0.02183416682188624 0.0 -0.06414282164627799 0.18181981435604994 0.16574744217764353
1666705964.0119298 -0.07173138206066687 0.0 -0.007637893080934655 0.13939115997989399 0.1470373980924845 -0.04250720233805744 0.0 -0.06678941283998778 0.1563643688651038 0.13445664309235567 -0.021092473081478144 0.0 -0.06627648157412483 0.17953251951485685 0.1638661350981751
1666705964.1155024 -0.07085042817954429 0.0 -0.00942099739389235 0.13787229973939757 0.14327266610929124 -0.04125506851419468 0.0 -0.06439594500801793 0.15595330284639786 0.13669408972875305 -0.01996251349710608 0.0 -0.06865997688226255 0.17752700676127406 0.16240637704654842
1666705964.2209277 -0.06992042224897449 0.0 -0.011148532652528242 0.13558285277587062 0.1376629119435071 -0.0385861360711193 0.0 -0.06116436988062757 0.15505134158520062 0.140161647139255 -0.01881298994272726 0.0 -0.07130254641125303 0.17541429481698828 0.16086609342256789
1666705964.3122473 -0.06869803289048931 0.0 -0.013099712482709469 0.13448991175881686 0.13269177305800928 -0.03487437336702795 0.0 -0.05733363894601645 0.15360230750405143 0.14435741474144145 -0.018455846607230292 0.0 -0.07356717588769415 0.17346102622513065 0.1592112583908058
1666705964.4154572 -0.06747200200384162 0.0 -0.01470309191727659 0.13292270229249648 0.12705923277732356 -0.030812861043308326 0.0 -0.05415762431256357 0.15171980575766245 0.1481136803209519 -0.01788533807309188 0.0 -0.07596957732268939 0.17147859399315918 0.15769860610336317
1666705964.5246615 -0.06644678290300166 0.0 -0.015806487664326463 0.13065994494108374 0.12415721662468437 -0.026642042361817657 0.0 -0.05195737438217269 0.14947897243764355 0.15115464565909054 -0.017690841250886484 0.0 -0.07675153731749199 0.17032895127006142 0.15697881995641616
1666705964.6236193 -0.06481757356983775 0.0 -0.017286144640910273 0.12848129418938153 0.11971351873116642 -0.024242084582980765 0.0 -0.051303821536184284 0.14729608078104148 0.15185690986651554 -0.01804300471362611 0.0 -0.07732273073939039 0.1690135163989112 0.1560767154699233
1666705964.7195504 -0.06312948856759931 0.0 -0.018701401280121877 0.12613926376685436 0.11820867340513275 -0.023308209114352767 0.0 -0.04922437106738163 0.1468377348955002 0.1530600346141481 -0.017343097105890215 0.0 -0.07612096931659648 0.16777924124096338 0.15617417072622145
1666705964.824973 -0.06162352921251352 0.0 -0.019855717578524334 0.12399301656420586 0.11678243612740424 -0.02070181284229252 0.0 -0.043809776212067164 0.14710732050697795 0.15787310251427358 -0.017028165891371787 0.0 -0.07486147138731195 0.16684363849328193 0.15628143663775407
1666705964.9203517 -0.06004459620072938 0.0 -0.02077996654209513 0.12249870525063489 0.11425156958830779 -0.021394514518046415 0.0 -0.04829463978454652 0.14430957784030202 0.1528896170144746 -0.015778019350296393 0.0 -0.07264614583886911 0.1658455243642698 0.15709661247481282
1666705965.0166254 -0.058593636861208 0.0 -0.021812892486282598 0.122389218025731 0.11419968124895624 -0.023369201373472266 0.0 -0.052838770739077695 0.14238087315537823 0.1472588786423452 -0.013753706174961487 0.0 -0.07012257740759503 0.16466168709098403 0.15814429700305158
1666705965.2156255 -0.05725283704713657 0.0 -0.022993876403178515 0.12506519468138377 0.11082266347075426 -0.02505873247864636 0.0 -0.05773182097865315 0.14013693062123508 0.14144092773603195 -0.009499805181841466 0.0 -0.06741382751002528 0.16269797953759 0.15970084159872375
1666705965.323552 -0.05268542035116397 0.0 -0.027922190768942423 0.12443153946563418 0.10964450716074547 -0.02943340534346988 0.0 -0.06678017236713622 0.1360831476126524 0.1278385660391915 -0.009215716282655183 0.0 -0.0660047947901489 0.15860061713566706 0.15770637767392814
1666705965.5886974 -0.05161460795538719 0.0 -0.02971169625293779 0.12250788930297063 0.10894671795292049 -0.029507032543155814 0.0 -0.07073066832806321 0.13353157428989718 0.1234034453375738 -0.010287488508478847 0.0 -0.06602326344771903 0.15762029717069795 0.1562946608164959
1666705965.8982224 -0.046938382938769285 0.0 -0.0383880861236936 0.11886180766053189 0.10586670384369157 -0.026608087707311733 0.0 -0.07147991107760522 0.1286628646866146 0.11950194528710054 -0.015043722972589692 0.0 -0.06693006482130648 0.15279071069747505 0.1491674254276827
1666705966.0051992 -0.04256286823439459 0.0 -0.04551015518525792 0.10340845725367892 0.10166256448481914 -0.01714449631775243 0.0 -0.06795899180134471 0.12179611644074487 0.12368848001889135 -0.007987606962106906 0.0 -0.08196026324131236 0.13996914989805076 0.1394114506886971
1666705966.1303673 -0.041943199425166555 0.0 -0.04605743035693566 0.09582767220404581 0.09963494657457644 -0.013101755241596742 0.0 -0.07022925759058321 0.11741661123076716 0.12341465712947192 -0.009322874978488313 0.0 -0.0832688359099249 0.13948117333413226 0.13805734674909262
1666705966.32111 -0.04041683846283295 0.0 -0.04733666357573285 0.08448749217698653 0.09472529535884155 -0.00766090417570554 0.0 -0.06701861874801221 0.11427232778971014 0.1281078203033281 -0.008229338370275924 0.0 -0.0850527636271885 0.13712898737790158 0.13658496174317025
1666705966.4201186 -0.039194936990145646 0.0 -0.04807086366905233 0.07659016871174607 0.09227149985715422 -0.005992766400635875 0.0 -0.06447289811843747 0.11339869479415401 0.13054032950566546 -0.008342237061181364 0.0 -0.08600258915087755 0.1358727527153294 0.13555711582124366
1666705966.5146122 -0.03758481175838446 0.0 -0.04886627339830407 0.07251680538577476 0.08933555414316235 -0.005640013775209431 0.0 -0.06323976730250312 0.11211919604647065 0.13107302729949682 -0.00896399799474927 0.0 -0.086357083721569 0.13467161736538613 0.13453645293755712
1666705966.6279478 -0.03615554179265934 0.0 -0.04950937037924685 0.06921134294991443 0.08515930398526839 -0.005061597200223502 0.0 -0.06329751480819626 0.11007870620022248 0.1305890711184427 -0.008666589939694859 0.0 -0.08658833598344312 0.13325123579584613 0.13388962119484973
1666705966.7232056 -0.03459924475690934 0.0 -0.05019948701078181 0.06768113865515041 0.08078242794854829 -0.008290013932434379 0.0 -0.06015230978506608 0.11225057303590784 0.13080158167230757 -0.007560495190117179 0.0 -0.08581964831996508 0.13162987206808507 0.13379269091204132
1666705966.8147848 -0.03354240415702392 0.0 -0.050599291446780104 0.06747576340278177 0.07818442704799239 -0.007746591946475253 0.0 -0.06344743319379831 0.1087154685601846 0.12737335559260332 -0.007949517862137028 0.0 -0.08643368604963839 0.13053064777213294 0.1328903934489377
1666705967.0848544 -0.032358016919458166 0.0 -0.05118920018806716 0.06872694841537547 0.0757331784528934 -0.010427673166213704 0.0 -0.06506916095575307 0.10826283642428966 0.12369057236069415 -0.00808200509728247 0.0 -0.08536730557669758 0.1295929482675832 0.13259401531712878
1666705967.3211787 -0.027820657541670957 0.0 -0.054060945878020794 0.07226225210618742 0.073451352919852 -0.017247644428518574 0.0 -0.07314995196995792 0.1029023713029695 0.10852682078192284 -0.017781702444169073 0.0 -0.08437481341171882 0.12789594365796506 0.1269091528742553
1666705967.51577 -0.02631277382795516 0.0 -0.05678334876251623 0.07638164714622903 0.07137587720841904 -0.013968664341332558 0.0 -0.07261139358114872 0.09845065616550953 0.10779937379959918 -0.01650904874023172 0.0 -0.08185053381298474 0.12404502086428196 0.1249910496357576
1666705967.7937405 -0.025849088044131108 0.0 -0.05737790273792309 0.07647779695278772 0.07048308319169316 -0.012387667690771612 0.0 -0.07299785088023268 0.09673794339761738 0.1075287035658868 -0.016610351529725113 0.0 -0.08147996967830015 0.12315062051909764 0.12429979693323716
1666705968.0182695 -0.02298546027956183 0.0 -0.06070071088203455 0.07039035174775932 0.0763952046737364 -0.011223340625251486 0.0 -0.0741241956073566 0.0931808910978127 0.10323281362433138 0.0021323678664989416 0.0 -0.07709516595998425 0.11102007382906513 0.12677264470056865
1666705968.2130954 -0.021337463899526066 0.0 -0.06258148194073487 0.07447691141430635 0.07546963010874003 -0.007498562502076608 0.0 -0.07359630721908164 0.08949594571085576 0.10362369090087496 0.004795812230478728 0.0 -0.0770722424053503 0.10667995358222539 0.12452193713466059
1666705968.3181825 -0.021026385040779916 0.0 -0.06282907957717065 0.07718179477947928 0.06878587177041395 -0.004628771138285153 0.0 -0.07015033467446344 0.08926412794282076 0.10758898642464702 0.006743474790684361 0.0 -0.07599445568785212 0.1056965903244817 0.12507884362567778
1666705968.4147384 -0.020461928126627726 0.0 -0.06308109996772937 0.07643149220338447 0.06519420632723477 -0.0032620324598672023 0.0 -0.07067989431626759 0.08797900337260839 0.10711625987594742 0.009619017887393982 0.0 -0.07653987955224967 0.10362131972754414 0.12507567818851856
1666705968.5291944 -0.019887270166840887 0.0 -0.063334979859897 0.07603630673687595 0.06142584404629531 -0.004268130388233699 0.0 -0.075248289725115 0.08617794374775205 0.10204484844619094 0.008028323072124604 0.0 -0.07699550139974723 0.10342430398880398 0.12385372448982998
1666705968.8131952 -0.01920550726353487 0.0 -0.06385498626465558 0.07092452634991447 0.05183856608293691 -0.008418798717962262 0.0 -0.09393238311066184 0.07878571490245673 0.08335961460758115 0.0011794145945154925 0.0 -0.07988559847069876 0.10445594587433499 0.11985500619320254
1666705968.9139502 -0.01776162040351359 0.0 -0.06788108541307669 0.06674727578673223 0.06675602683831044 -0.011303341845808487 0.0 -0.10504158283805141 0.07375188743623343 0.06849900698334631 -0.0030827483986587516 0.0 -0.08202316239807211 0.1022678073080088 0.11394637827725548
1666705969.1166606 -0.017551843188408744 0.0 -0.06908812930133101 0.06225595174429471 0.06915682410613938 -0.011166902583476052 0.0 -0.1153918047780911 0.06754227110952107 0.05973087955484325 -0.007700648145809327 0.0 -0.08235421785415628 0.10327991013264332 0.11137384756890338
1666705969.3231642 -0.016701118367960732 0.0 -0.07525759718574898 0.050185245455858396 0.07534882401771209 -0.013604138117919272 0.0 -0.10299845440827274 0.07420941941288832 0.0682856463013634 -0.011689958200434915 0.0 -0.08671400671288873 0.10002542871596459 0.10345225361526304
1666705969.6985931 -0.016282866574171995 0.0 -0.07900404125635685 0.03964858566922941 0.08483037228463441 -0.009695908396289114 0.0 -0.07305472611925938 0.08485797383713495 0.09589417097697737 -0.012485844792940713 0.0 -0.08887009644248453 0.09676846743847525 0.09854135980857338
1666705969.9945495 -0.014866083781789996 0.0 -0.07772440852071871 0.043711593904926904 0.08348121612359805 -0.004505133019368018 0.0 -0.06605939889406243 0.07876891393006162 0.10744969409707782 -0.012799132298912108 0.0 -0.08539376152694139 0.09460589251573678 0.09768841954522962
1666705970.2876437 -0.01265244701197732 0.0 -0.0752321571026886 0.045516512120967634 0.075962972671064 -0.008887217402876988 0.0 -0.08383454764951959 0.06871096794963942 0.09080023735086608 -0.011951544156465085 0.0 -0.08118537541951315 0.0916344241855129 0.09947792262090327
1666705970.521588 -0.01184532431854779 0.0 -0.07707618398787752 0.036895421673634854 0.07657103881216148 -0.0106673006997263 0.0 -0.09544563137860493 0.060987739746256375 0.07772536996186202 0.005365902522719417 0.0 -0.08361846131558973 0.0787328517625874 0.10210699597199827
1666705970.8953192 -0.011676103969620488 0.0 -0.07971491231844396 0.02271436173261207 0.0825039197293122 -0.010983391445196805 0.0 -0.09358270297025767 0.060625499449913994 0.07767628025974363 0.0031448687214923193 0.0 -0.08532702694334382 0.07629380403251546 0.09852740981864244
1666705971.1925273 -0.011526649605454353 0.0 -0.08270692092400433 0.010569488269841248 0.08557408618248602 -0.009356647123491085 0.0 -0.08461651752228083 0.059254089103655455 0.085928117447329 0.00011088114586489152 0.0 -0.08711657121508459 0.07309158989954462 0.09390318250082501
1666705971.4229767 -0.011062814927485287 0.0 -0.08311509424665009 0.014851171791123413 0.04852755723989094 -0.00992197360002075 0.0 -0.09078863997150943 0.050166861319068924 0.08131892202910958 0.004191591293442346 0.0 -0.0763484662873112 0.07034011571512361 0.09832634744305847
1666705971.5206165 -0.01090131761256119 0.0 -0.08420136014592838 0.019757868819326202 0.02735994792810148 -0.009899866538121893 0.0 -0.09139141655622016 0.04746344064651192 0.07491078089214798 0.002771465823281489 0.0 -0.07721823491918595 0.06764025078246802 0.0965309579883616
1666705971.8890717 -0.010860488875843677 0.0 -0.08449449570457179 0.01578965410915173 0.02283587381869978 -0.010948960718733183 0.0 -0.09885441669788816 0.043702189807368425 0.06609890284006535 0.0022683796007586174 0.0 -0.0777967378330856 0.06683210653622884 0.09563938750520909
1666705972.2081192 -0.010879500042019097 0.0 -0.08758021015736872 0.011950396370169092 0.011741865019181785 -0.012472981543152066 0.0 -0.08822457710300559 0.048292718805299284 0.06286818654486714 0.000689851768724898 0.0 -0.0782859072717696 0.06251211355067465 0.09130579510951414
1666705972.5975347 -0.010944368730342768 0.0 -0.08760644154978403 0.03024711847558717 -0.003481918532284134 -0.010826233496322665 0.0 -0.08350288487250625 0.04897759333242791 0.06606074333771791 0.00015087947382653056 0.0 -0.07869063044548658 0.06194692294058894 0.09013849196677118
1666705972.8155146 -0.010918942344502414 0.0 -0.0867232282031527 0.045622614231129316 -0.0007465430975986398 -0.012706361538823051 0.0 -0.07928403162652652 0.05393693403732172 0.056837684243519704 0.0023264314741777963 0.0 -0.07236058713303548 0.05905522616549539 0.08953901487063357
1666705973.1939495 -0.011173591486387302 0.0 -0.08566338447395327 0.04568203983675595 -0.0023395820504372167 -0.009175393613744125 0.0 -0.0750020970784351 0.05511630553572641 0.057420728259038 0.00025254361131782843 0.0 -0.07334713843286322 0.05832178192798394 0.0848831914501756
1666705973.3106165 -0.010740265042424646 0.0 -0.08335139234423905 0.03702526387148383 0.013116301908187245 -0.004636472567491532 0.0 -0.07517035392837518 0.05237286117695814 0.05353979823984973 0.0015137524326735165 0.0 -0.07024950489830095 0.0569151518627024 0.08154742442419431
1666705973.5891936 -0.010499809930392234 0.0 -0.08302910541903519 0.034544048277196066 0.01777144917896739 -0.0036926203648268915 0.0 -0.07450327912660956 0.051595212876553574 0.05427138969265914 0.0012882793553243921 0.0 -0.0704432155494045 0.056727017569925264 0.08045054206427571
1666705973.9148793 -0.00904734146322761 0.0 -0.08120992678048 0.038182301431520266 0.025559540305106376 -0.0016771804861802249 0.0 -0.08107181282299522 0.043804361594549236 0.04889166839191857 -0.0017683231542824102 0.0 -0.07652694548391079 0.05518119208597872 0.0719884114587648
1666705974.108242 -0.008769834774961294 0.0 -0.08120472641279952 0.0542550362552722 0.03550679782872046 0.0014641553974636453 0.0 -0.0808800927225039 0.04091003587507688 0.05112334949180496 -0.004110661188628828 0.0 -0.07301215792278407 0.05706321914121875 0.07174282696629493
1666705974.2217562 -0.008353733911968475 0.0 -0.0811915272249546 0.06375212907292216 0.02970836517250286 0.0035678619726635594 0.0 -0.08051440367983004 0.03963019849091599 0.05316092933231107 -0.005970746216939049 0.0 -0.07100120500984608 0.05818880282148116 0.07107152069743486
