1666705954.2319915 0.0 0.0 0.0
1666705954.3325999 0.0 0.0 0.0
1666705954.4274366 0.0 0.0 0.0
1666705954.5256906 0.0 0.0 0.0
1666705954.6154926 0.0 0.0 0.0
1666705954.7248738 0.0 0.0 0.0
1666705954.828332 0.0 0.0 0.0
1666705955.0238662 0.0 0.0 0.0
1666705955.12939 0.0 0.0 0.0
1666705955.2254736 0.0 0.0 0.0
1666705955.3283389 0.0 0.0 0.0
1666705955.420128 0.0 0.0 0.0
1666705955.52859 0.0 0.0 0.0
1666705955.6228318 0.0 0.0 0.0
1666705955.8312325 0.0 0.0 0.0
1666705956.0266516 0.0 0.0 0.0
1666705956.118647 0.0 0.0 0.0
1666705956.2186365 0.0 0.0 0.0
1666705956.3181493 0.0 0.0 0.0
1666705956.4224505 0.0 0.0 0.0
1666705956.5307796 0.0 0.0 0.0
1666705956.6278532 0.0 0.0 0.0
1666705956.7225351 0.0 0.0 0.0
1666705956.8191078 0.0 0.0 0.0
1666705956.9282334 0.0 0.0 0.0
1666705957.0280333 0.0 0.0 0.0
1666705957.1139455 0.0 0.0 0.0
1666705957.2152224 0.0 0.0 0.0
1666705957.3242161 0.0 0.0 0.0
1666705957.4225812 0.0 0.0 0.0
1666705957.5185242 0.0 0.0 0.0
1666705957.6266696 0.0 0.0 0.0
1666705957.7220314 0.0 0.0 0.0
1666705957.8209596 0.0 0.0 0.0
1666705958.0339966 0.0 0.0 0.0
1666705958.2216105 0.0 0.0 0.0
1666705958.5041738 0.0 0.0 0.0
1666705958.6219454 0.0 0.0 0.0
1666705958.7189298 0.0 0.0 0.0
1666705958.8220413 0.0 0.0 0.0
1666705958.917791 0.0 0.0 0.0
1666705959.0239189 0.0 0.0 0.0
1666705959.1260934 0.0 0.0 0.0
1666705959.2213018 0.0 0.0 0.0
1666705959.31071 0.0 0.0 0.0
1666705959.4257355 0.0 0.0 0.0
1666705959.5220206 0.0 0.0 0.0
1666705959.6234012 0.0 0.0 0.0
1666705959.7106342 0.0 0.0 0.0
1666705959.8196461 0.0 0.0 0.0
1666705959.9277165 0.0 0.0 0.0
1666705960.0200026 0.0 0.0 0.0
1666705960.122165 0.0 0.0 0.0
1666705960.2200406 0.0 0.0 0.0
1666705960.3154707 0.0 0.0 0.0
1666705960.430902 0.0 0.0 0.0
1666705960.5366588 0.0 0.0 0.0
1666705960.7250967 0.0 0.0 0.0
1666705960.814721 0.0 0.0 0.0
1666705960.9221754 0.0 0.0 0.0
1666705961.0291524 0.0 0.0 0.0
1666705961.125403 0.0 0.0 0.0
1666705961.2125015 0.0 0.0 0.0
1666705961.3185449 0.0 0.0 0.0
1666705961.5212297 0.0 0.0 0.0
1666705961.6191065 0.0 0.0 0.0
1666705961.7174177 0.0 0.0 0.0
1666705961.8168435 0.0 0.0 0.0
1666705961.926536 0.0 0.0 0.0
1666705962.0143716 0.0 0.0 0.0
1666705962.1131303 0.0 0.0 0.0
1666705962.2185464 0.0 0.0 0.0
1666705962.3271706 0.0 0.0 0.0
1666705962.4200206 0.0 0.0 0.0
1666705962.515659 0.0 0.0 0.0
1666705962.6182687 0.0 0.0 0.0
1666705962.7288396 0.0 0.0 0.0
1666705962.824149 0.0 0.0 0.0
1666705962.9206998 0.0 0.0 0.0
1666705963.0175908 0.0 0.0 0.0
1666705963.1270263 0.0 0.0 0.0
1666705963.2183957 0.0 0.0 0.0
1666705963.414353 0.0 0.0 0.0
1666705963.5247152 0.0 0.0 0.0
1666705963.6152833 0.0 0.0 0.0
1666705963.7104187 0.0 0.0 0.0
1666705963.8204334 0.0 0.0 0.0
1666705963.9192204 0.0 0.0 0.0
1666705964.0119479 0.0 0.0 0.0
1666705964.1155162 0.0 0.0 0.0
1666705964.2209342 0.0 0.0 0.0
1666705964.3122518 0.0 0.0 0.0
1666705964.4154706 0.0 0.0 0.0
1666705964.5246758 0.0 0.0 0.0
1666705964.6236506 0.0 0.0 0.0
1666705964.7195659 0.0 0.0 0.0
1666705964.824987 0.0 0.0 0.0
1666705964.920358 0.0 0.0 0.0
1666705965.0166314 0.0 0.0 0.0
1666705965.2156339 0.0 0.0 0.0
1666705965.3235605 0.0 0.0 0.0
1666705965.588706 0.0 0.0 0.0
1666705965.8982303 0.0 0.0 0.0
1666705966.0052025 0.0 0.0 0.0
1666705966.1303751 0.0 0.0 0.0
1666705966.3211236 0.0 0.0 0.0
1666705966.4201388 0.0 0.0 0.0
1666705966.5146155 0.0 0.0 0.0
1666705966.627966 0.0 0.0 0.0
1666705966.7232132 0.0 0.0 0.0
1666705966.814791 0.0 0.0 0.0
1666705967.0848591 0.0 0.0 0.0
1666705967.321187 0.0 0.0 0.0
1666705967.515781 0.0 0.0 0.0
1666705967.7937624 0.0 0.0 0.0
1666705968.018279 0.0 0.0 0.0
1666705968.213105 0.0 0.0 0.0
1666705968.3181918 0.0 0.0 0.0
1666705968.4147606 0.0 0.0 0.0
1666705968.5292034 0.0 0.0 0.0
1666705968.8132052 0.0 0.0 0.0
1666705968.91396 0.0 0.0 0.0
1666705969.1166694 0.0 0.0 0.0
1666705969.3231797 0.0 0.0 0.0
1666705969.6986032 0.0 0.0 0.0
1666705969.9945588 0.0 0.0 0.0
1666705970.2876647 0.0 0.0 0.0
1666705970.5215976 0.0 0.0 0.0
1666705970.895329 0.0 0.0 0.0
1666705971.1925368 0.0 0.0 0.0
1666705971.4229922 0.0 0.0 0.0
1666705971.5206225 0.0 0.0 0.0
1666705971.889081 0.0 0.0 0.0
1666705972.208123 0.0 0.0 0.0
1666705972.5975442 0.0 0.0 0.0
1666705972.8155236 0.0 0.0 0.0
1666705973.193959 0.0 0.0 0.0
1666705973.310623 0.0 0.0 0.0
1666705973.5892026 0.0 0.0 0.0
1666705973.9148855 0.0 0.0 0.0
1666705974.108249 0.0 0.0 0.0
1666705974.2217665 0.0 0.0 0.0
