1666705954.2319624 0.0 1.0 1.0 0.026810094809130894 0.0269193722254631 -0.01312385305413506 1.0 1.0137499091921855 0.013123853054135066 0.013749909192185487 -0.01071266157379048 1.0 1.0107762160134668 0.00535633078689524 0.005388108006733409
1666705954.3325875 -0.0006590612927671852 1.0 1.0006905009443685 0.060068559867784165 0.06046794715126677 -0.028875251030887117 1.0 1.030456105085647 0.029957265048515702 0.031321854893263834 -0.02425115842819999 1.0 1.0246701933395146 0.01245682476283263 0.012608852289687476
1666705954.4274247 -0.0019910191744584786 1.0 1.002095599627332 0.0905601834066601 0.0912442400201578 -0.042707840284675114 1.0 1.0453903657608947 0.04595414157706911 0.04798891946771118 -0.036831648332959606 1.0 1.0380002069934586 0.01947176003278544 0.01987245626944676
1666705954.5256715 -0.0031693915688497188 1.0 1.0033485794976247 0.10884336497814183 0.10969328414823627 -0.05074347073839407 1.0 1.054129823655972 0.05588283659155665 0.05824080050384406 -0.044477063876172555 1.0 1.046251359753346 0.023984560034803197 0.024569483518777538
1666705954.6154642 -0.004624798805559532 1.0 1.004902101741824 0.12791728369598526 0.1289382900482973 -0.05909446361880001 1.0 1.063017999917361 0.06654151920996002 0.06897265917863689 -0.05257517243173759 1.0 1.054924373066256 0.028922566611308487 0.029643399192627453
1666705954.7248614 -0.006809232482575013 1.0 1.0072327627726918 0.15259314259678955 0.15380900420548813 -0.06994872957914575 1.0 1.0741126178550173 0.08079616833105155 0.08278717416299537 -0.06326161581540313 1.0 1.066142060514974 0.03565172942963848 0.03640001276744582
1666705954.8282852 -0.009387798732581163 1.0 1.0099640822327887 0.1773381313627066 0.17862319609999733 -0.08086270040743877 1.0 1.08474408727217 0.09562581451083205 0.09655234121387093 -0.07422076137997045 1.0 1.0773567183481205 0.04284112029449549 0.043411282057879266
1666705955.02384 -0.01171296744565671 1.0 1.0123967701275154 0.19672824790485655 0.19800179909389543 -0.08983350312667342 1.0 1.0921968196406 0.10796277139647704 0.10672888265922198 -0.08325326498378385 1.0 1.0857385145455176 0.04894056037220546 0.04889614842912733
1666705955.129376 -0.014931322586930591 1.0 1.0156843167039113 0.22096936985428656 0.22209442966851603 -0.10116123379606021 1.0 1.1010445454299207 0.12381236272318555 0.11924078056598435 -0.09481464082374791 1.0 1.0959996325440198 0.0569690464184583 0.0558265546526457
1666705955.2254071 -0.018512791148126356 1.0 1.0192296639189542 0.24500680436632072 0.2458924363484391 -0.11238688532578854 1.0 1.1094919230094569 0.13992138020818143 0.13163643243314557 -0.10652222324440268 1.0 1.106015891093246 0.06540687504275627 0.06284746913754334
1666705955.3283257 -0.021435412121713786 1.0 1.0220398361379481 0.2627386557286596 0.2633675113363628 -0.1206610921007011 1.0 1.1154959881226574 0.1520655291971222 0.14076788299002424 -0.1153217218092903 1.0 1.1132691208851875 0.07197999142315 0.06812718925608169
1666705955.4200664 -0.024435505726406074 1.0 1.0248654877630905 0.2797522404190366 0.2800881680657552 -0.1286316329889336 1.0 1.12106547827173 0.16391588428986703 0.14947812162093427 -0.12390404682298242 1.0 1.1200616582463856 0.07854523751081659 0.07322856640673756
1666705955.528583 -0.029222863935243985 1.0 1.0292854583162312 0.3052939056024633 0.30514983716061667 -0.14058395227496423 1.0 1.129261951426637 0.1819406967221383 0.1625934193912375 -0.13696486483045298 1.0 1.130045577714925 0.08877122235384935 0.08095412772777302
1666705955.622809 -0.03235649288805605 1.0 1.032098732127418 0.32067180948310425 0.3201922874225599 -0.14770440962848372 1.0 1.1341786327188295 0.19295014112362582 0.17065446253096006 -0.1449437985973269 1.0 1.1359105474751674 0.09524750896744093 0.08569147624312828
1666705955.8312173 -0.048665324657282155 1.0 1.0465316232693624 0.3971705562300699 0.394826781286756 -0.1829441676041323 1.0 1.158452708835013 0.2481505265908805 0.21108843153307177 -0.18577832067422453 1.0 1.1622214579413654 0.1285951935022091 0.10827155439554503
1666705956.0266259 -0.06765543971561508 1.0 1.0623598374965768 0.4706617422517047 0.4646046490226553 -0.2149016373131172 1.0 1.1827367779442797 0.30242286093472115 0.25351344627253963 -0.22544829071892922 1.0 1.1860083299964996 0.1646913883749964 0.13157869659022406
1666705956.1186326 -0.07156676513674051 1.0 1.0655574303374964 0.4839326113993742 0.4769184456301212 -0.22045767212906633 1.0 1.187291044078624 0.3124568711945446 0.2617138823982796 -0.2325666623563742 1.0 1.1903675660070971 0.17188707936862968 0.13628723127346648
1666705956.2186282 -0.07692772723533448 1.0 1.0699405676463765 0.5017721977655187 0.4933931337864696 -0.22792721162538798 1.0 1.1933570026661078 0.32601707301042554 0.2727517024680889 -0.24226055690577436 1.0 1.1957573256740783 0.18172269249266282 0.1424989024601431
1666705956.3181412 -0.08090051869284713 1.0 1.0731876499840651 0.5146523486157064 0.5052464304300434 -0.23330800385674527 1.0 1.1977538100474174 0.3358852307642824 0.2808148295813254 -0.24934225317543074 1.0 1.1993305769109688 0.1889830417323748 0.14694274804111285
1666705956.4224396 -0.0857883237874079 1.0 1.077182566054708 0.5301848333768048 0.5195289405209325 -0.23985486645112786 1.0 1.202919670177651 0.34788382645044946 0.2904745912535002 -0.25798946526606614 1.0 1.2031939729851024 0.19787848879478143 0.1521900733639408
1666705956.5307512 -0.09223539801846574 1.0 1.0824441655549204 0.5501442894042556 0.5379548219501568 -0.24838997709381838 1.0 1.209359517203859 0.36349786961661656 0.3028193327506926 -0.26922430478114157 1.0 1.2075584138421878 0.2095330070181034 0.15882065025248546
1666705956.6278303 -0.09969431022402608 1.0 1.0885064307225043 0.5724764187665345 0.5587269252394282 -0.25815466996940345 1.0 1.2162343816825618 0.3812677959165587 0.31649708368944834 -0.28191707400071114 1.0 1.211763617258827 0.2228985920194771 0.16617682284681703
1666705956.722511 -0.10420640072217552 1.0 1.0921434291163048 0.5854664824023306 0.5709739125537705 -0.2639674894462395 1.0 1.220085138721044 0.3918170256318173 0.32445163745484445 -0.2893633718697981 1.0 1.2139012041817248 0.23090709719470606 0.17049015722729594
1666705956.819092 -0.10893337118274689 1.0 1.0959289358802276 0.5987232944089409 0.5836297817066326 -0.2700294493794768 1.0 1.2238200548633802 0.40273757087905726 0.3324803639370083 -0.2970230622131846 1.0 1.2154892398415502 0.239188978009106 0.17473029157683762
1666705956.9282267 -0.11635227962820105 1.0 1.1018186664890883 0.6190185391352948 0.6032150849662096 -0.27944688085871333 1.0 1.2293308388242419 0.41965464588786777 0.34473990376229796 -0.308781426440353 1.0 1.217166681064545 0.2520242261562429 0.18104837355929204
1666705957.0280042 -0.12419160743717154 1.0 1.1079476843169465 0.6398588025538454 0.6233757196773879 -0.28917205625970627 1.0 1.2348573275246477 0.43718722344134636 0.35743658489768054 -0.3208338504764279 1.0 1.2183215899170952 0.26543689347061483 0.1875073960326316
1666705957.113934 -0.12883589920843427 1.0 1.1115202616486848 0.651866699412337 0.6350423446656128 -0.29477551104803545 1.0 1.2380235420868901 0.44737439308747806 0.36488384802876833 -0.3277423665573723 1.0 1.2187980246762595 0.27331119491844547 0.19128671442387873
1666705957.2151964 -0.13363869965372394 1.0 1.1151816539159303 0.664151996813642 0.6469038174557545 -0.3004381421404938 1.0 1.2412430384023656 0.4577670891378303 0.3725631769675472 -0.33471874906778637 1.0 1.21908236185032 0.28138557345376997 0.1951350354791513
1666705957.3242056 -0.14025276865697922 1.0 1.1201803438588256 0.6808814082349208 0.6629072318965238 -0.3080499034511815 1.0 1.2456168691806315 0.4718920589363959 0.383130450994874 -0.34410171046744037 1.0 1.2193214115363615 0.2924359042112734 0.20042112060913705
1666705957.4225705 -0.1449773518602451 1.0 1.1237121997593347 0.6927537682762145 0.6739650850405888 -0.3133245601836985 1.0 1.2487005570790082 0.4818270229765214 0.3906863270613958 -0.3506243242254651 1.0 1.2195051227824723 0.3003046158454201 0.204260823763303
1666705957.518506 -0.1496625959376427 1.0 1.1271907306284092 0.7045480868525775 0.6845793839273043 -0.3184437177803498 1.0 1.2517052240342321 0.49157264319173144 0.3981585322794898 -0.3569527324240376 1.0 1.2196919512337303 0.30808559760981485 0.20811796566949925
1666705957.6266396 -0.15637789955702486 1.0 1.1321447955090356 0.7214681005885727 0.6993280000601101 -0.32561914974323336 1.0 1.255879844922924 0.5053797703716862 0.408781377381655 -0.3657982217794383 1.0 1.2199810586085154 0.3192000349184302 0.21373133994270085
1666705957.722013 -0.16410279512566958 1.0 1.137792593157964 0.7407931707126214 0.7158103662083937 -0.3337168636459491 1.0 1.260430105686561 0.5210846507342963 0.4207917344312085 -0.37572009450981975 1.0 1.2204150449697861 0.33198190283574214 0.22034842836131185
1666705957.8209472 -0.16914798288234867 1.0 1.1414404584684106 0.7533128467500442 0.7262518773183297 -0.33894128508145366 1.0 1.263187165618198 0.5312445256509177 0.42843689951001807 -0.38202409029367596 1.0 1.2207711416030569 0.34033246922387805 0.2247871118202
1666705958.033981 -0.17787745454031928 1.0 1.1476997420546917 0.7747937352617159 0.7439789928251325 -0.3478947658623326 1.0 1.267241641170794 0.5485491374490981 0.44099038603874124 -0.39248878691413297 1.0 1.2209708969548223 0.3545973906358495 0.23240208759778233
1666705958.2215815 -0.18476180533742065 1.0 1.1525402395432578 0.791262478899278 0.7576215778392783 -0.3548077229729915 1.0 1.2700194398344042 0.5619885829882342 0.45051006793353215 -0.4003764068085943 1.0 1.2208696698160262 0.36574089411611543 0.23841763128230967
1666705958.5041587 -0.22107715359223404 1.0 1.177629333892545 0.8770544027489813 0.8283679326319405 -0.3907964301892708 1.0 1.283993728890897 0.6324593329924716 0.5001590443680706 -0.44184236960269463 1.0 1.2214108879843888 0.42502130309345837 0.2709560439492173
1666705958.621927 -0.22815811037780448 1.0 1.1820670247642477 0.8930317560285331 0.8411451883085381 -0.3973388804562742 1.0 1.2868671584168854 0.6460658120613733 0.5100539741568655 -0.44923377056402164 1.0 1.221741603782968 0.4367116896706966 0.2778214503665059
1666705958.7189143 -0.23172178173696986 1.0 1.1842745642769321 0.9010423852190236 0.8474678702891038 -0.40055589447179024 1.0 1.2882858610505494 0.6528675306972406 0.5150347771870907 -0.45286828048142386 1.0 1.2218401990119816 0.4425879426936051 0.2812995785972117
1666705958.822031 -0.23818334443689138 1.0 1.1882552498428784 0.9155000164249557 0.858793638972862 -0.40624395978787814 1.0 1.2909261799497587 0.6651444529158994 0.5241793236034448 -0.4593876268803703 1.0 1.2220579365474793 0.4532626022437779 0.2876738060942198
1666705958.9177814 -0.2428461475642742 1.0 1.1911038311895186 0.9258946425629633 0.8668404796485866 -0.4102661374423549 1.0 1.292796021117034 0.673962429404594 0.5307837563492153 -0.46396674704796576 1.0 1.2222258196880036 0.4609748392474795 0.29235630769653276
1666705959.0238945 -0.24925342976299886 1.0 1.194995663692593 0.9400623156450557 0.8777787544423531 -0.41562025824678117 1.0 1.2953255748766752 0.6859761682722231 0.5398906816640943 -0.470041260718421 1.0 1.2225169103054934 0.47156104171146684 0.2989153486639412
1666705959.1260698 -0.25453529288368765 1.0 1.1981809672931651 0.9516209851063419 0.8867452806644753 -0.4198921209938789 1.0 1.2973135268481437 0.6957850365189552 0.5473757151192006 -0.4748374071430101 1.0 1.2227967761025949 0.48028712008544455 0.3044517261549576
1666705959.2212644 -0.2593098716311435 1.0 1.2010433602009238 0.9619494728775748 0.8948244709644875 -0.42360486795351127 1.0 1.2990276385688229 0.7045498135332354 0.55413572029977 -0.4789284118407673 1.0 1.2230356333237202 0.48813693099386396 0.30955404417466076
1666705959.3106868 -0.2639121875345458 1.0 1.203788146181692 0.9717649090889036 0.9026034903549087 -0.42704305765445455 1.0 1.3005487768064077 0.7128814623462078 0.5606035093949714 -0.4826449831054923 1.0 1.2232468513766792 0.4956681180464274 0.31456235683192835
1666705959.425725 -0.27173035041857935 1.0 1.2084254681700426 0.988279669785284 0.9158076517957496 -0.4327107908019651 1.0 1.3029188900318511 0.7268885330152288 0.5715064067606106 -0.4885952586272125 1.0 1.2235339122549707 0.5084042422978297 0.323206053733945
1666705959.521983 -0.27944295768191585 1.0 1.212952668182996 1.0045294513574907 0.9288220187495301 -0.4382060069784268 1.0 1.3051099018262882 0.7406934885934506 0.5822685306732984 -0.49418722314956065 1.0 1.2237978222226795 0.5210250968529124 0.3319533247321614
1666705959.6233523 -0.2843814781798737 1.0 1.2158193326203393 1.0149164439492324 0.9371763175887313 -0.44171708660409026 1.0 1.3064261843888274 0.7495698154239394 0.5891592155287767 -0.497653919972234 1.0 1.2239359283844249 0.5291643017553509 0.3376778700633386
1666705959.7106261 -0.2885537956175702 1.0 1.218222097966307 1.0236995638056074 0.9442399824316537 -0.44462793095100567 1.0 1.307429061529878 0.757027565558178 0.5949431554737296 -0.5005075548752735 1.0 1.2239864719599896 0.5360559228783901 0.342562142319332
1666705959.8196383 -0.294476368594622 1.0 1.2216072504814097 1.0361265121302785 0.9542740765295518 -0.44867526646980127 1.0 1.3087327723333022 0.767560471865687 0.6031300179084229 -0.5044869607036715 1.0 1.2239595083586146 0.545861130478901 0.3495427069948791
1666705959.9277012 -0.30088015893127473 1.0 1.2252255226130473 1.0496068745278753 0.9651504291308305 -0.45300250880086357 1.0 1.310094526729886 0.778986382983681 0.6120522237063573 -0.5087822488399171 1.0 1.2238726553216925 0.5565613086337672 0.3571892192722099
1666705960.0199792 -0.306459351321261 1.0 1.228338152034827 1.0613111322829465 0.9746681967370837 -0.45672930537094747 1.0 1.311160193108611 0.7889494988062555 0.61982977541561 -0.512508588623431 1.0 1.223750007564861 0.565978287712177 0.36395340595329967
1666705960.1221273 -0.31149224172096446 1.0 1.23111205489545 1.0718043176187448 0.9833432157329185 -0.4600441797092925 1.0 1.3120811550378204 0.7979596217883634 0.6269084385068265 -0.5158206259236526 1.0 1.2236169523084042 0.5745402954129929 0.370151733053489
1666705960.2200294 -0.3171408438208615 1.0 1.2341908584121493 1.0834112677759982 0.993198583057824 -0.4637152566326806 1.0 1.3130936793145367 0.8081031406877068 0.6349427149826918 -0.5194521040877903 1.0 1.2234032628429867 0.5841981062602858 0.37719934495703933
1666705960.3154597 -0.3227227435553631 1.0 1.2371956641391346 1.094747195184474 1.0030545423378432 -0.4672441527743566 1.0 1.3140852411732822 0.8181358095607214 0.6430193640639008 -0.5229259976376336 1.0 1.2231437721964973 0.593798318113757 0.3842842473905102
1666705960.430891 -0.3296411442414948 1.0 1.2408764537562864 1.1086480669402785 1.015419798258772 -0.4715245697554459 1.0 1.3152662524515881 0.8305866837737614 0.6531712856013762 -0.5270937906602273 1.0 1.222811515379953 0.6057875911137383 0.3932453700547559
1666705960.5366473 -0.3365124522283199 1.0 1.2444790959681005 1.1224105077544058 1.0277963910197119 -0.47570919906895237 1.0 1.3163239603629096 0.8429827173540009 0.6633785193851974 -0.531092066916746 1.0 1.222459625347433 0.617823813876564 0.4023705184497286
1666705960.7250817 -0.3411652159558806 1.0 1.2468805686077622 1.1315394318851146 1.036176039625614 -0.4783848626572238 1.0 1.31679542277526 0.8512482749463784 0.6702725511399438 -0.5335066874277289 1.0 1.2221075047600638 0.6259706724161973 0.40870676888614665
1666705960.8146737 -0.34434331848242816 1.0 1.2484998452930938 1.1377465624180587 1.0419043627458562 -0.4801760845630562 1.0 1.317069645117226 0.8568931194364628 0.6750259263785904 -0.5350880479914223 1.0 1.221833609877036 0.631567773087324 0.41310810974317974
1666705960.9221585 -0.3486877412369424 1.0 1.2506929553005246 1.1462149147563443 1.0497090407753311 -0.48256181480318244 1.0 1.317331298016458 0.8645595019472361 0.6815171575738935 -0.5371695672766857 1.0 1.2213638521282577 0.6392291113906731 0.4191721930412231
1666705961.029126 -0.3552155922586361 1.0 1.2539423161513166 1.1589756732876313 1.0614012135635298 -0.48607915260821566 1.0 1.3175892894892434 0.8760692336524193 0.6913297623782859 -0.5401890518046332 1.0 1.220562453276955 0.6508127359275299 0.4284196321433378
1666705961.1253922 -0.36160507133798514 1.0 1.257049911600502 1.1715550941904986 1.07291762727919 -0.4896096546647447 1.0 1.317834955883764 0.8875476139291735 0.701134992816246 -0.5431117354026327 1.0 1.2196893472429597 0.6623232195979162 0.4376781810771093
1666705961.212491 -0.36398241476182563 1.0 1.2581788315308593 1.1762618548739154 1.0772853064661179 -0.4908694902252908 1.0 1.3180100463134425 0.8918801206741912 0.7049629465754511 -0.5442008016066632 1.0 1.2193284482667432 0.6666728290763582 0.44119521139297413
1666705961.3185074 -0.3680095319454026 1.0 1.2600777429234116 1.1842507051834774 1.084684069496868 -0.4929842355937987 1.0 1.318227836063518 0.8992094919015767 0.7114458343065815 -0.5459768292124023 1.0 1.2186762992529565 0.6740577252094173 0.44721149457195675
1666705961.521215 -0.3856657414840312 1.0 1.2682930873027112 1.2192146590645856 1.1172336373281513 -0.5023257314162498 1.0 1.3187064611391373 0.931479661693361 0.739889536840649 -0.553290647534518 1.0 1.215291300329915 0.7065260074697922 0.47393262789895746
1666705961.619091 -0.38933929133408685 1.0 1.2698805727979972 1.2267556827363857 1.1240728550597816 -0.5044658622414399 1.0 1.3186295193826978 0.9385491178254177 0.7460385179901632 -0.5549801937594709 1.0 1.2145974543090612 0.7137248992517758 0.47991472992882583
1666705961.7173724 -0.3931169203696232 1.0 1.2714801638795241 1.234513053499752 1.1309936144328636 -0.5066427908608805 1.0 1.318380549971128 0.9457843912220739 0.7523062969450851 -0.5566835940389714 1.0 1.213774963909105 0.7211618646578039 0.48611783106331075
1666705961.8168058 -0.39689188270700865 1.0 1.2730396955557712 1.2422781998307126 1.1378234396926408 -0.5088084877246831 1.0 1.3180374149877656 0.9530305476982536 0.7585780025539188 -0.5583497319408031 1.0 1.2130536942592818 0.7286861990458258 0.4924615496426143
1666705961.9265213 -0.4016846027491085 1.0 1.2749666792391705 1.2521175944459138 1.1463614847712897 -0.5114797404250212 1.0 1.317440861507643 0.962188014820106 0.7665363416405385 -0.5603955155627125 1.0 1.2120646167119853 0.7382974510787585 0.5006217526239514
1666705962.014361 -0.4057565972066339 1.0 1.2765419278198105 1.260512147548993 1.153625629252498 -0.5136881029855727 1.0 1.3167885264478585 0.9699580562203054 0.7733143923155061 -0.5620370216469947 1.0 1.211125401243678 0.7465201805982503 0.5076731328870203
1666705962.113117 -0.4079069135445544 1.0 1.277343759666323 1.264930969459339 1.1574497853011694 -0.5148079157955158 1.0 1.316384410372503 0.9740508795931598 0.7769179088329087 -0.562842988145786 1.0 1.210562636819441 0.7508789002672115 0.5114475110110799
1666705962.2185223 -0.41134816778433353 1.0 1.2786005187418927 1.2719298640962193 1.1634718357230212 -0.5164880854865797 1.0 1.3155847436079076 0.9804966444379932 0.7826474849627557 -0.5640104212618586 1.0 1.2095450375969337 0.757830655034142 0.5175243705990612
1666705962.3271332 -0.41595684282300344 1.0 1.2802216753652722 1.2813397772691524 1.1715195649505605 -0.5186619557118671 1.0 1.314254539360512 0.9890562190641552 0.79024988082478 -0.5654736698933757 1.0 1.208000993271861 0.7671747580669854 0.5257454715552966
1666705962.4199836 -0.42004021379828826 1.0 1.2815747609628154 1.2897013252045597 1.1786527080118565 -0.5205014516390915 1.0 1.3129747496203008 0.9966698088522753 0.7970927560127797 -0.5666972380579975 1.0 1.2064910056001055 0.7755381006119477 0.5331566769284618
1666705962.5156448 -0.42413439515211476 1.0 1.282854431120529 1.2981368478899507 1.1858457899385833 -0.5223424308053661 1.0 1.311601821179218 1.0043895433930223 0.8040354311154115 -0.5678674767493916 1.0 1.2048513146230233 0.7840124932448701 0.5407115584038975
1666705962.6182551 -0.4271160831471175 1.0 1.2837272288224226 1.3043214157498364 1.1910795172743969 -0.5236354509487797 1.0 1.31054099688242 1.0100515819010742 0.8091784308958941 -0.5686869910399915 1.0 1.2035597928275243 0.7902547372075225 0.5463043183690341
1666705962.7288299 -0.4318256521855527 1.0 1.2850355806562084 1.3141558451375455 1.1994504371402508 -0.5260996761525611 1.0 1.3091053523257234 1.0195198048380045 0.81749819476749 -0.5699445538633074 1.0 1.2013515802718846 0.8001890570538552 0.5552283074688479
1666705962.8241224 -0.43651132047005337 1.0 1.2862319119570393 1.3239715925944062 1.2078688047430606 -0.5286276397073251 1.0 1.307678042107856 1.0291617564433164 0.8259472225943797 -0.5712769598907959 1.0 1.199077265545286 0.8102623708730409 0.5642632461017157
1666705962.9206727 -0.440976178370668 1.0 1.2872714012075255 1.3332757634112054 1.2160440027119082 -0.5309689112818684 1.0 1.3061438014749378 1.0383756702569868 0.8340655132503952 -0.5725957906178195 1.0 1.196835768520521 0.8200310131032901 0.5730267761592728
1666705963.0175822 -0.4441366811723928 1.0 1.2879341911016748 1.3398223356000496 1.221946345636912 -0.532616442184636 1.0 1.3049565457822008 1.0449516700521144 0.8398736767721323 -0.573538122450506 1.0 1.195161797747556 0.8270499214310564 0.5793333706319888
1666705963.1270173 -0.4482650155110807 1.0 1.2887284289087053 1.3482929963758918 1.2297260590726191 -0.5346771748613273 1.0 1.3031648999171428 1.0534630906454805 0.8474328567339203 -0.574818819311082 1.0 1.1929101342715722 0.8363371744009159 0.5876684000955228
1666705963.218372 -0.4514613744003156 1.0 1.2892624294797357 1.3548689541084693 1.235817313383712 -0.5362580193352644 1.0 1.3015483649818012 1.0600377022886274 0.8532554195799347 -0.575833834066451 1.0 1.1910610041932617 0.8436366782584456 0.5942199260788885
1666705963.4143116 -0.46253264007458045 1.0 1.2908665124726961 1.3773623562409232 1.2570450812179932 -0.5414178275315092 1.0 1.2949836243572712 1.0824209123132247 0.8731764239020884 -0.5791672091627502 1.0 1.1839094309781342 0.8690088151095328 0.6170483469434918
1666705963.5246994 -0.46621874127384877 1.0 1.2910588944843828 1.3848424246850706 1.2644715887933673 -0.5431172544436742 1.0 1.2924463800079011 1.0900935801443083 0.8801425642596024 -0.5803944595770483 1.0 1.1812597451062328 0.877892767319472 0.6250444538392715
1666705963.6152694 -0.4691235856596222 1.0 1.2911113068050792 1.3906670725038706 1.2703880869323674 -0.5444220736702337 1.0 1.2903680076710782 1.096191128144616 0.8857653000323074 -0.5813559376332753 1.0 1.1790167095469046 0.8849808698169103 0.6314367758428824
1666705963.7104104 -0.4710433425049569 1.0 1.291092356177539 1.3944719216742771 1.2743500236988952 -0.5452697420952931 1.0 1.2888830292106241 1.10021581416672 0.8894963607860288 -0.5819837576692328 1.0 1.1775140102709225 0.8897298539614685 0.6357412550924337
1666705963.8204253 -0.47376748752833603 1.0 1.2910112728016085 1.3997492023379723 1.280010720686199 -0.5468727058382322 1.0 1.2862498976779635 1.105978957711461 0.8942826788774817 -0.582842433722298 1.0 1.1752635303062542 0.8964954552041368 0.6418920635621859
1666705963.9192142 -0.4770196321913811 1.0 1.2907994591848093 1.4060373218575388 1.2867571169054925 -0.548751014252048 1.0 1.2831615661038747 1.1129242414935268 0.9001854303633449 -0.583813744262687 1.0 1.172410085095198 0.9045838564505062 0.649265472355063
1666705964.0119143 -0.47918195257212187 1.0 1.2905692172544245 1.4102392253683997 1.2911895139051428 -0.5500323807516662 1.0 1.2811482198605322 1.117637797149442 0.9042385843850907 -0.5844495703560101 1.0 1.1704122010066087 0.9099958088596259 0.654205166439534
1666705964.11549 -0.4814083596553758 1.0 1.2902731714030724 1.414571730797251 1.295691720692857 -0.5513287819043503 1.0 1.2791246387505442 1.1225384808437477 0.908534065688885 -0.58507687328969 1.0 1.1682546267647236 0.9155744256087098 0.6593086318315249
1666705964.2209218 -0.484136042029016 1.0 1.2898382533200556 1.41986098600752 1.3010621215905402 -0.5528340749195053 1.0 1.2767385408373462 1.1285872259435017 0.9140019453449997 -0.5858107913555667 1.0 1.1654730260136714 0.9224175547642097 0.6655842176107788
1666705964.3122427 -0.4866261897942883 1.0 1.2893634184755627 1.4247359400509894 1.3058718971874215 -0.5540981917981299 1.0 1.274660326558286 1.1341549609524737 0.919234573974875 -0.5864797739050156 1.0 1.1628063828664628 0.9287051232525958 0.671355264358508
1666705964.4154463 -0.4885131294064501 1.0 1.2889522279708199 1.428453291024168 1.309425268842301 -0.5549599123094517 1.0 1.2731457403064934 1.1383979966255122 0.9233767598030761 -0.5869799599360318 1.0 1.1606817978458315 0.9335007383526943 0.6757655047219434
1666705964.5246503 -0.49123279840547995 1.0 1.288305267913371 1.43380120684712 1.3145070277824278 -0.5560503719753177 1.0 1.2710191232724608 1.144516175859847 0.9295635243972097 -0.5877040466474537 1.0 1.1575403549113408 0.940472307903062 0.6821906529606924
1666705964.6235812 -0.4939294405546398 1.0 1.2875861026674686 1.4391464867489723 1.3194875369662045 -0.5570589291222391 1.0 1.2688847013873468 1.1506442179626917 0.9358813132503513 -0.5884546999707508 1.0 1.1543234536403404 0.9475038727549605 0.6886840007714544
1666705964.7195437 -0.49631686871354114 1.0 1.2868788539151004 1.443916815751996 1.3239579472596696 -0.5579403979260547 1.0 1.267023136336576 1.156197320815781 0.9416697307543034 -0.5891105804369584 1.0 1.151444714246868 0.9538489405530127 0.6945901885348099
1666705964.8249607 -0.49869456528169115 1.0 1.2861127362949654 1.4487009911104467 1.3284639079073104 -0.5587391614824205 1.0 1.2653327697528702 1.1618733438477133 0.9477611432204229 -0.5897675991458704 1.0 1.1485562418422701 0.9602864742634738 0.7006201877949576
1666705964.920347 -0.5009486942214567 1.0 1.285332637386592 1.4532997043013252 1.3327530160988568 -0.5595423310826647 1.0 1.2635197449003095 1.1672908571008247 0.9535007589745182 -0.5903599203917456 1.0 1.1458290392285595 0.9665124666034065 0.7065177379980566
1666705965.0166206 -0.5031790305298024 1.0 1.2845023409805603 1.4579583862220158 1.337099967562108 -0.560431867576939 1.0 1.2615084645773817 1.1727105109749236 0.9591060915900762 -0.590883448063001 1.0 1.1431598597953492 0.9727802280701061 0.7125374184012236
1666705965.2156188 -0.5113015600216407 1.0 1.2812401718226767 1.4757015372097249 1.3528225133577718 -0.5639869803728047 1.0 1.2533179810537343 1.192591907436195 0.9791724877049629 -0.5922311969560855 1.0 1.1335957782519828 0.9958623879282905 0.7351943706617565
1666705965.3235447 -0.5137278530190463 1.0 1.2799542863636 1.4814319151937962 1.3578719121886995 -0.5653424609744335 1.0 1.2502425901106622 1.1988588705906456 0.9850597676300704 -0.5926556033237987 1.0 1.1305560953505822 1.0031663358549765 0.742457136665065
1666705965.588691 -0.5246454464884038 1.0 1.2736696271590782 1.5073449538698807 1.3809164730901178 -0.5715838294271731 1.0 1.2352815410353846 1.2271036544061207 1.01116223556082 -0.5948316271628897 1.0 1.1165907630852374 1.0365063997476713 0.7755168001173285
1666705965.898214 -0.5347475912142889 1.0 1.265407689327151 1.5329265591189023 1.4037012538371776 -0.5773104594486835 1.0 1.2198975341418932 1.2547946569190682 1.0368816121292441 -0.598069358357922 1.0 1.102185980495694 1.0693902311794068 0.8076208230024772
1666705966.0051963 -0.5357852218683148 1.0 1.2642982074231206 1.5354475307917002 1.4061796627802827 -0.5777284212934813 1.0 1.218240777066185 1.2577638972264706 1.03989698594547 -0.5982640864432227 1.0 1.1001878895521309 1.0728025078087058 0.8110195036073691
1666705966.1303608 -0.5380049603054912 1.0 1.2618607336518775 1.54051896955297 1.411452591970918 -0.5784217987683241 1.0 1.2145240700761446 1.2639778763383154 1.0464283965649674 -0.5987574761754881 1.0 1.0957810956446234 1.0801841984273395 0.818325841781697
1666705966.3210988 -0.5395126380901089 1.0 1.2600949241827206 1.5436706241572866 1.4149861494901488 -0.5787075750802545 1.0 1.2120240605136683 1.2682406008996028 1.0512072293993253 -0.5990644569071546 1.0 1.0926083546010859 1.085299549745254 0.8234208991974918
1666705966.4200702 -0.5414133799959727 1.0 1.2577637479634602 1.5473848320225576 1.4194608168825087 -0.5789981917543572 1.0 1.2088974745651562 1.2737398226822456 1.0575377275133824 -0.5994690101680726 1.0 1.0884376953842343 1.0918886414694233 0.8299946842438682
1666705966.5146096 -0.5430949947190329 1.0 1.2555773795618854 1.5506293694274524 1.4234578565405926 -0.5792505365116922 1.0 1.2060680091826386 1.27875624506109 1.063402179726682 -0.599870076191826 1.0 1.0845739180594927 1.0979141013279377 0.8360140965932628
1666705966.627928 -0.5449046320376618 1.0 1.2530993637497063 1.5540934975490237 1.4277202032481588 -0.5795038767945712 1.0 1.2028998767389245 1.2842658440008234 1.069938352185561 -0.6003038515911843 1.0 1.0802400462272792 1.1045835189910012 0.8427154663716708
1666705966.7231991 -0.5462944821183588 1.0 1.2510828526506035 1.556812245795768 1.4309652296870892 -0.5798368862753828 1.0 1.2004835612038234 1.2887749443898164 1.0751926457436958 -0.6006075563374561 1.0 1.0767926748762304 1.1098710849364812 0.8480899126512718
1666705966.8147793 -0.5478345458727618 1.0 1.248759640086863 1.5599103235909917 1.434554984365725 -0.58019256279222 1.0 1.1975704398987959 1.2937664993149993 1.0810408576758679 -0.6009725499815355 1.0 1.0728241642584064 1.115864260575637 0.8541914334993591
1666705967.0848508 -0.5545293771607748 1.0 1.2381686616631713 1.574129839135661 1.4502240797218813 -0.5823500347024457 1.0 1.1841077157851505 1.3161659382678395 1.106632274972354 -0.6026447062428368 1.0 1.0551617806280744 1.1426768717108375 0.881624961473522
1666705967.3211718 -0.5584970556231958 1.0 1.2304586911027324 1.5844356121353937 1.4606994378466585 -0.584809829451151 1.0 1.1736753423402162 1.330841490840215 1.1221099655613165 -0.6051806663547513 1.0 1.0431285592909065 1.1609169143957614 0.8997242717356562
1666705967.5157602 -0.559485450871166 1.0 1.2283257197768027 1.5873047606928619 1.4633805530462103 -0.5853345389152971 1.0 1.1709478170388796 1.334539624733273 1.1261592683636108 -0.6058008011010932 1.0 1.0400539811717946 1.1655764577019236 0.9044193510270506
1666705967.7937207 -0.5649842886066281 1.0 1.216119804573206 1.60357376774994 1.478374313634766 -0.5879697488861899 1.0 1.1554190936911715 1.3551185423607597 1.1490336882195047 -0.6093342962725673 1.0 1.0227208694122454 1.1917741045241197 0.9308614604244827
1666705968.0182612 -0.5682047927714785 1.0 1.2076149980639015 1.6134361946150881 1.4890780834020019 -0.5895422566710046 1.0 1.1450335161231666 1.3681741629232862 1.1634976885998674 -0.609035529160161 1.0 1.0119190277243182 1.2073291817685996 0.9486236381351599
1666705968.2130876 -0.5686844286708733 1.0 1.206208255185861 1.6151103298618332 1.4907745335558087 -0.5897108137116532 1.0 1.1433791756086904 1.370185904741121 1.165827002074884 -0.6089277261089959 1.0 1.0101865531210321 1.2097271956902513 0.951422714519926
1666705968.3181744 -0.5694082222963647 1.0 1.2040454826881042 1.6177671674949796 1.4931423573835723 -0.5898701504229924 1.0 1.1409643827203748 1.373258653892473 1.1695305498980693 -0.6086955947151451 1.0 1.007570587395451 1.2133656013488872 0.9557283176716096
1666705968.4147182 -0.5700918665520259 1.0 1.2019379084963246 1.6203207856229047 1.4953205316192644 -0.5899791367188668 1.0 1.1386029286364276 1.3761980807100371 1.173109362964899 -0.6083742180451107 1.0 1.0050133479866779 1.216827646546064 0.9599071647669251
1666705968.5291862 -0.570959929917868 1.0 1.199173387507195 1.6236397093262829 1.4980017203638827 -0.5901654371814029 1.0 1.1353184012425395 1.3799596787214 1.1775635386192702 -0.6080237881927685 1.0 1.0016525562068586 1.2213420343266497 0.96531328033989
1666705968.8131874 -0.5735307400459718 1.0 1.1906258889607344 1.6331335221253604 1.5049407253525937 -0.5912923604494854 1.0 1.1227448035476577 1.3905057742262918 1.188721887032951 -0.6078659141547018 1.0 0.9909592325252686 1.2353242947225658 0.9813568276202296
1666705968.9139423 -0.5741076713800273 1.0 1.1884209817352227 1.6353016010499946 1.5071090885280871 -0.591659514568436 1.0 1.1193328524338917 1.392901376307692 1.1909468655305526 -0.6079660477070349 1.0 0.9882949636449131 1.2386461483125382 0.9850580234873186
1666705969.116652 -0.5764462661405572 1.0 1.1792157298728085 1.643596538567278 1.5163234932360958 -0.5931473845085179 1.0 1.1039581326870596 1.4019006591542553 1.1989053642744933 -0.6089920764387846 1.0 0.9773221478378271 1.252407088067498 0.9998973935516944
1666705969.3231509 -0.5787017770420503 1.0 1.169052079323617 1.6503741306857163 1.5264994641047693 -0.5949846436162223 1.0 1.0900480380672601 1.411922751734615 1.2081274424763757 -0.6105708226986556 1.0 0.9656112921248183 1.2659156711410835 1.0138687744300487
1666705969.6985848 -0.5822040438775068 1.0 1.1520591725587803 1.6589021086083726 1.544745551066089 -0.5970701276592968 1.0 1.0743347640380616 1.4301747754885434 1.2287532317498069 -0.6132563916021272 1.0 0.9464963045999534 1.2867295120384417 1.0350639451210488
1666705969.994542 -0.5853802108564911 1.0 1.1354532053499191 1.668241173502495 1.562581471131467 -0.5980326578684684 1.0 1.0602210482472305 1.4470039032579947 1.2517100625670217 -0.6159909504788403 1.0 0.9282517655838772 1.3069422403020807 1.05593526112754
1666705970.2876291 -0.5880924165307743 1.0 1.1193262788202667 1.67799819064955 1.5788650568535685 -0.599937740849322 1.0 1.0422500948323892 1.4617329336963036 1.2711741961639578 -0.6185529091139507 1.0 0.9108486944093309 1.3265851919777807 1.077259561947999
1666705970.5215802 -0.5897939697783628 1.0 1.1082544645204295 1.6832981320341536 1.5898643082255255 -0.6014700737479833 1.0 1.0285395522019856 1.4704936804549074 1.2823392645168388 -0.6177821097151127 1.0 0.8988370972099945 1.3378949827446547 1.0919269940862324
1666705970.8953116 -0.5923131168028353 1.0 1.0910557838050494 1.6881988092566569 1.6076647238807966 -0.6038397664082896 1.0 1.008348862881045 1.483573775231707 1.299098105547849 -0.6171035968564814 1.0 0.8804275895017151 1.3543555512625658 1.1131845155950677
1666705971.1925197 -0.5947769203478762 1.0 1.0733773072357988 1.6904580210449793 1.625956052594414 -0.6058397352753615 1.0 0.9902622129891487 1.4962392452328668 1.317465107897365 -0.6170798961828589 1.0 0.8618065569954458 1.3699787656805669 1.1332561757786725
1666705971.4229643 -0.5963429706506487 1.0 1.061611547855106 1.6925603505363849 1.6328256057964228 -0.6072442882632099 1.0 0.9774101877091776 1.503340858056804 1.3289766014276798 -0.6164865351931631 1.0 0.8509986803809325 1.3799361011539317 1.1471752377166196
1666705971.5206108 -0.5967874127587429 1.0 1.0581786940169118 1.6933658704910912 1.633941059300915 -0.6076479016345866 1.0 0.97368419831234 1.5052759224561783 1.3320306822793675 -0.6163735437038049 1.0 0.8478505256045547 1.3826937655682903 1.151110764043755
1666705971.8890634 -0.5991211559251732 1.0 1.0400221953357045 1.696758811434983 1.638848118742078 -0.6100006559671923 1.0 0.9524419851783358 1.5146668152591567 1.346234265983104 -0.6158861056655491 1.0 0.8311332666151953 1.3970549028716008 1.1716621194738324
1666705972.2081163 -0.5995640471020347 1.0 1.0364569118027704 1.697245297495179 1.6393261157453234 -0.6105084158323775 1.0 0.9488504702529864 1.5166327529385455 1.3487935531763078 -0.6158580226414644 1.0 0.8279463428163676 1.3995996947675173 1.1753790670260302
1666705972.5975268 -0.6019196165003123 1.0 1.017601273995673 1.703755420502058 1.6385766983102907 -0.6128385588448148 1.0 0.9308780457925203 1.5271742581544008 1.3630118849291821 -0.6158255486742461 1.0 0.8110096655556085 1.4129326041012238 1.194779681032679
1666705972.8155072 -0.603475210905449 1.0 1.0052460325875037 1.7102551602393397 1.638470340182445 -0.6146488023918363 1.0 0.9195826481135504 1.534858518238522 1.3711094076397639 -0.6154941078010385 1.0 0.8007006336965635 1.4213460544628675 1.2075360805244604
1666705973.1939416 -0.6058983005961021 1.0 0.9866691887823436 1.7201617046043542 1.6379629816349486 -0.6166385656385267 1.0 0.9033177964381045 1.5468109644947867 1.3835615878401741 -0.6154393415406315 1.0 0.7847946740781101 1.4339936359233478 1.2259437327429281
1666705973.3106105 -0.6063214066641147 1.0 0.9833856124703205 1.721620291869372 1.6384796901989662 -0.616821216594507 1.0 0.9003565070512853 1.54887416081961 1.3856707549255276 -0.615379708204098 1.0 0.7820272384813207 1.4362357729674387 1.2291562428596146
1666705973.5891852 -0.6085617795358008 1.0 0.9656694674568056 1.7289910489736917 1.6422716324241164 -0.6176091209990284 1.0 0.8844595406763256 1.559883171078254 1.3972507882768168 -0.6151048245502075 1.0 0.7669965788639111 1.4483397702871859 1.2463221928290071
1666705973.914874 -0.608902436649654 1.0 0.9626116919339391 1.7304287168962305 1.64323401891822 -0.6176722714246153 1.0 0.8814069655211396 1.5615325249194496 1.399091693112072 -0.6151714067461539 1.0 0.7641151303758098 1.4504174928658455 1.2490327531165897
1666705974.108237 -0.6092590068394514 1.0 0.9593100123182492 1.7326346568108844 1.6446776795989242 -0.6176127407514199 1.0 0.8781184850932946 1.5631958743018397 1.4011703026753237 -0.6153385409371431 1.0 0.7611465500460669 1.4527376098807896 1.2519497240840487
1666705974.2217467 -0.6096582580969329 1.0 0.9554296134830701 1.7356815718751784 1.6460975359503272 -0.6174422213891663 1.0 0.874270448125241 1.5650899263207898 1.4037110309422842 -0.6156239017063915 1.0 0.7577531788085341 1.4555186360593382 1.2553464559297822
