1666705954.2319841 0.0 0.0 0.0
1666705954.3325968 0.0 0.0 0.0
1666705954.4274335 0.0 0.0 0.0
1666705954.5256853 0.0 0.0 0.0
1666705954.6154852 0.0 0.0 0.0
1666705954.7248704 0.0 0.0 0.0
1666705954.8283226 0.0 0.0 0.0
1666705955.0238602 0.0 0.0 0.0
1666705955.1293864 0.0 0.0 0.0
1666705955.225458 0.0 0.0 0.0
1666705955.3283353 0.0 0.0 0.0
1666705955.4201214 0.0 0.0 0.0
1666705955.5285883 0.0 0.0 0.0
1666705955.622826 0.0 0.0 0.0
1666705955.8312285 0.0 0.0 0.0
1666705956.0266447 0.0 0.0 0.0
1666705956.118643 0.0 0.0 0.0
1666705956.2186341 0.0 0.0 0.0
1666705956.3181472 0.0 0.0 0.0
1666705956.422448 0.0 0.0 0.0
1666705956.530776 0.0 0.0 0.0
1666705956.6278472 0.0 0.0 0.0
1666705956.7225325 0.0 0.0 0.0
1666705956.8191035 0.0 0.0 0.0
1666705956.9282317 0.0 0.0 0.0
1666705957.0280256 0.0 0.0 0.0
1666705957.1139426 0.0 0.0 0.0
1666705957.2152154 0.0 0.0 0.0
1666705957.3242133 0.0 0.0 0.0
1666705957.4225783 0.0 0.0 0.0
1666705957.5185196 0.0 0.0 0.0
1666705957.6266575 0.0 0.0 0.0
1666705957.722027 0.0 0.0 0.0
1666705957.8209562 0.0 0.0 0.0
1666705958.0339925 0.0 0.0 0.0
1666705958.221601 0.0 0.0 0.0
1666705958.5041697 0.0 0.0 0.0
1666705958.6219392 0.0 0.0 0.0
1666705958.7189255 0.0 0.0 0.0
1666705958.8220384 0.0 0.0 0.0
1666705958.9177885 0.0 0.0 0.0
1666705959.0239124 0.0 0.0 0.0
1666705959.1260867 0.0 0.0 0.0
1666705959.2212918 0.0 0.0 0.0
1666705959.3107045 0.0 0.0 0.0
1666705959.4257329 0.0 0.0 0.0
1666705959.5220108 0.0 0.0 0.0
1666705959.623382 0.0 0.0 0.0
1666705959.710632 0.0 0.0 0.0
1666705959.8196442 0.0 0.0 0.0
1666705959.9277124 0.0 0.0 0.0
1666705960.0199971 0.0 0.0 0.0
1666705960.122155 0.0 0.0 0.0
1666705960.2200377 0.0 0.0 0.0
1666705960.315468 0.0 0.0 0.0
1666705960.430899 0.0 0.0 0.0
1666705960.536656 0.0 0.0 0.0
1666705960.7250926 0.0 0.0 0.0
1666705960.8147085 0.0 0.0 0.0
1666705960.9221714 0.0 0.0 0.0
1666705961.0291457 0.0 0.0 0.0
1666705961.1254 0.0 0.0 0.0
1666705961.2124987 0.0 0.0 0.0
1666705961.3185349 0.0 0.0 0.0
1666705961.521226 0.0 0.0 0.0
1666705961.6191022 0.0 0.0 0.0
1666705961.7174108 0.0 0.0 0.0
1666705961.8168337 0.0 0.0 0.0
1666705961.9265323 0.0 0.0 0.0
1666705962.014369 0.0 0.0 0.0
1666705962.1131268 0.0 0.0 0.0
1666705962.2185402 0.0 0.0 0.0
1666705962.3271608 0.0 0.0 0.0
1666705962.4200115 0.0 0.0 0.0
1666705962.5156553 0.0 0.0 0.0
1666705962.6182652 0.0 0.0 0.0
1666705962.7288368 0.0 0.0 0.0
1666705962.8241403 0.0 0.0 0.0
1666705962.9206955 0.0 0.0 0.0
1666705963.017589 0.0 0.0 0.0
1666705963.127024 0.0 0.0 0.0
1666705963.2183897 0.0 0.0 0.0
1666705963.4143412 0.0 0.0 0.0
1666705963.5247116 0.0 0.0 0.0
1666705963.6152797 0.0 0.0 0.0
1666705963.7104163 0.0 0.0 0.0
1666705963.820431 0.0 0.0 0.0
1666705963.919219 0.0 0.0 0.0
1666705964.0119388 0.0 0.0 0.0
1666705964.1155093 0.0 0.0 0.0
1666705964.2209308 0.0 0.0 0.0
1666705964.3122497 0.0 0.0 0.0
1666705964.415464 0.0 0.0 0.0
1666705964.5246692 0.0 0.0 0.0
1666705964.6236446 0.0 0.0 0.0
1666705964.719559 0.0 0.0 0.0
1666705964.8249803 0.0 0.0 0.0
1666705964.9203546 0.0 0.0 0.0
1666705965.0166285 0.0 0.0 0.0
1666705965.2156298 0.0 0.0 0.0
1666705965.3235562 0.0 0.0 0.0
1666705965.588702 0.0 0.0 0.0
1666705965.8982265 0.0 0.0 0.0
1666705966.0052009 0.0 0.0 0.0
1666705966.1303713 0.0 0.0 0.0
1666705966.321117 0.0 0.0 0.0
1666705966.4201326 0.0 0.0 0.0
1666705966.514614 0.0 0.0 0.0
1666705966.6279573 0.0 0.0 0.0
1666705966.7232094 0.0 0.0 0.0
1666705966.8147876 0.0 0.0 0.0
1666705967.0848567 0.0 0.0 0.0
1666705967.3211832 0.0 0.0 0.0
1666705967.5157754 0.0 0.0 0.0
1666705967.7937517 0.0 0.0 0.0
1666705968.0182743 0.0 0.0 0.0
1666705968.2131002 0.0 0.0 0.0
1666705968.3181872 0.0 0.0 0.0
1666705968.4147496 0.0 0.0 0.0
1666705968.529199 0.0 0.0 0.0
1666705968.8132007 0.0 0.0 0.0
1666705968.9139552 0.0 0.0 0.0
1666705969.1166654 0.0 0.0 0.0
1666705969.3231719 0.0 0.0 0.0
1666705969.6985984 0.0 0.0 0.0
1666705969.9945543 0.0 0.0 0.0
1666705970.2876549 0.0 0.0 0.0
1666705970.5215929 0.0 0.0 0.0
1666705970.8953242 0.0 0.0 0.0
1666705971.1925323 0.0 0.0 0.0
1666705971.422985 0.0 0.0 0.0
1666705971.5206196 0.0 0.0 0.0
1666705971.8890762 0.0 0.0 0.0
1666705972.2081208 0.0 0.0 0.0
1666705972.5975394 0.0 0.0 0.0
1666705972.8155193 0.0 0.0 0.0
1666705973.193954 0.0 0.0 0.0
1666705973.3106198 0.0 0.0 0.0
1666705973.5891984 0.0 0.0 0.0
1666705973.9148824 0.0 0.0 0.0
1666705974.1082456 0.0 0.0 0.0
1666705974.2217617 0.0 0.0 0.0
