1666705954.2319489 0.0 0.0 0.0 1.0 0.0 2.0
1666705954.3325813 0.026810094809130894 0.0269193722254631 0.0264277759869968 1.027412517766538 0.02701212363216073 2.026824543334407
1666705954.427419 0.060068559867784165 0.06046794715126677 0.059707809121605254 1.0613484029179432 0.06215083182357419 2.0613466408160765
1666705954.5256622 0.0905601834066601 0.0912442400201578 0.09058693539639134 1.0924260552215004 0.09591699059551018 2.0944649091618364
1666705954.6154501 0.10884336497814183 0.10969328414823627 0.10935009008764969 1.1110137759950254 0.11702225539945907 2.115002840118345
1666705954.724855 0.12791728369598526 0.1289382900482973 0.12932344213177147 1.1301350870390214 0.13979713280145278 2.136576849050283
1666705954.8282785 0.15259314259678955 0.15380900420548813 0.15586772774724406 1.1542731408476643 0.17045351279559634 2.164418821894333
1666705955.0238204 0.1773381313627066 0.17862319609999733 0.18324559007936625 1.1777519110441834 0.20261880266477025 2.1921925846793697
1666705955.1293688 0.19672824790485655 0.19800179909389543 0.20594672425393704 1.194521619266462 0.22951434806668103 2.212852154236015
1666705955.225391 0.22096936985428656 0.22209442966851603 0.23500550978765877 1.2146563067782428 0.2644914116885971 2.2379803636356863
1666705955.328319 0.24500680436632072 0.2458924363484391 0.2643513932014751 1.2341288356222613 0.30059205511752796 2.262341169168608
1666705955.42005 0.2627386557286596 0.2633675113363628 0.28633612926924035 1.2481534100193499 0.3281794624381977 2.279876355214446
1666705955.5285795 0.2797522404190366 0.2800881680657552 0.3077230260845854 1.261281752007819 0.35539593251426244 2.2961784456821746
1666705955.6227965 0.3052939056024633 0.30514983716061667 0.3401743829389858 1.2807144573321774 0.3973573723481806 2.3198794545048655
1666705955.8312092 0.32067180948310425 0.3201922874225599 0.3598648597472032 1.292483615130751 0.42338211867495784 2.3336903119575583
1666705956.026613 0.3971705562300699 0.394826781286756 0.4589024921274585 1.3502092713168272 0.5579465714657379 2.3927172778563213
1666705956.1186256 0.4706617422517047 0.4646046490226553 0.5546430509791039 1.4090441735299293 0.6949398933813767 2.44356908545927
1666705956.2186244 0.4839326113993742 0.4769184456301212 0.5720892140108276 1.4202694787824313 0.720589015273036 2.4529283243954456
1666705956.3181372 0.5017721977655187 0.4933931337864696 0.595666626118361 1.4352447365637464 0.7554417529237711 2.464176909271368
1666705956.4224343 0.5146523486157064 0.5052464304300434 0.6128025130033854 1.4461177980321973 0.7808925153189366 2.471425164824012
1666705956.530735 0.5301848333768048 0.5195289405209325 0.6336514083519595 1.4589576343630153 0.8118372658124507 2.478938355115465
1666705956.6278195 0.5501442894042556 0.5379548219501568 0.6608112493516345 1.4750629917576807 0.8519148714440102 2.486938953007081
1666705956.7225008 0.5724764187665345 0.5587269252394282 0.6917685498143198 1.4924287794165791 0.8971179407204757 2.494032601516533
1666705956.819084 0.5854664824023306 0.5709739125537705 0.7101526852440194 1.5022759679673423 0.9236613886593578 2.497358444370484
1666705956.9282231 0.5987232944089409 0.5836297817066326 0.7292035872372732 1.5119529014930992 0.950675420029037 2.4992610854154944
1666705957.0279906 0.6190185391352948 0.6032150849662096 0.7587336297914946 1.5263827237206804 0.9918130757013408 2.50024896343147
1666705957.1139286 0.6398588025538454 0.6233757196773879 0.7893176017686818 1.541023005908146 1.0338517441027657 2.4998154644267294
1666705957.2151842 0.651866699412337 0.6350423446656128 0.8070512461496578 1.54950819867021 1.0579889335150452 2.499133188167298
1666705957.3242002 0.664151996813642 0.6469038174557545 0.8250990041771886 1.5582071136432485 1.082331317741468 2.4979882949391725
1666705957.4225655 0.6808814082349208 0.6629072318965238 0.8495642336139138 1.5701119644405184 1.115114944717591 2.4961079491717144
1666705957.518497 0.6927537682762145 0.6739650850405888 0.8667052985104211 1.5785928024505473 1.1380661323257468 2.4948779064454687
1666705957.6266274 0.7045480868525775 0.6845793839273043 0.8834676574958129 1.5869328025420115 1.160456765110487 2.493737622662088
1666705957.7220056 0.7214681005885727 0.6993280000601101 0.907130033982319 1.5986683092253555 1.1919618418566187 2.492261998460203
1666705957.820941 0.7407931707126214 0.7158103662083937 0.9339474712707783 1.6116856603287655 1.2276261675914562 2.4909150710663033
1666705958.0339732 0.7533128467500442 0.7262518773183297 0.9512401067322871 1.6197578164986606 1.2505379903915077 2.490323390479027
1666705958.2215707 0.7747937352617159 0.7439789928251325 0.9805764602039522 1.6323147623152112 1.288613599644282 2.488658599201055
1666705958.504151 0.791262478899278 0.7576215778392783 1.003206126666572 1.6414241944379364 1.3174454481990772 2.487050425769778
1666705958.621917 0.8770544027489813 0.8283679326319405 1.121564541407005 1.6873473154240668 1.469585643179575 2.479182383926102
1666705958.718907 0.8930317560285331 0.8411451883085381 1.1440395368585166 1.6966664858149922 1.4978564773286438 2.4788625506831456
1666705958.8220263 0.9010423852190236 0.8474678702891038 1.1552092163197623 1.7013455672706501 1.5118116897626317 2.4786467214925314
1666705958.9177763 0.9155000164249557 0.858793638972862 1.175269142150007 1.7100390132436156 1.5369818824372525 2.4783939896986134
1666705959.0238824 0.9258946425629633 0.8668404796485866 1.1895985102480244 1.7162967188884115 1.5548645485607981 2.478391330541883
1666705959.1260576 0.9400623156450557 0.8777787544423531 1.2089735338586354 1.7249400901358516 1.5789732702547996 2.4787842759171945
1666705959.221246 0.9516209851063419 0.8867452806644753 1.2246503954693433 1.731995408964211 1.5983974480606704 2.4794820976814638
1666705959.3106747 0.9619494728775748 0.8948244709644875 1.2385142950087826 1.7383463174015872 1.6153560814942656 2.480415999312151
1666705959.4257195 0.9717649090889036 0.9026034903549087 1.2515443473431547 1.744355771137017 1.631143690644897 2.4815941197841966
1666705959.5219731 0.988279669785284 0.9158076517957496 1.2732457896217246 1.7543383399426897 1.6570235584219135 2.4839500469868385
1666705959.623339 1.0045294513574907 0.9288220187495301 1.2944720610167995 1.764064261148655 1.6819595486890435 2.4867051984400916
1666705959.7106216 1.0149164439492324 0.9371763175887313 1.3080570455904994 1.770193249330358 1.6976934882533952 2.488634905306766
1666705959.8196342 1.0236995638056074 0.9442399824316537 1.3193815906158994 1.7752518868801683 1.7107668980995636 2.4902645562629324
1666705959.9276936 1.0361265121302785 0.9542740765295518 1.3352524970339026 1.7823277256485717 1.7290832953259223 2.4925062673524914
1666705960.0199666 1.0496068745278753 0.9651504291308305 1.35237174664188 1.790006761755326 1.748892561544773 2.4948990426833184
1666705960.1221085 1.0613111322829465 0.9746681967370837 1.3671908422438803 1.7965956827786935 1.7661467928853676 2.4969915873392634
1666705960.2200239 1.0718043176187448 0.9833432157329185 1.3805075079853333 1.80257629878575 1.7816356483075175 2.4989717331771426
1666705960.3154542 1.0834112677759982 0.993198583057824 1.3954159347888888 1.8093696784592845 1.798804093289617 2.5012507733391227
1666705960.4308853 1.094747195184474 1.0030545423378432 1.4100359956806345 1.8162517326681153 1.815516501765087 2.5036538304476994
1666705960.5366418 1.1086480669402785 1.015419798258772 1.4280398244191503 1.8249114699302256 1.835993965927108 2.5069303711729014
1666705960.7250738 1.1224105077544058 1.0277963910197119 1.4458183084353957 1.8335486005063308 1.8561149823620129 2.5105130953332955
1666705960.814653 1.1315394318851146 1.036176039625614 1.4574297216829568 1.8392439960752873 1.8689904444524201 2.513246827685336
1666705960.9221396 1.1377465624180587 1.0419043627458562 1.4652941528485246 1.8431529026240456 1.8776346989850339 2.5152086537430205
1666705961.0291111 1.1462149147563443 1.0497090407753311 1.4758670571684718 1.8484211046334456 1.889188141569584 2.5178672780920515
1666705961.1253867 1.1589756732876313 1.0614012135635298 1.4915979183516135 1.8563044290939401 1.906278719834762 2.5219563460916943
1666705961.212486 1.1715550941904986 1.07291762727919 1.5073009317783268 1.8641460830316956 1.9230001313748715 2.526041688521239
1666705961.3184893 1.1762618548739154 1.0772853064661179 1.5131806854164505 1.8673467431048558 1.9292496591907256 2.527566992037232
1666705961.5212064 1.1842507051834774 1.084684069496868 1.5230698817853945 1.8727049964692384 1.939660755130252 2.5302229347946765
1666705961.6190827 1.2192146590645856 1.1172336373281513 1.5663910128297704 1.8956898253196952 1.9837722546890943 2.5418721344113
1666705961.7173598 1.2267556827363857 1.1240728550597816 1.5758953878800817 1.900410009943621 1.9937319895392807 2.5445139047978667
1666705961.816788 1.234513053499752 1.1309936144328636 1.585521322391514 1.9050699038654637 2.003814770875824 2.5471370386935224
1666705961.9265132 1.2422781998307126 1.1378234396926408 1.5950953594326627 1.909653762371703 2.0140070265937267 2.5501173592706343
1666705962.0143557 1.2521175944459138 1.1463614847712897 1.6070333524482066 1.9153726720676807 2.0267736730778445 2.5539681836198636
1666705962.11311 1.260512147548993 1.153625629252498 1.6170183138348067 1.9201557267644254 2.037364209361225 2.557312282483264
1666705962.2185102 1.264930969459339 1.1574497853011694 1.6221960051654207 1.9226822005040538 2.0427738760140324 2.5590937114795773
1666705962.3271155 1.2719298640962193 1.1634718357230212 1.6301710337563908 1.9266258088297996 2.0510272639499325 2.5619409921784717
1666705962.419963 1.2813397772691524 1.1715195649505605 1.6405565248827725 1.9316579348299898 2.0617068245818935 2.565660255988179
1666705962.5156384 1.2897013252045597 1.1786527080118565 1.6496321677503918 1.9361901403494741 2.0709439029889762 2.568938097794597
1666705962.6182482 1.2981368478899507 1.1858457899385833 1.658762879251761 1.9407389433109832 2.080035990393932 2.572210969241328
1666705962.728825 1.3043214157498364 1.1910795172743969 1.6653637050232297 1.94411619385856 2.0865516052145914 2.574564442130086
1666705962.8240793 1.3141558451375455 1.1994504371402508 1.6769057482987018 1.9495761712462065 2.096652525525037 2.578138328356255
1666705962.9206445 1.3239715925944062 1.2078688047430606 1.6886875860055892 1.955127253391609 2.1069605509017872 2.5816176980759784
1666705963.0175781 1.3332757634112054 1.2160440027119082 1.6997665148717311 1.960375320004823 2.1169596574853053 2.58490140411745
1666705963.1270125 1.3398223356000496 1.221946345636912 1.7075943709230654 1.964069494840437 2.124057225305263 2.587172742911963
1666705963.218355 1.3482929963758918 1.2297260590726191 1.7175080929657511 1.9687191677488762 2.1334664663675613 2.590065452059341
1666705963.4142938 1.3548689541084693 1.235817313383712 1.7250285287229574 1.972100961710298 2.140783934557454 2.592197468073642
1666705963.524692 1.3773623562409232 1.2570450812179932 1.7497927400124387 1.9829500183558872 2.1649803607599223 2.598720347023328
1666705963.615263 1.3848424246850706 1.2644715887933673 1.7580391562353825 1.9866082675581236 2.173389413311974 2.600692899756699
1666705963.710406 1.3906670725038706 1.2703880869323674 1.7645034344373194 1.9895806181352749 2.1799128991839622 2.6020896232217834
1666705963.8204212 1.3944719216742771 1.2743500236988952 1.768693367433775 1.9914751372446529 2.184246829307195 2.6030700984938093
1666705963.9192111 1.3997492023379723 1.280010720686199 1.7748528060954134 1.9929393924257188 2.1902239260324188 2.604350752666238
1666705964.0118992 1.4060373218575388 1.2867571169054925 1.7822495831190117 1.9949489627227655 2.1970721784488187 2.6057049853555805
1666705964.1154778 1.4102392253683997 1.2911895139051428 1.787312976276365 1.996427174195996 2.2015231980784495 2.6064899520069846
1666705964.220916 1.414571730797251 1.295691720692857 1.792569019954231 1.9981298247289179 2.205943135727731 2.6071854461538546
1666705964.3122318 1.41986098600752 1.3010621215905402 1.7990042232218704 2.0005572138057124 2.211139743258469 2.6078778664559845
1666705964.4154341 1.4247359400509894 1.3058718971874215 1.804851447255028 2.003174226982866 2.2157747699562895 2.6083442836030613
1666705964.524638 1.428453291024168 1.309425268842301 1.8092302373530322 2.0054507780019533 2.2191856802185717 2.6085725757101117
1666705964.623531 1.43380120684712 1.3145070277824278 1.8154054711464465 2.009099149188789 2.224072875409158 2.608837552652257
1666705964.7195287 1.4391464867489723 1.3194875369662045 1.8214934933064448 2.012928032378922 2.2289790710297606 2.609015185412066
1666705964.824948 1.443916815751996 1.3239579472596696 1.827010131379231 2.0165454450562583 2.233384390390204 2.609293495180031
1666705964.9203415 1.4487009911104467 1.3284639079073104 1.8326484189228192 2.0206673911603144 2.2378666924907122 2.6096813572428617
1666705965.016615 1.4532997043013252 1.3327530160988568 1.8379650907586966 2.024331379595898 2.242186988601204 2.6102906400227353
1666705965.2156112 1.4579583862220158 1.337099967562108 1.8432679218999333 2.0276360934402495 2.2464772805055864 2.611208974728557
1666705965.3235373 1.4757015372097249 1.3528225133577718 1.86256551299955 2.038389806993619 2.2614396139590407 2.616276994800097
1666705965.5886834 1.4814319151937962 1.3578719121886995 1.8686201063864813 2.0407711018269956 2.266146066067349 2.6179598799342134
1666705965.898197 1.5073449538698807 1.3809164730901178 1.8953474848101943 2.050089888840704 2.2879127880866728 2.6251334577124714
1666705966.0051935 1.5329265591189023 1.4037012538371776 1.920580887665713 2.059074690150049 2.310557443522286 2.629367153700037
1666705966.130354 1.5354475307917002 1.4061796627802827 1.9230725153051706 2.060423827149087 2.3120737565391494 2.6292220064487806
1666705966.321087 1.54051896955297 1.411452591970918 1.927962009340109 2.0633815852202666 2.3153848948702525 2.6286363338784167
1666705966.42005 1.5436706241572866 1.4149861494901488 1.931147966650264 2.065877692011478 2.317477890866372 2.6281116211352917
1666705966.514607 1.5473848320225576 1.4194608168825087 1.9352312175105642 2.069398507748538 2.3200907687875354 2.627299889651296
1666705966.627909 1.5506293694274524 1.4234578565405926 1.9389541160527364 2.0727281002854827 2.32247449099604 2.6264481744066797
1666705966.723192 1.5540934975490237 1.4277202032481588 1.9429844992559546 2.0764461001325856 2.3250240899963237 2.625465881470952
1666705966.8147743 1.556812245795768 1.4309652296870892 1.9465048706810204 2.079459604665267 2.326956508272141 2.624781481543376
1666705967.0848465 1.5599103235909917 1.434554984365725 1.9502566487718829 2.0826374042880627 2.3291101358860398 2.623892310966873
1666705967.3211634 1.574129839135661 1.4502240797218813 1.967411136019013 2.09556643607104 2.338857365898986 2.6201926934059396
1666705967.5157504 1.5844356121353937 1.4606994378466585 1.9787581949448745 2.1007405157484538 2.347810839989459 2.615460724172939
1666705967.7937007 1.5873047606928619 1.4633805530462103 1.981462837899616 2.102176249002089 2.35003268684268 2.6143645478842066
1666705968.0182495 1.60357376774994 1.478374313634766 1.9959981546271508 2.1104215416103242 2.3624247782332377 2.6081834053920385
1666705968.213078 1.6134361946150881 1.4890780834020019 2.0047905923518874 2.115244122702439 2.365119711419678 2.6085759158023203
1666705968.318166 1.6151103298618332 1.4907745335558087 2.006042735677822 2.1160911915331333 2.3653568604823185 2.608657630359796
1666705968.4146917 1.6177671674949796 1.4931423573835723 2.007923652647241 2.1176866878796234 2.3656189317605967 2.6089391986220045
1666705968.5291758 1.6203207856229047 1.4953205316192644 2.00965263164981 2.1192340698577805 2.365626514829951 2.609291437383596
1666705968.813178 1.6236397093262829 1.4980017203638827 2.011762647623097 2.120841271149259 2.3657231572168964 2.609583093659892
1666705968.9139278 1.6331335221253604 1.5049407253525937 2.0163623870469354 2.1208481628571763 2.367231538860269 2.608251659124979
1666705969.1166377 1.6353016010499946 1.5071090885280871 2.017197202005244 2.1200113178450324 2.367672637287364 2.6074657798348952
1666705969.3231368 1.643596538567278 1.5163234932360958 2.018984058673814 2.1142914231388854 2.3705438177999447 2.6031455266367147
1666705969.6985762 1.6503741306857163 1.5264994641047693 2.0228903572834085 2.110858471224284 2.373153635820019 2.5961597588856553
1666705969.9945333 1.6589021086083726 1.544745551066089 2.034189335026599 2.1172134712016164 2.3762101983806794 2.5831120233707905
1666705970.2876122 1.668241173502495 1.562581471131467 2.0439270813872876 2.12792430038702 2.3795698687151017 2.5712158727646717
1666705970.5215714 1.67799819064955 1.5788650568535685 2.0501780482955185 2.1314169568323873 2.3829088040264184 2.561429970983717
1666705970.8953035 1.6832981320341536 1.5898643082255255 2.0524981005833958 2.1303749155332117 2.379159361233965 2.5573283054589315
1666705971.1925106 1.6881988092566569 1.6076647238807966 2.056121720442441 2.129132008294275 2.373319137793067 2.549263960036809
1666705971.4229453 1.6904580210449793 1.625956052594414 2.0601465971643864 2.1314846094523014 2.367357968632035 2.5389861968855962
1666705971.5206048 1.6925603505363849 1.6328256057964228 2.061057536790367 2.131648876581178 2.3639833989322185 2.5358602026296864
1666705971.8890553 1.6933658704910912 1.633941059300915 2.0611892161406136 2.131418778230306 2.3629443777902157 2.534769245140235
1666705972.2081108 1.696758811434983 1.638848118742078 2.0602903482932744 2.1269010933363712 2.357316430231488 2.528506925105721
1666705972.5975184 1.697245297495179 1.6393261157453234 2.0605936484716834 2.1262405025111804 2.3561412062495624 2.527048006945727
1666705972.815499 1.703755420502058 1.6385766983102907 2.0626076472853696 2.124487440638114 2.3498638667821012 2.5188289699602837
1666705973.193933 1.7102551602393397 1.638470340182445 2.0651557500456303 2.1223863822964133 2.3459343345970387 2.51506142691238
1666705973.3106046 1.7201617046043542 1.6379629816349486 2.069196108831263 2.120512605437919 2.3401447347863424 2.507544648736224
1666705973.5891767 1.721620291869372 1.6384796901989662 2.0696809579554936 2.120110759178192 2.3391153366454382 2.506291670447271
1666705973.9148686 1.7289910489736917 1.6422716324241164 2.072062738639449 2.118319973352843 2.3335215281898307 2.49915428989236
1666705974.1082313 1.7304287168962305 1.64323401891822 2.0719897616572203 2.1176399853870054 2.332356905835553 2.4970994988187623
1666705974.2217367 1.7326346568108844 1.6446776795989242 2.0717060064732467 2.1170680044048105 2.33145846822135 2.4950208948966246
