1666705954.2319348 -0.010329393669962883 -0.018523456528782845 0.5334636569023132 -1.6021816730499268 0.01624845340847969 0.9216161966323853 0.5299312472343445 5.413272857666016 -0.0047721234150230885 1.9833342712372541 0.5296465158462524 1.2171224355697632
1666705954.3325722 -0.008032371290028095 -0.023658405989408493 0.5351894497871399 -1.8505463600158691 0.004710350651293993 0.9373806044459343 0.5319190621376038 7.027083873748779 -0.007166929543018341 2.0004418369499035 0.5302714705467224 1.0591453313827515
1666705954.4274101 -0.007811461575329304 -0.022854866459965706 0.5316718816757202 -2.1346018314361572 0.009726827964186668 0.972302757203579 0.534697949886322 7.259720802307129 -0.005075632594525814 2.0121973752975464 0.5277584791183472 -0.011705921962857246
1666705954.5256505 -0.007336296606808901 -0.02033681422472 0.5326792001724243 -2.311816453933716 0.012834995985031128 1.0178009532392025 0.531957745552063 7.289508819580078 -0.0029697807040065527 2.0445748828351498 0.5222338438034058 -0.6126372814178467
1666705954.6154375 -0.005481273401528597 -0.01759050227701664 0.5334969162940979 -2.3158626556396484 0.017240529879927635 1.0886838734149933 0.5229170322418213 6.936206340789795 0.0033117507118731737 2.1052382215857506 0.5150710344314575 -1.6370497941970825
1666705954.7248442 -0.0029059068765491247 -0.01311362162232399 0.5287142395973206 -2.110183000564575 0.0274741742759943 1.1916783452033997 0.5224747657775879 6.855917453765869 0.015093039721250534 2.1937939524650574 0.5101592540740967 -2.073082685470581
1666705954.8282678 0.002782213967293501 7.278239354491234e-05 0.5239500403404236 -2.1116929054260254 0.04080188274383545 1.3113888204097748 0.5184985995292664 4.795448303222656 0.024612311273813248 2.2962584793567657 0.5020152926445007 -1.9034769535064697
1666705955.023807 0.017517929896712303 0.017504429444670677 0.5250105857849121 -2.263671398162842 0.07327073812484741 1.568709909915924 0.5161025524139404 -1.745478630065918 0.05512559413909912 2.526690721511841 0.5125308632850647 -0.8915452361106873
1666705955.1293588 0.057796258479356766 0.060942407697439194 0.522808313369751 -2.320517063140869 0.09449999034404755 1.6819800734519958 0.5196307301521301 -3.4522817134857178 0.07312850654125214 2.636212110519409 0.5189992785453796 0.10112998634576797
1666705955.2253754 0.08589283376932144 0.08608537167310715 0.5261610150337219 -2.1236095428466797 0.11498778313398361 1.772569179534912 0.5240370631217957 -3.9680593013763428 0.09382107853889465 2.736435651779175 0.5275439023971558 0.9316725134849548
1666705955.328309 0.11273889988660812 0.11015692353248596 0.5302248001098633 -1.7479597330093384 0.1411246955394745 1.860413134098053 0.5334420204162598 -3.9287261962890625 0.11711015552282333 2.8333096504211426 0.5264468789100647 1.4046303033828735
1666705955.420035 0.13303382694721222 0.12682853639125824 0.5313075184822083 -1.5858690738677979 0.15918904542922974 1.9301753044128418 0.5418767929077148 -3.820460557937622 0.14226368069648743 2.922115981578827 0.5232911705970764 1.5034503936767578
1666705955.5285747 0.15376782417297363 0.1418764442205429 0.5268403887748718 -1.6551403999328613 0.18109235167503357 1.9833763241767883 0.5443235635757446 -3.44854998588562 0.16792073845863342 2.9987968802452087 0.5237367749214172 1.3680166006088257
1666705955.622784 0.17007993161678314 0.15018638968467712 0.5273663401603699 -1.6700688600540161 0.2019006609916687 2.0276355743408203 0.5344643592834473 -3.2165470123291016 0.1987127810716629 3.0896944999694824 0.5256343483924866 0.8642420768737793
1666705955.8311975 0.18303130567073822 0.15958265960216522 0.525093674659729 -1.3952043056488037 0.2236623466014862 2.06179141998291 0.5244153738021851 -3.0893197059631348 0.26349368691444397 3.267154574394226 0.5010214447975159 0.05313251167535782
1666705956.026597 0.18802259862422943 0.16509361565113068 0.5157923698425293 -1.2621750831604004 0.26195159554481506 2.103676438331604 0.511303186416626 -3.187544822692871 0.333461195230484 3.451994299888611 0.5284599661827087 -1.0702396631240845
1666705956.1186168 0.2300572544336319 0.21197643876075745 0.5138226747512817 -2.269685745239258 0.3094857633113861 2.1337671279907227 0.5166045427322388 -1.3395150899887085 0.360477089881897 3.549823760986328 0.547756016254425 -0.8494124412536621
1666705956.2186182 0.2630133330821991 0.24785228073596954 0.5144558548927307 -3.0735058784484863 0.33732423186302185 2.1605719327926636 0.5187360644340515 -0.4052015244960785 0.3901486396789551 3.6421077251434326 0.5527445673942566 -0.4901900589466095
1666705956.3181314 0.29956281185150146 0.2845925986766815 0.51291424036026 -3.68257737159729 0.35942724347114563 2.1754586696624756 0.5251482725143433 0.4260067045688629 0.4177296757698059 3.733212113380432 0.5458829402923584 -0.23881512880325317
1666705956.422409 0.3382851779460907 0.32152286171913147 0.5132529139518738 -3.847526788711548 0.39322879910469055 2.2158820629119873 0.5355350971221924 0.947769284248352 0.45022621750831604 3.8237690925598145 0.531814694404602 -0.10575678944587708
1666705956.5307186 0.38261422514915466 0.35782304406166077 0.5135951638221741 -4.136746883392334 0.42673179507255554 2.259759306907654 0.5284932851791382 0.8659841418266296 0.4951888620853424 3.917698860168457 0.5192738175392151 -0.01250356063246727
1666705956.6278095 0.4281761348247528 0.39014187455177307 0.5085395574569702 -4.14067268371582 0.4628823697566986 2.315189838409424 0.5251707434654236 0.35259488224983215 0.5455415844917297 4.013554096221924 0.5108411312103271 0.17930631339550018
1666705956.7224882 0.4735433757305145 0.4147750437259674 0.5082942843437195 -3.9383411407470703 0.4932422637939453 2.361588478088379 0.5256142020225525 -0.2699218988418579 0.5958011746406555 4.09440803527832 0.5100551843643188 0.30908939242362976
1666705956.8190722 0.5094089508056641 0.4337707459926605 0.5130622982978821 -3.342174768447876 0.52254319190979 2.4079214334487915 0.5281172394752502 -0.9489970803260803 0.6555782556533813 4.194045782089233 0.509286642074585 0.4917597770690918
1666705956.9282184 0.5364821553230286 0.44511520862579346 0.5143460631370544 -2.1438660621643066 0.5459077954292297 2.4403438568115234 0.5233572721481323 -1.4874101877212524 0.7097540497779846 4.2746288776397705 0.5122682452201843 0.5699829459190369
1666705957.0279772 0.5566769242286682 0.4541252851486206 0.5136687159538269 -0.34071052074432373 0.5661330223083496 2.462247133255005 0.525327205657959 -1.643266201019287 0.7569506764411926 4.346139192581177 0.5128417015075684 0.5704772472381592
1666705957.113919 0.5705689787864685 0.45438361167907715 0.5110131502151489 1.5933364629745483 0.5840728282928467 2.4729363918304443 0.5278515815734863 -1.8022174835205078 0.8026734590530396 4.396252155303955 0.5093391537666321 0.6397910118103027
1666705957.215173 0.5747592449188232 0.45913955569267273 0.5087559223175049 2.745443820953369 0.6057529449462891 2.4785183668136597 0.5247660875320435 -1.9566627740859985 0.8436111807823181 4.432436943054199 0.5141680836677551 0.8309581279754639
1666705957.324192 0.5905138850212097 0.4791361689567566 0.5077996850013733 2.034365653991699 0.6272736191749573 2.4816588163375854 0.5226238965988159 -1.9643481969833374 0.8798161745071411 4.456451892852783 0.5204769968986511 0.8550133109092712
1666705957.4225576 0.6015199422836304 0.5086946487426758 0.505948007106781 0.7744531631469727 0.6508822441101074 2.4824135303497314 0.5203913450241089 -1.8484100103378296 0.9134328365325928 4.470736742019653 0.5194244980812073 0.813294529914856
1666705957.5184858 0.611553430557251 0.546032190322876 0.5101238489151001 -0.10355392843484879 0.6731409430503845 2.4872363805770874 0.5206020474433899 -1.5874685049057007 0.9423925280570984 4.478681802749634 0.5183502435684204 0.5521422624588013
1666705957.6266115 0.6224409341812134 0.5817126035690308 0.514599084854126 -0.7393729090690613 0.7027527093887329 2.498434066772461 0.5216467976570129 -1.5841765403747559 0.9759688377380371 4.482102632522583 0.5157308578491211 0.38644978404045105
1666705957.7219958 0.6376048922538757 0.6116580367088318 0.5108996629714966 -1.0821348428726196 0.7333539128303528 2.5174667835235596 0.5234690308570862 -1.7411869764328003 1.004747748374939 4.4874656200408936 0.51383376121521 0.2249942570924759
1666705957.8209302 0.6528053283691406 0.6413559317588806 0.5096906423568726 -0.9244406819343567 0.7625280022621155 2.543971061706543 0.522301197052002 -1.8637629747390747 1.0353764295578003 4.49275803565979 0.510662853717804 0.11746510863304138
1666705958.0339622 0.6696822047233582 0.663999080657959 0.5105057954788208 -0.8265156745910645 0.8133905529975891 2.5970892906188965 0.5187923312187195 -2.5191173553466797 1.0963596105575562 4.515192985534668 0.5109413862228394 0.18706047534942627
1666705958.2215576 0.7163052558898926 0.7022128701210022 0.5095571279525757 0.19143278896808624 0.8593628406524658 2.6368966102600098 0.5117605328559875 -2.1585214138031006 1.155700445175171 4.540270090103149 0.5048437714576721 0.5036308765411377
1666705958.5041382 0.7310975193977356 0.7162424921989441 0.50767982006073 0.09374747425317764 0.8788084387779236 2.651535153388977 0.5106635093688965 -2.0385191440582275 1.155700445175171 4.540270090103149 0.5048437714576721 0.5036308765411377
1666705958.6218958 0.7593770027160645 0.7457112669944763 0.5080286860466003 -0.6558112502098083 0.932866096496582 2.662759304046631 0.5117432475090027 -1.6328542232513428 1.250079870223999 4.5686352252960205 0.5091789364814758 0.37620243430137634
1666705958.7188962 0.7695233821868896 0.7616921663284302 0.5053314566612244 -0.5526103377342224 0.9562932848930359 2.667913317680359 0.5117823481559753 -1.7873454093933105 1.2803072929382324 4.58318829536438 0.5090022683143616 0.6035700440406799
1666705958.8220186 0.783164918422699 0.7784490585327148 0.5030636787414551 -0.7461816668510437 0.9710177183151245 2.6610692739486694 0.5075927376747131 -1.8095391988754272 1.2915343046188354 4.581843614578247 0.5059104561805725 0.7033729553222656
1666705958.917769 0.7966261506080627 0.7973232865333557 0.5021981000900269 -0.4610426127910614 0.9924082159996033 2.664836287498474 0.5129833221435547 -1.6775857210159302 1.319312572479248 4.580929756164551 0.5062900185585022 0.5791130661964417
1666705959.0238717 0.8155859708786011 0.8160781264305115 0.5071898698806763 0.013728417456150055 1.0181066989898682 2.666021227836609 0.5087206959724426 -1.5771044492721558 1.348764419555664 4.568920135498047 0.5067504644393921 0.28310418128967285
1666705959.126041 0.8355132341384888 0.8314532041549683 0.511709988117218 0.29428884387016296 1.050197720527649 2.673633098602295 0.5070456862449646 -1.5446871519088745 1.3842450380325317 4.55813455581665 0.5063589215278625 0.32671302556991577
1666705959.2212298 0.8563560843467712 0.8458538055419922 0.5141147971153259 0.17225448787212372 1.0830583572387695 2.679660439491272 0.5031338334083557 -1.1967973709106445 1.4273912906646729 4.546157121658325 0.508534848690033 0.2136969268321991
1666705959.310662 0.8799740076065063 0.8604546189308167 0.5150217413902283 -0.25782984495162964 1.1179345846176147 2.6905336380004883 0.5022051334381104 -0.789626955986023 1.4674760103225708 4.5348570346832275 0.5108504295349121 0.49884033203125
1666705959.4257116 0.8976243734359741 0.8719794750213623 0.5156996250152588 -0.5555850863456726 1.1466947793960571 2.7017656564712524 0.5004634857177734 -0.6316095590591431 1.5054148435592651 4.526834487915039 0.5066690444946289 0.7323476076126099
1666705959.5219584 0.9109729528427124 0.8830849528312683 0.5155709385871887 -0.6678445339202881 1.1722931861877441 2.711887240409851 0.5009104609489441 -0.5907114744186401 1.538984775543213 4.521733522415161 0.5022258162498474 0.6601213812828064
1666705959.623318 0.9222947359085083 0.8909767866134644 0.5152331590652466 -0.5550534725189209 1.190983533859253 2.7229154109954834 0.5091533064842224 -0.827012836933136 1.5651071071624756 4.522144079208374 0.5015583634376526 0.4229035973548889
1666705959.7106154 0.9277474880218506 0.895698070526123 0.5158916711807251 -0.6847543120384216 1.2128229141235352 2.7343767881393433 0.5104795098304749 -0.9528949856758118 1.5862983465194702 4.526511192321777 0.5042741298675537 0.2771589756011963
1666705959.819628 0.9370895624160767 0.9020845293998718 0.5160484313964844 -1.2592099905014038 1.2320928573608398 2.7426294088363647 0.5030625462532043 -0.9910694360733032 1.6030256748199463 4.532453536987305 0.5106359124183655 0.0843018889427185
1666705959.9276826 0.9415570497512817 0.9060916304588318 0.515748143196106 -2.0886402130126953 1.2478296756744385 2.747388482093811 0.49838006496429443 -0.8282155394554138 1.6145200729370117 4.538952350616455 0.5126683712005615 0.008086228743195534
1666705960.0199552 0.9536455869674683 0.9130850434303284 0.5163488388061523 -2.524857521057129 1.267864465713501 2.75747811794281 0.5014307498931885 -0.7834194898605347 1.6274471282958984 4.544700622558594 0.5073841214179993 -0.11806406825780869
1666705960.1220918 0.965079128742218 0.9152634739875793 0.5148167014122009 -2.5038022994995117 1.2838865518569946 2.761539340019226 0.5011432766914368 -1.1140460968017578 1.64173424243927 4.5456390380859375 0.506499707698822 0.1585594117641449
1666705960.2200158 0.9834420084953308 0.9193243384361267 0.5117995738983154 -2.4087324142456055 1.2975770235061646 2.763612747192383 0.5016617774963379 -1.522179126739502 1.6594184637069702 4.547577142715454 0.506395161151886 0.3336561620235443
1666705960.3154466 1.0004335641860962 0.923525869846344 0.5101179480552673 -2.4388511180877686 1.315323829650879 2.7633403539657593 0.5053608417510986 -1.8854458332061768 1.6799834966659546 4.546726226806641 0.5046332478523254 0.30108267068862915
1666705960.4308777 1.0168678760528564 0.9278374910354614 0.5088525414466858 -2.418095588684082 1.3322440385818481 2.7651644945144653 0.5050661563873291 -2.0421321392059326 1.6983436346054077 4.542940855026245 0.5014654397964478 0.3839449882507324
1666705960.536634 1.0317492485046387 0.9360479712486267 0.5100395679473877 -2.370049476623535 1.351942777633667 2.7711098194122314 0.5085590481758118 -2.248812675476074 1.719022274017334 4.539860248565674 0.5038520693778992 0.2286931872367859
1666705960.7250621 1.0630292892456055 0.9569188952445984 0.5122582316398621 -2.0226118564605713 1.38723886013031 2.7849844694137573 0.5052709579467773 -3.140256404876709 1.7633311748504639 4.53292441368103 0.5042460560798645 -0.3964182138442993
1666705960.8146324 1.077017903327942 0.9677013754844666 0.5074284076690674 -1.6403775215148926 1.4028234481811523 2.7894506454467773 0.5013559460639954 -3.4405510425567627 1.7818529605865479 4.531022548675537 0.5022798180580139 -0.3196171522140503
1666705960.9221175 1.0869423151016235 0.9777108430862427 0.5018595457077026 -1.4150888919830322 1.418571949005127 2.7964073419570923 0.501675009727478 -3.606132984161377 1.7993285655975342 4.534294128417969 0.49923062324523926 -0.34769290685653687
1666705961.0290966 1.0962446928024292 0.9887601137161255 0.498413622379303 -1.048638939857483 1.4339529275894165 2.8024590015411377 0.4943470060825348 -3.4438345432281494 1.8157564401626587 4.534827709197998 0.49920162558555603 -0.10775923728942871
1666705961.1253786 1.10579252243042 0.9976144433021545 0.4972696304321289 -0.5676162838935852 1.44199800491333 2.8067259788513184 0.4931788444519043 -2.8927483558654785 1.8298964500427246 4.537312030792236 0.4977743625640869 0.166093111038208
1666705961.2124782 1.1127747297286987 0.9980114102363586 0.49613156914711 -0.18880650401115417 1.4544621706008911 2.794191360473633 0.49416810274124146 -2.354177474975586 1.8419225215911865 4.541640043258667 0.498857706785202 0.353657066822052
1666705961.3184729 1.1177749633789062 1.0036524534225464 0.494187593460083 0.21520361304283142 1.4633938074111938 2.7991524934768677 0.49940213561058044 -1.7402210235595703 1.854430079460144 4.54076361656189 0.5004104375839233 0.3845587968826294
1666705961.5211883 1.1286402940750122 1.0122884511947632 0.4965110421180725 0.5586957931518555 1.4736047983169556 2.8076024055480957 0.5005784034729004 -1.475990891456604 1.8770798444747925 4.544061183929443 0.5027172565460205 0.32141175866127014
1666705961.6190653 1.150290608406067 1.0417877435684204 0.49944818019866943 -0.3266527056694031 1.4949557781219482 2.82904314994812 0.5005283355712891 -1.9585137367248535 1.8854445219039917 4.549735069274902 0.5053563117980957 0.2018604874610901
1666705961.717344 1.161384105682373 1.0585490465164185 0.5008726119995117 -0.8810794949531555 1.5087810754776 2.8406835794448853 0.5016800761222839 -1.8029619455337524 1.8996117115020752 4.5557591915130615 0.5072451233863831 -0.07106546312570572
1666705961.8167717 1.1709941625595093 1.07284677028656 0.5033755302429199 -1.268985390663147 1.518914818763733 2.847744345664978 0.5031976699829102 -1.9508529901504517 1.9031113386154175 4.5432939529418945 0.5038217306137085 -0.5139700174331665
1666705961.9265025 1.1827858686447144 1.088927149772644 0.5032678842544556 -1.5828533172607422 1.5338767766952515 2.8552483320236206 0.5034538507461548 -2.173872709274292 1.9160866737365723 4.542686700820923 0.5050632357597351 -1.0279114246368408
1666705962.0143483 1.191188097000122 1.0981056690216064 0.5050696730613708 -2.0648140907287598 1.5504729747772217 2.86369526386261 0.5059038400650024 -2.1895668506622314 1.934810757637024 4.5417845249176025 0.5085119009017944 -1.3956894874572754
1666705962.1130998 1.2024236917495728 1.1091632843017578 0.49871766567230225 -2.281825304031372 1.566272497177124 2.868787407875061 0.5073357820510864 -2.3822128772735596 1.955037236213684 4.541992425918579 0.5096963047981262 -1.437605857849121
1666705962.218496 1.21450936794281 1.1228607892990112 0.4958688020706177 -2.2360734939575195 1.583388090133667 2.87534761428833 0.5098239183425903 -2.2969603538513184 1.9756784439086914 4.542793035507202 0.5060171484947205 -1.3779597282409668
1666705962.3270977 1.2213492393493652 1.1316308975219727 0.49428150057792664 -1.955722689628601 1.6003153324127197 2.8871442079544067 0.510596752166748 -1.355116367340088 1.9936728477478027 4.546617269515991 0.5030897259712219 -1.3824869394302368
1666705962.4199452 1.2312045097351074 1.1423479318618774 0.4970065653324127 -1.3935694694519043 1.6165393590927124 2.891170620918274 0.5058037042617798 -0.13651616871356964 2.0101547241210938 4.5481178760528564 0.498319536447525 -1.3414592742919922
1666705962.5156283 1.2382214069366455 1.1497944593429565 0.4994415044784546 -0.8120938539505005 1.6268055438995361 2.896735906600952 0.5044610500335693 1.0289771556854248 2.023660898208618 4.549540758132935 0.49543431401252747 -0.9569112658500671
1666705962.6182382 1.2458661794662476 1.1598403453826904 0.49718430638313293 -0.12913626432418823 1.6398801803588867 2.899603486061096 0.5004775524139404 2.0745437145233154 2.0364227294921875 4.551757097244263 0.5025355219841003 -0.3930074870586395
1666705962.7288182 1.2496328353881836 1.1624047756195068 0.5052580833435059 0.4904872179031372 1.6208574771881104 2.9010300636291504 0.5008898377418518 2.891460657119751 2.047441244125366 4.5564916133880615 0.5086568593978882 0.17369170486927032
1666705962.824062 1.2583523988723755 1.1691341400146484 0.5074608325958252 0.6903463006019592 1.6236135959625244 2.903788208961487 0.49681052565574646 3.304217576980591 2.0511984825134277 4.559499263763428 0.5121358633041382 0.3297223150730133
1666705962.9206235 1.269485592842102 1.1737089157104492 0.5091349482536316 0.6392318606376648 1.6364706754684448 2.910202383995056 0.497923880815506 3.345729351043701 2.057027816772461 4.561399459838867 0.5121974945068359 0.4623526632785797
1666705963.0175693 1.280557632446289 1.1778157949447632 0.506011962890625 0.5274332165718079 1.6462855339050293 2.9164159297943115 0.49946925044059753 3.494109869003296 2.0661091804504395 4.564316511154175 0.5093637704849243 0.5688772201538086
1666705963.1270063 1.2907356023788452 1.182960033416748 0.5047217011451721 0.2850504219532013 1.660573124885559 2.925183892250061 0.5050578117370605 3.388150453567505 2.0690391063690186 4.567007541656494 0.5040920972824097 0.42237359285354614
1666705963.218345 1.2990052700042725 1.1887116432189941 0.5005107522010803 0.17194817960262299 1.6746735572814941 2.938658833503723 0.5086513757705688 2.8558530807495117 2.0763566493988037 4.571374416351318 0.49921736121177673 0.2231002002954483
1666705963.4142773 1.3103501796722412 1.195135474205017 0.4991779029369354 0.19627852737903595 1.693228006362915 2.952226400375366 0.5054782629013062 2.191077470779419 2.093700885772705 4.580475091934204 0.49859926104545593 -0.30150938034057617
1666705963.524683 1.333959937095642 1.2054697275161743 0.49205759167671204 -0.15837395191192627 1.7214635610580444 2.969650983810425 0.5099734663963318 1.132528305053711 2.1043343544006348 4.584614992141724 0.49956390261650085 -0.5262184739112854
1666705963.6152534 1.3458576202392578 1.211789608001709 0.4959191381931305 -0.5384354591369629 1.7322046756744385 2.9728199243545532 0.5061350464820862 0.8712377548217773 2.1143038272857666 4.589726448059082 0.49872541427612305 -0.8922976851463318
1666705963.7104003 1.3556727170944214 1.2158210277557373 0.5038435459136963 -0.7080762386322021 1.7434494495391846 2.9815752506256104 0.5011508464813232 0.9686233401298523 2.1181488037109375 4.586209774017334 0.5016878247261047 -1.1570748090744019
1666705963.8204153 1.366145133972168 1.2199339866638184 0.5086726546287537 -0.5631386041641235 1.742134690284729 3.0325183868408203 0.49636372923851013 1.168588638305664 2.127431869506836 4.590015649795532 0.5043467879295349 -1.1368027925491333
1666705963.9192052 1.371993064880371 1.224402904510498 0.5061343312263489 -0.18351517617702484 1.7466864585876465 3.0316991806030273 0.4969310164451599 1.4614371061325073 2.139601945877075 4.59209942817688 0.5061119198799133 -0.7581608891487122
1666705964.011883 1.3780269622802734 1.232630729675293 0.5064866542816162 0.2689349353313446 1.7478049993515015 3.033013343811035 0.5008158087730408 1.8578647375106812 2.148926019668579 4.5939226150512695 0.5051756501197815 -0.4083288609981537
1666705964.1154666 1.3828166723251343 1.2398022413253784 0.505733847618103 0.7084471583366394 1.7501128911972046 3.02964186668396 0.49966123700141907 2.3074746131896973 2.1592228412628174 4.596999883651733 0.5030518770217896 -0.3767731189727783
1666705964.2209074 1.38968026638031 1.2509441375732422 0.5056105256080627 0.9323132038116455 1.7539820671081543 3.0215249061584473 0.49864473938941956 2.9287924766540527 2.1704397201538086 4.601231813430786 0.504197895526886 -0.5809316635131836
1666705964.3122203 1.3945908546447754 1.260945439338684 0.5019310712814331 0.9617095589637756 1.7595670223236084 3.0099029541015625 0.49774596095085144 3.0384349822998047 2.1795246601104736 4.606550455093384 0.5035057663917542 -1.4376825094223022
1666705964.4154236 1.4004207849502563 1.2727293968200684 0.49765467643737793 1.0868144035339355 1.7664238214492798 2.9975064992904663 0.5018813014030457 2.6538312435150146 2.189330577850342 4.61286997795105 0.5026394128799438 -2.6700870990753174
1666705964.524622 1.4062097072601318 1.2799043655395508 0.49190032482147217 1.0478205680847168 1.774219036102295 2.9857128858566284 0.5026048421859741 1.9405721426010132 2.1941421031951904 4.6157166957855225 0.5022222995758057 -3.9228456020355225
1666705964.6234841 1.4128137826919556 1.2906856536865234 0.4952399730682373 0.8278313875198364 1.7815223932266235 2.9794429540634155 0.5097997784614563 0.805364191532135 2.197955846786499 4.620208263397217 0.4997005760669708 -5.015083312988281
1666705964.7195134 1.4188029766082764 1.296613335609436 0.5020316243171692 0.5963168740272522 1.78439199924469 2.971367120742798 0.5087158679962158 -0.7127975225448608 2.2013049125671387 4.617480993270874 0.49550729990005493 -5.61763858795166
1666705964.8249364 1.4243825674057007 1.3022466897964478 0.5056242942810059 0.5281149744987488 1.7865378856658936 2.9520559310913086 0.5072446465492249 -2.438013792037964 2.203082799911499 4.615299224853516 0.4927513897418976 -5.74833345413208
1666705964.9203336 1.4294028282165527 1.3100382089614868 0.5056434273719788 0.42734721302986145 1.7928555011749268 2.9611555337905884 0.5027098655700684 -3.864394426345825 2.205864429473877 4.608983993530273 0.49116066098213196 -5.376367568969727
1666705965.0166075 1.4313113689422607 1.3128750324249268 0.5042194128036499 0.4942123293876648 1.7966848611831665 2.974105954170227 0.505182147026062 -4.688607215881348 2.209911823272705 4.5991926193237305 0.49111664295196533 -4.648559093475342
1666705965.2155995 1.4294588565826416 1.3202996253967285 0.5008030533790588 0.609200656414032 1.8016420602798462 2.989173412322998 0.5055812001228333 -4.985442161560059 2.2200329303741455 4.58328652381897 0.4943198561668396 -2.543628692626953
1666705965.3235304 1.4353440999984741 1.3303864002227783 0.5025674104690552 1.2239059209823608 1.8137933015823364 3.0260114669799805 0.501043975353241 -4.456007957458496 2.2286689281463623 4.577341079711914 0.49500688910484314 -1.4886717796325684
1666705965.5886717 1.4396557807922363 1.3335880041122437 0.5086190104484558 1.4362046718597412 1.8220312595367432 3.0416035652160645 0.5025187134742737 -4.170053005218506 2.2286689281463623 4.577341079711914 0.49500688910484314 -1.4886717796325684
1666705965.898175 1.4505887031555176 1.3452531099319458 0.5038484334945679 0.4098348617553711 1.8453491926193237 3.065690755844116 0.5040271282196045 -4.606659889221191 2.2286689281463623 4.577341079711914 0.49500688910484314 -1.4886717796325684
1666705966.0051892 1.4793775081634521 1.3607429265975952 0.4950125515460968 -0.17986167967319489 1.8766030073165894 3.0628223419189453 0.49635228514671326 -5.55959939956665 2.286546230316162 4.599027872085571 0.5043124556541443 2.538217782974243
1666705966.130344 1.4921032190322876 1.3664500713348389 0.5004178285598755 -0.28831323981285095 1.8905035257339478 3.0637991428375244 0.5025671124458313 -6.190946102142334 2.2869396209716797 4.606271505355835 0.5043759942054749 2.501190662384033
1666705966.3210723 1.5119534730911255 1.3785003423690796 0.5048871636390686 -0.47306570410728455 1.8999687433242798 3.045203924179077 0.5017276406288147 -7.666280746459961 2.296219825744629 4.611068487167358 0.5054016709327698 2.23136305809021
1666705966.4200313 1.5258904695510864 1.3857799768447876 0.505913496017456 -0.7072878479957581 1.9015873670578003 3.031893730163574 0.5020114183425903 -8.61085033416748 2.2995309829711914 4.616245985031128 0.5046295523643494 2.1581180095672607
1666705966.5146027 1.5352120399475098 1.3940995931625366 0.5051064491271973 -1.2473862171173096 1.9034643173217773 3.022897720336914 0.4981519281864166 -8.470090866088867 2.3007986545562744 4.621904611587524 0.5033936500549316 2.1502161026000977
1666705966.627893 1.5434620380401611 1.4040844440460205 0.503618061542511 -1.6961334943771362 1.9076735973358154 3.0174059867858887 0.4987630844116211 -7.515203952789307 2.304304838180542 4.625373601913452 0.5055307149887085 2.0139853954315186
1666705966.723181 1.5495178699493408 1.4146363735198975 0.5030247569084167 -1.5164358615875244 1.8984348773956299 3.007972478866577 0.4980349838733673 -7.243154048919678 2.308241605758667 4.624475002288818 0.5049566030502319 2.1604044437408447
1666705966.8147676 1.5529701709747314 1.421805739402771 0.4953542649745941 -1.3517221212387085 1.9062613248825073 3.013861656188965 0.49619442224502563 -7.5418901443481445 2.311044454574585 4.630266904830933 0.5060749650001526 2.236778974533081
1666705967.084841 1.5544694662094116 1.428905725479126 0.493419885635376 -1.1370644569396973 1.9049804210662842 3.0209946632385254 0.5008150339126587 -8.44821548461914 2.311044454574585 4.630266904830933 0.5060749650001526 2.236778974533081
1666705967.3211505 1.562454342842102 1.4474228620529175 0.4990014135837555 -1.0650840997695923 1.9122588634490967 3.0494725704193115 0.48978838324546814 -10.770294189453125 2.294116497039795 4.658268213272095 0.49860793352127075 0.7615764141082764
1666705967.5157402 1.5635515451431274 1.4577518701553345 0.49640601873397827 -0.6225919127464294 1.9248069524765015 3.0438294410705566 0.47604599595069885 -8.42685604095459 2.2978737354278564 4.65149188041687 0.4984903037548065 0.12817396223545074
1666705967.7936823 1.5648093223571777 1.461099624633789 0.4997621476650238 -0.710109293460846 1.9314333200454712 3.042658805847168 0.4804573953151703 -8.390347480773926 2.2978737354278564 4.65149188041687 0.4984903037548065 0.12817396223545074
1666705968.0182045 1.57951819896698 1.464930534362793 0.5023389458656311 -0.6461160778999329 1.9516105651855469 3.045114517211914 0.493911474943161 -7.194159507751465 2.3442137241363525 4.605852365493774 0.507845938205719 1.2972564697265625
1666705968.2130609 1.5786986351013184 1.471559762954712 0.4968731999397278 -0.8508253693580627 1.9656195640563965 3.043653726577759 0.4844617545604706 -1.572387933731079 2.3575103282928467 4.59814715385437 0.5053393840789795 1.9789289236068726
1666705968.3181524 1.5760501623153687 1.4817758798599243 0.5043991804122925 -0.9789478182792664 1.9633692502975464 3.0228078365325928 0.49083858728408813 -0.5368133187294006 2.3613576889038086 4.5907065868377686 0.505817711353302 2.1651904582977295
1666705968.414663 1.5780717134475708 1.488850712776184 0.503996729850769 -1.5855876207351685 1.9709950685501099 3.0226995944976807 0.5028822422027588 0.6450499296188354 2.3717398643493652 4.58682656288147 0.5045297741889954 1.865384578704834
1666705968.5291536 1.5795555114746094 1.4961938858032227 0.5019128918647766 -2.842888355255127 1.987278699874878 3.045833110809326 0.5124667286872864 2.363621473312378 2.369859457015991 4.591198444366455 0.5026242136955261 1.4415584802627563
1666705968.8131464 1.5879780054092407 1.5124475955963135 0.49479156732559204 -4.354406833648682 2.020740270614624 3.1009299755096436 0.5172314047813416 4.40864372253418 2.3591055870056152 4.612891674041748 0.5005753636360168 -0.8431530594825745
1666705968.913904 1.59440016746521 1.497908592224121 0.5031877160072327 -4.975078582763672 2.0423927307128906 3.139700412750244 0.518650233745575 5.139924049377441 2.351867914199829 4.619305610656738 0.49918025732040405 -1.2372945547103882
1666705969.1166139 1.6006840467453003 1.4949584007263184 0.5031132102012634 -5.37091064453125 2.061784267425537 3.1631295680999756 0.5198314785957336 5.052938461303711 2.339465618133545 4.6262736320495605 0.49905234575271606 -1.372942566871643
1666705969.3231187 1.6175816059112549 1.4854024648666382 0.48669883608818054 -5.975772380828857 2.053732395172119 3.162827968597412 0.5180952548980713 4.5438618659973145 2.3310794830322266 4.632300853729248 0.49741774797439575 -1.71901273727417
1666705969.6985636 1.6356016397476196 1.4716781377792358 0.4894874095916748 -6.215987205505371 2.0259971618652344 3.109112501144409 0.5199869275093079 4.555021286010742 2.3310794830322266 4.632300853729248 0.49741774797439575 -1.71901273727417
1666705969.9945211 1.6434818506240845 1.4772422313690186 0.49724629521369934 -3.1525492668151855 2.0294222831726074 3.0697011947631836 0.5162256956100464 4.7631988525390625 2.3310794830322266 4.632300853729248 0.49741774797439575 -1.71901273727417
1666705970.2875876 1.6517913341522217 1.495043396949768 0.5012967586517334 -4.918210029602051 2.0478601455688477 3.0950639247894287 0.5055356621742249 2.97654390335083 2.3310794830322266 4.632300853729248 0.49741774797439575 -1.71901273727417
1666705970.521558 1.6700338125228882 1.499158263206482 0.49279507994651794 -5.07628059387207 2.0686521530151367 3.124082088470459 0.4933964014053345 1.0280046463012695 2.3798935413360596 4.605685234069824 0.4989222586154938 -1.355021357536316
1666705970.8952906 1.6932203769683838 1.4919601678848267 0.4963549077510834 -1.5913888216018677 2.0655124187469482 3.133289098739624 0.49820446968078613 0.5760607123374939 2.3798935413360596 4.605685234069824 0.4989222586154938 -1.355021357536316
1666705971.1924975 1.719923734664917 1.4870247840881348 0.507210910320282 -0.06649109721183777 2.0557355880737305 3.12725567817688 0.5036416053771973 0.7596805691719055 2.3798935413360596 4.605685234069824 0.4989222586154938 -1.355021357536316
1666705971.422916 1.7286039590835571 1.5365502834320068 0.5063790678977966 1.731858730316162 2.0593557357788086 3.142524242401123 0.5112107992172241 3.7179837226867676 2.3728737831115723 4.562506914138794 0.5003044605255127 -2.2798779010772705
1666705971.5205956 1.7287335395812988 1.5700688362121582 0.4944605529308319 2.186569929122925 2.060304641723633 3.1525986194610596 0.5027804374694824 4.532092571258545 2.3715415000915527 4.558049440383911 0.4953392744064331 -2.1263790130615234
1666705971.8890421 1.7352677583694458 1.578325629234314 0.49884968996047974 1.339880347251892 2.0689525604248047 3.1707024574279785 0.49916762113571167 4.983637809753418 2.3715415000915527 4.558049440383911 0.4953392744064331 -2.1263790130615234
1666705972.2080867 1.7475833892822266 1.6040842533111572 0.4984518587589264 1.376222848892212 2.0530996322631836 3.1719722747802734 0.4954289197921753 7.070300102233887 2.365891456604004 4.543737888336182 0.49551698565483093 -0.8903113007545471
1666705972.5975056 1.7255499362945557 1.626381516456604 0.5073711276054382 0.8294238448143005 2.049138307571411 3.1622986793518066 0.49231356382369995 7.023693561553955 2.365891456604004 4.543737888336182 0.49551698565483093 -0.8903113007545471
1666705972.8154857 1.7106800079345703 1.642173409461975 0.5001842975616455 1.584313988685608 2.03121280670166 3.1611931324005127 0.5011135339736938 7.725785255432129 2.361475944519043 4.514177322387695 0.5035892128944397 0.18801875412464142
1666705973.1939206 1.7117923498153687 1.654506802558899 0.49805235862731934 0.7183496356010437 2.0269765853881836 3.151179790496826 0.5056288242340088 6.48309326171875 2.361475944519043 4.514177322387695 0.5035892128944397 0.18801875412464142
1666705973.3105977 1.7255237102508545 1.6509712934494019 0.5050670504570007 1.5419327020645142 2.032304286956787 3.143156051635742 0.5035549402236938 3.170759439468384 2.3621580600738525 4.498671531677246 0.49994468688964844 0.992009162902832
1666705973.589163 1.7295746803283691 1.647007942199707 0.5031367540359497 2.3651187419891357 2.0336148738861084 3.1401145458221436 0.5069200992584229 1.9643763303756714 2.3621580600738525 4.498671531677246 0.49994468688964844 0.992009162902832
1666705973.9148598 1.7295746803283691 1.647007942199707 0.5031367540359497 2.3651187419891357 2.0500328540802 3.1467652320861816 0.5084872245788574 -1.7056931257247925 2.3680450916290283 4.517259120941162 0.5049274563789368 1.023066520690918
1666705974.1082227 1.7096092700958252 1.6360875368118286 0.511444628238678 4.4360880851745605 2.0596156120300293 3.140817165374756 0.49589529633522034 -4.441806316375732 2.355015993118286 4.510352373123169 0.5011926889419556 1.0472718477249146
1666705974.2217243 1.6965965032577515 1.6445204019546509 0.508860170841217 3.9485504627227783 2.0672411918640137 3.135793447494507 0.4913504123687744 -6.3000922203063965 2.345512866973877 4.506992340087891 0.4991970360279083 1.0553762912750244
