1666706246.9998147 0.0 0.0 0.0 3.3759382571789063 3.4044056203984456 -1.3496376918380388 0.0 1.8925182318901816 1.3496376918380393 1.8925182318901816 -0.6516798069208453 0.0 1.6095343608635235 0.3258399034604227 0.8047671804317618
1666706247.2965686 -0.14858356754065927 0.0 0.20835007219384072 3.150033994128448 3.243548887368735 -0.8569312054249856 0.0 1.801180337711803 1.2983241715511273 1.9322921221910567 -0.5762236712882781 0.0 1.6534060978405134 0.38241716819925975 0.913586966936443
1666706247.6044977 -0.22783168889331856 0.0 0.386551846894428 2.9321364567247628 3.1016875091887424 -0.6455988429607518 0.0 1.5902413180323698 1.3806321488017008 1.8751929855187404 -0.516200323752708 0.0 1.5632357249280324 0.4664363951584598 0.964144143193957
1666706247.8122823 -0.2749223081872837 0.0 0.5222314523436438 2.734959102439014 2.918048142122739 -0.5055198443322619 0.0 1.3569794025733055 1.4289626618334967 1.7713197936374518 -0.44851900163475955 0.0 1.427550031231116 0.5550725885562047 0.991410036434899
1666706248.0411322 -0.2822371741546893 0.0 0.5487107871820593 2.6428306163842326 2.819145373791442 -0.43633202072677374 0.0 1.2302347700223064 1.3866083783591887 1.6845080892166155 -0.4137550965858374 0.0 1.219536661921748 0.5565213732487426 0.9150758449878296
1666706248.310514 -0.2902031974323738 0.0 0.5839425683374793 2.4833806026053034 2.6783247656590317 -0.27835464923420383 0.0 1.0528460676092304 1.2937318711103494 1.5830895136530165 -0.23934694533254441 0.0 0.827026129164491 0.5111151235100145 0.7718171271823885
1666706248.807257 -0.2886171805266292 0.0 0.6467088131608474 2.0263820788230644 2.275255022010409 0.03196826433268046 0.0 0.18002528020612052 0.9191271637343452 0.9395681375072952 -0.04930588686337435 0.0 0.09331342863796409 0.472982765687283 0.5223302353685783
1666706249.1011884 -0.24916441085173802 0.0 0.5892765178649475 1.6017808558512723 1.69119560722394 0.049065709823780446 0.0 -0.372748188895872 0.734592484781105 0.514551566964245 0.03604751998233896 0.0 -0.32282609318967115 0.45103792799872033 0.37362450525595126
1666706249.4024563 -0.21524408218246194 0.0 0.4798570059545608 1.023095430039608 0.8964449796156024 0.09815391911411647 0.0 -0.8266297270161505 0.5474310184836975 0.12215263629981465 0.11188679611161112 0.0 -0.7842899528734202 0.40295729335550745 0.17510602553036209
1666706249.7035897 -0.17952550127993142 0.0 0.33095416714693315 0.018381990365683887 -0.15800116274590947 0.19525796115196192 0.0 -1.3511791427478657 0.2773141781121519 -0.3899499322249037 0.19115046450143597 0.0 -1.1591155240836004 0.3512150278129956 -0.005334258018265925
1666706250.008778 -0.1370083537680186 0.0 0.14012528262939394 -0.9569201532264405 -1.0876657846513065 0.24136954287711784 0.0 -1.6756753982066543 0.044282620903713654 -0.8131780427988394 0.2238315979196856 0.0 -1.42895298586167 0.308728059101732 -0.17062892411016695
1666706250.3034422 -0.09031481753603923 0.0 -0.08395269769773916 -1.174545842093425 -1.4613395111544574 0.21195235352013453 0.0 -1.685314833233282 -0.10022517146157295 -1.028669845736596 0.2116294561943925 0.0 -1.6275233439797792 0.2691361544158459 -0.3378058141803958
1666706250.5992117 -0.05574391211417942 0.0 -0.2671037118826649 -1.186563027330927 -1.554625464222624 0.23849246620038 0.0 -1.433488729897911 -0.17289415097320082 -0.9372711480878703 0.16707676763356075 0.0 -1.7361955904577382 0.23635216867102316 -0.47365567205517645
1666706250.8860006 -0.021937802880670598 0.0 -0.4011148071565369 -0.9177300195320455 -1.2323631517245055 0.261859277295336 0.0 -1.014424671152073 -0.18503793706888427 -0.6411912179885411 0.12222994512960017 0.0 -1.7379372143117342 0.20448052113321796 -0.5504167106540794
1666706251.1070724 0.006093483876893041 0.0 -0.46169282528920785 -0.6976127557992164 -0.9473468471369035 0.2185314117256962 0.0 -0.7572885973895371 -0.1335361510612132 -0.43955921774536133 0.1248517631858044 0.0 -1.6483859828979015 0.15817001137702613 -0.5506445797401913
1666706251.403101 0.030490216570598444 0.0 -0.495639546151849 -0.3479753412980847 -0.5883789915499856 0.11583868758534449 0.0 -0.4367109299410875 0.011058087863006272 -0.1551745544761517 0.17533285308680943 0.0 -1.4399085174816806 0.06514242160141992 -0.4785867045109272
1666706251.700894 0.04111876997954644 0.0 -0.4883010907903784 0.16325393377718256 0.025835803004625513 0.028921391894048267 0.0 -0.11784830207685615 0.1761456073047539 0.16817848884325637 0.18822851902303372 0.0 -1.1357345896324138 -0.03553480887355215 -0.3428085617216538
1666706251.995321 0.03964428248220045 0.0 -0.4435186792355159 0.4683540253025731 0.405000199784906 0.04595349265618934 0.0 -0.03737379994094706 0.20459802210819444 0.33139136254857643 0.11042314521564235 0.0 -0.8001395203390052 -0.05030796389282688 -0.1788594187758315
1666706252.2981138 0.04036378717485564 0.0 -0.3972017649955901 0.6265477172933702 0.6958157816748745 0.03733807882656573 0.0 -0.03906808403287498 0.25141301380104925 0.4068983292774765 0.005026920133370888 0.0 -0.46286595232065364 0.059933057072312945 -0.006497239546497946
1666706252.5110903 0.040019202439835005 0.0 -0.3564154811403567 0.5995046139863878 0.7495371098726212 0.046901227891420295 0.0 -0.08937358011732435 0.262396826088941 0.4343404513469801 -0.047899521916772186 0.0 -0.19940344112073272 0.16875600062223028 0.14179603015710357
1666706252.7934647 0.04026194607724384 0.0 -0.3469963467807229 0.5674898660466763 0.7646293506979781 0.040340522009675674 0.0 -0.11730161865230224 0.27210978401987607 0.4200984471353981 -0.07887010995505347 0.0 0.2050061120199433 0.3128084600644636 0.3426814036272038
1666706253.097192 0.04027086057693671 0.0 -0.3209373040180322 0.45164908309534657 0.6888614439679511 -0.002871610337340555 0.0 -0.10700112942419229 0.3506540602160134 0.4428673097744912 -0.09169840275493227 0.0 0.5640567051756561 0.4369360577390079 0.5402648558694895
1666706253.3995497 0.03537173696627258 0.0 -0.29664338338909135 0.2986661231826706 0.5181533408752644 -0.018743465805541926 0.0 -0.05325454573397956 0.38849308742065436 0.48060942740093504 -0.07245269282575156 0.0 0.7494365608258404 0.4255730011236208 0.6610145443611828
1666706253.7033186 0.02919031664156921 0.0 -0.26884179287798937 0.16019713922142964 0.3408147506411372 -0.030986475298398153 0.0 0.06860729398730364 0.4114887194453376 0.5588021013489355 -0.06305451510968936 0.0 0.7571508115945536 0.4335802826565079 0.6894396708571753
1666706253.9987588 0.021695620925661074 0.0 -0.2268143244115839 0.031992064853265334 0.20763482670573508 -0.02872810351706956 0.0 0.17215867238579163 0.3952843417084345 0.6059994840205278 0.06682513100125699 0.0 0.8877385452246885 0.29120395663483395 0.7979338219632645
1666706254.2952044 0.01595369586054013 0.0 -0.1813818801418403 -0.07164354912959559 0.033187135012721636 0.030336020989531295 0.0 0.1540008076332601 0.2724965127211331 0.5405000469484788 0.24816099724201987 0.0 0.9038350104402112 0.1490100002629849 0.8397778720862432
1666706254.5972145 0.017608932122537585 0.0 -0.1427832821076116 -0.1604016513671771 -0.18048887513735623 0.10170513752470044 0.0 0.07371616898324033 0.1297203246825016 0.4035698030196968 0.30560662547126366 0.0 0.5637004862622357 0.13446514872077198 0.6704660983113124
1666706254.89964 0.027236568033955827 0.0 -0.11799764665406454 -0.18782054795930925 -0.25795615063442645 0.16241401146813225 0.0 -0.008836693046264794 0.014982815572970862 0.26631193745529835 0.2825464945887716 0.0 0.2295903665201093 0.1550509431723247 0.48764916583467466
1666706255.1941237 0.044097491047488946 0.0 -0.10438180670247366 -0.18097479148270762 -0.1655191574278882 0.25619495314367957 0.0 -0.11396177167236274 -0.13630140741347066 0.127263071144176 0.30683395492013044 0.0 -0.11870522668350506 0.11899203391696295 0.2896242301742245
1666706255.4978101 0.06828941281965092 0.0 -0.1054745013572852 -0.11655979211431278 -0.14832026754215555 0.289025172893415 0.0 -0.1385360121079047 -0.1836056922459759 0.09054142686240951 0.38681403311127244 0.0 -0.48365225797818456 0.02835909791584934 0.07465285933156407
1666706255.7053878 0.09347756885231435 0.0 -0.10924715011697816 -0.023470086634864384 -0.07809373625793364 0.27724614202258824 0.0 -0.3089377907331846 -0.1688979308139723 -0.08119801809306265 0.44631671318590416 0.0 -0.6444744090114517 -0.06844643896827879 -0.04751197742373198
1666706255.9971383 0.09925398579461728 0.0 -0.11552404708458963 0.025772835342329214 -0.04434361650367635 0.25393361132783765 0.0 -0.42459621495374994 -0.14055089228122425 -0.19608126644592616 0.450617810664012 0.0 -0.8079171838027662 -0.08298300753532972 -0.1439741810295263
1666706256.2992291 0.11688692261415916 0.0 -0.15075719424232759 0.06495658040984031 0.004542601640449617 0.21096032194194464 0.0 -0.49503739877713937 -0.05390540436693045 -0.24583822572077846 0.4108082930397934 0.0 -0.7320364764286903 -0.14255812783047406 -0.16889562388003154
1666706256.5043826 0.12768724192627956 0.0 -0.19028309814702304 0.08871372032481128 0.06710082946955875 0.16701143399768906 0.0 -0.4532199083019239 0.035241645937902216 -0.18650990843260168 0.36766007392584876 0.0 -0.6326311882373608 -0.20812635002025603 -0.18470197272272704
1666706256.7885 0.12903900915361066 0.0 -0.1993215384582936 0.10064364012754212 0.11087154102638608 0.1314824430316679 0.0 -0.3704616699049505 0.09893362734709306 -0.10051420160557278 0.2673054288703482 0.0 -0.4951306034999062 -0.12853918097970052 -0.1124399277785964
1666706257.0942423 0.12929176272759363 0.0 -0.21702460800460366 0.11675734325024012 0.13463670671987527 0.0925937101556793 0.0 -0.23428529494081185 0.17271526090469472 0.049269914008014254 0.12452480822809878 0.0 -0.2366726694963981 -0.028303344025157218 0.014783624986318022
1666706257.3978665 0.1251017158458788 0.0 -0.218995368914371 0.07277513829444437 0.03974320967379685 0.08263126476350391 0.0 -0.16772754507306673 0.18126927052728048 0.12013439243272825 0.06234370207188092 0.0 -0.13063780521984852 0.03238429223687378 0.07472741401396871
1666706257.6025205 0.12018920072702588 0.0 -0.2130652703796838 0.007327648549114163 -0.07490347887623727 0.09159429967044425 0.0 -0.22720530122205135 0.1436899788027463 0.04837092388023176 0.006705106343910944 0.0 -0.03405666082541539 0.10815017309278063 0.14328015620657836
1666706257.8927555 0.1194496527395851 0.0 -0.21343097303873937 -0.036221515938631654 -0.1324803700060505 0.11236825374670957 0.0 -0.21594610456763394 0.09677935159956894 0.053359170035695874 -0.08207603208215877 0.0 0.110988893065681 0.23400836527504326 0.24984001606723957
1666706258.2860055 0.11863862963028983 0.0 -0.21371902767242162 -0.09161328438752503 -0.2050728351368607 0.10206389561216567 0.0 -0.01234556818746839 0.07466192946750026 0.2202309457986192 -0.1022933095613668 0.0 0.15105704665158057 0.2831423270351456 0.2855447744607724
1666706258.5914674 0.11693229868703395 0.0 -0.19298809077208107 -0.07663516295022554 -0.13247021366174427 0.07995267283663929 0.0 0.02224572142536399 0.08418469230264258 0.2218009795620351 -0.07834477522563399 0.0 0.12514916792251765 0.26624463978985563 0.27719598046299215
1666706258.7989204 0.1127015154202336 0.0 -0.16836351466688826 -0.03645541346232101 -0.014509105621362095 0.06331888162059557 0.0 0.015718289728756506 0.092213715735267 0.1941728087868578 -0.040499851185346686 0.0 0.09146300132609543 0.22682968953818247 0.2571271076796862
1666706259.094808 0.11146729807786918 0.0 -0.16376276865725553 -0.025782029270537354 0.04385108578918384 0.06652065392858666 0.0 -0.0020290801150274346 0.08362576289205012 0.17512514808392707 0.027303562447025448 0.0 0.03653710943885123 0.1394870118799949 0.20995095165687278
1666706259.397145 0.10634705258596389 0.0 -0.14533834108715454 0.03363897578896802 0.16876811780355216 0.07708820666156112 0.0 -0.01730523941609954 0.05742565218234191 0.16188299446994595 0.1394998248721403 0.0 -0.06008887614403349 -0.0014061207001530018 0.12746897370900848
1666706259.6992354 0.10299957816390018 0.0 -0.1306902058145366 0.11178642018356755 0.28547304124236217 0.08505930127070092 0.0 -0.023300401532299914 0.052573193497120745 0.1723695017103537 0.19536475840458858 0.0 -0.1156465465352361 -0.08109961032857815 0.07213595831492114
1666706259.9043105 0.10094915827179804 0.0 -0.11841647156728397 0.15724749810517857 0.3452425115444785 0.09871609338313478 0.0 -0.04109079705032611 0.04588083526359037 0.178840758146061 0.2062019874799536 0.0 -0.13115123657546768 -0.11132181267835761 0.045508437709297245
1666706260.1976533 0.10086166403731406 0.0 -0.11538675633949697 0.17348902814903722 0.36740076725798376 0.10601629089081989 0.0 -0.05829156272343361 0.03860339231463214 0.16901280072225897 0.19667414901559988 0.0 -0.13096005881665496 -0.10356729770168427 0.044440543203793925
1666706260.4878259 0.10145551045295521 0.0 -0.10880902005657334 0.08944398959936961 0.15144184836921548 0.13321149519065334 0.0 -0.12352686710491324 0.005408974525833041 0.12406448982574256 0.18612303640884664 0.0 -0.12091703034279022 -0.10797967593187763 0.03928026102244481
1666706260.6976004 0.10472017369219276 0.0 -0.11032208333004179 0.022909174094264184 0.03882532312280196 0.1529645355564086 0.0 -0.16630909923194293 -0.03183911414023005 0.0692194779955348 0.1795424629429621 0.0 -0.1597138710604924 -0.10713261393995877 0.011707666120663096
1666706260.8920865 0.10618511326906332 0.0 -0.11202212852115484 -0.021552293430013914 -0.05925249931423704 0.14550393103695547 0.0 -0.1398998049242074 -0.020589921181737525 0.09194267116440524 0.15204346508958821 0.0 -0.13351216803079452 -0.07434597661847386 0.03355645657506667
1666706261.1053116 0.10696232077321667 0.0 -0.11257318118572668 -0.07424558400720171 -0.16304130936808547 0.1471720118524106 0.0 -0.1625045821978745 -0.024546576182110452 0.06383966296290478 0.11457511714302787 0.0 -0.08188718842663165 -0.025311650984577272 0.07580927984741681
1666706261.3896036 0.1083241551697134 0.0 -0.11426427349553059 -0.07732389208354157 -0.1975202378026466 0.14492094659768157 0.0 -0.1732264255495066 -0.025552205561038904 0.04094771285311302 0.06137093128384369 0.0 -0.0197769686883891 0.048996860942936316 0.1320914764191711
1666706261.694032 0.1125297413840448 0.0 -0.12104001541633752 -0.07563306396003044 -0.2027597736820484 0.1340441473311132 0.0 -0.16525872002820086 -0.029566817716521185 0.005032819300235469 0.03584040537611638 0.0 -0.00506291677706705 0.09088870682007494 0.15244393039593032
1666706261.9072373 0.11496483250305901 0.0 -0.12604487472593578 -0.09767487172441536 -0.2677676685760414 0.1029751198238156 0.0 -0.13143820346040389 0.017587806947636724 0.012922809623156645 0.0396679057506949 0.0 -0.024436191599750273 0.08944422008598252 0.13755028661768057
1666706262.1931956 0.1145377420961005 0.0 -0.12623699267118504 -0.09912448425177062 -0.29327101718815246 0.08775357465813352 0.0 -0.12456868642996727 0.04825799529436347 0.014739589050154045 0.04716383025324672 0.0 -0.04511086547808685 0.08017966722269698 0.12125331425668387
1666706262.3916492 0.11147087706825368 0.0 -0.1260459667571342 -0.0795820158536279 -0.32059257792392015 0.09702291241499358 0.0 -0.140501762066896 0.01155040272484499 -0.03749934951039699 0.041606398787420895 0.0 -0.048900861294155995 0.08673554981989262 0.11312952445147118
1666706262.6847184 0.11116699576976381 0.0 -0.12635001275633606 -0.05392854387739959 -0.3098266150534925 0.09142115431521267 0.0 -0.1202699349685023 0.020384362702197623 -0.020728916144489046 0.050405816866193526 0.0 -0.050897934100274544 0.07117785218639583 0.10459385260911705
1666706262.9967935 0.10913307670548628 0.0 -0.12572373475479182 -0.012489551761551032 -0.19392039926362353 0.07496001887375496 0.0 -0.05792785127707388 0.0460801239008738 0.02326964626726892 0.057737490069547065 0.0 -0.04063949222064697 0.0513842238052572 0.09339027408609646
1666706263.198319 0.10525258111976935 0.0 -0.11802522478063376 0.024061758648767972 0.017110403859690648 0.07262304185399217 0.0 -0.009462010235649632 0.042493232883599255 0.061933816158340635 0.057561546606857694 0.0 -0.018104826148205647 0.04478095853967734 0.0932729196412608
1666706263.5021503 0.1041767167730838 0.0 -0.11444566789694138 0.04926069564698232 0.18137421746872884 0.0729020688200074 0.0 0.0045393203858439 0.039677486272323724 0.07922589457741132 0.04735671811553682 0.0 0.009999256945604246 0.057897359022310635 0.11108035472588648
1666706263.7859318 0.10031984941129393 0.0 -0.09977214324082512 0.07166582079199413 0.2952332880749733 0.07337483574008387 0.0 -0.006522234993841082 0.043310659020917006 0.09876878813129532 0.04963302438216516 0.0 0.017630433221775432 0.05852403244162152 0.11009064947094829
1666706263.9997535 0.09752930894534291 0.0 -0.09011478527527833 0.0786227797825626 0.31991418862775844 0.07570285648427025 0.0 -0.019710074168544155 0.043730212268458746 0.11332878651658479 0.07731830666187042 0.0 -0.006011999510807289 0.0212030329517246 0.08166116278486979
1666706264.2837281 0.09679916451175855 0.0 -0.08775958770002518 0.08954815424804796 0.30248344795639504 0.07750808151297427 0.0 -0.01540275410002481 0.04022893310465399 0.12470957248081328 0.12006746858641623 0.0 -0.04587095977193764 -0.04368729563934082 0.035029007494591036
1666706264.598667 0.0948118854399629 0.0 -0.08030571789272917 0.07460665184681026 0.2380077469580505 0.08388162431059702 0.0 -0.02544414651498788 0.03660698138605017 0.13426285025025575 0.11341199822441911 0.0 -0.04863750345968257 -0.035500756888466545 0.03381296410574641
1666706264.8021195 0.09356054203480647 0.0 -0.07402492873979544 0.058538203840004854 0.17092680975870078 0.08592509411001371 0.0 -0.026009364987391956 0.037954431847057435 0.1442645986130777 0.12120788839786095 0.0 -0.04999651056040602 -0.05305945551018909 0.024867667114657044
1666706265.084713 0.0933042324001164 0.0 -0.0724131239411725 0.03405244075140956 0.14894970270994456 0.08773089262660222 0.0 -0.02703910408192545 0.034304444203256894 0.1422828234407729 0.0988128156047601 0.0 -0.053682067403746425 -0.013967041207036235 0.03905837255571781
1666706265.390584 0.09273105050278999 0.0 -0.06774669988501791 -0.017393903643751152 0.021740128666163983 0.0898443101627071 0.0 -0.03524734941129167 0.028391225012762367 0.13129069626772535 0.11912661041741787 0.0 -0.05422922367556088 -0.05449488852898399 0.022334107405900472
1666706265.6015952 0.0924019742558072 0.0 -0.064041910737628 -0.03973325736629302 0.10805724103895453 0.10519979103018831 0.0 -0.07374473024446217 -0.01074031062567319 0.06687064495972805 0.1367614893600564 0.0 -0.049812866477770695 -0.09283548118628826 0.0058444330652137055
1666706265.884299 0.09282111051751585 0.0 -0.06435968396159453 -0.06280555824081119 0.04911650097378839 0.11580764487320347 0.0 -0.10253714963534025 -0.03497529304557896 0.030265603593875326 0.14542157968546623 0.0 -0.0404923530394099 -0.11235311966994421 0.00015891553191216268
1666706266.1933432 0.09522740262845636 0.0 -0.06835620353452898 -0.11468121609368881 -0.10986752200745714 0.11673971724575256 0.0 -0.12327376536565918 -0.03992916409354529 -0.0024273550327116172 0.12983175984218448 0.0 -0.03143650435572115 -0.08964814060932602 0.007577853208770802
1666706266.396721 0.09770405273721597 0.0 -0.0746787024334864 -0.14209509320555075 -0.2191979332953779 0.11196353420772431 0.0 -0.10170205222527935 -0.045645952510930565 -0.0074160954045405375 0.10605853866336346 0.0 -0.03492197774174473 -0.04764549043272526 0.01729821449687935
1666706266.70125 0.09818745287972558 0.0 -0.0755948010425036 -0.11578409711367749 -0.2048921425883255 0.11771249799428497 0.0 -0.11806104930526355 -0.06318577542336684 -0.038189729267596034 0.05949985183143078 0.0 -0.03684920764749047 0.03834674642865521 0.05669904142828486
1666706266.9853787 0.10060751713918459 0.0 -0.0808583509626718 -0.06587374261730805 -0.08566579479220132 0.10295857059343866 0.0 -0.09023675940094683 -0.046498797872006156 -0.03220455399119149 0.03650276895608223 0.0 -0.04857500139564379 0.0766586920998959 0.06535907468418439
