1666706246.9998236 0.0 0.0 0.0
1666706247.2965772 0.0 0.0 0.0
1666706247.604507 0.0 0.0 0.0
1666706247.812291 0.0 0.0 0.0
1666706248.0411408 0.0 0.0 0.0
1666706248.3105226 0.0 0.0 0.0
1666706248.8072662 0.0 0.0 0.0
1666706249.1011975 0.0 0.0 0.0
1666706249.4024673 0.0 0.0 0.0
1666706249.7035992 0.0 0.0 0.0
1666706250.0088053 0.0 0.0 0.0
1666706250.3034525 0.0 0.0 0.0
1666706250.599222 0.0 0.0 0.0
1666706250.8860073 0.0 0.0 0.0
1666706251.1070817 0.0 0.0 0.0
1666706251.4031107 0.0 0.0 0.0
1666706251.7009041 0.0 0.0 0.09094075887623998
1666706251.9953308 0.0 0.0 0.2282347282012847
1666706252.298124 0.0 0.0 0.3194829389577184
1666706252.5111065 0.0 0.0 0.37219672468020276
1666706252.7934873 0.0 0.0 0.3792301070688621
1666706253.0972018 0.0 0.0 0.3559720067055232
1666706253.3995597 0.0 0.0 0.2919194973448465
1666706253.7033412 0.0 0.0 0.20631356496575748
1666706253.9987817 0.0 0.0 0.11201450446391026
1666706254.2952147 0.0 0.0 0.010924625435061674
1666706254.5972257 0.0 0.0 0.0
1666706254.89965 0.0 0.0 0.0
1666706255.1941402 0.0 0.0 0.0
1666706255.4978204 0.0 0.0 0.0
1666706255.7053926 0.0 0.0 0.0
1666706255.9971485 0.0 0.0 0.0
1666706256.2992387 0.0 0.0 0.0
1666706256.5043926 0.0 0.0 0.07886205615378422
1666706256.7885098 0.0 0.0 0.1006087230832377
1666706257.0942526 0.0 0.0 0.15182600002565622
1666706257.3978763 0.0 0.0 0.17884840343159203
1666706257.602544 0.0 0.0 0.1939591493003261
1666706257.8927653 0.0 0.0 0.19483995441038932
1666706258.2860153 0.0 0.01569414151769072 0.18212854565599884
1666706258.59149 0.0 0.01696508951524639 0.16657756833011295
1666706258.7989368 0.0 0.01441999005033856 0.15225944062263846
1666706259.0948179 0.0 0.01402714373407582 0.14997351106125906
1666706259.3971548 0.0 0.014258293100359476 0.14581126550472367
1666706259.6992579 0.0 0.01623816771546749 0.15268597192555838
1666706259.9043257 0.0 0.01890120391497596 0.1659033810480816
1666706260.1976635 0.0 0.02051119198585888 0.17104204813476376
1666706260.487849 0.0 0.027226757742454755 0.18612949553506059
1666706260.6976068 0.0 0.039925895414506196 0.1985603298240461
1666706260.8921459 0.0 0.04497586958857186 0.20341003995909218
1666706261.1053271 0.0 0.047741242109651916 0.20604914929096158
1666706261.3896136 0.0 0.0532449981367632 0.20882253020583008
1666706261.6940532 0.0 0.07315162488798582 0.2110952361899287
1666706261.9072545 0.0 0.09185630316125065 0.21166827844405722
1666706262.193215 0.0 0.09653831659289713 0.21253872991308376
1666706262.3916607 0.0 0.11080179328530093 0.21770405513855762
1666706262.6847284 0.0 0.11375694018119054 0.21873257767332094
1666706262.9968033 0.0004216019480103861 0.1261453367028022 0.2239753159348008
1666706263.1983306 0.014698065006660155 0.13272328978729392 0.22859010255836026
1666706263.5021605 0.01858960421341238 0.13303527211035376 0.22918705664947192
1666706263.7859414 0.03270332859081293 0.13247547183163805 0.2279539234160135
1666706263.999768 0.043036157012632026 0.13315094228791036 0.22612804060378178
1666706264.283738 0.046050701358294366 0.13381028905831954 0.2263291556491771
1666706264.5986779 0.05509129239181304 0.1353970102845422 0.2310545719652904
1666706264.8021295 0.06428503710587441 0.13830996584566985 0.2366228029962975
1666706265.0847232 0.06676993421081678 0.13918305815198928 0.23830110497461454
1666706265.3905997 0.07421715499021009 0.141963854875228 0.24382195790970884
1666706265.601607 0.0819399935961202 0.1459819043337482 0.2500038611298061
1666706265.8843093 0.08403740501655732 0.14839708897815185 0.251635262720293
1666706266.1933527 0.09077474947148984 0.15913095300601882 0.25587411091569484
1666706266.3967311 0.09864440003815028 0.17332310247163668 0.25949330407629595
1666706266.7012599 0.1011760275362078 0.1767708285787114 0.2606771682337684
1666706266.9853902 0.11054575114660092 0.19140410210927272 0.2652445046928569
