1666706246.9998071 0.0 1.0 1.0 0.3716619305181885 0.37479594375093583 -0.14858356754065927 1.0 1.2083500721938407 0.14858356754065932 0.20835007219384064 -0.07174437346562117 1.0 1.1771959681199213 0.03587218673281059 0.08859798405996061
1666706247.2965615 -0.016623149371461695 1.0 1.0233096729938544 0.7240796741239897 0.7376758943458388 -0.24445483826478026 1.0 1.4098615198882825 0.29383675396968867 0.42452997087402905 -0.13621080348706976 1.0 1.3621748119518098 0.07865604106076732 0.19080775642290618
1666706247.6044884 -0.042304285909650644 1.0 1.066881709910252 1.054589433585104 1.0872974101639012 -0.3172265940969343 1.0 1.5891131622538959 0.44946129809968427 0.6359013008697889 -0.1943967874462985 1.0 1.5383823899593172 0.13123264622324762 0.2994858665845402
1666706247.8122747 -0.05102519364118606 1.0 1.0834475984349918 1.1413460381660807 1.1798618469003153 -0.33326236779587537 1.0 1.6321583856170512 0.49478992787813736 0.6920899622600146 -0.20862441726247377 1.0 1.5836662091830236 0.1488403000401418 0.330934734844358
1666706248.0411246 -0.06561560953866007 1.0 1.1118135237118254 1.2779687135989402 1.3255992169057027 -0.3558188069710339 1.0 1.6957560920493047 0.5664714595111539 0.7791715937918662 -0.23001372913100246 1.0 1.646710870655942 0.17760999813484477 0.37824011619992404
1666706248.3105063 -0.10446148073999276 1.0 1.1899786094149185 1.6103878043816109 1.684113043778252 -0.39307866126662194 1.0 1.836687422575766 0.7396471587414251 0.9910799803694332 -0.26205211014500585 1.0 1.757414511339112 0.24602658496983315 0.48155361852787953
1666706248.8072479 -0.13998008375246174 1.0 1.269565671964044 1.8597640212719888 1.9641167487948974 -0.38914449460419975 1.0 1.8588421898289915 0.8527593192409789 1.1067077043267997 -0.26811992710060917 1.0 1.768898105702679 0.30423409380743066 0.5458340617004379
1666706249.1011732 -0.16831973867944744 1.0 1.33658926139153 2.0419486140406886 2.1564712658743024 -0.3835638208619094 1.0 1.8164462673460908 0.9363109687702572 1.1652321693579772 -0.26401992632689925 1.0 1.7321802612434793 0.35553459533078935 0.5883296553328684
1666706249.4024413 -0.19285152615549325 1.0 1.3912794994208852 2.1585527938302613 2.2586408470349872 -0.37237702743542467 1.0 1.7222336665678184 0.9987027486838775 1.179154143346584 -0.2512679701488011 1.0 1.6427932070285394 0.40146042326663123 0.6082868302783077
1666706249.7035813 -0.21321771886458593 1.0 1.4288244515192599 2.1606381307628704 2.240716473584965 -0.3502260726326045 1.0 1.5689497341486538 1.0301625354669772 1.1349164422402298 -0.2295829885238312 1.0 1.5112978486127013 0.441303859924777 0.6076816876886172
1666706250.008765 -0.2301251666501807 1.0 1.4461165423614697 2.042549874968967 2.106493618142828 -0.32043998418621994 1.0 1.3621638446637305 1.035627210285321 1.0345666101249353 -0.2019611614562563 1.0 1.3349586157697655 0.47940229257983014 0.586625310133789
1666706250.3034263 -0.24045465431607974 1.0 1.4365147031611447 1.9082147002995868 1.9393572736538696 -0.29619856643025916 1.0 1.1694109912784798 1.0241642554716015 0.9169155670989295 -0.17775667411807858 1.0 1.1488154914602533 0.5101839368695573 0.5479897784874678
1666706250.5992029 -0.24685931710057207 1.0 1.4058259850892834 1.7718852649518322 1.7607395290984413 -0.26879711998124267 1.0 1.0047111779327464 1.0042996874426062 0.8092283701752347 -0.1585604907999051 1.0 0.9493363579895356 0.5373394751392925 0.49356939892634544
1666706250.8859937 -0.2490261640709412 1.0 1.3662069580889473 1.681238971735662 1.6390162017336198 -0.24293268019404815 1.0 0.9045141327997395 0.9860230671483132 0.7458964469337361 -0.14648755953449472 1.0 0.7776763240286497 0.5575364839339795 0.43920348140904514
1666706251.107064 -0.24832637802603225 1.0 1.3131853693395075 1.6011239371968868 1.5302212796975083 -0.2178361614554338 1.0 0.8175458231876584 0.9706875486023718 0.6954167192929158 -0.13214937085215278 1.0 0.588372876155476 0.5757009968663033 0.37596652199603287
1666706251.403093 -0.2445293926621702 1.0 1.2514627476542108 1.5577901263387568 1.4569496971836104 -0.20341062268262375 1.0 0.7631616568638324 0.9720646263174781 0.6760926350960879 -0.11031494814697726 1.0 0.40905924112376 0.5838132652988481 0.3163675123215895
1666706251.7008865 -0.23955872504687586 1.0 1.192434172146919 1.577525177803071 1.4600728740046607 -0.19991444256467542 1.0 0.748915492911403 0.9933580956075765 0.6964229944064013 -0.08756082869622504 1.0 0.2717652717987153 0.5795176182313094 0.27492689002566345
1666706251.9953132 -0.2350376762156786 1.0 1.141855135755677 1.6309364463669918 1.5062592485643294 -0.19467388904082294 1.0 0.7446533707600869 1.0166905307231027 0.7342149895822958 -0.07496813183411251 1.0 0.18051706104228157 0.5737804791757672 0.25452969487985244
1666706252.2981062 -0.23044082043612601 1.0 1.0966195581038882 1.7022912348294497 1.585502674946494 -0.190421617996291 1.0 0.7402040769635315 1.0453228629802211 0.7805548666737755 -0.074395637811975 1.0 0.12780327531979724 0.5806059938034119 0.2537897525887321
1666706252.5110753 -0.22902925826815868 1.0 1.084048027973772 1.723437034371489 1.611940438901795 -0.18876731219091483 1.0 0.7370516811930492 1.0545781556927307 0.7958749758154054 -0.07608515556543567 1.0 0.12076989293113789 0.5865583759493065 0.25879119938264644
1666706252.7934446 -0.22446150966075723 1.0 1.0446810267677158 1.787819194150254 1.69868822414616 -0.18419064908382052 1.0 0.7237437227496836 1.085449219019687 0.8435354662743798 -0.08503302992356096 1.0 0.14402799329447682 0.622046735232824 0.29766866698437344
1666706253.0971837 -0.21988847710853632 1.0 1.0082363936640217 1.8391070466963853 1.7769131679915235 -0.18451674014226374 1.0 0.7115930102749304 1.1252683937024008 0.8938260882004757 -0.0954460127795848 1.0 0.2080805026551535 0.6716638227907663 0.35901944859958085
1666706253.3995392 -0.2158480677114702 1.0 0.9743516931483072 1.8732227988247925 1.8361002989370538 -0.18665775106990098 1.0 0.7055099002703178 1.1696448155503398 0.948724688420219 -0.10372207061680785 1.0 0.2936864350342425 0.7202757740363913 0.4345251943078261
1666706253.7032986 -0.2122125708026649 1.0 0.9408688940760371 1.8931744907365404 1.8785469427211992 -0.19051694987700382 1.0 0.7140545696644532 1.2208935219594166 1.018320484075101 -0.1115751712728331 1.0 0.38798549553608974 0.7742758658021626 0.5203911964819722
1666706253.9987388 -0.20974201490912112 1.0 0.9150407572444053 1.8968175385497692 1.9021910433708404 -0.193788319048581 1.0 0.7336588771025649 1.2659059262312058 1.087327755259518 -0.10396556093728748 1.0 0.4890753745649383 0.8074362742436894 0.6112546989954033
1666706254.2951953 -0.20790593237973826 1.0 0.89416583871855 1.888572209689941 1.906010491812743 -0.19029700025720067 1.0 0.7513825566109384 1.2972670660384733 1.1495329459568864 -0.07540515239663768 1.0 0.5930961410770096 0.8245855705934405 0.707903243193466
1666706254.597205 -0.20588999852809853 1.0 0.8778194952920481 1.8702088520144269 1.8853474765485703 -0.1786534304941427 1.0 0.7598218486379835 1.3121179151389961 1.19573506779741 -0.04041820728913811 1.0 0.6576305991880369 0.8399796242070059 0.7846606123829734
1666706254.8996322 -0.2024927329406856 1.0 0.8631014388954491 1.846781660916205 1.853172146950535 -0.15839524189319665 1.0 0.7587196321929754 1.3139867483813177 1.2289526295513806 -0.0051756803410328844 1.0 0.6862678140679693 0.859319404199792 0.845485960413437
1666706255.1941097 -0.19746295538829958 1.0 0.8511956080701941 1.826139603462932 1.8342929653294289 -0.12917354256864866 1.0 0.7457211067129089 1.298440155069952 1.243468306595214 0.029821923878787633 1.0 0.672728248202859 0.8728916834132231 0.8785206165118671
1666706255.497801 -0.18967045097077553 1.0 0.8391599134606443 1.812838966402906 1.8173681406412598 -0.09619288211846118 1.0 0.7299127633436662 1.2774889108165 1.2537999881789692 0.07396127048205062 1.0 0.6175386924397444 0.8761277398773469 0.8870392537662002
1666706255.705383 -0.1867321606900784 1.0 0.835725936268857 1.8121012286943516 1.8149134119930155 -0.08747817489546111 1.0 0.7202018891842674 1.2721799243437708 1.2512476823123966 0.08799039080008898 1.0 0.5972808603693771 0.8739762557422966 0.8855458047688112
1666706255.99713 -0.17541755312899193 1.0 0.822556598572582 1.8150392418663202 1.8098583946598412 -0.058530630514832774 1.0 0.6717994043302544 1.2561576137454509 1.2288951030970157 0.13935924663878071 1.0 0.505181124490738 0.8645164828476967 0.869133251215055
1666706256.2992213 -0.1619980732689593 1.0 0.8052485619963425 1.8224967358535975 1.8103799187949867 -0.03431083134267973 1.0 0.6149654638493195 1.2499688761855032 1.200671063614206 0.1865230652378863 1.0 0.4211379438462158 0.8481497595007235 0.849742789284704
1666706256.5043743 -0.1576088304163456 1.0 0.7987075895709438 1.8255462657595631 1.812686506608386 -0.028569821262734926 1.0 0.5993860511126502 1.251180306084166 1.1942597944053208 0.19916136274768886 1.0 0.3993912769167623 0.8409954261430149 0.8433936677796366
1666706256.7884917 -0.1442607832112671 1.0 0.7780893802264889 1.8359570405177152 1.8241552754173456 -0.014969020483673453 1.0 0.5610647722218852 1.2614141937795265 1.18386240902076 0.22681195853370995 1.0 0.3481739999743438 0.8276990821407395 0.8317626619809353
1666706257.0942335 -0.129498731568702 1.0 0.7533103192601582 1.8492879588558013 1.8395275928461923 -0.0043970157228231995 1.0 0.5343149503457872 1.2811341786195976 1.1894878641902702 0.241029737076313 1.0 0.32115159656840797 0.8244675117967187 0.8334506011884171
1666706257.3978581 -0.1150283396885846 1.0 0.727979341289993 1.8577057872055556 1.8441246506456395 0.005160861038441288 1.0 0.5149140709103092 1.3021014160600837 1.2033836906785578 0.2482409715037353 1.0 0.3060408506996739 0.8282133708863344 0.8420942473419365
1666706257.6024804 -0.11191989453838433 1.0 0.7224688486468805 1.857895301683205 1.8421874270495298 0.0075297582012007775 1.0 0.5090378756081412 1.3058176602404257 1.204634704603575 0.24841438521453654 1.0 0.3051600455896107 0.8310104514810136 0.8457998923082577
1666706257.8927472 -0.09823948634975303 1.0 0.6980248861547309 1.8537469001442586 1.827014628325578 0.020399143280536797 1.0 0.4843058584823093 1.3169016693082427 1.2107458586333515 0.2390143275698731 1.0 0.31787145434400116 0.8578111150500926 0.8744137335649209
1666706258.2859972 -0.08602591088107424 1.0 0.6760230012568347 1.8443155221328347 1.80590284916625 0.030906387805959716 1.0 0.4830349104847536 1.3245879441162896 1.23341813060271 0.22848346540329173 1.0 0.33342243166988705 0.8869599697730248 0.9038099147533886
1666706258.591447 -0.07264786280035457 1.0 0.6539435246165497 1.8355478086256718 1.7907471316482593 0.04005365261987904 1.0 0.48558000994966144 1.3342193878998387 1.2587940464296403 0.21952015773201333 1.0 0.34774055937736154 0.9174206177918902 0.935523489155457
1666706258.7989063 -0.06983112027084973 1.0 0.6497356249231797 1.834636680561891 1.7903845064012394 0.041636177807019455 1.0 0.4859728562659242 1.3365240800235132 1.2636469963349186 0.21850794726752207 1.0 0.35002648893874094 0.9230897592501414 0.9419498522526112
1666706259.0947993 -0.05713295467293634 1.0 0.6310800479867951 1.8316996355022823 1.7953799477423436 0.04921409791302754 1.0 0.4857417068996405 1.346050585139958 1.2835969562700318 0.2216183228067506 1.0 0.3541887344952763 0.938979883135381 0.9658671086816318
1666706259.397137 -0.044965897936892374 1.0 0.6144520380990691 1.8355482360700879 1.8146885342486911 0.058033680227007806 1.0 0.4837618322845325 1.3526205948507781 1.3021178229082906 0.23757835406869404 1.0 0.3473140280744416 0.9388190103145508 0.980450702655232
1666706259.6992154 -0.033193928908618955 1.0 0.599515267652308 1.8483244658337525 1.8473156562216038 0.06775522936317908 1.0 0.48109879608502404 1.3586292602899774 1.3218181796643573 0.2599068715845162 1.0 0.3340966189519184 0.9295500199166108 0.9886952244508145
1666706259.9042966 -0.029238616472498268 1.0 0.5948755643536381 1.8544856166095687 1.8608426833188758 0.07162304756481579 1.0 0.4794888080141411 1.3604269279615502 1.3288253809812403 0.2679861195881136 1.0 0.32895795186523624 0.9251882940970384 0.9904783011272477
1666706260.1976447 -0.017618699189169598 1.0 0.5815822623141186 1.8744726768657933 1.9031696324736098 0.08383681126378562 1.0 0.47277324225754525 1.3648742889071912 1.3482967508318289 0.290644256008358 1.0 0.3138705044649394 0.9132566702829972 0.995598139680211
1666706260.4878051 -0.007188599851054963 1.0 0.5703961879155356 1.8836679358768975 1.9187385603256957 0.0975315738411378 1.0 0.4600741045854938 1.3654303566985797 1.361051158625332 0.30977857163289935 1.0 0.3014396701759539 0.9021558563258376 0.9996363335906457
1666706260.697595 -0.004008772799549476 1.0 0.567046258932583 1.8843635727245474 1.919917490883166 0.10217634046951385 1.0 0.45502413041142814 1.3644635623086405 1.363153007398695 0.31523037676681803 1.0 0.2965899600409078 0.8989027755497677 0.999991836758067
1666706260.8920732 -0.0019098321002316626 1.0 0.5648319390760748 1.8839375526879225 1.9187462581320005 0.10505248867298501 1.0 0.4522587578903481 1.3640565652990448 1.3649704204858004 0.3182357906814145 1.0 0.2939508507090384 0.8974331929373761 1.0006551407774527
1666706261.1052983 0.001712801241347422 1.0 0.5610192753587674 1.8814229800220978 1.913224324061181 0.11003695641106083 1.0 0.4467550018632368 1.363225214177864 1.3671325621623533 0.32211625659200077 1.0 0.2911774697941699 0.8965759300234426 1.0032226731831735
1666706261.3895957 0.014161066673509987 1.0 0.5478883905283517 1.8725371656679883 1.8905259301107367 0.12669080805755478 1.0 0.4268483751120142 1.3602888364447292 1.3718381423502342 0.32916880771730966 1.0 0.2889047638100713 0.9022064925642245 1.018402203152421
1666706261.694011 0.026897656962985 1.0 0.5341885715646851 1.8639766967986167 1.867576724569053 0.14186248946604402 1.0 0.40814369683874935 1.3569423394316977 1.372407778045115 0.3332253758162835 1.0 0.2883317215559428 0.9124936593742572 1.0356564495382168
1666706261.9072227 0.030992865781846138 1.0 0.5296986760782879 1.8604973806689966 1.8580384640951007 0.14553060787794664 1.0 0.40346168340710287 1.3575688418198473 1.3728681066758883 0.33463840233856085 1.0 0.28746127008691624 0.9156797881313493 1.0405561839572497
1666706262.1931827 0.044107770190080074 1.0 0.5152441734718333 1.8491473390871858 1.824458080147065 0.15557864725833376 1.0 0.38919820671469907 1.3630945225573596 1.3745558324671583 0.34003879799834713 1.0 0.2822959448614424 0.92486059309455 1.054440040898691
1666706262.391639 0.046452315991530616 1.0 0.5125930725751455 1.8474735056515132 1.8177151173004775 0.15761931176129443 1.0 0.38624305981880946 1.363337459985734 1.3737671157658633 0.3409138974876137 1.0 0.28126742232667906 0.9266848854524743 1.05681947271576
1666706262.68471 0.05790306487630247 1.0 0.4995783980519896 1.841918599634799 1.7858014477600674 0.16703614158178876 1.0 0.3738546632971978 1.3654371498879636 1.3716319351596011 0.3461059452466624 1.0 0.2760246840651992 0.9340165553055649 1.0675931554335905
1666706262.9967852 0.07029558838112371 1.0 0.48530193499333985 1.8405003580856545 1.7637809643421565 0.17554816950089305 1.0 0.3672767102127061 1.3706697433031363 1.3742743021396344 0.3526622820090463 1.0 0.27140989744163974 0.9398514517504082 1.0781980169629408
1666706263.1983101 0.07376598673707466 1.0 0.4814103957865876 1.8412937247353611 1.7643451302447177 0.17794270351015845 1.0 0.36696472788964624 1.3720708343164814 1.3763163899581659 0.354560206930081 1.0 0.2708129433505281 0.9413279738769027 1.081273420753841
1666706263.5021422 0.08661331852425821 1.0 0.46729667140918707 1.8473686762278598 1.7867126497984112 0.18693316793555215 1.0 0.36752452816836195 1.37696396059663 1.3860867243025423 0.360400355178443 1.0 0.2720460765839865 0.9484680201751701 1.0949721263418657
1666706263.7859235 0.09700286973162846 1.0 0.456963842987368 1.8547906940967664 1.8172882675109105 0.19453217867697137 1.0 0.36684905771208964 1.3814493970517618 1.3963156409925277 0.3655405627387736 1.0 0.2738719593962182 0.954529018427083 1.1063735832503756
1666706263.9997396 0.10026544674293048 1.0 0.45394929864170563 1.8574208047440899 1.8279901240983616 0.19706461125468902 1.0 0.36618971094168046 1.382912272025339 1.4001067464315602 0.36812703579590544 1.0 0.2736708443508229 0.9552383080614117 1.109105334713594
1666706264.28372 0.11023725360383317 1.0 0.44490870760818696 1.8666456457167966 1.8591505843859573 0.20504913904379607 1.0 0.3646029897154578 1.3870564725787544 1.412953755770503 0.38049583683938765 1.0 0.2689454280347096 0.950737842829217 1.1127138627316508
1666706264.5986578 0.12109172690246205 1.0 0.4357149628941256 1.8751869367860907 1.8863987371068403 0.21465226893726852 1.0 0.36169003415433015 1.3912473975894157 1.428324745560196 0.39347973121885993 1.0 0.2633771970037025 0.9466735631670329 1.116584916601429
1666706264.8021107 0.12423240294223709 1.0 0.4332300657891832 1.8771519695895922 1.8921364735958468 0.21753663534235348 1.0 0.3608169418480107 1.3925214664662398 1.4331674747534844 0.3975484839499126 1.0 0.26169889502538546 0.9448924430817904 1.1174196839571273
1666706265.0847054 0.13382813891545625 1.0 0.4257828450097899 1.8806540425640847 1.9074549857761403 0.22655918941824624 1.0 0.358036145124772 1.3960494563635348 1.4478003415821505 0.4077107420267765 1.0 0.25617804209029116 0.9434560233578163 1.1214365845944003
1666706265.3905706 0.14439908831970794 1.0 0.4180600064038798 1.8786712107686552 1.9099332689286106 0.23680106257551514 1.0 0.3540180956662518 1.3992859365016048 1.4627669282860654 0.42129067414869975 1.0 0.24999613887019387 0.9372438354627499 1.1239825788228361
1666706265.601576 0.14742530902178944 1.0 0.4159625949834427 1.8773699224902236 1.9134722091133367 0.24024641953930528 1.0 0.35160291102184815 1.3989341848142196 1.4649569824680078 0.4257696958761266 1.0 0.248364737279707 0.9342034171457573 1.124173987550586
1666706265.884291 0.1571420719974908 1.0 0.40922525052851016 1.8707952680869302 1.9186138562612454 0.25236947462594717 1.0 0.3408690469939812 1.395272877266456 1.468125267083421 0.4409928171410796 1.0 0.24412588908430516 0.9224419910291473 1.1241906232549872
1666706266.193335 0.16810532543034254 1.0 0.4013555999618497 1.8575923537858 1.9059651285362362 0.2658093781675585 1.0 0.3266768975283633 1.3906759489324194 1.4678458127702654 0.45593996940497705 1.0 0.24050669592370405 0.9121210617781559 1.125063039417894
1666706266.3967125 0.17141751831159274 1.0 0.3988239724637922 1.852775293049928 1.8985342614032379 0.2696049711913183 1.0 0.3232291714212886 1.3891285392321153 1.4675944052010046 0.45953538153902035 1.0 0.23932283176623162 0.9105058672205729 1.1256494534028798
1666706266.7012408 0.1835875258095192 1.0 0.3894542488533991 1.838424240153789 1.8731385632928022 0.2841950429487038 1.0 0.3085958978907273 1.3812968729844266 1.4628609155554413 0.4669101898437131 1.0 0.2347554953071431 0.915258818619867 1.1326771105939948
1666706266.9853702 0.1940321031226919 1.0 0.3810599327817986 1.8315855523773807 1.8642451620615232 0.2948836950613409 1.0 0.299227961608695 1.376469596622245 1.4595175972472088 0.4706997276769471 1.0 0.22971267771268453 0.9232171467759668 1.139462368078403
