1666706246.9998195 0.0 0.0 0.0
1666706247.2965732 0.0 0.0 0.0
1666706247.6045022 0.0 0.0 0.0
1666706247.812287 0.0 0.0 0.0
1666706248.0411367 0.0 0.0 0.0
1666706248.3105183 0.0 0.0 0.0
1666706248.807262 0.0 0.0 0.0
1666706249.1011932 0.0 0.0 0.0
1666706249.4024622 0.0 0.0 0.0
1666706249.7035944 0.0 0.0 0.0
1666706250.0087907 0.0 0.0 0.0
1666706250.3034475 0.0 0.0 0.0
1666706250.5992172 0.0 0.0 0.0
1666706250.8860047 0.0 0.0 0.0
1666706251.1070771 0.0 0.0 0.0
1666706251.403106 0.0 0.0 0.0
1666706251.7008996 0.0 0.0 0.010993429163403233
1666706251.9953263 0.0 0.0 0.03702140309977945
1666706252.298119 0.0 0.0 0.07340592242285959
1666706252.511099 0.0 0.0 0.0865340904914208
1666706252.7934763 0.0 0.0 0.12955803648064734
1666706253.097197 0.0 0.0 0.16998110047834208
1666706253.399555 0.0 0.0 0.2033262053959656
1666706253.70333 0.0 0.0 0.22902145005149904
1666706253.9987705 0.0 0.0 0.2417769316813601
1666706254.2952096 0.0 0.0 0.24303422742503672
1666706254.5972204 0.0 0.0 0.24303422742503672
1666706254.899645 0.0 0.0 0.24303422742503672
1666706255.1941323 0.0 0.0 0.24303422742503672
1666706255.4978156 0.0 0.0 0.24303422742503672
1666706255.7053905 0.0 0.0 0.24303422742503672
1666706255.9971433 0.0 0.0 0.24303422742503672
1666706256.2992344 0.0 0.0 0.24303422742503672
1666706256.5043879 0.0 0.0 0.24574510684488718
1666706256.788505 0.0 0.0 0.25615226971576044
1666706257.0942478 0.0 0.0 0.2734871965957116
1666706257.3978717 0.0 0.0 0.29417441473088735
1666706257.6025324 0.0 0.0 0.29919076705982
1666706257.8927605 0.0 0.0 0.3215055251746848
1666706258.2860107 0.0 0.0016156759601806988 0.34025524222976383
1666706258.5914786 0.0 0.00355662628594254 0.35931313079701155
1666706258.7989295 0.0 0.0039170242725922655 0.36311854228878465
1666706259.094813 0.0 0.005514972702961475 0.38020327038030066
1666706259.3971505 0.0 0.0071462493288086005 0.3968853870634714
1666706259.699247 0.0 0.009002132729789263 0.4143360850624411
1666706259.904318 0.0 0.009742705194012009 0.42083638399992385
1666706260.1976583 0.0 0.012105727423845337 0.44054153630200954
1666706260.4878376 0.0 0.014904765018163735 0.45967651595483033
1666706260.697604 0.0 0.016117114442523894 0.4657057984308718
1666706260.8921418 0.0 0.0170061438013518 0.46972656554573244
1666706261.1053197 0.0 0.01862305912428607 0.4767051025934472
1666706261.3896089 0.0 0.024741804003514497 0.5007023198359478
1666706261.6940465 0.0 0.03302141314282548 0.5245949681468973
1666706261.9072464 0.0 0.036293463687185876 0.5321348895444621
1666706262.1932032 0.0 0.047347381554585274 0.5564711919269449
1666706262.3916552 0.0 0.049677854643813586 0.5610501200008788
1666706262.6847234 0.0 0.06139538057761344 0.5835806543785766
1666706262.9967988 4.787468848236434e-05 0.07571971832474558 0.6090140009954987
1666706263.1983242 0.0005325007194272043 0.08009588356244267 0.6165510961210091
1666706263.5021558 0.0028250169410925824 0.09650212416150862 0.644815013907143
1666706263.7859366 0.006211913044302393 0.11022184868653755 0.6684228938446601
1666706263.9997613 0.007651570292390606 0.11467605028028813 0.6759873906596444
1666706264.283733 0.012395502764020967 0.12846057378543715 0.6993027843255745
1666706264.5986724 0.018702591368777697 0.14396140710425526 0.7257549076040581
1666706264.8021247 0.02086053606815063 0.14860424890857057 0.7336979523072238
1666706265.084718 0.027727391334572735 0.16291832495438596 0.7582056774836857
1666706265.3905919 0.03618783458497474 0.1791016068106981 0.7860003543123665
1666706265.6016023 0.03887141907487453 0.183882602721035 0.7941881324009259
1666706265.884304 0.047668680183755724 0.1994172082848487 0.8205299870776164
1666706266.1933484 0.05811931263083015 0.2177374912985836 0.8499880280137881
1666706266.3967264 0.061463383530942425 0.2236131896967534 0.858784918730341
1666706266.7012553 0.07400381489577634 0.24552334467198045 0.8910949848222812
1666706266.9853845 0.0854801307549193 0.26539397660272385 0.9186313639610895
