1666706246.9997988 0.0 0.0 0.0 1.0 0.0 2.0
1666706247.296554 0.3716619305181885 0.37479594375093583 0.32746463768400597 1.403386247259362 0.20464169081693392 2.436933190950662
1666706247.60447 0.7240796741239897 0.7376758943458388 0.6350618818901179 1.7924754805115235 0.44859547334030014 2.8899234800828775
1666706247.8122663 1.054589433585104 1.0872974101639012 0.9451577195278364 2.1457243700510427 0.7255858194770259 3.3182978541702077
1666706248.041116 1.1413460381660807 1.1798618469003153 1.0287140431133375 2.2344472603302017 0.8048402653327454 3.4295890708374217
1666706248.3104987 1.2779687135989402 1.3255992169057027 1.1572016604140476 2.36870817829175 0.9284801557283413 3.584923881802843
1666706248.807239 1.6103878043816109 1.684113043778252 1.4431610553307097 2.687690980438032 1.1565892558288888 3.876387735402986
1666706249.1011515 1.8597640212719888 1.9641167487948974 1.5579984907270843 2.82657165176271 1.24146355242412 3.957227175273714
1666706249.4024143 2.0419486140406886 2.1564712658743024 1.6160754799610468 2.8496897234332033 1.2596054830178658 3.932645678050042
1666706249.7035732 2.1585527938302613 2.2586408470349872 1.6253040155070027 2.7833547712841518 1.2183633699034764 3.790699069447283
1666706250.0087507 2.1606381307628704 2.240716473584965 1.5684851378679148 2.6086233479814673 1.1291604170322131 3.550968643751485
1666706250.3034005 2.042549874968967 2.106493618142828 1.4646872701893536 2.3273921222124034 1.0149637035010242 3.2022766627425066
1666706250.599185 1.9082147002995868 1.9393572736538696 1.3654994571924939 2.0354021993789377 0.9164557408086947 2.809416619002166
1666706250.8859882 1.7718852649518322 1.7607395290984413 1.2711227873661333 1.7778614195856948 0.837134047712502 2.368424405762605
1666706251.1070554 1.681238971735662 1.6390162017336198 1.2036041442153786 1.623851053583078 0.784562317300741 1.9778981004946454
1666706251.403085 1.6011239371968868 1.5302212796975083 1.1473734502572965 1.4936417910414623 0.7307549900812321 1.5424521947627294
1666706251.700878 1.5577901263387568 1.4569496971836104 1.126231527821403 1.423520411531931 0.6738810253034975 1.1295130402578444
1666706251.9953039 1.577525177803071 1.4600728740046607 1.142081836812785 1.4304227657446873 0.6270488125375612 0.816375167695045
1666706252.2980976 1.6309364463669918 1.5062592485643294 1.1607411892069774 1.4648024589346804 0.6008211870940465 0.6145497463001165
1666706252.5110614 1.7022912348294497 1.585502674946494 1.1854234417595613 1.5073794007802732 0.599604469665609 0.5086892752339993
1666706252.7934244 1.723437034371489 1.611940438901795 1.1928846117250773 1.5198338869210515 0.6049182421002878 0.49963219146935933
1666706253.0971754 1.787819194150254 1.69868822414616 1.2180035571035328 1.5550369235284913 0.646511501115143 0.5846838697873935
1666706253.399518 1.8391070466963853 1.7769131679915235 1.2558254295730178 1.5933398283491704 0.7113244496953111 0.7732862913645115
1666706253.7032785 1.8732227988247925 1.8361002989370538 1.300570339943754 1.6419798553261304 0.7810901244794818 1.0187413386180244
1666706253.9987185 1.8931744907365404 1.8785469427211992 1.3561115485414896 1.7194552883359773 0.860675436349409 1.2915371575002426
1666706254.2951868 1.8968175385497692 1.9021910433708404 1.407192247935371 1.8072538092752786 0.9089471655638712 1.5841238715806596
1666706254.5971956 1.888572209689941 1.906010491812743 1.4393914839857946 1.8873516202951857 0.913945841380364 1.8907248156407426
1666706254.8996239 1.8702088520144269 1.8853474765485703 1.4471417509976385 1.9434634980564587 0.8931256510335661 2.0988476309561355
1666706255.1940958 1.846781660916205 1.853172146950535 1.4336624344632225 1.9781743660459041 0.8664231781520148 2.218003205076742
1666706255.4977815 1.826139603462932 1.8342929653294289 1.3944999321385056 1.9829765812119793 0.8327735293065358 2.2233788683107036
1666706255.705379 1.812838966402906 1.8173681406412598 1.3475930932348885 1.980338387507894 0.7848631075041825 2.1187400751991277
1666706255.9971213 1.8121012286943516 1.8149134119930155 1.335101548895707 1.968695680670698 0.7690018828904922 2.075486175417149
1666706256.2992134 1.8150392418663202 1.8098583946598412 1.2954560091878105 1.8995440990510397 0.7241684755160344 1.8697002459759946
1666706256.5043628 1.8224967358535975 1.8103799187949867 1.2710647128089658 1.8152745841089757 0.6919552588291449 1.677409357987361
1666706256.7884831 1.8255462657595631 1.812686506608386 1.2683023289451736 1.7934012423135453 0.6829584220805358 1.6263865628021672
1666706257.0942044 1.8359570405177152 1.8241552754173456 1.2698124702035478 1.744864323083004 0.6711097187331263 1.5102759693671175
1666706257.397843 1.8492879588558013 1.8395275928461923 1.2834835622867922 1.7237976493892737 0.6711479906343749 1.4571865359751661
1666706257.6024597 1.8577057872055556 1.8441246506456395 1.2994440278897756 1.718290904368111 0.6778253664311742 1.4354132654965168
1666706257.8927386 1.857895301683205 1.8421874270495298 1.301984764341198 1.7136581497538699 0.6809526820310879 1.437385287263818
1666706258.2859879 1.8537469001442586 1.827014628325578 1.3070229298745397 1.6949509547109203 0.7073021028840913 1.4920836156248254
1666706258.5914268 1.8443155221328347 1.80590284916625 1.3096614564226745 1.7162223608163094 0.7359191659967866 1.5533241542872651
1666706258.7988927 1.8355478086256718 1.7907471316482593 1.3147753348352118 1.743984601637729 0.7659717305509623 1.6143144887258742
1666706259.0947902 1.834636680561891 1.7903845064012394 1.3162958734593073 1.7491986791519554 0.7713369718852358 1.6253569515441768
1666706259.3971283 1.8316996355022823 1.7953799477423436 1.3221548939457928 1.7687505420180187 0.78327238534915 1.656919793870404
1666706259.6991954 1.8355482360700879 1.8146885342486911 1.3245618714273282 1.785065251118789 0.7753385091032193 1.6555671830590717
1666706259.9042833 1.8483244658337525 1.8473156562216038 1.3260572361537541 1.8018130909271006 0.7578306705910338 1.634446467769489
1666706260.197636 1.8544856166095687 1.8608426833188758 1.3261138327266948 1.8070848592001518 0.7509787565684588 1.6249106248746767
1666706260.4877794 1.8744726768657933 1.9031696324736098 1.3252849022817532 1.8194094964260583 0.7333652306119525 1.5970113455756096
1666706260.697589 1.8836679358768975 1.9187385603256957 1.320629711100843 1.8189387909808805 0.7183694427032601 1.573819277599698
1666706260.8920593 1.8843635727245474 1.919917490883166 1.318051716954036 1.8158039765431968 0.7149959398273531 1.563942803919963
1666706261.1052854 1.8839375526879225 1.9187462581320005 1.3166329976478388 1.8147359030650574 0.7134837935956674 1.5590376521548186
1666706261.3895867 1.8814229800220978 1.913224324061181 1.3141647985424239 1.811185607763325 0.7122171011275661 1.555625694419553
1666706261.6940017 1.8725371656679883 1.8905259301107367 1.3063556179096756 1.7952655189736841 0.7154257645573228 1.5651899223395147
1666706261.907208 1.8639766967986167 1.867576724569053 1.2992360700748313 1.776451418938167 0.7238712684909836 1.5805989421731117
1666706262.193169 1.8604973806689966 1.8580384640951007 1.2990598577332806 1.7720648360698692 0.726859328278961 1.5835872706742669
1666706262.391629 1.8491473390871858 1.824458080147065 1.3027875662619566 1.7590533163761197 0.7365558346121562 1.5867043736073043
1666706262.6847017 1.8474735056515132 1.8177151173004775 1.3027098613887738 1.755222218689605 0.7386021848887382 1.5869801551487652
1666706262.9967773 1.841918599634799 1.7858014477600674 1.303279895408284 1.7402832405751787 0.7467408468277162 1.5869064653605478
1666706263.1983018 1.8405003580856545 1.7637809643421565 1.3065256340372973 1.7359063182985472 0.7523628709776117 1.5876107786767872
1666706263.5021336 1.8412937247353611 1.7643451302447177 1.3071161920851564 1.7374867181521119 0.7532874027955544 1.5892097797321147
1666706263.7859154 1.8473686762278598 1.7867126497984112 1.3086608613452901 1.7472085395367354 0.7565945229441373 1.6041094675370424
1666706263.9997256 1.8547906940967664 1.8172882675109105 1.3105347012731763 1.7562452689295436 0.7587356569789324 1.6179284289775264
1666706264.2837114 1.8574208047440899 1.8279901240983616 1.3112154016618687 1.759209048261603 0.7582672301486366 1.6197767737589441
1666706264.5986483 1.8666456457167966 1.8591505843859573 1.3128177364653983 1.7699186702505423 0.7509754580138812 1.6121350904102332
1666706264.8020961 1.8751869367860907 1.8863987371068403 1.3142046387846615 1.7817141824740814 0.744713536091855 1.6030850081429433
1666706265.084697 1.8771519695895922 1.8921364735958468 1.3146481600588262 1.785480707081945 0.7422541846191304 1.5999991932996305
1666706265.3905566 1.8806540425640847 1.9074549857761403 1.3156252367550478 1.7966868935100984 0.7403023481680675 1.591795321362155
1666706265.6015506 1.8786712107686552 1.9099332689286106 1.3162353565649045 1.8069055823651112 0.73277768669721 1.580256478809466
1666706265.8842826 1.8773699224902236 1.9134722091133367 1.3152730934461379 1.8064616366531874 0.7290432745723285 1.5765560017767508
1666706266.193326 1.8707952680869302 1.9186138562612454 1.3101581911981424 1.7981967705702828 0.7140378187801526 1.5657305420324645
1666706266.3967037 1.8575923537858 1.9059651285362362 1.3048610944058412 1.7830498833679322 0.7003277592403732 1.556939734941845
1666706266.7012272 1.852775293049928 1.8985342614032379 1.303036223610248 1.779147306725862 0.6982113248912102 1.5546397779040257
1666706266.9853606 1.838424240153789 1.8731385632928022 1.2947712510757616 1.7590783102983951 0.7039181410446272 1.551933223619967
