1666706246.9997869 0.014945700764656067 -0.0017931307666003704 0.5196413993835449 -0.94825679063797 0.04609133303165436 0.9587892033159733 0.5162116885185242 -0.512981116771698 -0.01636662892997265 1.927001528441906 0.52873295545578 4.329779624938965
1666706247.2965395 0.006286504678428173 -0.015513226389884949 0.5272156000137329 -1.3467310667037964 0.022096192464232445 1.0132391126826406 0.5178947448730469 -4.317751407623291 -0.01762339472770691 1.9927947432734072 0.5295263528823853 1.6986538171768188
1666706247.604447 0.033630840480327606 0.002954933326691389 0.5278699994087219 -1.4619075059890747 0.028676100075244904 1.2629978358745575 0.522503674030304 -7.098787307739258 0.013891295529901981 2.252725899219513 0.5120154023170471 -1.1705844402313232
1666706247.812254 0.2362443208694458 0.2207421511411667 0.5096202492713928 -0.6345055103302002 0.13972526788711548 1.5782870650291443 0.5303224921226501 -2.856046676635742 0.06590350717306137 2.4755627810955048 0.5148428678512573 -2.6436350345611572
1666706248.0411015 0.45350009202957153 0.44525814056396484 0.523261308670044 -0.8907087445259094 0.2871403098106384 1.7518242001533508 0.5271679162979126 -1.8827917575836182 0.14801090955734253 2.683756649494171 0.5153710246086121 -2.956002712249756
1666706248.3104858 0.6663793921470642 0.6539090275764465 0.5400094389915466 -1.3902428150177002 0.4852440655231476 1.9159732460975647 0.5342974662780762 -1.0474694967269897 0.3674529194831848 2.9468040466308594 0.5045203566551208 -1.9274052381515503
1666706248.8072252 1.012681007385254 0.9884283542633057 0.5340679883956909 -2.3464982509613037 0.8913758397102356 2.364394783973694 0.5372466444969177 -1.8500040769577026 0.6943082809448242 3.3715431690216064 0.5528203248977661 -1.119468331336975
1666706249.1011295 1.221225619316101 1.2391908168792725 0.5304779410362244 -1.276633858680725 1.0288045406341553 2.6301995515823364 0.5223057270050049 -1.052042007446289 0.8166077733039856 3.6407159566879272 0.5148226022720337 -1.7010494470596313
1666706249.4023902 1.4282863140106201 1.4930248260498047 0.5315898656845093 -1.1649478673934937 1.1980787515640259 2.911594033241272 0.5178826451301575 -2.2563347816467285 0.9524924755096436 3.902109384536743 0.5000138282775879 -1.8408658504486084
1666706249.7035584 1.6894346475601196 1.7571094036102295 0.5156179666519165 -1.2720117568969727 1.4119983911514282 3.1852855682373047 0.5155150294303894 -3.2727296352386475 1.1086395978927612 4.18073034286499 0.512073814868927 -0.6555420160293579
1666706250.0087252 1.921273112297058 1.991774082183838 0.530937671661377 -1.328190565109253 1.5587729215621948 3.463369607925415 0.5032615661621094 -2.908928871154785 1.2072327136993408 4.472573757171631 0.5118151307106018 -1.2397879362106323
1666706250.3033767 2.0571229457855225 2.132704734802246 0.5134838819503784 -1.2421711683273315 1.61288583278656 3.6652002334594727 0.5002958178520203 -2.160435914993286 1.2310899496078491 4.783911466598511 0.5003354549407959 -1.9504321813583374
1666706250.5991578 2.0935611724853516 2.1645939350128174 0.5079878568649292 -0.364490807056427 1.6073578596115112 3.6106395721435547 0.48977112770080566 -4.405468940734863 1.1960408687591553 5.067596912384033 0.510457456111908 -1.00774347782135
1666706250.88598 2.0557026863098145 2.104194402694702 0.5054063200950623 -0.33867689967155457 1.5518579483032227 3.387140989303589 0.49838992953300476 -5.2751898765563965 1.1054737567901611 5.1968677043914795 0.5050837397575378 0.7500343322753906
1666706251.1070411 2.0017147064208984 2.0387940406799316 0.506117045879364 -0.03211848437786102 1.4945646524429321 3.2423295974731445 0.519204318523407 -2.6244399547576904 1.0329755544662476 5.125049591064453 0.5035762190818787 2.209528923034668
1666706251.4030714 1.9002524614334106 1.912977933883667 0.5037074089050293 0.1233534887433052 1.4055224657058716 3.064105272293091 0.5186954736709595 -1.0537177324295044 0.9599486589431763 4.83072304725647 0.5179345607757568 2.912426710128784
1666706251.7008643 1.7945678234100342 1.778738021850586 0.4975341558456421 -0.07982049137353897 1.3107491731643677 2.870487093925476 0.5144050717353821 0.4449049234390259 0.8860242366790771 4.5283424854278564 0.5302059054374695 1.7027944326400757
1666706251.995285 1.7238084077835083 1.6933350563049316 0.4940688908100128 -0.4277819097042084 1.2554235458374023 2.720080852508545 0.5153071284294128 4.949326992034912 0.8118294477462769 4.290946006774902 0.5168707966804504 0.4720388352870941
1666706252.2980833 1.67778742313385 1.6188222169876099 0.49625784158706665 0.03685358539223671 1.239944577217102 2.615691304206848 0.5116481781005859 4.971061706542969 0.7393631935119629 4.082416534423828 0.5067261457443237 0.3723162114620209
1666706252.51104 1.673846960067749 1.5964895486831665 0.49576592445373535 -0.23023571074008942 1.2481778860092163 2.5921905040740967 0.5049124956130981 2.5415666103363037 0.6984526515007019 3.93413245677948 0.5060297250747681 0.5150447487831116
1666706252.7934022 1.6790727376937866 1.5896885395050049 0.49948471784591675 -0.19946017861366272 1.2469314336776733 2.600262403488159 0.5069355964660645 0.859721839427948 0.6483364105224609 3.694996476173401 0.5139212012290955 1.1337332725524902
1666706253.0971613 1.7003364562988281 1.5990666151046753 0.4963502883911133 -0.15517449378967285 1.225600242614746 2.6063631772994995 0.5006918907165527 -2.6692726612091064 0.6093104481697083 3.4417680501937866 0.5027616620063782 0.747028648853302
1666706253.399491 1.7360374927520752 1.6346931457519531 0.504469096660614 -1.9368605613708496 1.2178077697753906 2.607818841934204 0.5017548203468323 -5.596200942993164 0.5820946097373962 3.2238842248916626 0.5054790377616882 0.6619665622711182
1666706253.7032583 1.7724039554595947 1.6763842105865479 0.5091759562492371 -2.1587209701538086 1.2078466415405273 2.5796979665756226 0.49594688415527344 -4.428194999694824 0.5731518268585205 3.16687548160553 0.5009737610816956 1.2310062646865845
1666706253.9986987 1.8110215663909912 1.7134594917297363 0.5012396574020386 0.3135620653629303 1.2044376134872437 2.550325393676758 0.4953566789627075 -2.1469783782958984 0.6235665082931519 3.036013603210449 0.48958730697631836 -0.31310880184173584
1666706254.2951722 1.8445322513580322 1.7642552852630615 0.49717655777931213 0.2812062203884125 1.2346190214157104 2.5696171522140503 0.512152910232544 -1.218693733215332 0.7163175344467163 2.9692373871803284 0.47865381836891174 0.5321797132492065
1666706254.5971782 1.8716646432876587 1.8284541368484497 0.5020207166671753 -0.4063796401023865 1.2817784547805786 2.627508282661438 0.5164048075675964 -3.7386655807495117 0.7926819920539856 3.1270642280578613 0.5303246974945068 0.5122244954109192
1666706254.8996096 1.8833732604980469 1.864038109779358 0.49741074442863464 -1.069087028503418 1.3526140451431274 2.7226070165634155 0.5103569626808167 -8.286470413208008 0.8286566734313965 3.3143489360809326 0.49925607442855835 -0.5229960680007935
1666706255.1940746 1.889639139175415 1.8561123609542847 0.5025794506072998 -1.524214744567871 1.4114829301834106 2.7889639139175415 0.49660468101501465 -7.5074849128723145 0.8524788618087769 3.544351100921631 0.49245211482048035 -0.26753827929496765
1666706255.4977539 1.8724263906478882 1.8626941442489624 0.5044757127761841 -0.7329111695289612 1.4381535053253174 2.79848575592041 0.48297473788261414 -3.6946446895599365 0.8714949488639832 3.784996509552002 0.5025291442871094 -1.1885075569152832
1666706255.7053716 1.8468791246414185 1.8547779321670532 0.5064658522605896 0.22663775086402893 1.4342474937438965 2.8751840591430664 0.5006694793701172 0.349648654460907 0.8768138885498047 3.929993510246277 0.5043913125991821 -0.7093006372451782
1666706255.9971068 1.8339201211929321 1.8475342988967896 0.5031525492668152 0.16572460532188416 1.4193285703659058 2.933349370956421 0.5111033320426941 3.8902416229248047 0.8672352433204651 4.0578131675720215 0.5092172026634216 2.3305978775024414
1666706256.2991996 1.8209161758422852 1.8319201469421387 0.5015319585800171 -0.3355787992477417 1.3866688013076782 2.9692764282226562 0.5028612613677979 5.038046836853027 0.8211543560028076 4.044782400131226 0.4987759292125702 4.643997669219971
1666706256.5043354 1.8138271570205688 1.8094439506530762 0.5013414621353149 -0.6311927437782288 1.3485140800476074 2.9601879119873047 0.5056720972061157 4.5976972579956055 0.7924318313598633 4.002858400344849 0.5013108253479004 4.655733108520508
1666706256.788449 1.8116313219070435 1.7964814901351929 0.5022987127304077 -0.5677670240402222 1.3211171627044678 2.9250619411468506 0.5100718140602112 3.1863067150115967 0.7548426389694214 3.9085277318954468 0.5091080665588379 5.180551052093506
1666706257.0941892 1.8085551261901855 1.7853952646255493 0.499251127243042 -0.42558225989341736 1.2798874378204346 2.8644018173217773 0.5093674063682556 0.6897502541542053 0.7210584282875061 3.752351403236389 0.5002850890159607 5.203587055206299
1666706257.397817 1.8193823099136353 1.805614948272705 0.5009732842445374 -0.6013602614402771 1.2609949111938477 2.8314363956451416 0.4958983361721039 1.3193881511688232 0.7099173069000244 3.6877310276031494 0.505136251449585 4.630352973937988
1666706257.6024373 1.8360823392868042 1.8352363109588623 0.5001848936080933 -0.2814335525035858 1.2666256427764893 2.8603042364120483 0.5020711421966553 5.144272804260254 0.6998417377471924 3.624231696128845 0.504479706287384 2.8346943855285645
1666706257.892723 1.8464877605438232 1.8496968746185303 0.501101016998291 -0.4170109033584595 1.284247636795044 2.8580466508865356 0.5007456541061401 6.718925952911377 0.6841632127761841 3.520699977874756 0.5079690217971802 -0.46632853150367737
1666706258.2859674 1.861961841583252 1.872514247894287 0.5007168054580688 0.4231800436973572 1.294399619102478 2.769376277923584 0.5012489557266235 6.5030364990234375 0.6809989809989929 3.453078031539917 0.504027247428894 -1.4017179012298584
1666706258.5914054 1.8636196851730347 1.8645670413970947 0.4961889684200287 0.6710668206214905 1.2904506921768188 2.7406457662582397 0.5017237663269043 6.41762638092041 0.679241418838501 3.4606281518936157 0.49106886982917786 -1.3721425533294678
1666706258.7988732 1.8604940176010132 1.8447177410125732 0.5023543834686279 -1.3644373416900635 1.2838290929794312 2.733743190765381 0.5063242316246033 4.0526323318481445 0.6837794184684753 3.4801543951034546 0.4952166974544525 -0.7278122305870056
1666706259.0947711 1.860237956047058 1.8311635255813599 0.5027826428413391 -4.043417930603027 1.2931352853775024 2.748179316520691 0.5072914361953735 1.3763498067855835 0.7063692212104797 3.523869752883911 0.5046381950378418 0.2797156870365143
1666706259.397114 1.8509458303451538 1.8046575784683228 0.5006745457649231 -5.523018836975098 1.3091481924057007 2.748427152633667 0.4931405782699585 2.2232518196105957 0.7422145009040833 3.5917876958847046 0.4997422397136688 2.1060023307800293
1666706259.6991751 1.834083914756775 1.777358055114746 0.5023302435874939 -2.9266507625579834 1.3086799383163452 2.7362630367279053 0.4889470338821411 1.073396921157837 0.7606551647186279 3.6367347240448 0.5009497404098511 5.019467830657959
1666706259.904269 1.8221347332000732 1.7606056928634644 0.5072119832038879 0.3654366433620453 1.3086838722229004 2.730803966522217 0.5000935196876526 -1.891677737236023 0.7651703953742981 3.659076452255249 0.49736249446868896 6.364623546600342
1666706260.1976218 1.8174066543579102 1.753983497619629 0.5048133730888367 1.6493982076644897 1.3098609447479248 2.7417099475860596 0.49721670150756836 -2.0809552669525146 0.7608920335769653 3.662248969078064 0.5044384598731995 4.775699138641357
1666706260.4877527 1.830662727355957 1.8003389835357666 0.5028411149978638 0.38193798065185547 1.3205363750457764 2.777848243713379 0.49953463673591614 -2.0245323181152344 0.7596645355224609 3.6659934520721436 0.49993816018104553 1.292599081993103
1666706260.6975791 1.8427232503890991 1.8266319036483765 0.49970516562461853 0.7038307189941406 1.330715537071228 2.804114580154419 0.5084890127182007 -0.33525121212005615 0.7487301230430603 3.6928285360336304 0.50302654504776 -0.16550104320049286
1666706260.8920453 1.8508646488189697 1.8511147499084473 0.4932716190814972 0.9388601183891296 1.3279461860656738 2.7901926040649414 0.5077925324440002 0.5384057760238647 0.740559995174408 3.6750677824020386 0.5032641887664795 -0.6103103756904602
1666706261.1052647 1.8610750436782837 1.8781901597976685 0.4987948536872864 1.1955504417419434 1.3262228965759277 2.8038233518600464 0.5032601952552795 0.30330294370651245 0.7330803275108337 3.6402379274368286 0.5019805431365967 -0.7540810704231262
1666706261.3895714 1.8607192039489746 1.8898793458938599 0.5088832974433899 1.6720025539398193 1.3239355087280273 2.8123927116394043 0.5033628940582275 -0.5552229881286621 0.7202076315879822 3.5948106050491333 0.48260951042175293 -3.4005095958709717
1666706261.693986 1.8605756759643555 1.899114727973938 0.5004100203514099 1.6292580366134644 1.323858380317688 2.821760892868042 0.497405469417572 -1.9341909885406494 0.708996057510376 3.5712227821350098 0.48753270506858826 -6.0591654777526855
1666706261.9071867 1.864305019378662 1.9246207475662231 0.5014051795005798 0.811671793460846 1.3068183660507202 2.815876841545105 0.510473370552063 -0.445762038230896 0.7038742303848267 3.5716705322265625 0.4902571141719818 -6.688804626464844
1666706262.1931489 1.8644267320632935 1.9355716705322266 0.4987149238586426 0.7935992479324341 1.2923065423965454 2.8132563829421997 0.5065754055976868 -0.061589814722537994 0.7017142176628113 3.583199381828308 0.4924021363258362 -6.776988506317139
1666706262.3916185 1.861720323562622 1.9560093879699707 0.5003076791763306 0.8455787301063538 1.300536036491394 2.827221155166626 0.5026475191116333 -1.7581099271774292 0.6976937651634216 3.57948100566864 0.501623809337616 -6.473239898681641
1666706262.6846874 1.855878472328186 1.9550687074661255 0.49984273314476013 0.6503228545188904 1.297568917274475 2.817557692527771 0.5014370679855347 -4.164697170257568 0.7023060321807861 3.5806437730789185 0.5091018080711365 -5.955950736999512
1666706262.996763 1.8499624729156494 1.9287797212600708 0.5033138394355774 0.9617944359779358 1.2867710590362549 2.7853872776031494 0.5002665519714355 -5.616008758544922 0.7101301550865173 3.5709142684936523 0.5066187977790833 -5.189527988433838
1666706263.1982858 1.8488630056381226 1.875570297241211 0.5018081665039062 0.005418434739112854 1.2870347499847412 2.7491793632507324 0.49965131282806396 1.887780785560608 0.7169861197471619 3.5558218955993652 0.49583837389945984 -4.374803066253662
1666706263.502101 1.8478728532791138 1.832932710647583 0.5010411143302917 -0.7259732484817505 1.289573073387146 2.7332879304885864 0.49781230092048645 4.475485324859619 0.7197521328926086 3.535898804664612 0.49973684549331665 -2.2515323162078857
1666706263.785901 1.8453261852264404 1.8014442920684814 0.49738720059394836 -0.22836074233055115 1.289341688156128 2.729916214942932 0.49661940336227417 2.7006418704986572 0.7209689021110535 3.53074848651886 0.5065286755561829 -0.4164154827594757
1666706263.9997075 1.8438993692398071 1.7904702425003052 0.5041971206665039 0.4578414261341095 1.293096899986267 2.7370007038116455 0.5037779211997986 1.6484160423278809 0.7271853685379028 3.549435257911682 0.5036720037460327 0.20320971310138702
1666706264.283698 1.8404444456100464 1.7934000492095947 0.4998801052570343 -0.09939219802618027 1.29873526096344 2.73057222366333 0.49750664830207825 0.7558743357658386 0.7383612394332886 3.58177649974823 0.5057600140571594 1.0122737884521484
1666706264.598632 1.841810703277588 1.8047010898590088 0.5087258219718933 -1.0859050750732422 1.2989310026168823 2.7299447059631348 0.49921759963035583 -0.7814313173294067 0.73466557264328 3.5874255895614624 0.49868807196617126 1.386189579963684
1666706264.8020694 1.8433371782302856 1.818350076675415 0.4995121657848358 -0.28963083028793335 1.2958757877349854 2.7159860134124756 0.4897051751613617 -0.753131091594696 0.7393439412117004 3.594300150871277 0.49738597869873047 1.0039594173431396
1666706265.0846822 1.849005103111267 1.823027491569519 0.4972971975803375 0.14975431561470032 1.3005764484405518 2.7105666399002075 0.5012817978858948 0.2075786292552948 0.7256508469581604 3.5942142009735107 0.505624532699585 1.210950255393982
1666706265.3905358 1.8586173057556152 1.8543250560760498 0.5084992051124573 0.3954775929450989 1.3009899854660034 2.71386182308197 0.5028398036956787 0.8903214931488037 0.7370526194572449 3.602123975753784 0.502619206905365 3.976074457168579
1666706265.6015234 1.868599772453308 1.8340585231781006 0.4990653097629547 0.5085315108299255 1.307998538017273 2.753278613090515 0.503199577331543 -0.151009663939476 0.749735414981842 3.6077131032943726 0.5050585269927979 4.493674278259277
1666706265.8842678 1.8732165098190308 1.8482028245925903 0.5054243206977844 -0.020451027899980545 1.3128787279129028 2.775245189666748 0.4977691173553467 -1.3715850114822388 0.7584308385848999 3.6045315265655518 0.49694064259529114 3.4004507064819336
1666706266.1933062 1.8822458982467651 1.88884437084198 0.4945860207080841 -0.8294510245323181 1.3043180704116821 2.794124960899353 0.50382000207901 -0.428648978471756 0.7556824088096619 3.5958118438720703 0.4951808750629425 1.3839060068130493
1666706266.39669 1.8867632150650024 1.9236812591552734 0.49623891711235046 -1.5456494092941284 1.3001130819320679 2.791050434112549 0.4971555471420288 -1.6176800727844238 0.7444553971290588 3.5897433757781982 0.4987856149673462 2.5537116527557373
1666706266.7012014 1.8807209730148315 1.9224902391433716 0.4933980405330658 -0.8832414746284485 1.3039429187774658 2.80311918258667 0.4950099587440491 -3.1787784099578857 0.7173442840576172 3.579991936683655 0.49998149275779724 2.6990435123443604
1666706266.9853437 1.8731409311294556 1.8947486877441406 0.5000211596488953 0.9445400834083557 1.299928069114685 2.7955793142318726 0.4979897737503052 -5.565886497497559 0.6990455985069275 3.57590913772583 0.4997537434101105 2.5633130073547363
