1666710898.2156131 0.0 0.0 0.0 3.422665421373701 3.3573987275934702 -1.3737703300829136 0.0 1.867838627345242 1.373770330082914 1.867838627345242 0.12259154130125556 0.0 1.1074370022995548 -0.040863847100418516 0.36914566743318494
1666710898.618325 -0.24708976494643448 0.0 0.3359541236858359 3.0518281273808903 3.0944332422257337 -0.4590202110542807 0.0 1.5798466737679007 1.3239341805567606 1.8100396996240167 -0.18179193835817103 0.0 1.2471145742147975 0.2220056511233719 0.6390489915131102
1666710899.0249977 -0.2617251947542623 0.0 0.42185448599594033 2.8886308872583 3.027426030923756 -0.6498182091320837 0.0 1.1858041864645215 1.4419224475174062 1.476861396551325 -0.1930782981111498 0.0 1.2693231544498507 0.3023346913686031 0.7200327030113289
1666710899.4139364 -0.2927737166383614 0.0 0.48297258942631505 2.7048627884835224 2.7863951219908856 -0.7173805765768784 0.0 0.7591369069891198 1.454916441467799 1.1076780787507499 -0.22196711667184676 0.0 1.2593306082152196 0.39917955758091456 0.7798692254589882
1666710899.8161464 -0.3275638495153466 0.0 0.5056000931488953 2.440254462056516 2.497068880775842 -0.4231456408751262 0.0 0.34572774224106895 1.2081301965990625 0.8070315337313152 -0.2560206999830056 0.0 1.215584789276666 0.4926207456600689 0.8061503076900804
1666710900.2171457 -0.334470671637083 0.0 0.4940475801210966 2.0341634459768594 2.371101356183848 -0.07277546387618017 0.0 -0.35462108828163336 0.7524176104029205 0.277963275934433 -0.2597546496015932 0.0 1.1490400883641916 0.5506882542402529 0.8052281209949647
1666710900.618323 -0.3157012351418072 0.0 0.4331789352062503 1.660474115361367 1.7941418307882935 0.023508349840724252 0.0 -0.8275101777093257 0.49890945970596756 -0.09129188782067621 -0.23870452146341653 0.0 1.0383858648403854 0.5716455802829317 0.7666035564049525
1666710901.01315 -0.2877460506860783 0.0 0.3292821166812101 1.175375744936238 0.9700048436842112 0.1407090679763095 0.0 -0.8576630583286867 0.40096520087819226 -0.09005502974512092 -0.21011324176259247 0.0 0.8808810210571394 0.5726622601984366 0.6946532592017184
1666710901.418707 -0.25612684287715304 0.0 0.24168772344906397 0.6163401923320742 0.3819150601726522 0.24366594058120655 0.0 -0.756522550013951 0.34571876629114373 -0.02082091677455178 -0.17568564140609697 0.0 0.7478070002313528 0.5648400890296601 0.6351134854764784
1666710901.9577298 -0.21963234061268333 0.0 0.1687991418388255 0.02255757411374626 -0.27760115931317864 0.2550275586855553 0.0 -0.5548182133837393 0.36122201739658144 0.08965686272434159 -0.14088177515123723 0.0 0.6348268436681932 0.553401792449497 0.5860305738893193
1666710902.4143608 -0.11763086264769046 0.0 0.013298245675182008 0.09533446931831868 -0.19867968080254195 0.21272750413012115 0.0 -0.09365885263897322 0.3027405680774784 0.18898236182881945 -0.05030278413426173 0.0 0.3702840112623418 0.5234988857121481 0.47572787087069424
1666710902.81819 -0.09702410672743639 0.0 0.00662658531920024 -0.6350410694605163 -0.7735899534209156 0.22963647230554263 0.0 0.049290696582707794 0.30904616828566644 0.295252104976795 -0.03385105751889489 0.0 0.3404058145678539 0.5110857105273277 0.4574116955314619
1666710903.2062864 -0.07316146631968112 0.0 0.009743209762870242 -0.651527359168248 -0.7532192922400696 0.17799659727488165 0.0 0.24313750412486634 0.3257060260905891 0.3914101899439201 -0.014283131438155322 0.0 0.3171530345138407 0.497363150036215 0.44480815732882095
1666710903.616366 -0.057425404381391654 0.0 0.02436630017677177 -0.5114862157034608 -0.43958681830404006 0.1493107612761793 0.0 0.22637377874660836 0.278887791909879 0.3153317088590607 -0.0038160525544421453 0.0 0.3132123756524725 0.4874468766555543 0.44159626303282057
1666710904.0109282 -0.04215672357513431 0.0 0.03928573965147186 -0.45311245027434194 -0.3838316484752861 0.15933540995774323 0.0 0.21678960099068467 0.21410336124849472 0.2747506483196612 0.006356079032447115 0.0 0.3058748997613012 0.4725417152000366 0.43189302214467334
1666710904.4270158 -0.029599638948866802 0.0 0.05034786386071333 -0.1035689208272269 0.03402154185960227 0.11429283241051424 0.0 0.16444690560077235 0.19699201138034755 0.1925712039540295 0.015021323906272921 0.0 0.29790014940097653 0.45652314066577865 0.42126124595974823
1666710904.822549 -0.01745766189477893 0.0 0.05997580292947191 0.1198819320980341 0.3137620333379474 0.05790635363198254 0.0 0.1730344117178414 0.22586239799553054 0.19713107555124942 0.02099843127175277 0.0 0.2854545637956001 0.43475551833562226 0.4015160913795311
1666710905.2187254 -0.01110418479006725 0.0 0.06950707959256852 0.2683596359639421 0.45178396115759856 0.03718847383463739 0.0 0.042754289965175496 0.21057215406883617 0.09608018218291825 0.02178929708678448 0.0 0.27694938778439115 0.41716422899145245 0.38457043893082227
1666710905.6160226 -0.007098441360051999 0.0 0.06728800915129685 0.3198134094455021 0.4960679860398993 0.01790266302357678 0.0 -0.060867143644948385 0.21199859826452286 0.02555509249495802 0.020373984739020856 0.0 0.25766832627099134 0.4000265572616866 0.3606503373036438
1666710906.0123236 -0.0052705782246321164 0.0 0.05791841987972246 0.3071952919563119 0.43269581531178447 0.03497885530076503 0.0 -0.04929869146495869 0.21627270921629901 0.06734642726121531 0.019616520994998943 0.0 0.23209665442810823 0.38591006761982183 0.3354027671064732
1666710906.4089751 -0.0022615129847993187 0.0 0.049902821780459794 0.2100910748236282 0.29412070878877583 0.08076529144412606 0.0 -0.11333792690647504 0.17897594212166346 0.033534471446621916 0.018920968546851324 0.0 0.21117169119307877 0.3731488963291683 0.31538068961063903
1666710906.8101325 0.0038261831621774767 0.0 0.037933674182327515 0.06955560719482201 0.14593029398414759 0.10732073431473581 0.0 -0.1064556366439201 0.16723515429615846 0.05089704947056628 0.022004257293074758 0.0 0.18697826996983413 0.3587561163235677 0.2945735005695617
1666710907.216288 0.011428163203987707 0.0 0.02732785342241284 -0.04579132611744785 0.06272875075512196 0.11788735268600682 0.0 -0.10208387756046455 0.15710808971199075 0.05135323007624237 0.028141870275765146 0.0 0.16421052692853233 0.34420083550640773 0.276299964400529
1666710907.602249 0.0202672143368543 0.0 0.01658310782632122 -0.03305980201589098 -0.10937013487807623 0.11288028729495758 0.0 -0.0743163016606756 0.1555802061175917 0.06558842449324709 0.033375001152614825 0.0 0.14080824212395449 0.3282241457545793 0.2572011650065775
1666710908.0151253 0.02724837374372413 0.0 0.009731124112249523 -0.028942197599309938 -0.24378025142848325 0.112796662798375 0.0 -0.08381375213500109 0.1456855934444315 0.03517399070118876 0.037814796287674396 0.0 0.12366788232785142 0.3145946736725289 0.24247850845299096
1666710908.408722 0.034372067598147565 0.0 0.0019415462329113176 -0.0287443436768704 -0.21977033790234646 0.12323320699783599 0.0 -0.10215544897332385 0.1274546885637829 -0.011719852058485136 0.04249790804463108 0.0 0.10460494765255723 0.29965029702081125 0.22466860234614966
1666710908.8141248 0.03994112165002847 0.0 -0.0045823605823545055 -0.028466184351910506 -0.18403596493200947 0.099461282064451 0.0 -0.04444140538599295 0.15374389097966118 0.023356293599438027 0.04567347315321471 0.0 0.09207789326941151 0.2882599095807476 0.210023563041228
1666710909.2094667 0.044370752423897514 0.0 -0.007548764742724368 -0.023467585221266574 -0.1355003545172111 0.09426693064447572 0.0 -0.029978217974104382 0.15527606312160622 0.02179591597510744 0.047669514747504804 0.0 0.08228443279412567 0.2774045009147241 0.19629511053655135
1666710909.6130738 0.048061552897375986 0.0 -0.00920786248444494 0.03334185420328506 -0.09913039936749501 0.11923960460984202 0.0 -0.06392864047535607 0.12550300744418635 -0.017019946727933943 0.049169733608684166 0.0 0.07461219498600702 0.26747415567229027 0.1836423474307297
1666710910.011287 0.0539707018361974 0.0 -0.013750740793375238 0.07418996714077242 -0.07904994466011495 0.11193637031974503 0.0 -0.023918019698161874 0.14061087290246377 0.014407168991268371 0.052203373082584464 0.0 0.06305015896901889 0.2546855179683323 0.16700623407403903
1666710910.408258 0.05919963050479882 0.0 -0.014667903961466555 0.058200272216402116 -0.028292279923161412 0.118204125056579 0.0 0.010841687212017836 0.1467298505214536 0.04500905646578224 0.0549539486162377 0.0 0.055764070185948755 0.2431661540729823 0.15348289401481108
1666710910.8036466 0.06290513680165213 0.0 -0.013065891242917571 0.09646263488918483 0.06819959136047804 0.09102509434097374 0.0 0.00012444084457752247 0.16732295389347474 0.0310748061108147 0.057682947238457016 0.0 0.05294524015215041 0.23608906235693064 0.1467218645580694
1666710911.220704 0.06466476612172178 0.0 -0.012240495434614695 0.10077996892431507 0.04846652944911567 0.0594583168769251 0.0 0.04569974983071634 0.20069432057493763 0.07845037181259717 0.05633625133168743 0.0 0.05016431983947789 0.2310372119101552 0.13967799018460775
1666710911.6153226 0.06422522171774306 0.0 -0.007349002331713095 0.09896454797853094 0.008068697058226104 0.05070427063384195 0.0 0.05214790699753302 0.2082189523775937 0.08982189211725178 0.05462033020827094 0.0 0.04725599665516711 0.22701737766647648 0.13372836129605797
1666710912.0118082 0.06310245807137602 0.0 -0.0024084499658656444 0.062070809656577186 0.09402538524243786 0.06307348709766669 0.0 0.027169320413678033 0.19370160416032284 0.06769316961302096 0.05164225575605039 0.0 0.04932841782188824 0.2243057489326512 0.13067693563161575
1666710912.4059868 0.06310001902204809 0.0 8.168521874263313e-05 0.06551544600019599 0.11261657305606543 0.04383590676227623 0.0 0.05002894130333768 0.20757896262797057 0.09537714159644328 0.049167441431869824 0.0 0.04815456910823501 0.22072344004755007 0.12562929494640762
1666710912.9447565 0.06147852455707503 0.0 0.004285834270079336 0.018087518912257683 0.08159946461839684 0.09770018406609407 0.0 0.022309437354933292 0.15825968359364664 0.08112535376664609 0.046487359650902824 0.0 0.049249119199873403 0.2185168300900048 0.12342865857525387
1666710913.2080684 0.06931845144572063 0.0 0.008186918106948715 -0.008772334420666383 0.06604530601861158 0.1501429879013848 0.0 -0.038106455727737965 0.10087374370300622 0.03058713782128719 0.051134032932918544 0.0 0.044509153442504834 0.20290286945667238 0.11469526335089031
1666710913.6052825 0.07528631539696817 0.0 0.004768741288313949 -0.02679102823864199 0.04085375826746085 0.1908902802334085 0.0 -0.1118270371664074 0.061789900314596136 -0.04160438306676828 0.058558913505048465 0.0 0.037312923602678794 0.19400334524438215 0.10816450581539294
1666710914.0056438 0.08256649453038409 0.0 -0.0025738974745641574 -0.014722725202486964 0.009741630939401946 0.1536394305390669 0.0 -0.06907997083942718 0.09588589945229808 -0.0060621278151762326 0.06405925226451543 0.0 0.02724285438622398 0.18476503835990737 0.09851802311436741
1666710914.4126797 0.08717924110799878 0.0 -0.006890247403697369 -0.019993164149013865 -0.08860041199648128 0.09560719854150032 0.0 -0.004411305579772762 0.1456979577875479 0.049948031426460426 0.06874746789738309 0.0 0.022866879327035683 0.17772724741534746 0.09238302649349528
1666710914.8099182 0.08788524739272396 0.0 -0.006682587538188178 -0.021401759476061377 -0.1299453188973455 0.07686437968886196 0.0 -0.024094114945321543 0.15308167038439813 0.017587715209132382 0.0669276929409093 0.0 0.02188991939307683 0.17360375657309488 0.08927557896236588
1666710915.2066743 0.08695689723773962 0.0 -0.00814925918340359 -0.054584449537157964 -0.2415711811093636 0.08426987869485025 0.0 -0.057626832111360216 0.13844085994690458 -0.02837942208865396 0.0645071568967662 0.0 0.01840681790477139 0.170341624285067 0.08337907534598948
1666710915.6139278 0.08672919308568201 0.0 -0.012342102890881224 -0.030493494939740018 -0.1393139632418675 0.10469678627812051 0.0 -0.07737897643838587 0.11352919571918765 -0.06752854781440076 0.06124951009641708 0.0 0.014462013928697504 0.1664303611345633 0.07473520422828561
1666710916.1453934 0.08840549000935115 0.0 -0.018409755351903145 0.05973095221421809 0.029472988961250057 0.15983839363848878 0.0 -0.034641933195607155 0.07014555976586001 -0.03218143887827796 0.062433855193656136 0.0 0.006890037036949348 0.15987681356123834 0.06179900795800519
1666710916.4102907 0.10385881215771316 0.0 -0.021921317400263485 0.123603658318309 0.06380240271482018 0.16355210202377918 0.0 0.028862245366752415 0.0946015099815648 0.04550579077435968 0.07541802158807044 0.0 0.0018166911277104347 0.1368141120075854 0.042749785954204034
1666710916.8078895 0.10887827825019786 0.0 -0.017651048967470606 0.10402484193486039 0.07213052011302112 0.14031531821341586 0.0 0.057058231513374524 0.12425966278424752 0.07836807077066044 0.07870138735365158 0.0 0.007162888351142316 0.13159053880620072 0.04398274521257611
1666710917.2026942 0.11152976365048073 0.0 -0.011349865182598728 0.07360737911296722 0.12088527700483875 0.08905948976976347 0.0 0.04711230479670614 0.1695984106113207 0.07322666593384741 0.08201062330480134 0.0 0.009381898303002956 0.12884231421149772 0.04619326743944113
1666710917.61047 0.10990628349106961 0.0 -0.007125965930575351 0.041845350823627836 0.11803799111325375 0.10328016513830932 0.0 -0.001000539427224112 0.15716180169877508 0.0324237069550779 0.0791670363383161 0.0 0.01295355871027537 0.1301350282820555 0.04839243708005797
1666710918.0099518 0.10935298583756643 0.0 -0.006614477313774847 -0.023759833759866067 0.03443393591738897 0.10667397026377087 0.0 0.005237560410264797 0.15070770403716938 0.04502423073459161 0.07786917251601505 0.0 0.01179530945965146 0.130485344998319 0.047013110468919594
