1666710898.2156215 0.0 0.0 0.0
1666710898.6183324 0.0 0.0 0.0
1666710899.0250053 0.0 0.0 0.0
1666710899.4139454 0.0 0.0 0.0
1666710899.8161597 0.0 0.0 0.0
1666710900.2171545 0.0 0.0 0.0
1666710900.6183348 0.0 0.0 0.0
1666710901.0131605 0.0 0.0 0.0
1666710901.4187174 0.0 0.0 0.0
1666710901.9577463 0.0 0.0 0.0
1666710902.4143708 0.0 0.0 0.0
1666710902.8182003 0.0 0.0 0.0
1666710903.2062972 0.0 0.0 0.0
1666710903.6163762 0.0 0.0 0.0
1666710904.0109408 0.0 0.0 0.0
1666710904.4270256 0.0 0.0 0.0
1666710904.822559 0.0 0.0 0.0
1666710905.2187357 0.0 0.0 0.0
1666710905.6160462 0.0 0.0 0.0
1666710906.012334 0.0 0.0 0.0
1666710906.4089804 0.0 0.0 0.0
1666710906.8101435 0.0 0.0 0.0
1666710907.2162979 0.0 0.0 0.0
1666710907.602253 0.0 0.0 0.0
1666710908.0151484 0.0 0.0 0.0
1666710908.4087327 0.0 0.0 0.0
1666710908.8141346 0.0 0.0 0.0
1666710909.2094767 0.0 0.0 0.0
1666710909.6130838 0.0 0.0 0.0
1666710910.0112975 0.0 0.0 0.0
1666710910.40828 0.0 0.0 0.0
1666710910.8036623 0.0 0.0 0.0
1666710911.220714 0.0 0.0 0.0
1666710911.6153326 0.0 0.0 0.0
1666710912.0118184 0.0 0.0 0.0
1666710912.4059978 0.0 0.0 0.0
1666710912.94478 0.0 0.0 0.0
1666710913.2080855 0.0 0.0 0.0
1666710913.6052992 0.0 0.0 0.0
1666710914.0056539 0.0 0.0 0.0
1666710914.4126902 0.0 0.0 0.0
1666710914.809948 0.0 0.0 0.0
1666710915.206723 0.0 0.0 0.0
1666710915.613938 0.0 0.0 0.0
1666710916.145455 0.0 0.0 0.0
1666710916.4103005 0.0 0.0 0.0
1666710916.8079 0.0 0.0 0.0
1666710917.2027185 0.0 0.0 0.0
1666710917.6104803 0.0 0.0 0.0
1666710918.0099614 0.0 0.0 0.0
