1666710898.215607 0.0 1.0 1.0 0.6156091567405408 0.6038701260802886 -0.24708976494643448 1.0 1.3359541236858359 0.24708976494643453 0.3359541236858358 0.022049621003767155 1.0 1.1991863869811963 -0.007349873667922384 0.06639546232706543
1666710898.618319 -0.01706345160650487 1.0 1.0232002201012322 0.8263613972237647 0.8175645779315234 -0.27878864636076717 1.0 1.4450547060971726 0.338517618402952 0.46095130771360227 0.009495487313527754 1.0 1.2853092548769764 0.007981326655714993 0.11052671779705064
1666710899.0249908 -0.03800219602058674 1.0 1.0569497537313302 1.057459912258642 1.0597670909664993 -0.3307759126589481 1.0 1.5399223431576452 0.4538754295676055 0.5791043320964739 -0.0059513142061010035 1.0 1.3868586419539681 0.032168943885387186 0.1681313391339088
1666710899.4139287 -0.06199058967539557 1.0 1.096522078503747 1.2790826525011822 1.2880701771575307 -0.3895544391907422 1.0 1.6021221716526424 0.5730839047460436 0.6698618567164067 -0.024138174127424507 1.0 1.490041805792174 0.06487569255173495 0.23202986866854336
1666710899.8160677 -0.08566063404187671 1.0 1.1330571743460942 1.4554175303207053 1.468510513542558 -0.42013130567895973 1.0 1.6271047544671908 0.660384427670951 0.7281786466699776 -0.04263844922280369 1.0 1.5778810039697808 0.10047288962606155 0.2902829804734913
1666710900.2171378 -0.10964970928913993 1.0 1.1684915056052279 1.6013128332838273 1.6385718482897205 -0.4253509444309471 1.0 1.6016704408114781 0.7143497053587554 0.7481148698064626 -0.061268704020989245 1.0 1.660293040298632 0.13996963205819768 0.3480359604020876
1666710900.6183019 -0.1356675066982113 1.0 1.2041909597838314 1.7381570211663155 1.7864319561401778 -0.42341355738428954 1.0 1.5334730764650415 0.7554661908304341 0.7405912570421884 -0.08094099284581702 1.0 1.7458692435457468 0.1870804990489831 0.411213844437475
1666710901.0131414 -0.15690264143354835 1.0 1.2284913805784539 1.82489761151971 1.8580165478329262 -0.4130294843107014 1.0 1.4701791040275178 0.7850566927488045 0.7339453597807913 -0.09644696760331165 1.0 1.8108766593672654 0.22934193139240466 0.46247799043815263
1666710901.4186966 -0.17560483553625794 1.0 1.246139240776982 1.8699023200493212 1.8859037052501706 -0.39523717614894127 1.0 1.4149383826158075 0.8103008233502481 0.7324250317177902 -0.10927540420810669 1.0 1.8654809777299437 0.27058614017332966 0.5088535110559842
1666710901.9577157 -0.22280246774518458 1.0 1.2824131328252428 1.8747498032732226 1.8262489322714481 -0.34043333039287504 1.0 1.2957113785004248 0.8879252017787218 0.7516917372497046 -0.13955002674311243 1.0 2.001901341872231 0.3895087641863972 0.6347878584861324
1666710902.4143522 -0.23013992524296967 1.0 1.2832426371767411 1.880696479179121 1.813855894587721 -0.32716403197040606 1.0 1.2898692224959414 0.9068092429319082 0.7634798855004157 -0.14268776230245162 1.0 2.0249985387608076 0.4221630416233922 0.6644623244762365
1666710902.8181806 -0.2372275615184406 1.0 1.2837267109608246 1.8343065635990021 1.757344946936239 -0.3103890278381217 1.0 1.2934699207236948 0.9293851460452464 0.7850481286950828 -0.14516059087389083 1.0 2.0498652722056216 0.4594979859376385 0.6978763680106018
1666710903.2062776 -0.2418114213755585 1.0 1.284337162204603 1.7934857564482034 1.7101527315394132 -0.29923682575695015 1.0 1.3087034623813747 0.9497919373976008 0.8095715499385985 -0.14605548645385663 1.0 2.0697361842663335 0.4906597858925338 0.7257453864852857
1666710903.6163566 -0.24605262497378153 1.0 1.2861367566715178 1.7557094934535984 1.6776866615899495 -0.28820934854891583 1.0 1.3254224963229897 0.9703894398321146 0.8328606498178888 -0.1463373243616477 1.0 2.09286875893316 0.5266606024211158 0.7583598657373212
1666710904.0109043 -0.24867985183478825 1.0 1.2885850624627142 1.7274713122226575 1.6537660925452156 -0.27827949078365505 1.0 1.3389329263234275 0.9837324621071106 0.8499832395765053 -0.14594121052384043 1.0 2.1119310266952267 0.556109624589717 0.7852756422169036
1666710904.427007 -0.25117753731847703 1.0 1.2928335307942664 1.718731928929559 1.6566369083474701 -0.26863519921325596 1.0 1.3528093337237383 1.0003551002439242 0.8662328398342429 -0.14467367672954998 1.0 2.1370685251638024 0.5946320951975069 0.8208226332018927
1666710904.82254 -0.25264928553113547 1.0 1.2978897222416792 1.7288384380576853 1.683088257591627 -0.2637534703212027 1.0 1.3673968018342477 1.0193961712968636 0.8828517496201381 -0.14290342800557415 1.0 2.161133445574881 0.6312836617652623 0.8546719879094763
1666710905.218715 -0.253570347169389 1.0 1.3036551436400166 1.7510981329938824 1.7205624966526238 -0.260668788529441 1.0 1.3709431527913134 1.0368625532838327 0.8908213369134126 -0.1410960656416933 1.0 2.1841056368386798 0.665886289102599 0.8865710498579347
1666710905.6160004 -0.2540893234146734 1.0 1.3085746571741463 1.7744801057407011 1.7568306698673268 -0.2593599016393055 1.0 1.3664930770538688 1.0523620454895513 0.8926897028374542 -0.13960649721884996 1.0 2.202944102033221 0.6951327490184404 0.9129386633128725
1666710906.0123148 -0.25448335414605133 1.0 1.3129046635553827 1.7974461600152976 1.7891791981131777 -0.25674486713085065 1.0 1.3628074853358425 1.0685306877442702 0.8977245511706806 -0.1381399575366143 1.0 2.2202957493472244 0.7239835543209202 0.9380135207566922
1666710906.4089708 -0.25464917293166633 1.0 1.31656364113456 1.8128504699308126 1.8107447337008118 -0.25082298976948886 1.0 1.3544973153168876 1.081653572103722 0.9001833676218336 -0.1367526331886281 1.0 2.2357792922785578 0.751343599237214 0.9611378818853581
1666710906.8101237 -0.2543681284929856 1.0 1.3193499813895315 1.8179595344351998 1.821463744218841 -0.24293996528899792 1.0 1.3466778348119444 1.0939374874508636 0.9039219060275119 -0.1351363555883684 1.0 2.249513397704723 0.7776952941409288 0.9827751743537803
1666710907.2162776 -0.2534192755155557 1.0 1.3216189475062892 1.814157590469975 1.8266719619229503 -0.2331520611787014 1.0 1.3382020553326104 1.1069817952753733 0.9081856415367742 -0.13279980360490623 1.0 2.2631474038542945 0.8062734638585405 1.0057156976212243
1666710907.602245 -0.2518915359697274 1.0 1.3228689796615685 1.8116655476032308 1.8184276577275793 -0.22464316222600328 1.0 1.332600103773818 1.1187094076390396 0.9131296870371318 -0.1302840010749948 1.0 2.273761507810365 0.8310149502330718 1.0251034824683574
1666710908.0151045 -0.24962253591459835 1.0 1.3236793003564777 1.8092555010967484 1.7981278259235618 -0.21525046831645078 1.0 1.325620846589389 1.130840796567638 0.9160586613528371 -0.1271351241670219 1.0 2.284059459330654 0.8572115716762391 1.0452949167984216
1666710908.4087114 -0.24746838952820102 1.0 1.3238009798216337 1.8074540521765143 1.7843545061231791 -0.20752726787817255 1.0 1.3192186192392792 1.1388285632626467 0.9153241615474702 -0.12447171979711075 1.0 2.290615200248526 0.8759910821804328 1.0593752178015239
1666710908.8141158 -0.2444958770152653 1.0 1.3234599497351685 1.8053355315720352 1.7706581153862353 -0.20012512459136778 1.0 1.315911184992444 1.1502705463829215 0.917062392025534 -0.12107259216001626 1.0 2.2974678543203453 0.8974440647910471 1.0750056669066244
1666710909.209458 -0.24121379009207933 1.0 1.3229015706071428 1.8035996436195922 1.7606352080124925 -0.19315223719470334 1.0 1.3136937081226978 1.161756255062965 0.9186746272681852 -0.11754649709873122 1.0 2.3035544011130455 0.9179635654789549 1.08952553822236
1666710909.6130645 -0.23722375569989185 1.0 1.3221371407088847 1.806367659568941 1.7524054759513552 -0.18325305386369445 1.0 1.3083863999155094 1.172175421441016 0.9172616439436001 -0.11346446236772156 1.0 2.309748650073466 0.9401690710403869 1.1047713893848317
1666710910.0112782 -0.2323552023392775 1.0 1.3208967229818054 1.8130601390357326 1.745274590848185 -0.1731555718344787 1.0 1.3062288190203388 1.1848595540262454 0.918561276311218 -0.10875533502993026 1.0 2.315436237095542 0.9631435737283047 1.1198365772456904
1666710910.4082448 -0.22863744142507433 1.0 1.3199755726371794 1.8167151398422763 1.7434978241424621 -0.1657323046234222 1.0 1.3069096813942618 1.1940742484181524 0.9213878633943938 -0.10530420466806058 1.0 2.318938243422041 0.9784145072723301 1.1294753655202354
1666710910.803633 -0.22470110108941072 1.0 1.3191579638164075 1.8227513680408727 1.7477654692982862 -0.16003633496768893 1.0 1.3069174683817928 1.2045446189789866 0.9233323947782556 -0.10169464711140758 1.0 2.3222513350865492 0.993187973259613 1.1386566060825885
1666710911.2206955 -0.21924190332390844 1.0 1.3181245836724276 1.8312595219267676 1.7518571622732861 -0.15501668160616539 1.0 1.3107755813407145 1.2214878486872536 0.9299554156316209 -0.09693856809292317 1.0 2.326486360730346 1.0126928428609911 1.1504486501529299
1666710911.6153142 -0.21390871753859753 1.0 1.3175143312867845 1.839477419917815 1.7525271772503621 -0.1508062594672215 1.0 1.3151058813209189 1.2387781020698392 0.9374141183879108 -0.09240296103910955 1.0 2.330410442312184 1.0315440950514516 1.1615532937256905
1666710912.0117998 -0.20859615850989288 1.0 1.3173115652931544 1.8447031250700148 1.7604431194270067 -0.1454961394878448 1.0 1.317393250511897 1.2550857268044022 0.9431131667356394 -0.08805522973886201 1.0 2.3345633729504005 1.0504282648302998 1.1725549084876377
1666710912.4059775 -0.2032849180953731 1.0 1.3173184408827625 1.8502176762534295 1.7699222559380605 -0.14180639353829808 1.0 1.3216042751528418 1.272558015919379 0.9511412297524097 -0.08391671906867926 1.0 2.33861662836229 1.0690069479017383 1.1831293488587862
1666710912.9447358 -0.1899783180035342 1.0 1.3182460799746685 1.8541325942276814 1.787583893903642 -0.12065986655781358 1.0 1.3264329980816172 1.3068122264004154 0.9687002497135919 -0.07385485260950991 1.0 2.349276258514273 1.1163033996675018 1.2098446256382127
1666710913.2080529 -0.18486003207601587 1.0 1.3188505797415069 1.8534848689124104 1.7924604996748832 -0.1095737166790477 1.0 1.3236193210298208 1.3142604692864452 0.9709587207816646 -0.07007925468833082 1.0 2.3525626933517403 1.131285195707859 1.2183134119442882
1666710913.6052692 -0.1801188636986143 1.0 1.319150892026375 1.8517976994020768 1.7950332719745288 -0.09755236916823021 1.0 1.3165769945518109 1.3181516986535575 0.9683386777590065 -0.06639149725909274 1.0 2.354912480992703 1.1435025890114476 1.2251250898943273
1666710914.005635 -0.17476016689419155 1.0 1.318983841986885 1.8508421711221894 1.7956655193150723 -0.08758092578619277 1.0 1.3120935945831875 1.324374846019892 0.967945236022913 -0.06223394991066745 1.0 2.3566805855679687 1.1554941338415836 1.2315190662723208
1666710914.4126713 -0.16745720023762567 1.0 1.3184066489945492 1.8491673525612131 1.7882435017986922 -0.0795719528449017 1.0 1.311724061456361 1.3365798998162892 0.9721293606313925 -0.05647500478339841 1.0 2.3585961339845714 1.1703822671327373 1.239257951740237
1666710914.8099093 -0.16005412770012642 1.0 1.3178437367680826 1.8473645610514686 1.7772974710342027 -0.0730972304623868 1.0 1.309694477584679 1.3494748366075928 0.9736108735738351 -0.050837305848616225 1.0 2.3604400459711057 1.185005895566642 1.2467781397865
1666710915.2066658 -0.15268519956098917 1.0 1.3171531497391373 1.8427389488351773 1.7568261716821274 -0.06595600647530715 1.0 1.304811046848256 1.3612066345543388 0.9712059358559013 -0.04537082051240738 1.0 2.361999882197088 1.199441037899616 1.2538438750421235
1666710915.6139195 -0.1445937496931784 1.0 1.3160016861632424 1.8398940407157682 1.743828795489039 -0.05618825968382725 1.0 1.2975919308113393 1.3717984060560886 0.9649058212134592 -0.03965651229921421 1.0 2.363349124090484 1.21496825400402 1.2608163388326763
1666710916.1453726 -0.12546869040829944 1.0 1.3120190413921087 1.8528158400533248 1.750204787083304 -0.021609878250586287 1.0 1.2900977239918452 1.3869732327433362 0.9579439014689426 -0.02614998479921483 1.0 2.3648396691549673 1.2495549469493654 1.2741855276785108
1666710916.410282 -0.11673545109109885 1.0 1.3101757301985038 1.8632093762988202 1.7555697786554665 -0.007857172840900995 1.0 1.2925246812310331 1.3949280476432309 0.9617703746674562 -0.01980826359448695 1.0 2.3649924303704495 1.261059318675841 1.2777802550178745
1666710916.8078802 -0.10755236115877355 1.0 1.3086869927508407 1.8719831142200662 1.7616534627815246 0.003977402491707176 1.0 1.297337127568242 1.4054084453556743 0.9683801507704182 -0.01317037466491951 1.0 2.3655965678436064 1.272158022398209 1.2814898792996756
1666710917.2026732 -0.09949432148237479 1.0 1.3078669635409719 1.8773012567674388 1.7703874394933388 0.010411962008694823 1.0 1.3007409976103965 1.4176619521957232 0.973670786741947 -0.0072450966508166475 1.0 2.3662744111949334 1.2814668960650528 1.284827348775322
1666710917.6104615 -0.09031686863239187 1.0 1.3072719273495812 1.8807954494739554 1.780243910511546 0.019036117205174563 1.0 1.3006574500358064 1.4307853604222063 0.9763782483387725 -0.0006344487407104324 1.0 2.3673560661333672 1.2923335003050807 1.2888682397552638
1666710918.0099437 -0.08107843643491684 1.0 1.3067131186465815 1.8787881552831973 1.7831529813506133 0.028048219014458333 1.0 1.3010999331226631 1.4435175496232644 0.9801820155582872 0.005944146850920472 1.0 2.3683525653679935 1.3033572506242694 1.292840032844706
