1666710898.2156174 0.0 0.0 0.0
1666710898.6183286 0.0 0.0 0.0
1666710899.0250015 0.0 0.0 0.0
1666710899.413941 0.0 0.0 0.0
1666710899.816155 0.0 0.0 0.0
1666710900.2171502 0.0 0.0 0.0
1666710900.6183298 0.0 0.0 0.0
1666710901.0131557 0.0 0.0 0.0
1666710901.4187124 0.0 0.0 0.0
1666710901.9577384 0.0 0.0 0.0
1666710902.414366 0.0 0.0 0.0
1666710902.8181953 0.0 0.0 0.0
1666710903.206292 0.0 0.0 0.0
1666710903.6163712 0.0 0.0 0.0
1666710904.0109355 0.0 0.0 0.0
1666710904.4270205 0.0 0.0 0.0
1666710904.8225543 0.0 0.0 0.0
1666710905.2187304 0.0 0.0 0.0
1666710905.6160345 0.0 0.0 0.0
1666710906.012329 0.0 0.0 0.0
1666710906.408978 0.0 0.0 0.0
1666710906.8101377 0.0 0.0 0.0
1666710907.2162933 0.0 0.0 0.0
1666710907.602251 0.0 0.0 0.0
1666710908.015137 0.0 0.0 0.0
1666710908.4087281 0.0 0.0 0.0
1666710908.8141298 0.0 0.0 0.0
1666710909.209472 0.0 0.0 0.0
1666710909.6130793 0.0 0.0 0.0
1666710910.0112927 0.0 0.0 0.0
1666710910.4082708 0.0 0.0 0.0
1666710910.803655 0.0 0.0 0.0
1666710911.2207093 0.0 0.0 0.0
1666710911.615328 0.0 0.0 0.0
1666710912.0118136 0.0 0.0 0.0
1666710912.4059925 0.0 0.0 0.0
1666710912.9447684 0.0 0.0 0.0
1666710913.208077 0.0 0.0 0.0
1666710913.605291 0.0 0.0 0.0
1666710914.0056489 0.0 0.0 0.0
1666710914.4126854 0.0 0.0 0.0
1666710914.8099236 0.0 0.0 0.0
1666710915.20668 0.0 0.0 0.0
1666710915.613933 0.0 0.0 0.0
1666710916.145449 0.0 0.0 0.0
1666710916.4102955 0.0 0.0 0.0
1666710916.807895 0.0 0.0 0.0
1666710917.2027056 0.0 0.0 0.0
1666710917.6104755 0.0 0.0 0.0
1666710918.0099566 0.0 0.0 0.0
