1666710898.2156014 0.0 0.0 0.0 1.0 0.0 3.0
1666710898.618313 0.6156091567405408 0.6038701260802886 0.5738416363161063 1.6313330779496478 -0.0866682620952672 3.663080117637623
1666710899.0249846 0.8263613972237647 0.8175645779315234 0.7361840554290666 1.850211725517457 -0.028632036306515528 3.9662806502601007
1666710899.413921 1.057459912258642 1.0597670909664993 0.9540067530053562 2.035548454702122 0.05692969233464794 4.328633585281347
1666710899.8160512 1.2790826525011822 1.2880701771575307 1.1815318938602357 2.1519504159610543 0.17276588047315378 4.700853086745748
1666710900.2171304 1.4554175303207053 1.468510513542558 1.324048473520047 2.2137828726524384 0.30224693506606376 5.0196236743530225
1666710900.6182837 1.6013128332838273 1.6385718482897205 1.3752637653622537 2.2070668245530634 0.4449507479811404 5.3195692586821135
1666710901.0131333 1.7381570211663155 1.7864319561401778 1.38553186876572 2.138645947578688 0.6105549203858084 5.63167399221223
1666710901.4186783 1.82489761151971 1.8580165478329262 1.3751658522078416 2.0804956848120186 0.7524906813634077 5.869860339077288
1666710901.9577017 1.8699023200493212 1.8859037052501706 1.355090432404414 2.0382791232862343 0.8809233251650403 6.0719157994963
1666710902.4143434 1.8747498032732226 1.8262489322714481 1.3205575105815053 1.9730423264563601 1.2248873589519262 6.5821085532793875
1666710902.818162 1.880696479179121 1.813855894587721 1.3213200465776946 1.9849312372959789 1.2860521594782575 6.677719954904406
1666710903.206269 1.8343065635990021 1.757344946936239 1.3244484967301995 2.0167093584017497 1.3490452210808173 6.7827949725772045
1666710903.6163485 1.7934857564482034 1.7101527315394132 1.3355859822694511 2.060118513227229 1.3943278753065895 6.86884353288723
1666710904.0108824 1.7557094934535984 1.6776866615899495 1.3471220784491869 2.10361527316564 1.4421792839526992 6.9698590666414395
1666710904.4269989 1.7274713122226575 1.6537660925452156 1.3515396608383465 2.137406730800158 1.4774840900380202 7.053715882665994
1666710904.822531 1.718731928929559 1.6566369083474701 1.3594121169879463 2.1705223598937073 1.518932546279262 7.1650503724418835
1666710905.2186937 1.7288384380576853 1.683088257591627 1.3758847882809757 2.2029615479427185 1.5546336099093425 7.271984883468141
1666710905.6159751 1.7510981329938824 1.7205624966526238 1.3901913517290607 2.2154510543720836 1.5873279512678402 7.373774003293306
1666710906.012307 1.7744801057407011 1.7568306698673268 1.4028154763557663 2.21347951292468 1.6147745721672981 7.4574725173976715
1666710906.4089665 1.7974461600152976 1.7891791981131777 1.4145931182592164 2.2158615077398722 1.6411945925057005 7.5354480859915896
1666710906.810115 1.8128504699308126 1.8107447337008118 1.4178415400505373 2.212296406734107 1.665733441203182 7.605855529080304
1666710907.2162561 1.8179595344351998 1.821463744218841 1.4178906645826144 2.2110544661758813 1.6868952376940998 7.669788723070452
1666710907.6022418 1.814157590469975 1.8266719619229503 1.416167280587592 2.210179910559749 1.705262213451308 7.735377262087711
1666710908.0150845 1.8116655476032308 1.8184276577275793 1.4155574139527618 2.212246424565195 1.71720719070413 7.788577875302964
1666710908.4086902 1.8092555010967484 1.7981278259235618 1.4139829678002598 2.2110880586184147 1.7260192273341173 7.842170800709412
1666710908.8141053 1.8074540521765143 1.7843545061231791 1.4106414975446826 2.206236820910829 1.7291345454434066 7.8780560426809245
1666710909.20945 1.8053355315720352 1.7706581153862353 1.4118631095987242 2.2067102422770684 1.7298880069634266 7.916954509002602
1666710909.6130567 1.8035996436195922 1.7606352080124925 1.4139243101063173 2.2079389255316624 1.7284184380086418 7.952500753796027
1666710910.0112698 1.806367659568941 1.7524054759513552 1.4106015198320845 2.2037405466427 1.7247063260182074 7.989460978189665
1666710910.4082325 1.8130601390357326 1.745274590848185 1.409911787770597 2.2052567413401216 1.717103380099904 8.025106255026028
1666710910.8036203 1.8167151398422763 1.7434978241424621 1.4096812099456975 2.210390017567501 1.7096431696004033 8.047753752130419
1666710911.2206876 1.8227513680408727 1.7477654692982862 1.4128072463654426 2.213549410320821 1.700449031999637 8.069417254423525
1666710911.6153054 1.8312595219267676 1.7518571622732861 1.4238671167589276 2.2250134284225003 1.6882124653070627 8.097140115855813
1666710912.0117917 1.839477419917815 1.7525271772503621 1.4363534153444149 2.2375939039057924 1.6766356573719263 8.122959210849181
1666710912.4059684 1.8447031250700148 1.7604431194270067 1.4460858067596336 2.24658696622353 1.66634314772055 8.149110228839383
1666710912.9447155 1.8502176762534295 1.7699222559380605 1.4593424703324198 2.259479652214997 1.657063300600206 8.174290864381398
1666710913.2080383 1.8541325942276814 1.787583893903642 1.4664713881881533 2.285489318037378 1.6363466879900266 8.238460807194869
1666710913.6052566 1.8534848689124104 1.7924604996748832 1.4590043094714842 2.2866400377167087 1.6254779791053544 8.258678070695382
1666710914.0056272 1.8517976994020768 1.7950332719745288 1.446383292388499 2.2786560595224006 1.6121965877959032 8.274298167193557
1666710914.4126632 1.8508421711221894 1.7956655193150723 1.4391423671948784 2.2750098928129203 1.5952067908387455 8.28787387742045
1666710914.8099012 1.8491673525612131 1.7882435017986922 1.440846233197699 2.2797028939849735 1.5697750663132874 8.30376550012501
1666710915.2066572 1.8473645610514686 1.7772974710342027 1.4451246431200033 2.279807925756217 1.5448460894174354 8.318949654286563
1666710915.6139114 1.8427389488351773 1.7568261716821274 1.4472043775945411 2.273179920299997 1.5208283662854745 8.332551467296836
1666710916.145352 1.8398940407157682 1.743828795489039 1.4446694805061011 2.260449963809612 1.4960611150400835 8.345289399302867
1666710916.410274 1.8528158400533248 1.750204787083304 1.4148499176977847 2.247740407854694 1.4350553679298448 8.366278980326808
1666710916.8078713 1.8632093762988202 1.7555697786554665 1.4050835329722804 2.2542551589914788 1.4015893087387608 8.37136567307542
1666710917.202653 1.8719831142200662 1.7616534627815246 1.400248427036942 2.265707016590273 1.3656226996125316 8.377664091525181
1666710917.610453 1.8773012567674388 1.7703874394933388 1.4041189310460038 2.2743412790045445 1.33289810654709 8.383464269499731
1666710918.0099351 1.8807954494739554 1.780243910511546 1.4060273880960057 2.27680004342679 1.2968393982277056 8.390935008774687
