1666710898.215592 -0.01243626233190298 0.025938818231225014 0.5216230750083923 -1.338439702987671 0.039833053946495056 1.0033910092897713 0.06560777127742767 -0.01688809134066105 0.002330465242266655 3.004314393736422 0.029015177860856056 -0.1359144002199173
1666710898.6183033 -0.020641833543777466 0.013621860183775425 0.5347281694412231 -2.8542728424072266 0.007814116775989532 1.2025848180055618 0.5033283233642578 0.5535145998001099 0.0058491467498242855 3.0032995669171214 0.028904765844345093 -0.14442026615142822
1666710899.0249739 0.08178666234016418 0.07748910784721375 0.5115000009536743 -1.1189825534820557 0.0056275599636137486 1.698855996131897 0.5200595855712891 -0.18852435052394867 0.007999707013368607 3.0020881628151983 0.02875899150967598 -0.14099082350730896
1666710899.4139097 0.4705526530742645 0.48968636989593506 0.5208457112312317 -1.4899166822433472 0.0857987180352211 2.1513683795928955 0.5213442444801331 0.04408947750926018 0.009044216014444828 3.0044105839915574 0.029144424945116043 -0.12598605453968048
1666710899.8160288 0.7817915081977844 0.7937852144241333 0.535757303237915 -4.025940895080566 0.45477548241615295 2.4751269817352295 0.5221903324127197 -2.087570905685425 0.007146924268454313 3.00485274894163 0.02870500274002552 -0.13158775866031647
1666710900.217119 1.0147881507873535 0.9165048003196716 0.5138375163078308 -3.3532652854919434 0.8349274396896362 2.804169535636902 0.5456457734107971 -0.4156471788883209 0.007350163068622351 3.005969709251076 0.027585769072175026 -0.12697720527648926
1666710900.6182647 1.2312707901000977 1.189880132675171 0.5256388783454895 -1.4671672582626343 1.0433497428894043 3.0795090198516846 0.5323635935783386 0.3770058751106262 0.007141831796616316 3.0048836362548172 0.02922622673213482 -0.12289620190858841
1666710901.0131204 1.4149141311645508 1.4534724950790405 0.527050793170929 -0.7187505960464478 1.1975480318069458 3.172658681869507 0.5240110158920288 -0.1946445107460022 0.006238352041691542 3.004532068967819 0.02920016646385193 -0.12607502937316895
1666710901.4186537 1.5689626932144165 1.608052372932434 0.5099904537200928 -1.9428149461746216 1.302960753440857 3.1882758140563965 0.5249099135398865 -0.16596166789531708 0.011295013129711151 3.0055365534499288 0.028643958270549774 -0.11594289541244507
1666710901.9576805 1.7126131057739258 1.7673949003219604 0.5137664675712585 -0.9343311786651611 1.3328945636749268 3.1626625061035156 0.510651171207428 0.41658660769462585 0.011295013129711151 3.0055365534499288 0.028643958270549774 -0.11594289541244507
1666710902.4143298 1.7126131057739258 1.7673949003219604 0.5137664675712585 -0.9343311786651611 1.3765591382980347 3.115051746368408 0.5076882839202881 -0.40468281507492065 0.005955149419605732 3.0086909076198936 0.029035625979304314 -0.10421149432659149
1666710902.8181374 1.8855475187301636 1.9065096378326416 0.508650004863739 -0.5761874914169312 1.3821099996566772 3.0587356090545654 0.49587488174438477 1.682956337928772 0.005705520510673523 3.0088773565366864 0.02990301139652729 -0.09238707274198532
1666710903.2062554 1.907442331314087 1.9199771881103516 0.5074936151504517 -0.434690922498703 1.3453679084777832 2.9843183755874634 0.498969703912735 0.85239577293396 0.0070341420359909534 3.0106940055266023 0.02827511727809906 -0.08274658024311066
1666710903.6163352 1.8953397274017334 1.8547661304473877 0.5018102526664734 0.0642450675368309 1.3426713943481445 2.9880189895629883 0.49359819293022156 -0.2489422708749771 0.005599403753876686 3.0095024602487683 0.029233306646347046 -0.08454007655382156
1666710904.0108602 1.8953397274017334 1.8547661304473877 0.5018102526664734 0.0642450675368309 1.359921932220459 2.9833613634109497 0.5073037147521973 0.21922868490219116 0.006192085798829794 3.010785979218781 0.029117077589035034 -0.08041208237409592
1666710904.4269853 1.8231695890426636 1.7685781717300415 0.5079674124717712 -0.6920769214630127 1.3506356477737427 3.0081639289855957 0.5007395148277283 2.5795609951019287 0.0075804428197443485 3.014762912876904 0.02992725558578968 -0.08016996085643768
1666710904.8225167 1.777278184890747 1.7066277265548706 0.5091620087623596 -1.0935460329055786 1.3268773555755615 3.01070237159729 0.4931621849536896 1.2284619808197021 0.00755246402695775 3.017471043393016 0.02806982398033142 -0.07002681493759155
1666710905.2186685 1.7436240911483765 1.6717250347137451 0.5032346844673157 -0.6371207237243652 1.336319088935852 3.0707595348358154 0.4995397627353668 -1.2557876110076904 0.007868021726608276 3.0165509656071663 0.029356863349676132 -0.06439278274774551
1666710905.6159499 1.7299773693084717 1.6537896394729614 0.5007337927818298 -2.0371105670928955 1.3439489603042603 3.1304798126220703 0.502820611000061 -2.0648484230041504 0.0072778076864778996 3.0173831693828106 0.027828147634863853 -0.06006975099444389
1666710906.0122933 1.730941891670227 1.6610124111175537 0.5060189962387085 -1.4450438022613525 1.3561216592788696 3.137894868850708 0.5011561512947083 -0.6345333456993103 0.010210996493697166 3.021117940545082 0.029638083651661873 -0.0543646477162838
1666710906.4089613 1.7527484893798828 1.687824010848999 0.500225305557251 -1.120741605758667 1.3933385610580444 3.175769805908203 0.5038082003593445 -0.17489203810691833 0.010151940397918224 3.021657781675458 0.0283084437251091 -0.06017005443572998
1666710906.8101013 1.7861090898513794 1.7177979946136475 0.49739015102386475 -0.7793273329734802 1.4138193130493164 3.185473680496216 0.4984411895275116 -0.3352779150009155 0.010568678379058838 3.0228865817189217 0.028681768104434013 -0.05110008269548416
1666710907.2162318 1.8162227869033813 1.7343803644180298 0.510116457939148 -0.20362532138824463 1.4263252019882202 3.1969926357269287 0.5021036267280579 0.6769550442695618 0.013800236396491528 3.0247297789901495 0.029048100113868713 -0.03863100707530975
1666710907.6022372 1.8137558698654175 1.7764581441879272 0.5002502202987671 -0.5308945775032043 1.428049921989441 3.199410915374756 0.4969325661659241 0.8959253430366516 0.013390113599598408 3.028199430555105 0.027958722785115242 -0.04846992343664169
1666710908.0150661 1.8127174377441406 1.8134214878082275 0.500106155872345 -2.0083181858062744 1.4343873262405396 3.2154412269592285 0.5027391910552979 0.7236279249191284 0.014153590425848961 3.0307339262217283 0.030205372720956802 -0.03300292044878006
1666710908.408664 1.8164111375808716 1.8128424882888794 0.49726083874702454 -1.4047280550003052 1.447035789489746 3.2363522052764893 0.4977492392063141 0.6181339621543884 0.015550295822322369 3.0348179824650288 0.02758636884391308 -0.03239864856004715
1666710908.8140633 1.8194551467895508 1.8068102598190308 0.4942130446434021 0.40999770164489746 1.4317830801010132 3.2192649841308594 0.49961578845977783 0.7450416684150696 0.015176426619291306 3.03542997315526 0.027983248233795166 -0.025519507005810738
1666710909.209437 1.8225219249725342 1.7982161045074463 0.49913862347602844 0.6997179985046387 1.4295393228530884 3.219252109527588 0.5021145343780518 -0.10537393391132355 0.015352879650890827 3.036306582391262 0.028248274698853493 -0.025135233998298645
1666710909.6130438 1.811918020248413 1.793074607849121 0.5027433633804321 0.9424924254417419 1.4474146366119385 3.23964262008667 0.49864664673805237 -0.7180041074752808 0.015677858144044876 3.0367294400930405 0.02967471443116665 -0.01978573575615883
1666710910.0112567 1.8037480115890503 1.7905298471450806 0.500450074672699 1.1094056367874146 1.4420843124389648 3.2282276153564453 0.5020601153373718 -1.0230658054351807 0.014818967320024967 3.038873851299286 0.028038369491696358 -0.02907862886786461
1666710910.4082131 1.8103549480438232 1.7794049978256226 0.4967929422855377 1.5047709941864014 1.4433746337890625 3.2147138118743896 0.49829769134521484 -2.451192855834961 0.014849133789539337 3.0399566628038883 0.029631109908223152 -0.02352234162390232
1666710910.8036022 1.8039597272872925 1.7572859525680542 0.5006063580513 0.932784378528595 1.4302979707717896 3.223698854446411 0.5073409080505371 -3.1760151386260986 0.016276083886623383 3.0410384237766266 0.029066411778330803 -0.018891651183366776
1666710911.220674 1.803631067276001 1.761594533920288 0.49871060252189636 -0.5969480872154236 1.4090626239776611 3.2047431468963623 0.4975103437900543 0.3657638430595398 0.013119159266352654 3.0424800850450993 0.029684795066714287 -0.020971005782485008
1666710911.6152914 1.8053381443023682 1.7720398902893066 0.4986390769481659 0.1810305267572403 1.4009758234024048 3.200498104095459 0.5028786063194275 -0.9103444218635559 0.014438922517001629 3.0482986122369766 0.027233244851231575 -0.02221451885998249
1666710912.0117784 1.8188397884368896 1.7514979839324951 0.5028645992279053 0.677539050579071 1.406252384185791 3.2100436687469482 0.5019827485084534 -1.3850698471069336 0.013967319391667843 3.047438945621252 0.028158945962786674 -0.01566813513636589
1666710912.4059544 1.8212331533432007 1.7462444305419922 0.4991873502731323 -0.04776398837566376 1.3921064138412476 3.200125217437744 0.49708619713783264 -1.6147059202194214 0.011617438867688179 3.0485169254243374 0.02855563536286354 -0.02217245288193226
1666710912.9446971 1.836083173751831 1.7522648572921753 0.4995069205760956 -0.18376706540584564 1.4196586608886719 3.208409547805786 0.4998049736022949 0.03008490428328514 0.011617438867688179 3.0485169254243374 0.02855563536286354 -0.02217245288193226
1666710913.2080247 1.8507951498031616 1.754830241203308 0.5004715919494629 -0.30204495787620544 1.4513648748397827 3.238884687423706 0.5043600797653198 -0.5517821311950684 0.009429989382624626 3.050807975232601 0.028891393914818764 -0.0032346847001463175
1666710913.6052387 1.8572369813919067 1.7597492933273315 0.5002199411392212 0.06651435792446136 1.4798884391784668 3.2827134132385254 0.5027419328689575 0.08925581723451614 0.013988114893436432 3.0530166774988174 0.02831849455833435 0.008908857591450214
1666710914.005613 1.8549433946609497 1.7661877870559692 0.5015121102333069 0.2373790293931961 1.4595191478729248 3.271634340286255 0.4939782917499542 0.4601363241672516 0.011965946294367313 3.0557990334928036 0.02809865213930607 -0.000986892031505704
1666710914.4126496 1.855922818183899 1.78974187374115 0.49990352988243103 0.9212359189987183 1.4253934621810913 3.2462003231048584 0.4991961121559143 -0.30877813696861267 0.014141772873699665 3.0536989755928516 0.028959793969988823 0.006806671619415283
1666710914.809887 1.8586050271987915 1.8024762868881226 0.49805259704589844 0.9894759058952332 1.4135527610778809 3.25950288772583 0.5072969794273376 -0.35518747568130493 0.011634061112999916 3.0538904704153538 0.028557173907756805 0.004723502788692713
1666710915.2066433 1.8678288459777832 1.832405686378479 0.49869710206985474 1.6950209140777588 1.4155476093292236 3.281068801879883 0.5040102005004883 -0.6836312413215637 0.010725505650043488 3.0551812797784805 0.027314940467476845 0.010609164834022522
1666710915.6138976 1.8683133125305176 1.8113024234771729 0.4953150451183319 -0.6393137574195862 1.4244205951690674 3.298027276992798 0.5082917809486389 -1.0707510709762573 0.006040265783667564 3.05346243083477 0.02878027968108654 0.0054218098521232605
1666710916.1453316 1.8519383668899536 1.7732353210449219 0.5008664131164551 -1.2811328172683716 1.4503247737884521 3.2822654247283936 0.5091080665588379 -0.3497735857963562 0.006040265783667564 3.05346243083477 0.02878027968108654 0.0054218098521232605
1666710916.4102604 1.836786150932312 1.7629616260528564 0.5025249123573303 -1.1084755659103394 1.4509401321411133 3.2592737674713135 0.508002519607544 0.4821297526359558 0.003177208825945854 3.051007702946663 0.027960168197751045 -0.00443992018699646
1666710916.8078575 1.8414956331253052 1.7601743936538696 0.4990611672401428 -0.24774469435214996 1.4372801780700684 3.242734909057617 0.5000011324882507 4.1717658042907715 0.001176855992525816 3.047709498554468 0.028090190142393112 0.004393397364765406
1666710917.2026324 1.8509637117385864 1.7477835416793823 0.5085576772689819 0.2434259057044983 1.407713532447815 3.243884801864624 0.501326322555542 5.57354736328125 0.004096543416380882 3.052280016243458 0.027565881609916687 0.013808473013341427
1666710917.6104398 1.8612287044525146 1.7468682527542114 0.4888600707054138 0.023640666157007217 1.4113081693649292 3.266779899597168 0.4901996850967407 0.9802781939506531 0.0032430097926408052 3.052307691425085 0.030032876878976822 0.005941011942923069
1666710918.0099213 1.8798528909683228 1.7637085914611816 0.4991552233695984 1.0550950765609741 1.409123420715332 3.264836072921753 0.5006894469261169 -1.824357032775879 0.0031726977322250605 3.053724866360426 0.02760777436196804 0.0023421691730618477
